[4.429s] Invoking command in '/home/puzzlebot/ros2_packages_ws/src/localization': PYTHONPATH=/home/puzzlebot/ros2_packages_ws/build/localization/prefix_override:/home/puzzlebot/ros2_packages_ws/install/localization/lib/python3.8/site-packages:${PYTHONPATH} /usr/bin/python3 -W ignore:setup.py install is deprecated setup.py egg_info --egg-base ../../build/localization build --build-base /home/puzzlebot/ros2_packages_ws/build/localization/build install --record /home/puzzlebot/ros2_packages_ws/build/localization/install.log --single-version-externally-managed install_data
[6.156s] running egg_info
[6.163s] writing ../../build/localization/localization.egg-info/PKG-INFO
[6.166s] writing dependency_links to ../../build/localization/localization.egg-info/dependency_links.txt
[6.167s] writing entry points to ../../build/localization/localization.egg-info/entry_points.txt
[6.168s] writing requirements to ../../build/localization/localization.egg-info/requires.txt
[6.168s] writing top-level names to ../../build/localization/localization.egg-info/top_level.txt
[6.409s] reading manifest file '../../build/localization/localization.egg-info/SOURCES.txt'
[6.410s] writing manifest file '../../build/localization/localization.egg-info/SOURCES.txt'
[6.410s] running build
[6.411s] running build_py
[6.414s] running install
[6.422s] running install_lib
[6.438s] running install_data
[6.440s] running install_egg_info
[6.460s] removing '/home/puzzlebot/ros2_packages_ws/install/localization/lib/python3.8/site-packages/localization-0.0.0-py3.8.egg-info' (and everything under it)
[6.470s] Copying ../../build/localization/localization.egg-info to /home/puzzlebot/ros2_packages_ws/install/localization/lib/python3.8/site-packages/localization-0.0.0-py3.8.egg-info
[6.472s] running install_scripts
[6.595s] Installing controller script to /home/puzzlebot/ros2_packages_ws/install/localization/lib/localization
[6.599s] Installing coordinate_transform script to /home/puzzlebot/ros2_packages_ws/install/localization/lib/localization
[6.600s] Installing joint_state script to /home/puzzlebot/ros2_packages_ws/install/localization/lib/localization
[6.600s] Installing kinematic_model script to /home/puzzlebot/ros2_packages_ws/install/localization/lib/localization
[6.601s] Installing localization script to /home/puzzlebot/ros2_packages_ws/install/localization/lib/localization
[6.604s] writing list of installed files to '/home/puzzlebot/ros2_packages_ws/build/localization/install.log'
[6.716s] Invoked command in '/home/puzzlebot/ros2_packages_ws/src/localization' returned '0': PYTHONPATH=/home/puzzlebot/ros2_packages_ws/build/localization/prefix_override:/home/puzzlebot/ros2_packages_ws/install/localization/lib/python3.8/site-packages:${PYTHONPATH} /usr/bin/python3 -W ignore:setup.py install is deprecated setup.py egg_info --egg-base ../../build/localization build --build-base /home/puzzlebot/ros2_packages_ws/build/localization/build install --record /home/puzzlebot/ros2_packages_ws/build/localization/install.log --single-version-externally-managed install_data
