[0.135s] Invoking command in '/home/puzzlebot/ros2_packages_ws/build/sllidar_ros2': CMAKE_PREFIX_PATH=${CMAKE_PREFIX_PATH}:/home/puzzlebot/ros2_ws/install/puzzlebot_ros:/home/puzzlebot/ros2_packages_ws/install/localization:/home/puzzlebot/ros2_packages_ws/install/camera_viewer:/opt/ros/humble /usr/bin/cmake --build /home/puzzlebot/ros2_packages_ws/build/sllidar_ros2 -- -j4 -l4
[0.830s] [ 90%] Built target sllidar_node
[0.867s] [100%] Built target sllidar_client
[0.980s] Invoked command in '/home/puzzlebot/ros2_packages_ws/build/sllidar_ros2' returned '0': CMAKE_PREFIX_PATH=${CMAKE_PREFIX_PATH}:/home/puzzlebot/ros2_ws/install/puzzlebot_ros:/home/puzzlebot/ros2_packages_ws/install/localization:/home/puzzlebot/ros2_packages_ws/install/camera_viewer:/opt/ros/humble /usr/bin/cmake --build /home/puzzlebot/ros2_packages_ws/build/sllidar_ros2 -- -j4 -l4
[2.204s] Invoking command in '/home/puzzlebot/ros2_packages_ws/build/sllidar_ros2': CMAKE_PREFIX_PATH=${CMAKE_PREFIX_PATH}:/home/puzzlebot/ros2_ws/install/puzzlebot_ros:/home/puzzlebot/ros2_packages_ws/install/localization:/home/puzzlebot/ros2_packages_ws/install/camera_viewer:/opt/ros/humble /usr/bin/cmake --install /home/puzzlebot/ros2_packages_ws/build/sllidar_ros2
[2.270s] -- Install configuration: ""
[2.271s] -- Up-to-date: /home/puzzlebot/ros2_packages_ws/install/sllidar_ros2/share/sllidar_ros2/launch
[2.279s] -- Up-to-date: /home/puzzlebot/ros2_packages_ws/install/sllidar_ros2/share/sllidar_ros2/launch/sllidar_a1_launch.py
[2.282s] -- Up-to-date: /home/puzzlebot/ros2_packages_ws/install/sllidar_ros2/share/sllidar_ros2/launch/sllidar_a2m8_launch.py
[2.283s] -- Up-to-date: /home/puzzlebot/ros2_packages_ws/install/sllidar_ros2/share/sllidar_ros2/launch/view_sllidar_s2e_launch.py
[2.284s] -- Up-to-date: /home/puzzlebot/ros2_packages_ws/install/sllidar_ros2/share/sllidar_ros2/launch/view_sllidar_s3_launch.py
[2.284s] -- Up-to-date: /home/puzzlebot/ros2_packages_ws/install/sllidar_ros2/share/sllidar_ros2/launch/sllidar_t1_launch.py
[2.285s] -- Up-to-date: /home/puzzlebot/ros2_packages_ws/install/sllidar_ros2/share/sllidar_ros2/launch/sllidar_s2e_launch.py
[2.285s] -- Up-to-date: /home/puzzlebot/ros2_packages_ws/install/sllidar_ros2/share/sllidar_ros2/launch/view_sllidar_a2m7_launch.py
[2.286s] -- Up-to-date: /home/puzzlebot/ros2_packages_ws/install/sllidar_ros2/share/sllidar_ros2/launch/sllidar_a2m7_launch.py
[2.286s] -- Up-to-date: /home/puzzlebot/ros2_packages_ws/install/sllidar_ros2/share/sllidar_ros2/launch/view_sllidar_c1_launch.py
[2.287s] -- Up-to-date: /home/puzzlebot/ros2_packages_ws/install/sllidar_ros2/share/sllidar_ros2/launch/view_sllidar_a2m8_launch.py
[2.287s] -- Up-to-date: /home/puzzlebot/ros2_packages_ws/install/sllidar_ros2/share/sllidar_ros2/launch/view_sllidar_s1_launch.py
[2.287s] -- Up-to-date: /home/puzzlebot/ros2_packages_ws/install/sllidar_ros2/share/sllidar_ros2/launch/view_sllidar_a1_launch.py
[2.288s] -- Up-to-date: /home/puzzlebot/ros2_packages_ws/install/sllidar_ros2/share/sllidar_ros2/launch/sllidar_s3_launch.py
[2.288s] -- Up-to-date: /home/puzzlebot/ros2_packages_ws/install/sllidar_ros2/share/sllidar_ros2/launch/sllidar_s1_launch.py
[2.289s] -- Up-to-date: /home/puzzlebot/ros2_packages_ws/install/sllidar_ros2/share/sllidar_ros2/launch/view_sllidar_s1_tcp_launch.py
[2.289s] -- Up-to-date: /home/puzzlebot/ros2_packages_ws/install/sllidar_ros2/share/sllidar_ros2/launch/sllidar_s2_launch.py
[2.290s] -- Up-to-date: /home/puzzlebot/ros2_packages_ws/install/sllidar_ros2/share/sllidar_ros2/launch/sllidar_a3_launch.py
[2.290s] -- Up-to-date: /home/puzzlebot/ros2_packages_ws/install/sllidar_ros2/share/sllidar_ros2/launch/view_sllidar_t1_launch.py
[2.291s] -- Up-to-date: /home/puzzlebot/ros2_packages_ws/install/sllidar_ros2/share/sllidar_ros2/launch/view_sllidar_s2_launch.py
[2.291s] -- Up-to-date: /home/puzzlebot/ros2_packages_ws/install/sllidar_ros2/share/sllidar_ros2/launch/sllidar_a2m12_launch .py
[2.291s] -- Up-to-date: /home/puzzlebot/ros2_packages_ws/install/sllidar_ros2/share/sllidar_ros2/launch/view_sllidar_a2m12_launch.py
[2.292s] -- Up-to-date: /home/puzzlebot/ros2_packages_ws/install/sllidar_ros2/share/sllidar_ros2/launch/sllidar_s1_tcp_launch.py
[2.292s] -- Up-to-date: /home/puzzlebot/ros2_packages_ws/install/sllidar_ros2/share/sllidar_ros2/launch/view_sllidar_a3_launch.py
[2.293s] -- Up-to-date: /home/puzzlebot/ros2_packages_ws/install/sllidar_ros2/share/sllidar_ros2/launch/sllidar_c1_launch.py
[2.293s] -- Up-to-date: /home/puzzlebot/ros2_packages_ws/install/sllidar_ros2/share/sllidar_ros2/rviz
[2.294s] -- Up-to-date: /home/puzzlebot/ros2_packages_ws/install/sllidar_ros2/share/sllidar_ros2/rviz/sllidar_ros2.rviz
[2.324s] -- Up-to-date: /home/puzzlebot/ros2_packages_ws/install/sllidar_ros2/lib/sllidar_ros2/sllidar_node
[2.325s] -- Up-to-date: /home/puzzlebot/ros2_packages_ws/install/sllidar_ros2/lib/sllidar_ros2/sllidar_client
[2.326s] -- Up-to-date: /home/puzzlebot/ros2_packages_ws/install/sllidar_ros2/share/ament_index/resource_index/package_run_dependencies/sllidar_ros2
[2.327s] -- Up-to-date: /home/puzzlebot/ros2_packages_ws/install/sllidar_ros2/share/ament_index/resource_index/parent_prefix_path/sllidar_ros2
[2.327s] -- Up-to-date: /home/puzzlebot/ros2_packages_ws/install/sllidar_ros2/share/sllidar_ros2/environment/ament_prefix_path.sh
[2.352s] -- Up-to-date: /home/puzzlebot/ros2_packages_ws/install/sllidar_ros2/share/sllidar_ros2/environment/ament_prefix_path.dsv
[2.354s] -- Up-to-date: /home/puzzlebot/ros2_packages_ws/install/sllidar_ros2/share/sllidar_ros2/environment/path.sh
[2.355s] -- Up-to-date: /home/puzzlebot/ros2_packages_ws/install/sllidar_ros2/share/sllidar_ros2/environment/path.dsv
[2.355s] -- Up-to-date: /home/puzzlebot/ros2_packages_ws/install/sllidar_ros2/share/sllidar_ros2/local_setup.bash
[2.355s] -- Up-to-date: /home/puzzlebot/ros2_packages_ws/install/sllidar_ros2/share/sllidar_ros2/local_setup.sh
[2.356s] -- Up-to-date: /home/puzzlebot/ros2_packages_ws/install/sllidar_ros2/share/sllidar_ros2/local_setup.zsh
[2.356s] -- Up-to-date: /home/puzzlebot/ros2_packages_ws/install/sllidar_ros2/share/sllidar_ros2/local_setup.dsv
[2.381s] -- Installing: /home/puzzlebot/ros2_packages_ws/install/sllidar_ros2/share/sllidar_ros2/package.dsv
[2.383s] -- Up-to-date: /home/puzzlebot/ros2_packages_ws/install/sllidar_ros2/share/ament_index/resource_index/packages/sllidar_ros2
[2.385s] -- Up-to-date: /home/puzzlebot/ros2_packages_ws/install/sllidar_ros2/share/sllidar_ros2/cmake/ament_cmake_export_dependencies-extras.cmake
[2.387s] -- Up-to-date: /home/puzzlebot/ros2_packages_ws/install/sllidar_ros2/share/sllidar_ros2/cmake/ament_cmake_export_include_directories-extras.cmake
[2.388s] -- Up-to-date: /home/puzzlebot/ros2_packages_ws/install/sllidar_ros2/share/sllidar_ros2/cmake/sllidar_ros2Config.cmake
[2.389s] -- Up-to-date: /home/puzzlebot/ros2_packages_ws/install/sllidar_ros2/share/sllidar_ros2/cmake/sllidar_ros2Config-version.cmake
[2.389s] -- Up-to-date: /home/puzzlebot/ros2_packages_ws/install/sllidar_ros2/share/sllidar_ros2/package.xml
[2.390s] Invoked command in '/home/puzzlebot/ros2_packages_ws/build/sllidar_ros2' returned '0': CMAKE_PREFIX_PATH=${CMAKE_PREFIX_PATH}:/home/puzzlebot/ros2_ws/install/puzzlebot_ros:/home/puzzlebot/ros2_packages_ws/install/localization:/home/puzzlebot/ros2_packages_ws/install/camera_viewer:/opt/ros/humble /usr/bin/cmake --install /home/puzzlebot/ros2_packages_ws/build/sllidar_ros2
