[4.551s] Invoking command in '/home/puzzlebot/ros2_packages_ws/src/localization': PYTHONPATH=/home/puzzlebot/ros2_packages_ws/build/localization/prefix_override:/home/puzzlebot/ros2_packages_ws/install/localization/lib/python3.8/site-packages:${PYTHONPATH} /usr/bin/python3 -W ignore:setup.py install is deprecated setup.py egg_info --egg-base ../../build/localization build --build-base /home/puzzlebot/ros2_packages_ws/build/localization/build install --record /home/puzzlebot/ros2_packages_ws/build/localization/install.log --single-version-externally-managed install_data
[6.189s] running egg_info
[6.192s] writing ../../build/localization/localization.egg-info/PKG-INFO
[6.194s] writing dependency_links to ../../build/localization/localization.egg-info/dependency_links.txt
[6.197s] writing entry points to ../../build/localization/localization.egg-info/entry_points.txt
[6.199s] writing requirements to ../../build/localization/localization.egg-info/requires.txt
[6.201s] writing top-level names to ../../build/localization/localization.egg-info/top_level.txt
[6.397s] reading manifest file '../../build/localization/localization.egg-info/SOURCES.txt'
[6.410s] writing manifest file '../../build/localization/localization.egg-info/SOURCES.txt'
[6.416s] running build
[6.416s] running build_py
[6.422s] copying localization/coordinate_transform.py -> /home/puzzlebot/ros2_packages_ws/build/localization/build/lib/localization
[6.426s] running install
[6.450s] running install_lib
[6.467s] copying /home/puzzlebot/ros2_packages_ws/build/localization/build/lib/localization/coordinate_transform.py -> /home/puzzlebot/ros2_packages_ws/install/localization/lib/python3.8/site-packages/localization
[6.482s] byte-compiling /home/puzzlebot/ros2_packages_ws/install/localization/lib/python3.8/site-packages/localization/coordinate_transform.py to coordinate_transform.cpython-38.pyc
[6.503s] running install_data
[6.504s] copying launch/puzzlebot_rviz.launch.py -> /home/puzzlebot/ros2_packages_ws/install/localization/share/localization/launch
[6.519s] running install_egg_info
[6.548s] removing '/home/puzzlebot/ros2_packages_ws/install/localization/lib/python3.8/site-packages/localization-0.0.0-py3.8.egg-info' (and everything under it)
[6.551s] Copying ../../build/localization/localization.egg-info to /home/puzzlebot/ros2_packages_ws/install/localization/lib/python3.8/site-packages/localization-0.0.0-py3.8.egg-info
[6.557s] running install_scripts
[6.659s] Installing aruco_controller script to /home/puzzlebot/ros2_packages_ws/install/localization/lib/localization
[6.664s] Installing bug0 script to /home/puzzlebot/ros2_packages_ws/install/localization/lib/localization
[6.667s] Installing controller script to /home/puzzlebot/ros2_packages_ws/install/localization/lib/localization
[6.669s] Installing coordinate_transform script to /home/puzzlebot/ros2_packages_ws/install/localization/lib/localization
[6.672s] Installing joint_state script to /home/puzzlebot/ros2_packages_ws/install/localization/lib/localization
[6.674s] Installing kinematic_model script to /home/puzzlebot/ros2_packages_ws/install/localization/lib/localization
[6.676s] Installing localization script to /home/puzzlebot/ros2_packages_ws/install/localization/lib/localization
[6.683s] Installing test_lidar script to /home/puzzlebot/ros2_packages_ws/install/localization/lib/localization
[6.683s] Installing to_goal script to /home/puzzlebot/ros2_packages_ws/install/localization/lib/localization
[6.684s] Installing to_goal_bug_2 script to /home/puzzlebot/ros2_packages_ws/install/localization/lib/localization
[6.686s] Installing transform_listener script to /home/puzzlebot/ros2_packages_ws/install/localization/lib/localization
[6.691s] writing list of installed files to '/home/puzzlebot/ros2_packages_ws/build/localization/install.log'
[6.816s] Invoked command in '/home/puzzlebot/ros2_packages_ws/src/localization' returned '0': PYTHONPATH=/home/puzzlebot/ros2_packages_ws/build/localization/prefix_override:/home/puzzlebot/ros2_packages_ws/install/localization/lib/python3.8/site-packages:${PYTHONPATH} /usr/bin/python3 -W ignore:setup.py install is deprecated setup.py egg_info --egg-base ../../build/localization build --build-base /home/puzzlebot/ros2_packages_ws/build/localization/build install --record /home/puzzlebot/ros2_packages_ws/build/localization/install.log --single-version-externally-managed install_data
