[0.183s] Invoking command in '/home/puzzlebot/ros2_packages_ws/build/camera_info_publisher': CMAKE_PREFIX_PATH=${CMAKE_PREFIX_PATH}:/home/puzzlebot/ros2_ws/install/puzzlebot_ros:/home/puzzlebot/ros2_packages_ws/install/localization:/home/puzzlebot/ros2_packages_ws/install/camera_viewer:/opt/ros/humble /usr/bin/cmake --build /home/puzzlebot/ros2_packages_ws/build/camera_info_publisher -- -j4 -l4
[0.672s] [100%] Built target camera_info_publisher
[1.703s] Invoked command in '/home/puzzlebot/ros2_packages_ws/build/camera_info_publisher' returned '0': CMAKE_PREFIX_PATH=${CMAKE_PREFIX_PATH}:/home/puzzlebot/ros2_ws/install/puzzlebot_ros:/home/puzzlebot/ros2_packages_ws/install/localization:/home/puzzlebot/ros2_packages_ws/install/camera_viewer:/opt/ros/humble /usr/bin/cmake --build /home/puzzlebot/ros2_packages_ws/build/camera_info_publisher -- -j4 -l4
[2.257s] Invoking command in '/home/puzzlebot/ros2_packages_ws/build/camera_info_publisher': CMAKE_PREFIX_PATH=${CMAKE_PREFIX_PATH}:/home/puzzlebot/ros2_ws/install/puzzlebot_ros:/home/puzzlebot/ros2_packages_ws/install/localization:/home/puzzlebot/ros2_packages_ws/install/camera_viewer:/opt/ros/humble /usr/bin/cmake --install /home/puzzlebot/ros2_packages_ws/build/camera_info_publisher
[2.411s] -- Install configuration: ""
[2.413s] -- Up-to-date: /home/puzzlebot/ros2_packages_ws/install/camera_info_publisher/lib/camera_info_publisher/camera_info_publisher
[2.429s] -- Up-to-date: /home/puzzlebot/ros2_packages_ws/install/camera_info_publisher/share/camera_info_publisher//launch
[2.431s] -- Up-to-date: /home/puzzlebot/ros2_packages_ws/install/camera_info_publisher/share/camera_info_publisher//launch/camera_info.launch.py
[2.432s] -- Up-to-date: /home/puzzlebot/ros2_packages_ws/install/camera_info_publisher/share/ament_index/resource_index/package_run_dependencies/camera_info_publisher
[2.432s] -- Up-to-date: /home/puzzlebot/ros2_packages_ws/install/camera_info_publisher/share/ament_index/resource_index/parent_prefix_path/camera_info_publisher
[2.433s] -- Up-to-date: /home/puzzlebot/ros2_packages_ws/install/camera_info_publisher/share/camera_info_publisher/environment/ament_prefix_path.sh
[2.433s] -- Up-to-date: /home/puzzlebot/ros2_packages_ws/install/camera_info_publisher/share/camera_info_publisher/environment/ament_prefix_path.dsv
[2.433s] -- Up-to-date: /home/puzzlebot/ros2_packages_ws/install/camera_info_publisher/share/camera_info_publisher/environment/path.sh
[2.434s] -- Up-to-date: /home/puzzlebot/ros2_packages_ws/install/camera_info_publisher/share/camera_info_publisher/environment/path.dsv
[2.440s] -- Up-to-date: /home/puzzlebot/ros2_packages_ws/install/camera_info_publisher/share/camera_info_publisher/local_setup.bash
[2.441s] -- Up-to-date: /home/puzzlebot/ros2_packages_ws/install/camera_info_publisher/share/camera_info_publisher/local_setup.sh
[2.441s] -- Up-to-date: /home/puzzlebot/ros2_packages_ws/install/camera_info_publisher/share/camera_info_publisher/local_setup.zsh
[2.442s] -- Up-to-date: /home/puzzlebot/ros2_packages_ws/install/camera_info_publisher/share/camera_info_publisher/local_setup.dsv
[2.449s] -- Installing: /home/puzzlebot/ros2_packages_ws/install/camera_info_publisher/share/camera_info_publisher/package.dsv
[2.450s] -- Up-to-date: /home/puzzlebot/ros2_packages_ws/install/camera_info_publisher/share/ament_index/resource_index/packages/camera_info_publisher
[2.450s] -- Up-to-date: /home/puzzlebot/ros2_packages_ws/install/camera_info_publisher/share/camera_info_publisher/cmake/camera_info_publisherConfig.cmake
[2.451s] -- Up-to-date: /home/puzzlebot/ros2_packages_ws/install/camera_info_publisher/share/camera_info_publisher/cmake/camera_info_publisherConfig-version.cmake
[2.451s] -- Up-to-date: /home/puzzlebot/ros2_packages_ws/install/camera_info_publisher/share/camera_info_publisher/package.xml
[2.472s] Invoked command in '/home/puzzlebot/ros2_packages_ws/build/camera_info_publisher' returned '0': CMAKE_PREFIX_PATH=${CMAKE_PREFIX_PATH}:/home/puzzlebot/ros2_ws/install/puzzlebot_ros:/home/puzzlebot/ros2_packages_ws/install/localization:/home/puzzlebot/ros2_packages_ws/install/camera_viewer:/opt/ros/humble /usr/bin/cmake --install /home/puzzlebot/ros2_packages_ws/build/camera_info_publisher
