[0.568s] Invoking command in '/root/Team_IntegrationRobotics_and_IntelligentSystems/catkin_ws/src/localization': PYTHONPATH=/root/Team_IntegrationRobotics_and_IntelligentSystems/catkin_ws/build/localization/prefix_override:/root/Team_IntegrationRobotics_and_IntelligentSystems/catkin_ws/install/localization/lib/python3.10/site-packages:${PYTHONPATH} /usr/bin/python3 -W ignore:setup.py install is deprecated setup.py egg_info --egg-base ../../build/localization build --build-base /root/Team_IntegrationRobotics_and_IntelligentSystems/catkin_ws/build/localization/build install --record /root/Team_IntegrationRobotics_and_IntelligentSystems/catkin_ws/build/localization/install.log --single-version-externally-managed install_data
[0.707s] running egg_info
[0.708s] writing ../../build/localization/localization.egg-info/PKG-INFO
[0.708s] writing dependency_links to ../../build/localization/localization.egg-info/dependency_links.txt
[0.709s] writing entry points to ../../build/localization/localization.egg-info/entry_points.txt
[0.709s] writing requirements to ../../build/localization/localization.egg-info/requires.txt
[0.709s] writing top-level names to ../../build/localization/localization.egg-info/top_level.txt
[0.710s] reading manifest file '../../build/localization/localization.egg-info/SOURCES.txt'
[0.710s] adding license file 'LICENSE'
[0.711s] writing manifest file '../../build/localization/localization.egg-info/SOURCES.txt'
[0.711s] running build
[0.711s] running build_py
[0.711s] copying localization/controller.py -> /root/Team_IntegrationRobotics_and_IntelligentSystems/catkin_ws/build/localization/build/lib/localization
[0.711s] running install
[0.711s] running install_lib
[0.712s] copying /root/Team_IntegrationRobotics_and_IntelligentSystems/catkin_ws/build/localization/build/lib/localization/controller.py -> /root/Team_IntegrationRobotics_and_IntelligentSystems/catkin_ws/install/localization/lib/python3.10/site-packages/localization
[0.712s] byte-compiling /root/Team_IntegrationRobotics_and_IntelligentSystems/catkin_ws/install/localization/lib/python3.10/site-packages/localization/controller.py to controller.cpython-310.pyc
[0.713s] running install_data
[0.713s] running install_egg_info
[0.715s] removing '/root/Team_IntegrationRobotics_and_IntelligentSystems/catkin_ws/install/localization/lib/python3.10/site-packages/localization-0.0.0-py3.10.egg-info' (and everything under it)
[0.715s] Copying ../../build/localization/localization.egg-info to /root/Team_IntegrationRobotics_and_IntelligentSystems/catkin_ws/install/localization/lib/python3.10/site-packages/localization-0.0.0-py3.10.egg-info
[0.716s] running install_scripts
[0.731s] Installing controller script to /root/Team_IntegrationRobotics_and_IntelligentSystems/catkin_ws/install/localization/lib/localization
[0.732s] Installing coordinate_transform script to /root/Team_IntegrationRobotics_and_IntelligentSystems/catkin_ws/install/localization/lib/localization
[0.732s] Installing joint_state script to /root/Team_IntegrationRobotics_and_IntelligentSystems/catkin_ws/install/localization/lib/localization
[0.732s] Installing kinematic_node script to /root/Team_IntegrationRobotics_and_IntelligentSystems/catkin_ws/install/localization/lib/localization
[0.732s] Installing localization script to /root/Team_IntegrationRobotics_and_IntelligentSystems/catkin_ws/install/localization/lib/localization
[0.732s] writing list of installed files to '/root/Team_IntegrationRobotics_and_IntelligentSystems/catkin_ws/build/localization/install.log'
[0.753s] Invoked command in '/root/Team_IntegrationRobotics_and_IntelligentSystems/catkin_ws/src/localization' returned '0': PYTHONPATH=/root/Team_IntegrationRobotics_and_IntelligentSystems/catkin_ws/build/localization/prefix_override:/root/Team_IntegrationRobotics_and_IntelligentSystems/catkin_ws/install/localization/lib/python3.10/site-packages:${PYTHONPATH} /usr/bin/python3 -W ignore:setup.py install is deprecated setup.py egg_info --egg-base ../../build/localization build --build-base /root/Team_IntegrationRobotics_and_IntelligentSystems/catkin_ws/build/localization/build install --record /root/Team_IntegrationRobotics_and_IntelligentSystems/catkin_ws/build/localization/install.log --single-version-externally-managed install_data
