[9.053s] Invoking command in '/home/puzzlebot/Puzzlebot_Lidar_ROS1_ROS2/ros2_packages_ws/src/camera_viewer': PYTHONPATH=/home/puzzlebot/Puzzlebot_Lidar_ROS1_ROS2/ros2_packages_ws/build/camera_viewer/prefix_override:/home/puzzlebot/Puzzlebot_Lidar_ROS1_ROS2/ros2_packages_ws/install/camera_viewer/lib/python3.8/site-packages:${PYTHONPATH} /usr/bin/python3 -W ignore:setup.py install is deprecated setup.py egg_info --egg-base ../../build/camera_viewer build --build-base /home/puzzlebot/Puzzlebot_Lidar_ROS1_ROS2/ros2_packages_ws/build/camera_viewer/build install --record /home/puzzlebot/Puzzlebot_Lidar_ROS1_ROS2/ros2_packages_ws/build/camera_viewer/install.log --single-version-externally-managed install_data
[12.255s] running egg_info
[12.256s] writing ../../build/camera_viewer/camera_viewer.egg-info/PKG-INFO
[12.256s] writing dependency_links to ../../build/camera_viewer/camera_viewer.egg-info/dependency_links.txt
[12.257s] writing entry points to ../../build/camera_viewer/camera_viewer.egg-info/entry_points.txt
[12.257s] writing requirements to ../../build/camera_viewer/camera_viewer.egg-info/requires.txt
[12.257s] writing top-level names to ../../build/camera_viewer/camera_viewer.egg-info/top_level.txt
[12.453s] reading manifest file '../../build/camera_viewer/camera_viewer.egg-info/SOURCES.txt'
[12.462s] writing manifest file '../../build/camera_viewer/camera_viewer.egg-info/SOURCES.txt'
[12.502s] running build
[12.502s] running build_py
[12.505s] running install
[12.505s] running install_lib
[12.506s] running install_data
[12.506s] running install_egg_info
[12.516s] removing '/home/puzzlebot/Puzzlebot_Lidar_ROS1_ROS2/ros2_packages_ws/install/camera_viewer/lib/python3.8/site-packages/camera_viewer-0.0.0-py3.8.egg-info' (and everything under it)
[12.517s] Copying ../../build/camera_viewer/camera_viewer.egg-info to /home/puzzlebot/Puzzlebot_Lidar_ROS1_ROS2/ros2_packages_ws/install/camera_viewer/lib/python3.8/site-packages/camera_viewer-0.0.0-py3.8.egg-info
[12.535s] running install_scripts
[12.726s] Installing camera_viewer script to /home/puzzlebot/Puzzlebot_Lidar_ROS1_ROS2/ros2_packages_ws/install/camera_viewer/lib/camera_viewer
[12.730s] writing list of installed files to '/home/puzzlebot/Puzzlebot_Lidar_ROS1_ROS2/ros2_packages_ws/build/camera_viewer/install.log'
[12.883s] Invoked command in '/home/puzzlebot/Puzzlebot_Lidar_ROS1_ROS2/ros2_packages_ws/src/camera_viewer' returned '0': PYTHONPATH=/home/puzzlebot/Puzzlebot_Lidar_ROS1_ROS2/ros2_packages_ws/build/camera_viewer/prefix_override:/home/puzzlebot/Puzzlebot_Lidar_ROS1_ROS2/ros2_packages_ws/install/camera_viewer/lib/python3.8/site-packages:${PYTHONPATH} /usr/bin/python3 -W ignore:setup.py install is deprecated setup.py egg_info --egg-base ../../build/camera_viewer build --build-base /home/puzzlebot/Puzzlebot_Lidar_ROS1_ROS2/ros2_packages_ws/build/camera_viewer/build install --record /home/puzzlebot/Puzzlebot_Lidar_ROS1_ROS2/ros2_packages_ws/build/camera_viewer/install.log --single-version-externally-managed install_data
