[4.214s] Invoking command in '/home/puzzlebot/ros2_packages_ws/src/localization': PYTHONPATH=/home/puzzlebot/ros2_packages_ws/build/localization/prefix_override:/home/puzzlebot/ros2_packages_ws/install/localization/lib/python3.8/site-packages:${PYTHONPATH} /usr/bin/python3 -W ignore:setup.py install is deprecated setup.py egg_info --egg-base ../../build/localization build --build-base /home/puzzlebot/ros2_packages_ws/build/localization/build install --record /home/puzzlebot/ros2_packages_ws/build/localization/install.log --single-version-externally-managed install_data
[5.772s] running egg_info
[5.775s] writing ../../build/localization/localization.egg-info/PKG-INFO
[5.779s] writing dependency_links to ../../build/localization/localization.egg-info/dependency_links.txt
[5.780s] writing entry points to ../../build/localization/localization.egg-info/entry_points.txt
[5.780s] writing requirements to ../../build/localization/localization.egg-info/requires.txt
[5.781s] writing top-level names to ../../build/localization/localization.egg-info/top_level.txt
[6.087s] reading manifest file '../../build/localization/localization.egg-info/SOURCES.txt'
[6.094s] writing manifest file '../../build/localization/localization.egg-info/SOURCES.txt'
[6.096s] running build
[6.097s] running build_py
[6.099s] copying localization/test_lidar.py -> /home/puzzlebot/ros2_packages_ws/build/localization/build/lib/localization
[6.101s] running install
[6.105s] running install_lib
[6.111s] copying /home/puzzlebot/ros2_packages_ws/build/localization/build/lib/localization/test_lidar.py -> /home/puzzlebot/ros2_packages_ws/install/localization/lib/python3.8/site-packages/localization
[6.118s] byte-compiling /home/puzzlebot/ros2_packages_ws/install/localization/lib/python3.8/site-packages/localization/test_lidar.py to test_lidar.cpython-38.pyc
[6.125s] running install_data
[6.126s] running install_egg_info
[6.136s] removing '/home/puzzlebot/ros2_packages_ws/install/localization/lib/python3.8/site-packages/localization-0.0.0-py3.8.egg-info' (and everything under it)
[6.137s] Copying ../../build/localization/localization.egg-info to /home/puzzlebot/ros2_packages_ws/install/localization/lib/python3.8/site-packages/localization-0.0.0-py3.8.egg-info
[6.143s] running install_scripts
[6.253s] Installing bug0 script to /home/puzzlebot/ros2_packages_ws/install/localization/lib/localization
[6.255s] Installing controller script to /home/puzzlebot/ros2_packages_ws/install/localization/lib/localization
[6.256s] Installing coordinate_transform script to /home/puzzlebot/ros2_packages_ws/install/localization/lib/localization
[6.256s] Installing joint_state script to /home/puzzlebot/ros2_packages_ws/install/localization/lib/localization
[6.257s] Installing kinematic_model script to /home/puzzlebot/ros2_packages_ws/install/localization/lib/localization
[6.263s] Installing localization script to /home/puzzlebot/ros2_packages_ws/install/localization/lib/localization
[6.264s] Installing test_lidar script to /home/puzzlebot/ros2_packages_ws/install/localization/lib/localization
[6.264s] Installing to_goal script to /home/puzzlebot/ros2_packages_ws/install/localization/lib/localization
[6.265s] Installing to_goal_bug_2 script to /home/puzzlebot/ros2_packages_ws/install/localization/lib/localization
[6.266s] writing list of installed files to '/home/puzzlebot/ros2_packages_ws/build/localization/install.log'
[6.384s] Invoked command in '/home/puzzlebot/ros2_packages_ws/src/localization' returned '0': PYTHONPATH=/home/puzzlebot/ros2_packages_ws/build/localization/prefix_override:/home/puzzlebot/ros2_packages_ws/install/localization/lib/python3.8/site-packages:${PYTHONPATH} /usr/bin/python3 -W ignore:setup.py install is deprecated setup.py egg_info --egg-base ../../build/localization build --build-base /home/puzzlebot/ros2_packages_ws/build/localization/build install --record /home/puzzlebot/ros2_packages_ws/build/localization/install.log --single-version-externally-managed install_data
