[5.589s] Invoking command in '/home/puzzlebot/ros2_packages_ws/src/camera_viewer': PYTHONPATH=/home/puzzlebot/ros2_packages_ws/build/camera_viewer/prefix_override:/home/puzzlebot/ros2_packages_ws/install/camera_viewer/lib/python3.8/site-packages:${PYTHONPATH} /usr/bin/python3 -W ignore:setup.py install is deprecated setup.py egg_info --egg-base ../../build/camera_viewer build --build-base /home/puzzlebot/ros2_packages_ws/build/camera_viewer/build install --record /home/puzzlebot/ros2_packages_ws/build/camera_viewer/install.log --single-version-externally-managed install_data
[7.477s] running egg_info
[7.495s] writing ../../build/camera_viewer/camera_viewer.egg-info/PKG-INFO
[7.497s] writing dependency_links to ../../build/camera_viewer/camera_viewer.egg-info/dependency_links.txt
[7.497s] writing entry points to ../../build/camera_viewer/camera_viewer.egg-info/entry_points.txt
[7.498s] writing requirements to ../../build/camera_viewer/camera_viewer.egg-info/requires.txt
[7.498s] writing top-level names to ../../build/camera_viewer/camera_viewer.egg-info/top_level.txt
[7.818s] reading manifest file '../../build/camera_viewer/camera_viewer.egg-info/SOURCES.txt'
[7.837s] writing manifest file '../../build/camera_viewer/camera_viewer.egg-info/SOURCES.txt'
[7.839s] running build
[7.840s] running build_py
[7.852s] running install
[7.856s] running install_lib
[7.898s] running install_data
[7.899s] running install_egg_info
[7.899s] removing '/home/puzzlebot/ros2_packages_ws/install/camera_viewer/lib/python3.8/site-packages/camera_viewer-0.0.0-py3.8.egg-info' (and everything under it)
[7.900s] Copying ../../build/camera_viewer/camera_viewer.egg-info to /home/puzzlebot/ros2_packages_ws/install/camera_viewer/lib/python3.8/site-packages/camera_viewer-0.0.0-py3.8.egg-info
[7.900s] running install_scripts
[7.994s] Installing camera_viewer script to /home/puzzlebot/ros2_packages_ws/install/camera_viewer/lib/camera_viewer
[7.997s] writing list of installed files to '/home/puzzlebot/ros2_packages_ws/build/camera_viewer/install.log'
[8.110s] Invoked command in '/home/puzzlebot/ros2_packages_ws/src/camera_viewer' returned '0': PYTHONPATH=/home/puzzlebot/ros2_packages_ws/build/camera_viewer/prefix_override:/home/puzzlebot/ros2_packages_ws/install/camera_viewer/lib/python3.8/site-packages:${PYTHONPATH} /usr/bin/python3 -W ignore:setup.py install is deprecated setup.py egg_info --egg-base ../../build/camera_viewer build --build-base /home/puzzlebot/ros2_packages_ws/build/camera_viewer/build install --record /home/puzzlebot/ros2_packages_ws/build/camera_viewer/install.log --single-version-externally-managed install_data
