[0.156s] Invoking command in '/home/puzzlebot/ros2_packages_ws/build/aruco_opencv_msgs': CMAKE_PREFIX_PATH=${CMAKE_PREFIX_PATH}:/home/puzzlebot/ros2_ws/install/puzzlebot_ros:/home/puzzlebot/ros2_packages_ws/install/localization:/home/puzzlebot/ros2_packages_ws/install/camera_viewer:/opt/ros/humble /usr/bin/cmake --build /home/puzzlebot/ros2_packages_ws/build/aruco_opencv_msgs -- -j4 -l4
[0.562s] [  2%] Built target aruco_opencv_msgs__cpp
[0.607s] [  2%] Built target ament_cmake_python_copy_aruco_opencv_msgs
[0.716s] [ 12%] Built target aruco_opencv_msgs__rosidl_generator_c
[0.761s] [ 23%] Built target aruco_opencv_msgs__rosidl_typesupport_cpp
[0.891s] [ 34%] Built target aruco_opencv_msgs__rosidl_typesupport_fastrtps_cpp
[0.924s] [ 44%] Built target aruco_opencv_msgs__rosidl_typesupport_introspection_cpp
[1.175s] [ 55%] Built target aruco_opencv_msgs__rosidl_typesupport_fastrtps_c
[1.254s] [ 65%] Built target aruco_opencv_msgs__rosidl_typesupport_c
[1.280s] [ 76%] Built target aruco_opencv_msgs__rosidl_typesupport_introspection_c
[1.503s] [ 76%] Built target aruco_opencv_msgs
[1.678s] [ 78%] Built target aruco_opencv_msgs__py
[1.919s] [ 87%] Built target aruco_opencv_msgs__rosidl_generator_py
[2.410s] [ 91%] Built target aruco_opencv_msgs__rosidl_typesupport_c__pyext
[2.480s] [ 95%] Built target aruco_opencv_msgs__rosidl_typesupport_fastrtps_c__pyext
[2.519s] [100%] Built target aruco_opencv_msgs__rosidl_typesupport_introspection_c__pyext
[2.780s] running egg_info
[2.783s] writing aruco_opencv_msgs.egg-info/PKG-INFO
[2.785s] writing dependency_links to aruco_opencv_msgs.egg-info/dependency_links.txt
[2.785s] writing top-level names to aruco_opencv_msgs.egg-info/top_level.txt
[2.979s] reading manifest file 'aruco_opencv_msgs.egg-info/SOURCES.txt'
[2.986s] writing manifest file 'aruco_opencv_msgs.egg-info/SOURCES.txt'
[3.132s] [100%] Built target ament_cmake_python_build_aruco_opencv_msgs_egg
[4.316s] Invoked command in '/home/puzzlebot/ros2_packages_ws/build/aruco_opencv_msgs' returned '0': CMAKE_PREFIX_PATH=${CMAKE_PREFIX_PATH}:/home/puzzlebot/ros2_ws/install/puzzlebot_ros:/home/puzzlebot/ros2_packages_ws/install/localization:/home/puzzlebot/ros2_packages_ws/install/camera_viewer:/opt/ros/humble /usr/bin/cmake --build /home/puzzlebot/ros2_packages_ws/build/aruco_opencv_msgs -- -j4 -l4
[6.160s] Invoking command in '/home/puzzlebot/ros2_packages_ws/build/aruco_opencv_msgs': CMAKE_PREFIX_PATH=${CMAKE_PREFIX_PATH}:/home/puzzlebot/ros2_ws/install/puzzlebot_ros:/home/puzzlebot/ros2_packages_ws/install/localization:/home/puzzlebot/ros2_packages_ws/install/camera_viewer:/opt/ros/humble /usr/bin/cmake --install /home/puzzlebot/ros2_packages_ws/build/aruco_opencv_msgs
[6.298s] -- Install configuration: ""
[6.315s] -- Up-to-date: /home/puzzlebot/ros2_packages_ws/install/aruco_opencv_msgs/share/ament_index/resource_index/rosidl_interfaces/aruco_opencv_msgs
[6.316s] -- Up-to-date: /home/puzzlebot/ros2_packages_ws/install/aruco_opencv_msgs/include/aruco_opencv_msgs/aruco_opencv_msgs
[6.316s] -- Up-to-date: /home/puzzlebot/ros2_packages_ws/install/aruco_opencv_msgs/include/aruco_opencv_msgs/aruco_opencv_msgs/msg
[6.316s] -- Up-to-date: /home/puzzlebot/ros2_packages_ws/install/aruco_opencv_msgs/include/aruco_opencv_msgs/aruco_opencv_msgs/msg/aruco_detection.h
[6.317s] -- Up-to-date: /home/puzzlebot/ros2_packages_ws/install/aruco_opencv_msgs/include/aruco_opencv_msgs/aruco_opencv_msgs/msg/rosidl_generator_c__visibility_control.h
[6.317s] -- Up-to-date: /home/puzzlebot/ros2_packages_ws/install/aruco_opencv_msgs/include/aruco_opencv_msgs/aruco_opencv_msgs/msg/detail
[6.318s] -- Up-to-date: /home/puzzlebot/ros2_packages_ws/install/aruco_opencv_msgs/include/aruco_opencv_msgs/aruco_opencv_msgs/msg/detail/board_pose__functions.c
[6.318s] -- Up-to-date: /home/puzzlebot/ros2_packages_ws/install/aruco_opencv_msgs/include/aruco_opencv_msgs/aruco_opencv_msgs/msg/detail/aruco_detection__functions.c
[6.318s] -- Up-to-date: /home/puzzlebot/ros2_packages_ws/install/aruco_opencv_msgs/include/aruco_opencv_msgs/aruco_opencv_msgs/msg/detail/board_pose__type_support.h
[6.319s] -- Up-to-date: /home/puzzlebot/ros2_packages_ws/install/aruco_opencv_msgs/include/aruco_opencv_msgs/aruco_opencv_msgs/msg/detail/marker_pose__functions.c
[6.319s] -- Up-to-date: /home/puzzlebot/ros2_packages_ws/install/aruco_opencv_msgs/include/aruco_opencv_msgs/aruco_opencv_msgs/msg/detail/aruco_detection__type_support.h
[6.320s] -- Up-to-date: /home/puzzlebot/ros2_packages_ws/install/aruco_opencv_msgs/include/aruco_opencv_msgs/aruco_opencv_msgs/msg/detail/aruco_detection__struct.h
[6.320s] -- Up-to-date: /home/puzzlebot/ros2_packages_ws/install/aruco_opencv_msgs/include/aruco_opencv_msgs/aruco_opencv_msgs/msg/detail/marker_pose__type_support.h
[6.321s] -- Up-to-date: /home/puzzlebot/ros2_packages_ws/install/aruco_opencv_msgs/include/aruco_opencv_msgs/aruco_opencv_msgs/msg/detail/board_pose__functions.h
[6.321s] -- Up-to-date: /home/puzzlebot/ros2_packages_ws/install/aruco_opencv_msgs/include/aruco_opencv_msgs/aruco_opencv_msgs/msg/detail/marker_pose__struct.h
[6.322s] -- Up-to-date: /home/puzzlebot/ros2_packages_ws/install/aruco_opencv_msgs/include/aruco_opencv_msgs/aruco_opencv_msgs/msg/detail/aruco_detection__functions.h
[6.322s] -- Up-to-date: /home/puzzlebot/ros2_packages_ws/install/aruco_opencv_msgs/include/aruco_opencv_msgs/aruco_opencv_msgs/msg/detail/board_pose__struct.h
[6.322s] -- Up-to-date: /home/puzzlebot/ros2_packages_ws/install/aruco_opencv_msgs/include/aruco_opencv_msgs/aruco_opencv_msgs/msg/detail/marker_pose__functions.h
[6.323s] -- Up-to-date: /home/puzzlebot/ros2_packages_ws/install/aruco_opencv_msgs/include/aruco_opencv_msgs/aruco_opencv_msgs/msg/board_pose.h
[6.332s] -- Up-to-date: /home/puzzlebot/ros2_packages_ws/install/aruco_opencv_msgs/include/aruco_opencv_msgs/aruco_opencv_msgs/msg/marker_pose.h
[6.332s] -- Up-to-date: /home/puzzlebot/ros2_packages_ws/install/aruco_opencv_msgs/share/aruco_opencv_msgs/environment/library_path.sh
[6.333s] -- Up-to-date: /home/puzzlebot/ros2_packages_ws/install/aruco_opencv_msgs/share/aruco_opencv_msgs/environment/library_path.dsv
[6.333s] -- Up-to-date: /home/puzzlebot/ros2_packages_ws/install/aruco_opencv_msgs/lib/libaruco_opencv_msgs__rosidl_generator_c.so
[6.334s] -- Up-to-date: /home/puzzlebot/ros2_packages_ws/install/aruco_opencv_msgs/include/aruco_opencv_msgs/aruco_opencv_msgs
[6.334s] -- Up-to-date: /home/puzzlebot/ros2_packages_ws/install/aruco_opencv_msgs/include/aruco_opencv_msgs/aruco_opencv_msgs/msg
[6.335s] -- Up-to-date: /home/puzzlebot/ros2_packages_ws/install/aruco_opencv_msgs/include/aruco_opencv_msgs/aruco_opencv_msgs/msg/rosidl_typesupport_fastrtps_c__visibility_control.h
[6.335s] -- Up-to-date: /home/puzzlebot/ros2_packages_ws/install/aruco_opencv_msgs/include/aruco_opencv_msgs/aruco_opencv_msgs/msg/detail
[6.336s] -- Up-to-date: /home/puzzlebot/ros2_packages_ws/install/aruco_opencv_msgs/include/aruco_opencv_msgs/aruco_opencv_msgs/msg/detail/board_pose__rosidl_typesupport_fastrtps_c.h
[6.336s] -- Up-to-date: /home/puzzlebot/ros2_packages_ws/install/aruco_opencv_msgs/include/aruco_opencv_msgs/aruco_opencv_msgs/msg/detail/aruco_detection__rosidl_typesupport_fastrtps_c.h
[6.337s] -- Up-to-date: /home/puzzlebot/ros2_packages_ws/install/aruco_opencv_msgs/include/aruco_opencv_msgs/aruco_opencv_msgs/msg/detail/marker_pose__rosidl_typesupport_fastrtps_c.h
[6.337s] -- Up-to-date: /home/puzzlebot/ros2_packages_ws/install/aruco_opencv_msgs/lib/libaruco_opencv_msgs__rosidl_typesupport_fastrtps_c.so
[6.337s] -- Up-to-date: /home/puzzlebot/ros2_packages_ws/install/aruco_opencv_msgs/include/aruco_opencv_msgs/aruco_opencv_msgs
[6.338s] -- Up-to-date: /home/puzzlebot/ros2_packages_ws/install/aruco_opencv_msgs/include/aruco_opencv_msgs/aruco_opencv_msgs/msg
[6.338s] -- Up-to-date: /home/puzzlebot/ros2_packages_ws/install/aruco_opencv_msgs/include/aruco_opencv_msgs/aruco_opencv_msgs/msg/rosidl_typesupport_introspection_c__visibility_control.h
[6.339s] -- Up-to-date: /home/puzzlebot/ros2_packages_ws/install/aruco_opencv_msgs/include/aruco_opencv_msgs/aruco_opencv_msgs/msg/detail
[6.339s] -- Up-to-date: /home/puzzlebot/ros2_packages_ws/install/aruco_opencv_msgs/include/aruco_opencv_msgs/aruco_opencv_msgs/msg/detail/marker_pose__type_support.c
[6.348s] -- Up-to-date: /home/puzzlebot/ros2_packages_ws/install/aruco_opencv_msgs/include/aruco_opencv_msgs/aruco_opencv_msgs/msg/detail/marker_pose__rosidl_typesupport_introspection_c.h
[6.349s] -- Up-to-date: /home/puzzlebot/ros2_packages_ws/install/aruco_opencv_msgs/include/aruco_opencv_msgs/aruco_opencv_msgs/msg/detail/board_pose__type_support.c
[6.349s] -- Up-to-date: /home/puzzlebot/ros2_packages_ws/install/aruco_opencv_msgs/include/aruco_opencv_msgs/aruco_opencv_msgs/msg/detail/board_pose__rosidl_typesupport_introspection_c.h
[6.350s] -- Up-to-date: /home/puzzlebot/ros2_packages_ws/install/aruco_opencv_msgs/include/aruco_opencv_msgs/aruco_opencv_msgs/msg/detail/aruco_detection__type_support.c
[6.350s] -- Up-to-date: /home/puzzlebot/ros2_packages_ws/install/aruco_opencv_msgs/include/aruco_opencv_msgs/aruco_opencv_msgs/msg/detail/aruco_detection__rosidl_typesupport_introspection_c.h
[6.351s] -- Up-to-date: /home/puzzlebot/ros2_packages_ws/install/aruco_opencv_msgs/lib/libaruco_opencv_msgs__rosidl_typesupport_introspection_c.so
[6.366s] -- Up-to-date: /home/puzzlebot/ros2_packages_ws/install/aruco_opencv_msgs/lib/libaruco_opencv_msgs__rosidl_typesupport_c.so
[6.367s] -- Up-to-date: /home/puzzlebot/ros2_packages_ws/install/aruco_opencv_msgs/include/aruco_opencv_msgs/aruco_opencv_msgs
[6.367s] -- Up-to-date: /home/puzzlebot/ros2_packages_ws/install/aruco_opencv_msgs/include/aruco_opencv_msgs/aruco_opencv_msgs/msg
[6.368s] -- Up-to-date: /home/puzzlebot/ros2_packages_ws/install/aruco_opencv_msgs/include/aruco_opencv_msgs/aruco_opencv_msgs/msg/board_pose.hpp
[6.368s] -- Up-to-date: /home/puzzlebot/ros2_packages_ws/install/aruco_opencv_msgs/include/aruco_opencv_msgs/aruco_opencv_msgs/msg/marker_pose.hpp
[6.369s] -- Up-to-date: /home/puzzlebot/ros2_packages_ws/install/aruco_opencv_msgs/include/aruco_opencv_msgs/aruco_opencv_msgs/msg/detail
[6.369s] -- Up-to-date: /home/puzzlebot/ros2_packages_ws/install/aruco_opencv_msgs/include/aruco_opencv_msgs/aruco_opencv_msgs/msg/detail/aruco_detection__builder.hpp
[6.369s] -- Up-to-date: /home/puzzlebot/ros2_packages_ws/install/aruco_opencv_msgs/include/aruco_opencv_msgs/aruco_opencv_msgs/msg/detail/aruco_detection__traits.hpp
[6.370s] -- Up-to-date: /home/puzzlebot/ros2_packages_ws/install/aruco_opencv_msgs/include/aruco_opencv_msgs/aruco_opencv_msgs/msg/detail/board_pose__builder.hpp
[6.371s] -- Up-to-date: /home/puzzlebot/ros2_packages_ws/install/aruco_opencv_msgs/include/aruco_opencv_msgs/aruco_opencv_msgs/msg/detail/marker_pose__builder.hpp
[6.387s] -- Up-to-date: /home/puzzlebot/ros2_packages_ws/install/aruco_opencv_msgs/include/aruco_opencv_msgs/aruco_opencv_msgs/msg/detail/aruco_detection__struct.hpp
[6.388s] -- Up-to-date: /home/puzzlebot/ros2_packages_ws/install/aruco_opencv_msgs/include/aruco_opencv_msgs/aruco_opencv_msgs/msg/detail/marker_pose__struct.hpp
[6.388s] -- Up-to-date: /home/puzzlebot/ros2_packages_ws/install/aruco_opencv_msgs/include/aruco_opencv_msgs/aruco_opencv_msgs/msg/detail/board_pose__struct.hpp
[6.389s] -- Up-to-date: /home/puzzlebot/ros2_packages_ws/install/aruco_opencv_msgs/include/aruco_opencv_msgs/aruco_opencv_msgs/msg/detail/marker_pose__traits.hpp
[6.389s] -- Up-to-date: /home/puzzlebot/ros2_packages_ws/install/aruco_opencv_msgs/include/aruco_opencv_msgs/aruco_opencv_msgs/msg/detail/board_pose__traits.hpp
[6.390s] -- Up-to-date: /home/puzzlebot/ros2_packages_ws/install/aruco_opencv_msgs/include/aruco_opencv_msgs/aruco_opencv_msgs/msg/aruco_detection.hpp
[6.390s] -- Up-to-date: /home/puzzlebot/ros2_packages_ws/install/aruco_opencv_msgs/include/aruco_opencv_msgs/aruco_opencv_msgs
[6.391s] -- Up-to-date: /home/puzzlebot/ros2_packages_ws/install/aruco_opencv_msgs/include/aruco_opencv_msgs/aruco_opencv_msgs/msg
[6.391s] -- Up-to-date: /home/puzzlebot/ros2_packages_ws/install/aruco_opencv_msgs/include/aruco_opencv_msgs/aruco_opencv_msgs/msg/rosidl_typesupport_fastrtps_cpp__visibility_control.h
[6.392s] -- Up-to-date: /home/puzzlebot/ros2_packages_ws/install/aruco_opencv_msgs/include/aruco_opencv_msgs/aruco_opencv_msgs/msg/detail
[6.392s] -- Up-to-date: /home/puzzlebot/ros2_packages_ws/install/aruco_opencv_msgs/include/aruco_opencv_msgs/aruco_opencv_msgs/msg/detail/dds_fastrtps
[6.392s] -- Up-to-date: /home/puzzlebot/ros2_packages_ws/install/aruco_opencv_msgs/include/aruco_opencv_msgs/aruco_opencv_msgs/msg/detail/board_pose__rosidl_typesupport_fastrtps_cpp.hpp
[6.393s] -- Up-to-date: /home/puzzlebot/ros2_packages_ws/install/aruco_opencv_msgs/include/aruco_opencv_msgs/aruco_opencv_msgs/msg/detail/marker_pose__rosidl_typesupport_fastrtps_cpp.hpp
[6.393s] -- Up-to-date: /home/puzzlebot/ros2_packages_ws/install/aruco_opencv_msgs/include/aruco_opencv_msgs/aruco_opencv_msgs/msg/detail/aruco_detection__rosidl_typesupport_fastrtps_cpp.hpp
[6.394s] -- Up-to-date: /home/puzzlebot/ros2_packages_ws/install/aruco_opencv_msgs/lib/libaruco_opencv_msgs__rosidl_typesupport_fastrtps_cpp.so
[6.394s] -- Up-to-date: /home/puzzlebot/ros2_packages_ws/install/aruco_opencv_msgs/include/aruco_opencv_msgs/aruco_opencv_msgs
[6.394s] -- Up-to-date: /home/puzzlebot/ros2_packages_ws/install/aruco_opencv_msgs/include/aruco_opencv_msgs/aruco_opencv_msgs/msg
[6.395s] -- Up-to-date: /home/puzzlebot/ros2_packages_ws/install/aruco_opencv_msgs/include/aruco_opencv_msgs/aruco_opencv_msgs/msg/detail
[6.411s] -- Up-to-date: /home/puzzlebot/ros2_packages_ws/install/aruco_opencv_msgs/include/aruco_opencv_msgs/aruco_opencv_msgs/msg/detail/board_pose__rosidl_typesupport_introspection_cpp.hpp
[6.412s] -- Up-to-date: /home/puzzlebot/ros2_packages_ws/install/aruco_opencv_msgs/include/aruco_opencv_msgs/aruco_opencv_msgs/msg/detail/aruco_detection__type_support.cpp
[6.413s] -- Up-to-date: /home/puzzlebot/ros2_packages_ws/install/aruco_opencv_msgs/include/aruco_opencv_msgs/aruco_opencv_msgs/msg/detail/marker_pose__rosidl_typesupport_introspection_cpp.hpp
[6.413s] -- Up-to-date: /home/puzzlebot/ros2_packages_ws/install/aruco_opencv_msgs/include/aruco_opencv_msgs/aruco_opencv_msgs/msg/detail/aruco_detection__rosidl_typesupport_introspection_cpp.hpp
[6.414s] -- Up-to-date: /home/puzzlebot/ros2_packages_ws/install/aruco_opencv_msgs/include/aruco_opencv_msgs/aruco_opencv_msgs/msg/detail/board_pose__type_support.cpp
[6.414s] -- Up-to-date: /home/puzzlebot/ros2_packages_ws/install/aruco_opencv_msgs/include/aruco_opencv_msgs/aruco_opencv_msgs/msg/detail/marker_pose__type_support.cpp
[6.415s] -- Up-to-date: /home/puzzlebot/ros2_packages_ws/install/aruco_opencv_msgs/lib/libaruco_opencv_msgs__rosidl_typesupport_introspection_cpp.so
[6.415s] -- Up-to-date: /home/puzzlebot/ros2_packages_ws/install/aruco_opencv_msgs/lib/libaruco_opencv_msgs__rosidl_typesupport_cpp.so
[6.415s] -- Up-to-date: /home/puzzlebot/ros2_packages_ws/install/aruco_opencv_msgs/share/aruco_opencv_msgs/environment/pythonpath.sh
[6.416s] -- Up-to-date: /home/puzzlebot/ros2_packages_ws/install/aruco_opencv_msgs/share/aruco_opencv_msgs/environment/pythonpath.dsv
[6.416s] -- Up-to-date: /home/puzzlebot/ros2_packages_ws/install/aruco_opencv_msgs/lib/python3.8/site-packages/aruco_opencv_msgs-2.2.0-py3.8.egg-info
[6.417s] -- Installing: /home/puzzlebot/ros2_packages_ws/install/aruco_opencv_msgs/lib/python3.8/site-packages/aruco_opencv_msgs-2.2.0-py3.8.egg-info/top_level.txt
[6.417s] -- Installing: /home/puzzlebot/ros2_packages_ws/install/aruco_opencv_msgs/lib/python3.8/site-packages/aruco_opencv_msgs-2.2.0-py3.8.egg-info/PKG-INFO
[6.417s] -- Installing: /home/puzzlebot/ros2_packages_ws/install/aruco_opencv_msgs/lib/python3.8/site-packages/aruco_opencv_msgs-2.2.0-py3.8.egg-info/SOURCES.txt
[6.418s] -- Installing: /home/puzzlebot/ros2_packages_ws/install/aruco_opencv_msgs/lib/python3.8/site-packages/aruco_opencv_msgs-2.2.0-py3.8.egg-info/dependency_links.txt
[6.418s] -- Up-to-date: /home/puzzlebot/ros2_packages_ws/install/aruco_opencv_msgs/lib/python3.8/site-packages/aruco_opencv_msgs
[6.418s] -- Up-to-date: /home/puzzlebot/ros2_packages_ws/install/aruco_opencv_msgs/lib/python3.8/site-packages/aruco_opencv_msgs/aruco_opencv_msgs_s__rosidl_typesupport_c.cpython-38-aarch64-linux-gnu.so
[6.419s] -- Up-to-date: /home/puzzlebot/ros2_packages_ws/install/aruco_opencv_msgs/lib/python3.8/site-packages/aruco_opencv_msgs/__init__.py
[6.436s] -- Up-to-date: /home/puzzlebot/ros2_packages_ws/install/aruco_opencv_msgs/lib/python3.8/site-packages/aruco_opencv_msgs/_aruco_opencv_msgs_s.ep.rosidl_typesupport_fastrtps_c.c
[6.436s] -- Up-to-date: /home/puzzlebot/ros2_packages_ws/install/aruco_opencv_msgs/lib/python3.8/site-packages/aruco_opencv_msgs/msg
[6.437s] -- Up-to-date: /home/puzzlebot/ros2_packages_ws/install/aruco_opencv_msgs/lib/python3.8/site-packages/aruco_opencv_msgs/msg/_marker_pose_s.c
[6.437s] -- Up-to-date: /home/puzzlebot/ros2_packages_ws/install/aruco_opencv_msgs/lib/python3.8/site-packages/aruco_opencv_msgs/msg/__init__.py
[6.438s] -- Up-to-date: /home/puzzlebot/ros2_packages_ws/install/aruco_opencv_msgs/lib/python3.8/site-packages/aruco_opencv_msgs/msg/_board_pose.py
[6.438s] -- Up-to-date: /home/puzzlebot/ros2_packages_ws/install/aruco_opencv_msgs/lib/python3.8/site-packages/aruco_opencv_msgs/msg/_aruco_detection_s.c
[6.439s] -- Up-to-date: /home/puzzlebot/ros2_packages_ws/install/aruco_opencv_msgs/lib/python3.8/site-packages/aruco_opencv_msgs/msg/_marker_pose.py
[6.439s] -- Up-to-date: /home/puzzlebot/ros2_packages_ws/install/aruco_opencv_msgs/lib/python3.8/site-packages/aruco_opencv_msgs/msg/_aruco_detection.py
[6.439s] -- Up-to-date: /home/puzzlebot/ros2_packages_ws/install/aruco_opencv_msgs/lib/python3.8/site-packages/aruco_opencv_msgs/msg/_board_pose_s.c
[6.440s] -- Up-to-date: /home/puzzlebot/ros2_packages_ws/install/aruco_opencv_msgs/lib/python3.8/site-packages/aruco_opencv_msgs/_aruco_opencv_msgs_s.ep.rosidl_typesupport_c.c
[6.440s] -- Up-to-date: /home/puzzlebot/ros2_packages_ws/install/aruco_opencv_msgs/lib/python3.8/site-packages/aruco_opencv_msgs/aruco_opencv_msgs_s__rosidl_typesupport_fastrtps_c.cpython-38-aarch64-linux-gnu.so
[6.441s] -- Up-to-date: /home/puzzlebot/ros2_packages_ws/install/aruco_opencv_msgs/lib/python3.8/site-packages/aruco_opencv_msgs/_aruco_opencv_msgs_s.ep.rosidl_typesupport_introspection_c.c
[6.441s] -- Up-to-date: /home/puzzlebot/ros2_packages_ws/install/aruco_opencv_msgs/lib/python3.8/site-packages/aruco_opencv_msgs/libaruco_opencv_msgs__rosidl_generator_py.so
[6.442s] -- Up-to-date: /home/puzzlebot/ros2_packages_ws/install/aruco_opencv_msgs/lib/python3.8/site-packages/aruco_opencv_msgs/aruco_opencv_msgs_s__rosidl_typesupport_introspection_c.cpython-38-aarch64-linux-gnu.so
[6.725s] Listing '/home/puzzlebot/ros2_packages_ws/install/aruco_opencv_msgs/lib/python3.8/site-packages/aruco_opencv_msgs'...
[6.726s] Listing '/home/puzzlebot/ros2_packages_ws/install/aruco_opencv_msgs/lib/python3.8/site-packages/aruco_opencv_msgs/msg'...
[6.765s] -- Up-to-date: /home/puzzlebot/ros2_packages_ws/install/aruco_opencv_msgs/lib/python3.8/site-packages/aruco_opencv_msgs/aruco_opencv_msgs_s__rosidl_typesupport_fastrtps_c.cpython-38-aarch64-linux-gnu.so
[6.769s] -- Up-to-date: /home/puzzlebot/ros2_packages_ws/install/aruco_opencv_msgs/lib/python3.8/site-packages/aruco_opencv_msgs/aruco_opencv_msgs_s__rosidl_typesupport_introspection_c.cpython-38-aarch64-linux-gnu.so
[6.772s] -- Up-to-date: /home/puzzlebot/ros2_packages_ws/install/aruco_opencv_msgs/lib/python3.8/site-packages/aruco_opencv_msgs/aruco_opencv_msgs_s__rosidl_typesupport_c.cpython-38-aarch64-linux-gnu.so
[6.775s] -- Up-to-date: /home/puzzlebot/ros2_packages_ws/install/aruco_opencv_msgs/lib/libaruco_opencv_msgs__rosidl_generator_py.so
[6.782s] -- Up-to-date: /home/puzzlebot/ros2_packages_ws/install/aruco_opencv_msgs/share/aruco_opencv_msgs/msg/ArucoDetection.idl
[6.782s] -- Up-to-date: /home/puzzlebot/ros2_packages_ws/install/aruco_opencv_msgs/share/aruco_opencv_msgs/msg/BoardPose.idl
[6.783s] -- Up-to-date: /home/puzzlebot/ros2_packages_ws/install/aruco_opencv_msgs/share/aruco_opencv_msgs/msg/MarkerPose.idl
[6.784s] -- Up-to-date: /home/puzzlebot/ros2_packages_ws/install/aruco_opencv_msgs/share/aruco_opencv_msgs/msg/ArucoDetection.msg
[6.784s] -- Up-to-date: /home/puzzlebot/ros2_packages_ws/install/aruco_opencv_msgs/share/aruco_opencv_msgs/msg/BoardPose.msg
[6.785s] -- Up-to-date: /home/puzzlebot/ros2_packages_ws/install/aruco_opencv_msgs/share/aruco_opencv_msgs/msg/MarkerPose.msg
[6.786s] -- Up-to-date: /home/puzzlebot/ros2_packages_ws/install/aruco_opencv_msgs/share/ament_index/resource_index/package_run_dependencies/aruco_opencv_msgs
[6.786s] -- Up-to-date: /home/puzzlebot/ros2_packages_ws/install/aruco_opencv_msgs/share/ament_index/resource_index/parent_prefix_path/aruco_opencv_msgs
[6.787s] -- Up-to-date: /home/puzzlebot/ros2_packages_ws/install/aruco_opencv_msgs/share/aruco_opencv_msgs/environment/ament_prefix_path.sh
[6.787s] -- Up-to-date: /home/puzzlebot/ros2_packages_ws/install/aruco_opencv_msgs/share/aruco_opencv_msgs/environment/ament_prefix_path.dsv
[6.788s] -- Up-to-date: /home/puzzlebot/ros2_packages_ws/install/aruco_opencv_msgs/share/aruco_opencv_msgs/environment/path.sh
[6.788s] -- Up-to-date: /home/puzzlebot/ros2_packages_ws/install/aruco_opencv_msgs/share/aruco_opencv_msgs/environment/path.dsv
[6.789s] -- Up-to-date: /home/puzzlebot/ros2_packages_ws/install/aruco_opencv_msgs/share/aruco_opencv_msgs/local_setup.bash
[6.792s] -- Up-to-date: /home/puzzlebot/ros2_packages_ws/install/aruco_opencv_msgs/share/aruco_opencv_msgs/local_setup.sh
[6.793s] -- Up-to-date: /home/puzzlebot/ros2_packages_ws/install/aruco_opencv_msgs/share/aruco_opencv_msgs/local_setup.zsh
[6.794s] -- Up-to-date: /home/puzzlebot/ros2_packages_ws/install/aruco_opencv_msgs/share/aruco_opencv_msgs/local_setup.dsv
[6.796s] -- Installing: /home/puzzlebot/ros2_packages_ws/install/aruco_opencv_msgs/share/aruco_opencv_msgs/package.dsv
[6.800s] -- Up-to-date: /home/puzzlebot/ros2_packages_ws/install/aruco_opencv_msgs/share/ament_index/resource_index/packages/aruco_opencv_msgs
[6.801s] -- Up-to-date: /home/puzzlebot/ros2_packages_ws/install/aruco_opencv_msgs/share/aruco_opencv_msgs/cmake/export_aruco_opencv_msgs__rosidl_generator_cExport.cmake
[6.802s] -- Up-to-date: /home/puzzlebot/ros2_packages_ws/install/aruco_opencv_msgs/share/aruco_opencv_msgs/cmake/export_aruco_opencv_msgs__rosidl_generator_cExport-noconfig.cmake
[6.804s] -- Up-to-date: /home/puzzlebot/ros2_packages_ws/install/aruco_opencv_msgs/share/aruco_opencv_msgs/cmake/export_aruco_opencv_msgs__rosidl_typesupport_fastrtps_cExport.cmake
[6.805s] -- Up-to-date: /home/puzzlebot/ros2_packages_ws/install/aruco_opencv_msgs/share/aruco_opencv_msgs/cmake/export_aruco_opencv_msgs__rosidl_typesupport_fastrtps_cExport-noconfig.cmake
[6.807s] -- Up-to-date: /home/puzzlebot/ros2_packages_ws/install/aruco_opencv_msgs/share/aruco_opencv_msgs/cmake/aruco_opencv_msgs__rosidl_typesupport_introspection_cExport.cmake
[6.811s] -- Up-to-date: /home/puzzlebot/ros2_packages_ws/install/aruco_opencv_msgs/share/aruco_opencv_msgs/cmake/aruco_opencv_msgs__rosidl_typesupport_introspection_cExport-noconfig.cmake
[6.814s] -- Up-to-date: /home/puzzlebot/ros2_packages_ws/install/aruco_opencv_msgs/share/aruco_opencv_msgs/cmake/aruco_opencv_msgs__rosidl_typesupport_cExport.cmake
[6.815s] -- Up-to-date: /home/puzzlebot/ros2_packages_ws/install/aruco_opencv_msgs/share/aruco_opencv_msgs/cmake/aruco_opencv_msgs__rosidl_typesupport_cExport-noconfig.cmake
[6.817s] -- Up-to-date: /home/puzzlebot/ros2_packages_ws/install/aruco_opencv_msgs/share/aruco_opencv_msgs/cmake/export_aruco_opencv_msgs__rosidl_generator_cppExport.cmake
[6.825s] -- Up-to-date: /home/puzzlebot/ros2_packages_ws/install/aruco_opencv_msgs/share/aruco_opencv_msgs/cmake/export_aruco_opencv_msgs__rosidl_typesupport_fastrtps_cppExport.cmake
[6.826s] -- Up-to-date: /home/puzzlebot/ros2_packages_ws/install/aruco_opencv_msgs/share/aruco_opencv_msgs/cmake/export_aruco_opencv_msgs__rosidl_typesupport_fastrtps_cppExport-noconfig.cmake
[6.828s] -- Up-to-date: /home/puzzlebot/ros2_packages_ws/install/aruco_opencv_msgs/share/aruco_opencv_msgs/cmake/aruco_opencv_msgs__rosidl_typesupport_introspection_cppExport.cmake
[6.828s] -- Up-to-date: /home/puzzlebot/ros2_packages_ws/install/aruco_opencv_msgs/share/aruco_opencv_msgs/cmake/aruco_opencv_msgs__rosidl_typesupport_introspection_cppExport-noconfig.cmake
[6.830s] -- Up-to-date: /home/puzzlebot/ros2_packages_ws/install/aruco_opencv_msgs/share/aruco_opencv_msgs/cmake/aruco_opencv_msgs__rosidl_typesupport_cppExport.cmake
[6.831s] -- Up-to-date: /home/puzzlebot/ros2_packages_ws/install/aruco_opencv_msgs/share/aruco_opencv_msgs/cmake/aruco_opencv_msgs__rosidl_typesupport_cppExport-noconfig.cmake
[6.833s] -- Up-to-date: /home/puzzlebot/ros2_packages_ws/install/aruco_opencv_msgs/share/aruco_opencv_msgs/cmake/export_aruco_opencv_msgs__rosidl_generator_pyExport.cmake
[6.834s] -- Up-to-date: /home/puzzlebot/ros2_packages_ws/install/aruco_opencv_msgs/share/aruco_opencv_msgs/cmake/export_aruco_opencv_msgs__rosidl_generator_pyExport-noconfig.cmake
[6.834s] -- Up-to-date: /home/puzzlebot/ros2_packages_ws/install/aruco_opencv_msgs/share/aruco_opencv_msgs/cmake/rosidl_cmake-extras.cmake
[6.835s] -- Up-to-date: /home/puzzlebot/ros2_packages_ws/install/aruco_opencv_msgs/share/aruco_opencv_msgs/cmake/ament_cmake_export_dependencies-extras.cmake
[6.839s] -- Up-to-date: /home/puzzlebot/ros2_packages_ws/install/aruco_opencv_msgs/share/aruco_opencv_msgs/cmake/ament_cmake_export_include_directories-extras.cmake
[6.839s] -- Up-to-date: /home/puzzlebot/ros2_packages_ws/install/aruco_opencv_msgs/share/aruco_opencv_msgs/cmake/ament_cmake_export_libraries-extras.cmake
[6.840s] -- Up-to-date: /home/puzzlebot/ros2_packages_ws/install/aruco_opencv_msgs/share/aruco_opencv_msgs/cmake/ament_cmake_export_targets-extras.cmake
[6.845s] -- Up-to-date: /home/puzzlebot/ros2_packages_ws/install/aruco_opencv_msgs/share/aruco_opencv_msgs/cmake/rosidl_cmake_export_typesupport_targets-extras.cmake
[6.846s] -- Up-to-date: /home/puzzlebot/ros2_packages_ws/install/aruco_opencv_msgs/share/aruco_opencv_msgs/cmake/rosidl_cmake_export_typesupport_libraries-extras.cmake
[6.846s] -- Up-to-date: /home/puzzlebot/ros2_packages_ws/install/aruco_opencv_msgs/share/aruco_opencv_msgs/cmake/aruco_opencv_msgsConfig.cmake
[6.847s] -- Up-to-date: /home/puzzlebot/ros2_packages_ws/install/aruco_opencv_msgs/share/aruco_opencv_msgs/cmake/aruco_opencv_msgsConfig-version.cmake
[6.848s] -- Up-to-date: /home/puzzlebot/ros2_packages_ws/install/aruco_opencv_msgs/share/aruco_opencv_msgs/package.xml
[6.857s] Invoked command in '/home/puzzlebot/ros2_packages_ws/build/aruco_opencv_msgs' returned '0': CMAKE_PREFIX_PATH=${CMAKE_PREFIX_PATH}:/home/puzzlebot/ros2_ws/install/puzzlebot_ros:/home/puzzlebot/ros2_packages_ws/install/localization:/home/puzzlebot/ros2_packages_ws/install/camera_viewer:/opt/ros/humble /usr/bin/cmake --install /home/puzzlebot/ros2_packages_ws/build/aruco_opencv_msgs
