[9.702s] Invoking command in '/home/puzzlebot/ros2_packages_ws/src/camera_viewer': PYTHONPATH=/home/puzzlebot/ros2_packages_ws/build/camera_viewer/prefix_override:/home/puzzlebot/ros2_packages_ws/install/camera_viewer/lib/python3.8/site-packages:${PYTHONPATH} /usr/bin/python3 -W ignore:setup.py install is deprecated setup.py egg_info --egg-base ../../build/camera_viewer build --build-base /home/puzzlebot/ros2_packages_ws/build/camera_viewer/build install --record /home/puzzlebot/ros2_packages_ws/build/camera_viewer/install.log --single-version-externally-managed install_data
[12.367s] running egg_info
[12.388s] writing ../../build/camera_viewer/camera_viewer.egg-info/PKG-INFO
[12.399s] writing dependency_links to ../../build/camera_viewer/camera_viewer.egg-info/dependency_links.txt
[12.404s] writing entry points to ../../build/camera_viewer/camera_viewer.egg-info/entry_points.txt
[12.414s] writing requirements to ../../build/camera_viewer/camera_viewer.egg-info/requires.txt
[12.418s] writing top-level names to ../../build/camera_viewer/camera_viewer.egg-info/top_level.txt
[12.654s] reading manifest file '../../build/camera_viewer/camera_viewer.egg-info/SOURCES.txt'
[12.664s] writing manifest file '../../build/camera_viewer/camera_viewer.egg-info/SOURCES.txt'
[12.666s] running build
[12.666s] running build_py
[12.670s] running install
[12.674s] running install_lib
[12.688s] running install_data
[12.696s] running install_egg_info
[12.708s] removing '/home/puzzlebot/ros2_packages_ws/install/camera_viewer/lib/python3.8/site-packages/camera_viewer-0.0.0-py3.8.egg-info' (and everything under it)
[12.716s] Copying ../../build/camera_viewer/camera_viewer.egg-info to /home/puzzlebot/ros2_packages_ws/install/camera_viewer/lib/python3.8/site-packages/camera_viewer-0.0.0-py3.8.egg-info
[12.737s] running install_scripts
[13.195s] Installing camera_viewer script to /home/puzzlebot/ros2_packages_ws/install/camera_viewer/lib/camera_viewer
[13.256s] writing list of installed files to '/home/puzzlebot/ros2_packages_ws/build/camera_viewer/install.log'
[13.406s] Invoked command in '/home/puzzlebot/ros2_packages_ws/src/camera_viewer' returned '0': PYTHONPATH=/home/puzzlebot/ros2_packages_ws/build/camera_viewer/prefix_override:/home/puzzlebot/ros2_packages_ws/install/camera_viewer/lib/python3.8/site-packages:${PYTHONPATH} /usr/bin/python3 -W ignore:setup.py install is deprecated setup.py egg_info --egg-base ../../build/camera_viewer build --build-base /home/puzzlebot/ros2_packages_ws/build/camera_viewer/build install --record /home/puzzlebot/ros2_packages_ws/build/camera_viewer/install.log --single-version-externally-managed install_data
