[9.283s] Invoking command in '/home/puzzlebot/ros2_packages_ws/src/camera_viewer': PYTHONPATH=/home/puzzlebot/ros2_packages_ws/build/camera_viewer/prefix_override:/home/puzzlebot/ros2_packages_ws/install/camera_viewer/lib/python3.8/site-packages:${PYTHONPATH} /usr/bin/python3 -W ignore:setup.py install is deprecated setup.py egg_info --egg-base ../../build/camera_viewer build --build-base /home/puzzlebot/ros2_packages_ws/build/camera_viewer/build install --record /home/puzzlebot/ros2_packages_ws/build/camera_viewer/install.log --single-version-externally-managed install_data
[11.656s] running egg_info
[11.662s] writing ../../build/camera_viewer/camera_viewer.egg-info/PKG-INFO
[11.663s] writing dependency_links to ../../build/camera_viewer/camera_viewer.egg-info/dependency_links.txt
[11.664s] writing entry points to ../../build/camera_viewer/camera_viewer.egg-info/entry_points.txt
[11.665s] writing requirements to ../../build/camera_viewer/camera_viewer.egg-info/requires.txt
[11.665s] writing top-level names to ../../build/camera_viewer/camera_viewer.egg-info/top_level.txt
[11.875s] reading manifest file '../../build/camera_viewer/camera_viewer.egg-info/SOURCES.txt'
[11.884s] writing manifest file '../../build/camera_viewer/camera_viewer.egg-info/SOURCES.txt'
[11.885s] running build
[11.885s] running build_py
[11.886s] running install
[11.888s] running install_lib
[11.897s] running install_data
[11.899s] running install_egg_info
[11.907s] removing '/home/puzzlebot/ros2_packages_ws/install/camera_viewer/lib/python3.8/site-packages/camera_viewer-0.0.0-py3.8.egg-info' (and everything under it)
[11.920s] Copying ../../build/camera_viewer/camera_viewer.egg-info to /home/puzzlebot/ros2_packages_ws/install/camera_viewer/lib/python3.8/site-packages/camera_viewer-0.0.0-py3.8.egg-info
[11.930s] running install_scripts
[12.168s] Installing camera_viewer script to /home/puzzlebot/ros2_packages_ws/install/camera_viewer/lib/camera_viewer
[12.169s] writing list of installed files to '/home/puzzlebot/ros2_packages_ws/build/camera_viewer/install.log'
[12.527s] Invoked command in '/home/puzzlebot/ros2_packages_ws/src/camera_viewer' returned '0': PYTHONPATH=/home/puzzlebot/ros2_packages_ws/build/camera_viewer/prefix_override:/home/puzzlebot/ros2_packages_ws/install/camera_viewer/lib/python3.8/site-packages:${PYTHONPATH} /usr/bin/python3 -W ignore:setup.py install is deprecated setup.py egg_info --egg-base ../../build/camera_viewer build --build-base /home/puzzlebot/ros2_packages_ws/build/camera_viewer/build install --record /home/puzzlebot/ros2_packages_ws/build/camera_viewer/install.log --single-version-externally-managed install_data
