[0.084s] Invoking command in '/home/puzzlebot/ros2_packages_ws/build/ros_deep_learning': CMAKE_PREFIX_PATH=${CMAKE_PREFIX_PATH}:/home/puzzlebot/ros2_ws/install/puzzlebot_ros:/home/puzzlebot/ros2_packages_ws/install/localization:/home/puzzlebot/ros2_packages_ws/install/camera_viewer:/opt/ros/humble /usr/bin/cmake --build /home/puzzlebot/ros2_packages_ws/build/ros_deep_learning -- -j4 -l4
[0.504s] [ 20%] Built target detectnet
[0.768s] [ 40%] Built target imagenet
[0.790s] [ 60%] Built target segnet
[0.860s] [ 80%] Built target video_source
[0.898s] [100%] Built target video_output
[1.124s] Invoked command in '/home/puzzlebot/ros2_packages_ws/build/ros_deep_learning' returned '0': CMAKE_PREFIX_PATH=${CMAKE_PREFIX_PATH}:/home/puzzlebot/ros2_ws/install/puzzlebot_ros:/home/puzzlebot/ros2_packages_ws/install/localization:/home/puzzlebot/ros2_packages_ws/install/camera_viewer:/opt/ros/humble /usr/bin/cmake --build /home/puzzlebot/ros2_packages_ws/build/ros_deep_learning -- -j4 -l4
[1.437s] Invoking command in '/home/puzzlebot/ros2_packages_ws/build/ros_deep_learning': CMAKE_PREFIX_PATH=${CMAKE_PREFIX_PATH}:/home/puzzlebot/ros2_ws/install/puzzlebot_ros:/home/puzzlebot/ros2_packages_ws/install/localization:/home/puzzlebot/ros2_packages_ws/install/camera_viewer:/opt/ros/humble /usr/bin/cmake --install /home/puzzlebot/ros2_packages_ws/build/ros_deep_learning
[1.490s] -- Install configuration: ""
[1.491s] -- Up-to-date: /home/puzzlebot/ros2_packages_ws/install/ros_deep_learning/lib/ros_deep_learning/imagenet
[1.492s] -- Up-to-date: /home/puzzlebot/ros2_packages_ws/install/ros_deep_learning/lib/ros_deep_learning/detectnet
[1.494s] -- Up-to-date: /home/puzzlebot/ros2_packages_ws/install/ros_deep_learning/lib/ros_deep_learning/segnet
[1.498s] -- Up-to-date: /home/puzzlebot/ros2_packages_ws/install/ros_deep_learning/lib/ros_deep_learning/video_source
[1.501s] -- Up-to-date: /home/puzzlebot/ros2_packages_ws/install/ros_deep_learning/lib/ros_deep_learning/video_output
[1.504s] -- Up-to-date: /home/puzzlebot/ros2_packages_ws/install/ros_deep_learning/share/ros_deep_learning//launch
[1.506s] -- Up-to-date: /home/puzzlebot/ros2_packages_ws/install/ros_deep_learning/share/ros_deep_learning//launch/video_output.ros2.launch
[1.507s] -- Up-to-date: /home/puzzlebot/ros2_packages_ws/install/ros_deep_learning/share/ros_deep_learning//launch/video_output.ros1.launch
[1.509s] -- Up-to-date: /home/puzzlebot/ros2_packages_ws/install/ros_deep_learning/share/ros_deep_learning//launch/segnet.ros1.launch
[1.510s] -- Up-to-date: /home/puzzlebot/ros2_packages_ws/install/ros_deep_learning/share/ros_deep_learning//launch/detectnet.ros1.launch
[1.510s] -- Up-to-date: /home/puzzlebot/ros2_packages_ws/install/ros_deep_learning/share/ros_deep_learning//launch/imagenet.ros1.launch
[1.511s] -- Up-to-date: /home/puzzlebot/ros2_packages_ws/install/ros_deep_learning/share/ros_deep_learning//launch/video_viewer.ros2.launch
[1.512s] -- Up-to-date: /home/puzzlebot/ros2_packages_ws/install/ros_deep_learning/share/ros_deep_learning//launch/imagenet.ros2.launch
[1.512s] -- Up-to-date: /home/puzzlebot/ros2_packages_ws/install/ros_deep_learning/share/ros_deep_learning//launch/video_source.ros1.launch
[1.512s] -- Up-to-date: /home/puzzlebot/ros2_packages_ws/install/ros_deep_learning/share/ros_deep_learning//launch/video_viewer.ros1.launch
[1.513s] -- Up-to-date: /home/puzzlebot/ros2_packages_ws/install/ros_deep_learning/share/ros_deep_learning//launch/detectnet.ros2.launch
[1.513s] -- Up-to-date: /home/puzzlebot/ros2_packages_ws/install/ros_deep_learning/share/ros_deep_learning//launch/video_source.ros2.launch
[1.516s] -- Up-to-date: /home/puzzlebot/ros2_packages_ws/install/ros_deep_learning/share/ros_deep_learning//launch/segnet.ros2.launch
[1.523s] -- Up-to-date: /home/puzzlebot/ros2_packages_ws/install/ros_deep_learning/share/ament_index/resource_index/package_run_dependencies/ros_deep_learning
[1.523s] -- Up-to-date: /home/puzzlebot/ros2_packages_ws/install/ros_deep_learning/share/ament_index/resource_index/parent_prefix_path/ros_deep_learning
[1.524s] -- Up-to-date: /home/puzzlebot/ros2_packages_ws/install/ros_deep_learning/share/ros_deep_learning/environment/ament_prefix_path.sh
[1.524s] -- Up-to-date: /home/puzzlebot/ros2_packages_ws/install/ros_deep_learning/share/ros_deep_learning/environment/ament_prefix_path.dsv
[1.532s] -- Up-to-date: /home/puzzlebot/ros2_packages_ws/install/ros_deep_learning/share/ros_deep_learning/environment/path.sh
[1.532s] -- Up-to-date: /home/puzzlebot/ros2_packages_ws/install/ros_deep_learning/share/ros_deep_learning/environment/path.dsv
[1.533s] -- Up-to-date: /home/puzzlebot/ros2_packages_ws/install/ros_deep_learning/share/ros_deep_learning/local_setup.bash
[1.533s] -- Up-to-date: /home/puzzlebot/ros2_packages_ws/install/ros_deep_learning/share/ros_deep_learning/local_setup.sh
[1.534s] -- Up-to-date: /home/puzzlebot/ros2_packages_ws/install/ros_deep_learning/share/ros_deep_learning/local_setup.zsh
[1.535s] -- Up-to-date: /home/puzzlebot/ros2_packages_ws/install/ros_deep_learning/share/ros_deep_learning/local_setup.dsv
[1.535s] -- Installing: /home/puzzlebot/ros2_packages_ws/install/ros_deep_learning/share/ros_deep_learning/package.dsv
[1.536s] -- Up-to-date: /home/puzzlebot/ros2_packages_ws/install/ros_deep_learning/share/ament_index/resource_index/packages/ros_deep_learning
[1.536s] -- Up-to-date: /home/puzzlebot/ros2_packages_ws/install/ros_deep_learning/share/ros_deep_learning/cmake/ros_deep_learningConfig.cmake
[1.537s] -- Up-to-date: /home/puzzlebot/ros2_packages_ws/install/ros_deep_learning/share/ros_deep_learning/cmake/ros_deep_learningConfig-version.cmake
[1.537s] -- Up-to-date: /home/puzzlebot/ros2_packages_ws/install/ros_deep_learning/share/ros_deep_learning/package.xml
[1.556s] Invoked command in '/home/puzzlebot/ros2_packages_ws/build/ros_deep_learning' returned '0': CMAKE_PREFIX_PATH=${CMAKE_PREFIX_PATH}:/home/puzzlebot/ros2_ws/install/puzzlebot_ros:/home/puzzlebot/ros2_packages_ws/install/localization:/home/puzzlebot/ros2_packages_ws/install/camera_viewer:/opt/ros/humble /usr/bin/cmake --install /home/puzzlebot/ros2_packages_ws/build/ros_deep_learning
