[4.612s] Invoking command in '/home/puzzlebot/ros2_packages_ws/src/localization': PYTHONPATH=/home/puzzlebot/ros2_packages_ws/build/localization/prefix_override:/home/puzzlebot/ros2_packages_ws/install/localization/lib/python3.8/site-packages:${PYTHONPATH} /usr/bin/python3 -W ignore:setup.py install is deprecated setup.py egg_info --egg-base ../../build/localization build --build-base /home/puzzlebot/ros2_packages_ws/build/localization/build install --record /home/puzzlebot/ros2_packages_ws/build/localization/install.log --single-version-externally-managed install_data
[6.058s] running egg_info
[6.060s] writing ../../build/localization/localization.egg-info/PKG-INFO
[6.062s] writing dependency_links to ../../build/localization/localization.egg-info/dependency_links.txt
[6.063s] writing entry points to ../../build/localization/localization.egg-info/entry_points.txt
[6.067s] writing requirements to ../../build/localization/localization.egg-info/requires.txt
[6.069s] writing top-level names to ../../build/localization/localization.egg-info/top_level.txt
[6.316s] reading manifest file '../../build/localization/localization.egg-info/SOURCES.txt'
[6.317s] writing manifest file '../../build/localization/localization.egg-info/SOURCES.txt'
[6.317s] running build
[6.318s] running build_py
[6.318s] copying localization/to_goal.py -> /home/puzzlebot/ros2_packages_ws/build/localization/build/lib/localization
[6.425s] running install
[6.458s] running install_lib
[6.458s] copying /home/puzzlebot/ros2_packages_ws/build/localization/build/lib/localization/to_goal.py -> /home/puzzlebot/ros2_packages_ws/install/localization/lib/python3.8/site-packages/localization
[6.459s] byte-compiling /home/puzzlebot/ros2_packages_ws/install/localization/lib/python3.8/site-packages/localization/to_goal.py to to_goal.cpython-38.pyc
[6.475s] running install_data
[6.476s] running install_egg_info
[6.476s] removing '/home/puzzlebot/ros2_packages_ws/install/localization/lib/python3.8/site-packages/localization-0.0.0-py3.8.egg-info' (and everything under it)
[6.476s] Copying ../../build/localization/localization.egg-info to /home/puzzlebot/ros2_packages_ws/install/localization/lib/python3.8/site-packages/localization-0.0.0-py3.8.egg-info
[6.479s] running install_scripts
[6.550s] Installing controller script to /home/puzzlebot/ros2_packages_ws/install/localization/lib/localization
[6.552s] Installing coordinate_transform script to /home/puzzlebot/ros2_packages_ws/install/localization/lib/localization
[6.552s] Installing joint_state script to /home/puzzlebot/ros2_packages_ws/install/localization/lib/localization
[6.575s] Installing kinematic_model script to /home/puzzlebot/ros2_packages_ws/install/localization/lib/localization
[6.577s] Installing localization script to /home/puzzlebot/ros2_packages_ws/install/localization/lib/localization
[6.577s] Installing test_lidar script to /home/puzzlebot/ros2_packages_ws/install/localization/lib/localization
[6.578s] Installing to_goal script to /home/puzzlebot/ros2_packages_ws/install/localization/lib/localization
[6.578s] Installing to_goal_bug_2 script to /home/puzzlebot/ros2_packages_ws/install/localization/lib/localization
[6.579s] writing list of installed files to '/home/puzzlebot/ros2_packages_ws/build/localization/install.log'
[6.819s] Invoked command in '/home/puzzlebot/ros2_packages_ws/src/localization' returned '0': PYTHONPATH=/home/puzzlebot/ros2_packages_ws/build/localization/prefix_override:/home/puzzlebot/ros2_packages_ws/install/localization/lib/python3.8/site-packages:${PYTHONPATH} /usr/bin/python3 -W ignore:setup.py install is deprecated setup.py egg_info --egg-base ../../build/localization build --build-base /home/puzzlebot/ros2_packages_ws/build/localization/build install --record /home/puzzlebot/ros2_packages_ws/build/localization/install.log --single-version-externally-managed install_data
