[0.176s] Invoking command in '/home/puzzlebot/ros2_packages_ws/build/aruco_opencv_msgs': CMAKE_PREFIX_PATH=${CMAKE_PREFIX_PATH}:/home/puzzlebot/ros2_ws/install/puzzlebot_ros:/home/puzzlebot/ros2_packages_ws/install/localization:/home/puzzlebot/ros2_packages_ws/install/camera_viewer:/opt/ros/humble /usr/bin/cmake --build /home/puzzlebot/ros2_packages_ws/build/aruco_opencv_msgs -- -j4 -l4
[1.923s] [  0%] Built target ament_cmake_python_copy_aruco_opencv_msgs
[1.924s] [ 10%] Built target aruco_opencv_msgs__rosidl_generator_c
[1.924s] [ 12%] Built target aruco_opencv_msgs__cpp
[1.925s] [ 23%] Built target aruco_opencv_msgs__rosidl_typesupport_fastrtps_c
[1.925s] [ 36%] Built target aruco_opencv_msgs__rosidl_typesupport_c
[1.925s] [ 44%] Built target aruco_opencv_msgs__rosidl_typesupport_introspection_c
[1.926s] [ 55%] Built target aruco_opencv_msgs__rosidl_typesupport_fastrtps_cpp
[1.926s] [ 65%] Built target aruco_opencv_msgs__rosidl_typesupport_introspection_cpp
[1.927s] [ 76%] Built target aruco_opencv_msgs__rosidl_typesupport_cpp
[1.927s] [ 76%] Built target aruco_opencv_msgs
[1.928s] [ 78%] Built target aruco_opencv_msgs__py
[2.264s] [ 87%] Built target aruco_opencv_msgs__rosidl_generator_py
[2.619s] [ 91%] Built target aruco_opencv_msgs__rosidl_typesupport_c__pyext
[2.665s] running egg_info
[2.666s] writing aruco_opencv_msgs.egg-info/PKG-INFO
[2.667s] writing dependency_links to aruco_opencv_msgs.egg-info/dependency_links.txt
[2.669s] writing top-level names to aruco_opencv_msgs.egg-info/top_level.txt
[2.683s] [ 95%] Built target aruco_opencv_msgs__rosidl_typesupport_fastrtps_c__pyext
[2.694s] [100%] Built target aruco_opencv_msgs__rosidl_typesupport_introspection_c__pyext
[2.915s] reading manifest file 'aruco_opencv_msgs.egg-info/SOURCES.txt'
[2.922s] writing manifest file 'aruco_opencv_msgs.egg-info/SOURCES.txt'
[3.071s] [100%] Built target ament_cmake_python_build_aruco_opencv_msgs_egg
[4.763s] Invoked command in '/home/puzzlebot/ros2_packages_ws/build/aruco_opencv_msgs' returned '0': CMAKE_PREFIX_PATH=${CMAKE_PREFIX_PATH}:/home/puzzlebot/ros2_ws/install/puzzlebot_ros:/home/puzzlebot/ros2_packages_ws/install/localization:/home/puzzlebot/ros2_packages_ws/install/camera_viewer:/opt/ros/humble /usr/bin/cmake --build /home/puzzlebot/ros2_packages_ws/build/aruco_opencv_msgs -- -j4 -l4
[6.409s] Invoking command in '/home/puzzlebot/ros2_packages_ws/build/aruco_opencv_msgs': CMAKE_PREFIX_PATH=${CMAKE_PREFIX_PATH}:/home/puzzlebot/ros2_ws/install/puzzlebot_ros:/home/puzzlebot/ros2_packages_ws/install/localization:/home/puzzlebot/ros2_packages_ws/install/camera_viewer:/opt/ros/humble /usr/bin/cmake --install /home/puzzlebot/ros2_packages_ws/build/aruco_opencv_msgs
[6.535s] -- Install configuration: ""
[6.535s] -- Up-to-date: /home/puzzlebot/ros2_packages_ws/install/aruco_opencv_msgs/share/ament_index/resource_index/rosidl_interfaces/aruco_opencv_msgs
[6.536s] -- Up-to-date: /home/puzzlebot/ros2_packages_ws/install/aruco_opencv_msgs/include/aruco_opencv_msgs/aruco_opencv_msgs
[6.536s] -- Up-to-date: /home/puzzlebot/ros2_packages_ws/install/aruco_opencv_msgs/include/aruco_opencv_msgs/aruco_opencv_msgs/msg
[6.537s] -- Up-to-date: /home/puzzlebot/ros2_packages_ws/install/aruco_opencv_msgs/include/aruco_opencv_msgs/aruco_opencv_msgs/msg/aruco_detection.h
[6.537s] -- Up-to-date: /home/puzzlebot/ros2_packages_ws/install/aruco_opencv_msgs/include/aruco_opencv_msgs/aruco_opencv_msgs/msg/rosidl_generator_c__visibility_control.h
[6.538s] -- Up-to-date: /home/puzzlebot/ros2_packages_ws/install/aruco_opencv_msgs/include/aruco_opencv_msgs/aruco_opencv_msgs/msg/detail
[6.538s] -- Up-to-date: /home/puzzlebot/ros2_packages_ws/install/aruco_opencv_msgs/include/aruco_opencv_msgs/aruco_opencv_msgs/msg/detail/board_pose__functions.c
[6.539s] -- Up-to-date: /home/puzzlebot/ros2_packages_ws/install/aruco_opencv_msgs/include/aruco_opencv_msgs/aruco_opencv_msgs/msg/detail/aruco_detection__functions.c
[6.539s] -- Up-to-date: /home/puzzlebot/ros2_packages_ws/install/aruco_opencv_msgs/include/aruco_opencv_msgs/aruco_opencv_msgs/msg/detail/board_pose__type_support.h
[6.539s] -- Up-to-date: /home/puzzlebot/ros2_packages_ws/install/aruco_opencv_msgs/include/aruco_opencv_msgs/aruco_opencv_msgs/msg/detail/marker_pose__functions.c
[6.541s] -- Up-to-date: /home/puzzlebot/ros2_packages_ws/install/aruco_opencv_msgs/include/aruco_opencv_msgs/aruco_opencv_msgs/msg/detail/aruco_detection__type_support.h
[6.543s] -- Up-to-date: /home/puzzlebot/ros2_packages_ws/install/aruco_opencv_msgs/include/aruco_opencv_msgs/aruco_opencv_msgs/msg/detail/aruco_detection__struct.h
[6.543s] -- Up-to-date: /home/puzzlebot/ros2_packages_ws/install/aruco_opencv_msgs/include/aruco_opencv_msgs/aruco_opencv_msgs/msg/detail/marker_pose__type_support.h
[6.548s] -- Up-to-date: /home/puzzlebot/ros2_packages_ws/install/aruco_opencv_msgs/include/aruco_opencv_msgs/aruco_opencv_msgs/msg/detail/board_pose__functions.h
[6.548s] -- Up-to-date: /home/puzzlebot/ros2_packages_ws/install/aruco_opencv_msgs/include/aruco_opencv_msgs/aruco_opencv_msgs/msg/detail/marker_pose__struct.h
[6.549s] -- Up-to-date: /home/puzzlebot/ros2_packages_ws/install/aruco_opencv_msgs/include/aruco_opencv_msgs/aruco_opencv_msgs/msg/detail/aruco_detection__functions.h
[6.550s] -- Up-to-date: /home/puzzlebot/ros2_packages_ws/install/aruco_opencv_msgs/include/aruco_opencv_msgs/aruco_opencv_msgs/msg/detail/board_pose__struct.h
[6.550s] -- Up-to-date: /home/puzzlebot/ros2_packages_ws/install/aruco_opencv_msgs/include/aruco_opencv_msgs/aruco_opencv_msgs/msg/detail/marker_pose__functions.h
[6.551s] -- Up-to-date: /home/puzzlebot/ros2_packages_ws/install/aruco_opencv_msgs/include/aruco_opencv_msgs/aruco_opencv_msgs/msg/board_pose.h
[6.551s] -- Up-to-date: /home/puzzlebot/ros2_packages_ws/install/aruco_opencv_msgs/include/aruco_opencv_msgs/aruco_opencv_msgs/msg/marker_pose.h
[6.551s] -- Up-to-date: /home/puzzlebot/ros2_packages_ws/install/aruco_opencv_msgs/share/aruco_opencv_msgs/environment/library_path.sh
[6.552s] -- Up-to-date: /home/puzzlebot/ros2_packages_ws/install/aruco_opencv_msgs/share/aruco_opencv_msgs/environment/library_path.dsv
[6.552s] -- Up-to-date: /home/puzzlebot/ros2_packages_ws/install/aruco_opencv_msgs/lib/libaruco_opencv_msgs__rosidl_generator_c.so
[6.553s] -- Up-to-date: /home/puzzlebot/ros2_packages_ws/install/aruco_opencv_msgs/include/aruco_opencv_msgs/aruco_opencv_msgs
[6.553s] -- Up-to-date: /home/puzzlebot/ros2_packages_ws/install/aruco_opencv_msgs/include/aruco_opencv_msgs/aruco_opencv_msgs/msg
[6.553s] -- Up-to-date: /home/puzzlebot/ros2_packages_ws/install/aruco_opencv_msgs/include/aruco_opencv_msgs/aruco_opencv_msgs/msg/rosidl_typesupport_fastrtps_c__visibility_control.h
[6.560s] -- Up-to-date: /home/puzzlebot/ros2_packages_ws/install/aruco_opencv_msgs/include/aruco_opencv_msgs/aruco_opencv_msgs/msg/detail
[6.561s] -- Up-to-date: /home/puzzlebot/ros2_packages_ws/install/aruco_opencv_msgs/include/aruco_opencv_msgs/aruco_opencv_msgs/msg/detail/board_pose__rosidl_typesupport_fastrtps_c.h
[6.565s] -- Up-to-date: /home/puzzlebot/ros2_packages_ws/install/aruco_opencv_msgs/include/aruco_opencv_msgs/aruco_opencv_msgs/msg/detail/aruco_detection__rosidl_typesupport_fastrtps_c.h
[6.566s] -- Up-to-date: /home/puzzlebot/ros2_packages_ws/install/aruco_opencv_msgs/include/aruco_opencv_msgs/aruco_opencv_msgs/msg/detail/marker_pose__rosidl_typesupport_fastrtps_c.h
[6.567s] -- Up-to-date: /home/puzzlebot/ros2_packages_ws/install/aruco_opencv_msgs/lib/libaruco_opencv_msgs__rosidl_typesupport_fastrtps_c.so
[6.567s] -- Up-to-date: /home/puzzlebot/ros2_packages_ws/install/aruco_opencv_msgs/include/aruco_opencv_msgs/aruco_opencv_msgs
[6.568s] -- Up-to-date: /home/puzzlebot/ros2_packages_ws/install/aruco_opencv_msgs/include/aruco_opencv_msgs/aruco_opencv_msgs/msg
[6.568s] -- Up-to-date: /home/puzzlebot/ros2_packages_ws/install/aruco_opencv_msgs/include/aruco_opencv_msgs/aruco_opencv_msgs/msg/rosidl_typesupport_introspection_c__visibility_control.h
[6.575s] -- Up-to-date: /home/puzzlebot/ros2_packages_ws/install/aruco_opencv_msgs/include/aruco_opencv_msgs/aruco_opencv_msgs/msg/detail
[6.575s] -- Up-to-date: /home/puzzlebot/ros2_packages_ws/install/aruco_opencv_msgs/include/aruco_opencv_msgs/aruco_opencv_msgs/msg/detail/marker_pose__type_support.c
[6.577s] -- Up-to-date: /home/puzzlebot/ros2_packages_ws/install/aruco_opencv_msgs/include/aruco_opencv_msgs/aruco_opencv_msgs/msg/detail/marker_pose__rosidl_typesupport_introspection_c.h
[6.578s] -- Up-to-date: /home/puzzlebot/ros2_packages_ws/install/aruco_opencv_msgs/include/aruco_opencv_msgs/aruco_opencv_msgs/msg/detail/board_pose__type_support.c
[6.584s] -- Up-to-date: /home/puzzlebot/ros2_packages_ws/install/aruco_opencv_msgs/include/aruco_opencv_msgs/aruco_opencv_msgs/msg/detail/board_pose__rosidl_typesupport_introspection_c.h
[6.585s] -- Up-to-date: /home/puzzlebot/ros2_packages_ws/install/aruco_opencv_msgs/include/aruco_opencv_msgs/aruco_opencv_msgs/msg/detail/aruco_detection__type_support.c
[6.586s] -- Up-to-date: /home/puzzlebot/ros2_packages_ws/install/aruco_opencv_msgs/include/aruco_opencv_msgs/aruco_opencv_msgs/msg/detail/aruco_detection__rosidl_typesupport_introspection_c.h
[6.588s] -- Up-to-date: /home/puzzlebot/ros2_packages_ws/install/aruco_opencv_msgs/lib/libaruco_opencv_msgs__rosidl_typesupport_introspection_c.so
[6.588s] -- Up-to-date: /home/puzzlebot/ros2_packages_ws/install/aruco_opencv_msgs/lib/libaruco_opencv_msgs__rosidl_typesupport_c.so
[6.599s] -- Up-to-date: /home/puzzlebot/ros2_packages_ws/install/aruco_opencv_msgs/include/aruco_opencv_msgs/aruco_opencv_msgs
[6.599s] -- Up-to-date: /home/puzzlebot/ros2_packages_ws/install/aruco_opencv_msgs/include/aruco_opencv_msgs/aruco_opencv_msgs/msg
[6.600s] -- Up-to-date: /home/puzzlebot/ros2_packages_ws/install/aruco_opencv_msgs/include/aruco_opencv_msgs/aruco_opencv_msgs/msg/board_pose.hpp
[6.600s] -- Up-to-date: /home/puzzlebot/ros2_packages_ws/install/aruco_opencv_msgs/include/aruco_opencv_msgs/aruco_opencv_msgs/msg/marker_pose.hpp
[6.600s] -- Up-to-date: /home/puzzlebot/ros2_packages_ws/install/aruco_opencv_msgs/include/aruco_opencv_msgs/aruco_opencv_msgs/msg/detail
[6.601s] -- Up-to-date: /home/puzzlebot/ros2_packages_ws/install/aruco_opencv_msgs/include/aruco_opencv_msgs/aruco_opencv_msgs/msg/detail/aruco_detection__builder.hpp
[6.601s] -- Up-to-date: /home/puzzlebot/ros2_packages_ws/install/aruco_opencv_msgs/include/aruco_opencv_msgs/aruco_opencv_msgs/msg/detail/aruco_detection__traits.hpp
[6.602s] -- Up-to-date: /home/puzzlebot/ros2_packages_ws/install/aruco_opencv_msgs/include/aruco_opencv_msgs/aruco_opencv_msgs/msg/detail/board_pose__builder.hpp
[6.602s] -- Up-to-date: /home/puzzlebot/ros2_packages_ws/install/aruco_opencv_msgs/include/aruco_opencv_msgs/aruco_opencv_msgs/msg/detail/marker_pose__builder.hpp
[6.603s] -- Up-to-date: /home/puzzlebot/ros2_packages_ws/install/aruco_opencv_msgs/include/aruco_opencv_msgs/aruco_opencv_msgs/msg/detail/aruco_detection__struct.hpp
[6.603s] -- Up-to-date: /home/puzzlebot/ros2_packages_ws/install/aruco_opencv_msgs/include/aruco_opencv_msgs/aruco_opencv_msgs/msg/detail/marker_pose__struct.hpp
[6.603s] -- Up-to-date: /home/puzzlebot/ros2_packages_ws/install/aruco_opencv_msgs/include/aruco_opencv_msgs/aruco_opencv_msgs/msg/detail/board_pose__struct.hpp
[6.604s] -- Up-to-date: /home/puzzlebot/ros2_packages_ws/install/aruco_opencv_msgs/include/aruco_opencv_msgs/aruco_opencv_msgs/msg/detail/marker_pose__traits.hpp
[6.604s] -- Up-to-date: /home/puzzlebot/ros2_packages_ws/install/aruco_opencv_msgs/include/aruco_opencv_msgs/aruco_opencv_msgs/msg/detail/board_pose__traits.hpp
[6.604s] -- Up-to-date: /home/puzzlebot/ros2_packages_ws/install/aruco_opencv_msgs/include/aruco_opencv_msgs/aruco_opencv_msgs/msg/aruco_detection.hpp
[6.605s] -- Up-to-date: /home/puzzlebot/ros2_packages_ws/install/aruco_opencv_msgs/include/aruco_opencv_msgs/aruco_opencv_msgs
[6.605s] -- Up-to-date: /home/puzzlebot/ros2_packages_ws/install/aruco_opencv_msgs/include/aruco_opencv_msgs/aruco_opencv_msgs/msg
[6.605s] -- Up-to-date: /home/puzzlebot/ros2_packages_ws/install/aruco_opencv_msgs/include/aruco_opencv_msgs/aruco_opencv_msgs/msg/rosidl_typesupport_fastrtps_cpp__visibility_control.h
[6.606s] -- Up-to-date: /home/puzzlebot/ros2_packages_ws/install/aruco_opencv_msgs/include/aruco_opencv_msgs/aruco_opencv_msgs/msg/detail
[6.607s] -- Up-to-date: /home/puzzlebot/ros2_packages_ws/install/aruco_opencv_msgs/include/aruco_opencv_msgs/aruco_opencv_msgs/msg/detail/dds_fastrtps
[6.607s] -- Up-to-date: /home/puzzlebot/ros2_packages_ws/install/aruco_opencv_msgs/include/aruco_opencv_msgs/aruco_opencv_msgs/msg/detail/board_pose__rosidl_typesupport_fastrtps_cpp.hpp
[6.607s] -- Up-to-date: /home/puzzlebot/ros2_packages_ws/install/aruco_opencv_msgs/include/aruco_opencv_msgs/aruco_opencv_msgs/msg/detail/marker_pose__rosidl_typesupport_fastrtps_cpp.hpp
[6.608s] -- Up-to-date: /home/puzzlebot/ros2_packages_ws/install/aruco_opencv_msgs/include/aruco_opencv_msgs/aruco_opencv_msgs/msg/detail/aruco_detection__rosidl_typesupport_fastrtps_cpp.hpp
[6.608s] -- Up-to-date: /home/puzzlebot/ros2_packages_ws/install/aruco_opencv_msgs/lib/libaruco_opencv_msgs__rosidl_typesupport_fastrtps_cpp.so
[6.609s] -- Up-to-date: /home/puzzlebot/ros2_packages_ws/install/aruco_opencv_msgs/include/aruco_opencv_msgs/aruco_opencv_msgs
[6.609s] -- Up-to-date: /home/puzzlebot/ros2_packages_ws/install/aruco_opencv_msgs/include/aruco_opencv_msgs/aruco_opencv_msgs/msg
[6.609s] -- Up-to-date: /home/puzzlebot/ros2_packages_ws/install/aruco_opencv_msgs/include/aruco_opencv_msgs/aruco_opencv_msgs/msg/detail
[6.610s] -- Up-to-date: /home/puzzlebot/ros2_packages_ws/install/aruco_opencv_msgs/include/aruco_opencv_msgs/aruco_opencv_msgs/msg/detail/board_pose__rosidl_typesupport_introspection_cpp.hpp
[6.622s] -- Up-to-date: /home/puzzlebot/ros2_packages_ws/install/aruco_opencv_msgs/include/aruco_opencv_msgs/aruco_opencv_msgs/msg/detail/aruco_detection__type_support.cpp
[6.622s] -- Up-to-date: /home/puzzlebot/ros2_packages_ws/install/aruco_opencv_msgs/include/aruco_opencv_msgs/aruco_opencv_msgs/msg/detail/marker_pose__rosidl_typesupport_introspection_cpp.hpp
[6.623s] -- Up-to-date: /home/puzzlebot/ros2_packages_ws/install/aruco_opencv_msgs/include/aruco_opencv_msgs/aruco_opencv_msgs/msg/detail/aruco_detection__rosidl_typesupport_introspection_cpp.hpp
[6.624s] -- Up-to-date: /home/puzzlebot/ros2_packages_ws/install/aruco_opencv_msgs/include/aruco_opencv_msgs/aruco_opencv_msgs/msg/detail/board_pose__type_support.cpp
[6.624s] -- Up-to-date: /home/puzzlebot/ros2_packages_ws/install/aruco_opencv_msgs/include/aruco_opencv_msgs/aruco_opencv_msgs/msg/detail/marker_pose__type_support.cpp
[6.625s] -- Up-to-date: /home/puzzlebot/ros2_packages_ws/install/aruco_opencv_msgs/lib/libaruco_opencv_msgs__rosidl_typesupport_introspection_cpp.so
[6.625s] -- Up-to-date: /home/puzzlebot/ros2_packages_ws/install/aruco_opencv_msgs/lib/libaruco_opencv_msgs__rosidl_typesupport_cpp.so
[6.625s] -- Up-to-date: /home/puzzlebot/ros2_packages_ws/install/aruco_opencv_msgs/share/aruco_opencv_msgs/environment/pythonpath.sh
[6.626s] -- Up-to-date: /home/puzzlebot/ros2_packages_ws/install/aruco_opencv_msgs/share/aruco_opencv_msgs/environment/pythonpath.dsv
[6.626s] -- Up-to-date: /home/puzzlebot/ros2_packages_ws/install/aruco_opencv_msgs/lib/python3.8/site-packages/aruco_opencv_msgs-2.2.0-py3.8.egg-info
[6.627s] -- Installing: /home/puzzlebot/ros2_packages_ws/install/aruco_opencv_msgs/lib/python3.8/site-packages/aruco_opencv_msgs-2.2.0-py3.8.egg-info/top_level.txt
[6.627s] -- Installing: /home/puzzlebot/ros2_packages_ws/install/aruco_opencv_msgs/lib/python3.8/site-packages/aruco_opencv_msgs-2.2.0-py3.8.egg-info/PKG-INFO
[6.627s] -- Installing: /home/puzzlebot/ros2_packages_ws/install/aruco_opencv_msgs/lib/python3.8/site-packages/aruco_opencv_msgs-2.2.0-py3.8.egg-info/SOURCES.txt
[6.628s] -- Installing: /home/puzzlebot/ros2_packages_ws/install/aruco_opencv_msgs/lib/python3.8/site-packages/aruco_opencv_msgs-2.2.0-py3.8.egg-info/dependency_links.txt
[6.628s] -- Up-to-date: /home/puzzlebot/ros2_packages_ws/install/aruco_opencv_msgs/lib/python3.8/site-packages/aruco_opencv_msgs
[6.629s] -- Up-to-date: /home/puzzlebot/ros2_packages_ws/install/aruco_opencv_msgs/lib/python3.8/site-packages/aruco_opencv_msgs/aruco_opencv_msgs_s__rosidl_typesupport_c.cpython-38-aarch64-linux-gnu.so
[6.629s] -- Up-to-date: /home/puzzlebot/ros2_packages_ws/install/aruco_opencv_msgs/lib/python3.8/site-packages/aruco_opencv_msgs/__init__.py
[6.629s] -- Up-to-date: /home/puzzlebot/ros2_packages_ws/install/aruco_opencv_msgs/lib/python3.8/site-packages/aruco_opencv_msgs/_aruco_opencv_msgs_s.ep.rosidl_typesupport_fastrtps_c.c
[6.632s] -- Up-to-date: /home/puzzlebot/ros2_packages_ws/install/aruco_opencv_msgs/lib/python3.8/site-packages/aruco_opencv_msgs/msg
[6.633s] -- Up-to-date: /home/puzzlebot/ros2_packages_ws/install/aruco_opencv_msgs/lib/python3.8/site-packages/aruco_opencv_msgs/msg/_marker_pose_s.c
[6.633s] -- Up-to-date: /home/puzzlebot/ros2_packages_ws/install/aruco_opencv_msgs/lib/python3.8/site-packages/aruco_opencv_msgs/msg/__init__.py
[6.634s] -- Up-to-date: /home/puzzlebot/ros2_packages_ws/install/aruco_opencv_msgs/lib/python3.8/site-packages/aruco_opencv_msgs/msg/_board_pose.py
[6.634s] -- Up-to-date: /home/puzzlebot/ros2_packages_ws/install/aruco_opencv_msgs/lib/python3.8/site-packages/aruco_opencv_msgs/msg/_aruco_detection_s.c
[6.635s] -- Up-to-date: /home/puzzlebot/ros2_packages_ws/install/aruco_opencv_msgs/lib/python3.8/site-packages/aruco_opencv_msgs/msg/_marker_pose.py
[6.638s] -- Up-to-date: /home/puzzlebot/ros2_packages_ws/install/aruco_opencv_msgs/lib/python3.8/site-packages/aruco_opencv_msgs/msg/_aruco_detection.py
[6.639s] -- Up-to-date: /home/puzzlebot/ros2_packages_ws/install/aruco_opencv_msgs/lib/python3.8/site-packages/aruco_opencv_msgs/msg/_board_pose_s.c
[6.639s] -- Up-to-date: /home/puzzlebot/ros2_packages_ws/install/aruco_opencv_msgs/lib/python3.8/site-packages/aruco_opencv_msgs/_aruco_opencv_msgs_s.ep.rosidl_typesupport_c.c
[6.639s] -- Up-to-date: /home/puzzlebot/ros2_packages_ws/install/aruco_opencv_msgs/lib/python3.8/site-packages/aruco_opencv_msgs/aruco_opencv_msgs_s__rosidl_typesupport_fastrtps_c.cpython-38-aarch64-linux-gnu.so
[6.640s] -- Up-to-date: /home/puzzlebot/ros2_packages_ws/install/aruco_opencv_msgs/lib/python3.8/site-packages/aruco_opencv_msgs/_aruco_opencv_msgs_s.ep.rosidl_typesupport_introspection_c.c
[6.640s] -- Up-to-date: /home/puzzlebot/ros2_packages_ws/install/aruco_opencv_msgs/lib/python3.8/site-packages/aruco_opencv_msgs/libaruco_opencv_msgs__rosidl_generator_py.so
[6.641s] -- Up-to-date: /home/puzzlebot/ros2_packages_ws/install/aruco_opencv_msgs/lib/python3.8/site-packages/aruco_opencv_msgs/aruco_opencv_msgs_s__rosidl_typesupport_introspection_c.cpython-38-aarch64-linux-gnu.so
[6.921s] Listing '/home/puzzlebot/ros2_packages_ws/install/aruco_opencv_msgs/lib/python3.8/site-packages/aruco_opencv_msgs'...
[6.924s] Listing '/home/puzzlebot/ros2_packages_ws/install/aruco_opencv_msgs/lib/python3.8/site-packages/aruco_opencv_msgs/msg'...
[6.976s] -- Up-to-date: /home/puzzlebot/ros2_packages_ws/install/aruco_opencv_msgs/lib/python3.8/site-packages/aruco_opencv_msgs/aruco_opencv_msgs_s__rosidl_typesupport_fastrtps_c.cpython-38-aarch64-linux-gnu.so
[6.979s] -- Up-to-date: /home/puzzlebot/ros2_packages_ws/install/aruco_opencv_msgs/lib/python3.8/site-packages/aruco_opencv_msgs/aruco_opencv_msgs_s__rosidl_typesupport_introspection_c.cpython-38-aarch64-linux-gnu.so
[6.981s] -- Up-to-date: /home/puzzlebot/ros2_packages_ws/install/aruco_opencv_msgs/lib/python3.8/site-packages/aruco_opencv_msgs/aruco_opencv_msgs_s__rosidl_typesupport_c.cpython-38-aarch64-linux-gnu.so
[6.983s] -- Up-to-date: /home/puzzlebot/ros2_packages_ws/install/aruco_opencv_msgs/lib/libaruco_opencv_msgs__rosidl_generator_py.so
[6.986s] -- Up-to-date: /home/puzzlebot/ros2_packages_ws/install/aruco_opencv_msgs/share/aruco_opencv_msgs/msg/ArucoDetection.idl
[6.987s] -- Up-to-date: /home/puzzlebot/ros2_packages_ws/install/aruco_opencv_msgs/share/aruco_opencv_msgs/msg/BoardPose.idl
[6.988s] -- Up-to-date: /home/puzzlebot/ros2_packages_ws/install/aruco_opencv_msgs/share/aruco_opencv_msgs/msg/MarkerPose.idl
[6.988s] -- Up-to-date: /home/puzzlebot/ros2_packages_ws/install/aruco_opencv_msgs/share/aruco_opencv_msgs/msg/ArucoDetection.msg
[6.989s] -- Up-to-date: /home/puzzlebot/ros2_packages_ws/install/aruco_opencv_msgs/share/aruco_opencv_msgs/msg/BoardPose.msg
[6.989s] -- Up-to-date: /home/puzzlebot/ros2_packages_ws/install/aruco_opencv_msgs/share/aruco_opencv_msgs/msg/MarkerPose.msg
[6.989s] -- Up-to-date: /home/puzzlebot/ros2_packages_ws/install/aruco_opencv_msgs/share/ament_index/resource_index/package_run_dependencies/aruco_opencv_msgs
[6.991s] -- Up-to-date: /home/puzzlebot/ros2_packages_ws/install/aruco_opencv_msgs/share/ament_index/resource_index/parent_prefix_path/aruco_opencv_msgs
[6.994s] -- Up-to-date: /home/puzzlebot/ros2_packages_ws/install/aruco_opencv_msgs/share/aruco_opencv_msgs/environment/ament_prefix_path.sh
[6.995s] -- Up-to-date: /home/puzzlebot/ros2_packages_ws/install/aruco_opencv_msgs/share/aruco_opencv_msgs/environment/ament_prefix_path.dsv
[6.996s] -- Up-to-date: /home/puzzlebot/ros2_packages_ws/install/aruco_opencv_msgs/share/aruco_opencv_msgs/environment/path.sh
[6.997s] -- Up-to-date: /home/puzzlebot/ros2_packages_ws/install/aruco_opencv_msgs/share/aruco_opencv_msgs/environment/path.dsv
[6.997s] -- Up-to-date: /home/puzzlebot/ros2_packages_ws/install/aruco_opencv_msgs/share/aruco_opencv_msgs/local_setup.bash
[6.998s] -- Up-to-date: /home/puzzlebot/ros2_packages_ws/install/aruco_opencv_msgs/share/aruco_opencv_msgs/local_setup.sh
[6.998s] -- Up-to-date: /home/puzzlebot/ros2_packages_ws/install/aruco_opencv_msgs/share/aruco_opencv_msgs/local_setup.zsh
[7.011s] -- Up-to-date: /home/puzzlebot/ros2_packages_ws/install/aruco_opencv_msgs/share/aruco_opencv_msgs/local_setup.dsv
[7.012s] -- Installing: /home/puzzlebot/ros2_packages_ws/install/aruco_opencv_msgs/share/aruco_opencv_msgs/package.dsv
[7.012s] -- Up-to-date: /home/puzzlebot/ros2_packages_ws/install/aruco_opencv_msgs/share/ament_index/resource_index/packages/aruco_opencv_msgs
[7.013s] -- Up-to-date: /home/puzzlebot/ros2_packages_ws/install/aruco_opencv_msgs/share/aruco_opencv_msgs/cmake/export_aruco_opencv_msgs__rosidl_generator_cExport.cmake
[7.044s] -- Up-to-date: /home/puzzlebot/ros2_packages_ws/install/aruco_opencv_msgs/share/aruco_opencv_msgs/cmake/export_aruco_opencv_msgs__rosidl_generator_cExport-noconfig.cmake
[7.044s] -- Up-to-date: /home/puzzlebot/ros2_packages_ws/install/aruco_opencv_msgs/share/aruco_opencv_msgs/cmake/export_aruco_opencv_msgs__rosidl_typesupport_fastrtps_cExport.cmake
[7.045s] -- Up-to-date: /home/puzzlebot/ros2_packages_ws/install/aruco_opencv_msgs/share/aruco_opencv_msgs/cmake/export_aruco_opencv_msgs__rosidl_typesupport_fastrtps_cExport-noconfig.cmake
[7.045s] -- Up-to-date: /home/puzzlebot/ros2_packages_ws/install/aruco_opencv_msgs/share/aruco_opencv_msgs/cmake/aruco_opencv_msgs__rosidl_typesupport_introspection_cExport.cmake
[7.046s] -- Up-to-date: /home/puzzlebot/ros2_packages_ws/install/aruco_opencv_msgs/share/aruco_opencv_msgs/cmake/aruco_opencv_msgs__rosidl_typesupport_introspection_cExport-noconfig.cmake
[7.046s] -- Up-to-date: /home/puzzlebot/ros2_packages_ws/install/aruco_opencv_msgs/share/aruco_opencv_msgs/cmake/aruco_opencv_msgs__rosidl_typesupport_cExport.cmake
[7.047s] -- Up-to-date: /home/puzzlebot/ros2_packages_ws/install/aruco_opencv_msgs/share/aruco_opencv_msgs/cmake/aruco_opencv_msgs__rosidl_typesupport_cExport-noconfig.cmake
[7.047s] -- Up-to-date: /home/puzzlebot/ros2_packages_ws/install/aruco_opencv_msgs/share/aruco_opencv_msgs/cmake/export_aruco_opencv_msgs__rosidl_generator_cppExport.cmake
[7.047s] -- Up-to-date: /home/puzzlebot/ros2_packages_ws/install/aruco_opencv_msgs/share/aruco_opencv_msgs/cmake/export_aruco_opencv_msgs__rosidl_typesupport_fastrtps_cppExport.cmake
[7.048s] -- Up-to-date: /home/puzzlebot/ros2_packages_ws/install/aruco_opencv_msgs/share/aruco_opencv_msgs/cmake/export_aruco_opencv_msgs__rosidl_typesupport_fastrtps_cppExport-noconfig.cmake
[7.048s] -- Up-to-date: /home/puzzlebot/ros2_packages_ws/install/aruco_opencv_msgs/share/aruco_opencv_msgs/cmake/aruco_opencv_msgs__rosidl_typesupport_introspection_cppExport.cmake
[7.049s] -- Up-to-date: /home/puzzlebot/ros2_packages_ws/install/aruco_opencv_msgs/share/aruco_opencv_msgs/cmake/aruco_opencv_msgs__rosidl_typesupport_introspection_cppExport-noconfig.cmake
[7.049s] -- Up-to-date: /home/puzzlebot/ros2_packages_ws/install/aruco_opencv_msgs/share/aruco_opencv_msgs/cmake/aruco_opencv_msgs__rosidl_typesupport_cppExport.cmake
[7.050s] -- Up-to-date: /home/puzzlebot/ros2_packages_ws/install/aruco_opencv_msgs/share/aruco_opencv_msgs/cmake/aruco_opencv_msgs__rosidl_typesupport_cppExport-noconfig.cmake
[7.050s] -- Up-to-date: /home/puzzlebot/ros2_packages_ws/install/aruco_opencv_msgs/share/aruco_opencv_msgs/cmake/export_aruco_opencv_msgs__rosidl_generator_pyExport.cmake
[7.052s] -- Up-to-date: /home/puzzlebot/ros2_packages_ws/install/aruco_opencv_msgs/share/aruco_opencv_msgs/cmake/export_aruco_opencv_msgs__rosidl_generator_pyExport-noconfig.cmake
[7.082s] -- Up-to-date: /home/puzzlebot/ros2_packages_ws/install/aruco_opencv_msgs/share/aruco_opencv_msgs/cmake/rosidl_cmake-extras.cmake
[7.083s] -- Up-to-date: /home/puzzlebot/ros2_packages_ws/install/aruco_opencv_msgs/share/aruco_opencv_msgs/cmake/ament_cmake_export_dependencies-extras.cmake
[7.083s] -- Up-to-date: /home/puzzlebot/ros2_packages_ws/install/aruco_opencv_msgs/share/aruco_opencv_msgs/cmake/ament_cmake_export_include_directories-extras.cmake
[7.084s] -- Up-to-date: /home/puzzlebot/ros2_packages_ws/install/aruco_opencv_msgs/share/aruco_opencv_msgs/cmake/ament_cmake_export_libraries-extras.cmake
[7.084s] -- Up-to-date: /home/puzzlebot/ros2_packages_ws/install/aruco_opencv_msgs/share/aruco_opencv_msgs/cmake/ament_cmake_export_targets-extras.cmake
[7.085s] -- Up-to-date: /home/puzzlebot/ros2_packages_ws/install/aruco_opencv_msgs/share/aruco_opencv_msgs/cmake/rosidl_cmake_export_typesupport_targets-extras.cmake
[7.085s] -- Up-to-date: /home/puzzlebot/ros2_packages_ws/install/aruco_opencv_msgs/share/aruco_opencv_msgs/cmake/rosidl_cmake_export_typesupport_libraries-extras.cmake
[7.086s] -- Up-to-date: /home/puzzlebot/ros2_packages_ws/install/aruco_opencv_msgs/share/aruco_opencv_msgs/cmake/aruco_opencv_msgsConfig.cmake
[7.086s] -- Up-to-date: /home/puzzlebot/ros2_packages_ws/install/aruco_opencv_msgs/share/aruco_opencv_msgs/cmake/aruco_opencv_msgsConfig-version.cmake
[7.087s] -- Up-to-date: /home/puzzlebot/ros2_packages_ws/install/aruco_opencv_msgs/share/aruco_opencv_msgs/package.xml
[7.183s] Invoked command in '/home/puzzlebot/ros2_packages_ws/build/aruco_opencv_msgs' returned '0': CMAKE_PREFIX_PATH=${CMAKE_PREFIX_PATH}:/home/puzzlebot/ros2_ws/install/puzzlebot_ros:/home/puzzlebot/ros2_packages_ws/install/localization:/home/puzzlebot/ros2_packages_ws/install/camera_viewer:/opt/ros/humble /usr/bin/cmake --install /home/puzzlebot/ros2_packages_ws/build/aruco_opencv_msgs
