[4.847s] Invoking command in '/home/puzzlebot/ros2_packages_ws/src/localization': PYTHONPATH=/home/puzzlebot/ros2_packages_ws/build/localization/prefix_override:/home/puzzlebot/ros2_packages_ws/install/localization/lib/python3.8/site-packages:${PYTHONPATH} /usr/bin/python3 -W ignore:setup.py install is deprecated setup.py egg_info --egg-base ../../build/localization build --build-base /home/puzzlebot/ros2_packages_ws/build/localization/build install --record /home/puzzlebot/ros2_packages_ws/build/localization/install.log --single-version-externally-managed install_data
[6.484s] running egg_info
[6.504s] writing ../../build/localization/localization.egg-info/PKG-INFO
[6.507s] writing dependency_links to ../../build/localization/localization.egg-info/dependency_links.txt
[6.510s] writing entry points to ../../build/localization/localization.egg-info/entry_points.txt
[6.512s] writing requirements to ../../build/localization/localization.egg-info/requires.txt
[6.514s] writing top-level names to ../../build/localization/localization.egg-info/top_level.txt
[6.918s] reading manifest file '../../build/localization/localization.egg-info/SOURCES.txt'
[6.926s] writing manifest file '../../build/localization/localization.egg-info/SOURCES.txt'
[6.928s] running build
[6.928s] running build_py
[6.935s] running install
[6.940s] running install_lib
[6.951s] running install_data
[6.952s] copying launch/puzzlebot_rviz.launch.py -> /home/puzzlebot/ros2_packages_ws/install/localization/share/localization/launch
[6.959s] running install_egg_info
[6.970s] removing '/home/puzzlebot/ros2_packages_ws/install/localization/lib/python3.8/site-packages/localization-0.0.0-py3.8.egg-info' (and everything under it)
[6.979s] Copying ../../build/localization/localization.egg-info to /home/puzzlebot/ros2_packages_ws/install/localization/lib/python3.8/site-packages/localization-0.0.0-py3.8.egg-info
[6.985s] running install_scripts
[7.084s] Installing controller script to /home/puzzlebot/ros2_packages_ws/install/localization/lib/localization
[7.086s] Installing coordinate_transform script to /home/puzzlebot/ros2_packages_ws/install/localization/lib/localization
[7.087s] Installing joint_state script to /home/puzzlebot/ros2_packages_ws/install/localization/lib/localization
[7.090s] Installing kinematic_model script to /home/puzzlebot/ros2_packages_ws/install/localization/lib/localization
[7.092s] Installing localization script to /home/puzzlebot/ros2_packages_ws/install/localization/lib/localization
[7.092s] Installing test_lidar script to /home/puzzlebot/ros2_packages_ws/install/localization/lib/localization
[7.093s] Installing to_goal script to /home/puzzlebot/ros2_packages_ws/install/localization/lib/localization
[7.093s] Installing to_goal_bug_2 script to /home/puzzlebot/ros2_packages_ws/install/localization/lib/localization
[7.094s] writing list of installed files to '/home/puzzlebot/ros2_packages_ws/build/localization/install.log'
[7.207s] Invoked command in '/home/puzzlebot/ros2_packages_ws/src/localization' returned '0': PYTHONPATH=/home/puzzlebot/ros2_packages_ws/build/localization/prefix_override:/home/puzzlebot/ros2_packages_ws/install/localization/lib/python3.8/site-packages:${PYTHONPATH} /usr/bin/python3 -W ignore:setup.py install is deprecated setup.py egg_info --egg-base ../../build/localization build --build-base /home/puzzlebot/ros2_packages_ws/build/localization/build install --record /home/puzzlebot/ros2_packages_ws/build/localization/install.log --single-version-externally-managed install_data
