[0.109s] Invoking command in '/home/puzzlebot/ros2_packages_ws/build/micro_ros_setup': CMAKE_PREFIX_PATH=${CMAKE_PREFIX_PATH}:/home/puzzlebot/ros2_ws/install/puzzlebot_ros:/home/puzzlebot/ros2_packages_ws/install/localization:/home/puzzlebot/ros2_packages_ws/install/camera_viewer:/opt/ros/humble /usr/bin/cmake --build /home/puzzlebot/ros2_packages_ws/build/micro_ros_setup -- -j4 -l4
[0.433s] Invoked command in '/home/puzzlebot/ros2_packages_ws/build/micro_ros_setup' returned '0': CMAKE_PREFIX_PATH=${CMAKE_PREFIX_PATH}:/home/puzzlebot/ros2_ws/install/puzzlebot_ros:/home/puzzlebot/ros2_packages_ws/install/localization:/home/puzzlebot/ros2_packages_ws/install/camera_viewer:/opt/ros/humble /usr/bin/cmake --build /home/puzzlebot/ros2_packages_ws/build/micro_ros_setup -- -j4 -l4
[0.673s] Invoking command in '/home/puzzlebot/ros2_packages_ws/build/micro_ros_setup': CMAKE_PREFIX_PATH=${CMAKE_PREFIX_PATH}:/home/puzzlebot/ros2_ws/install/puzzlebot_ros:/home/puzzlebot/ros2_packages_ws/install/localization:/home/puzzlebot/ros2_packages_ws/install/camera_viewer:/opt/ros/humble /usr/bin/cmake --install /home/puzzlebot/ros2_packages_ws/build/micro_ros_setup
[0.760s] -- Install configuration: ""
[0.764s] -- Up-to-date: /home/puzzlebot/ros2_packages_ws/install/micro_ros_setup/share/ament_index/resource_index/package_run_dependencies/micro_ros_setup
[0.767s] -- Up-to-date: /home/puzzlebot/ros2_packages_ws/install/micro_ros_setup/share/ament_index/resource_index/parent_prefix_path/micro_ros_setup
[0.768s] -- Up-to-date: /home/puzzlebot/ros2_packages_ws/install/micro_ros_setup/share/micro_ros_setup/environment/ament_prefix_path.sh
[0.769s] -- Up-to-date: /home/puzzlebot/ros2_packages_ws/install/micro_ros_setup/share/micro_ros_setup/environment/ament_prefix_path.dsv
[0.769s] -- Up-to-date: /home/puzzlebot/ros2_packages_ws/install/micro_ros_setup/share/micro_ros_setup/environment/path.sh
[0.770s] -- Up-to-date: /home/puzzlebot/ros2_packages_ws/install/micro_ros_setup/share/micro_ros_setup/environment/path.dsv
[0.772s] -- Up-to-date: /home/puzzlebot/ros2_packages_ws/install/micro_ros_setup/share/micro_ros_setup/local_setup.bash
[0.774s] -- Up-to-date: /home/puzzlebot/ros2_packages_ws/install/micro_ros_setup/share/micro_ros_setup/local_setup.sh
[0.774s] -- Up-to-date: /home/puzzlebot/ros2_packages_ws/install/micro_ros_setup/share/micro_ros_setup/local_setup.zsh
[0.775s] -- Up-to-date: /home/puzzlebot/ros2_packages_ws/install/micro_ros_setup/share/micro_ros_setup/local_setup.dsv
[0.775s] -- Installing: /home/puzzlebot/ros2_packages_ws/install/micro_ros_setup/share/micro_ros_setup/package.dsv
[0.776s] -- Up-to-date: /home/puzzlebot/ros2_packages_ws/install/micro_ros_setup/share/ament_index/resource_index/packages/micro_ros_setup
[0.776s] -- Up-to-date: /home/puzzlebot/ros2_packages_ws/install/micro_ros_setup/share/micro_ros_setup/cmake/micro_ros_setupConfig.cmake
[0.783s] -- Up-to-date: /home/puzzlebot/ros2_packages_ws/install/micro_ros_setup/share/micro_ros_setup/cmake/micro_ros_setupConfig-version.cmake
[0.783s] -- Up-to-date: /home/puzzlebot/ros2_packages_ws/install/micro_ros_setup/share/micro_ros_setup/package.xml
[0.784s] -- Up-to-date: /home/puzzlebot/ros2_packages_ws/install/micro_ros_setup/./config
[0.790s] -- Up-to-date: /home/puzzlebot/ros2_packages_ws/install/micro_ros_setup/./config/generate_lib
[0.793s] -- Up-to-date: /home/puzzlebot/ros2_packages_ws/install/micro_ros_setup/./config/generate_lib/dev_uros_packages.repos
[0.794s] -- Up-to-date: /home/puzzlebot/ros2_packages_ws/install/micro_ros_setup/./config/generate_lib/generic
[0.800s] -- Up-to-date: /home/puzzlebot/ros2_packages_ws/install/micro_ros_setup/./config/generate_lib/generic/build.sh
[0.804s] -- Up-to-date: /home/puzzlebot/ros2_packages_ws/install/micro_ros_setup/./config/generate_lib/generic/create.sh
[0.808s] -- Up-to-date: /home/puzzlebot/ros2_packages_ws/install/micro_ros_setup/./config/generate_lib/generic/client_uros_packages.repos
[0.816s] -- Up-to-date: /home/puzzlebot/ros2_packages_ws/install/micro_ros_setup/./config/generate_lib/generic/package.xml
[0.823s] -- Up-to-date: /home/puzzlebot/ros2_packages_ws/install/micro_ros_setup/./config/generate_lib/generic/flash.sh
[0.824s] -- Up-to-date: /home/puzzlebot/ros2_packages_ws/install/micro_ros_setup/./config/generate_lib/generic/demo_toolchain.cmake
[0.825s] -- Up-to-date: /home/puzzlebot/ros2_packages_ws/install/micro_ros_setup/./config/generate_lib/generic/client-colcon.meta
[0.826s] -- Up-to-date: /home/puzzlebot/ros2_packages_ws/install/micro_ros_setup/./config/generate_lib/dev_ros2_packages.txt
[0.827s] -- Up-to-date: /home/puzzlebot/ros2_packages_ws/install/micro_ros_setup/./config/agent_ros2_packages.txt
[0.829s] -- Up-to-date: /home/puzzlebot/ros2_packages_ws/install/micro_ros_setup/./config/renesas_ra
[0.832s] -- Up-to-date: /home/puzzlebot/ros2_packages_ws/install/micro_ros_setup/./config/renesas_ra/dev_uros_packages.repos
[0.832s] -- Up-to-date: /home/puzzlebot/ros2_packages_ws/install/micro_ros_setup/./config/renesas_ra/list_apps.sh
[0.833s] -- Up-to-date: /home/puzzlebot/ros2_packages_ws/install/micro_ros_setup/./config/renesas_ra/dev_ros2_packages.txt
[0.833s] -- Up-to-date: /home/puzzlebot/ros2_packages_ws/install/micro_ros_setup/./config/renesas_ra/ra6m5
[0.843s] -- Up-to-date: /home/puzzlebot/ros2_packages_ws/install/micro_ros_setup/./config/renesas_ra/ra6m5/build.sh
[0.855s] -- Up-to-date: /home/puzzlebot/ros2_packages_ws/install/micro_ros_setup/./config/renesas_ra/ra6m5/create.sh
[0.857s] -- Up-to-date: /home/puzzlebot/ros2_packages_ws/install/micro_ros_setup/./config/renesas_ra/ra6m5/board.repos
[0.858s] -- Up-to-date: /home/puzzlebot/ros2_packages_ws/install/micro_ros_setup/./config/renesas_ra/ra6m5/client_uros_packages.repos
[0.865s] -- Up-to-date: /home/puzzlebot/ros2_packages_ws/install/micro_ros_setup/./config/renesas_ra/ra6m5/flash.sh
[0.867s] -- Up-to-date: /home/puzzlebot/ros2_packages_ws/install/micro_ros_setup/./config/renesas_ra/ra6m5/configure.sh
[0.868s] -- Up-to-date: /home/puzzlebot/ros2_packages_ws/install/micro_ros_setup/./config/renesas_ra/ra6m5/client-colcon.meta
[0.868s] -- Up-to-date: /home/puzzlebot/ros2_packages_ws/install/micro_ros_setup/./config/agent_uros_packages.repos
[0.869s] -- Up-to-date: /home/puzzlebot/ros2_packages_ws/install/micro_ros_setup/./config/utils.sh
[0.870s] -- Up-to-date: /home/puzzlebot/ros2_packages_ws/install/micro_ros_setup/./config/freertos
[0.883s] -- Up-to-date: /home/puzzlebot/ros2_packages_ws/install/micro_ros_setup/./config/freertos/nucleo_f446ze
[0.908s] -- Up-to-date: /home/puzzlebot/ros2_packages_ws/install/micro_ros_setup/./config/freertos/nucleo_f446ze/build.sh
[0.908s] -- Up-to-date: /home/puzzlebot/ros2_packages_ws/install/micro_ros_setup/./config/freertos/nucleo_f446ze/create.sh
[0.909s] -- Up-to-date: /home/puzzlebot/ros2_packages_ws/install/micro_ros_setup/./config/freertos/nucleo_f446ze/board.repos
[0.909s] -- Up-to-date: /home/puzzlebot/ros2_packages_ws/install/micro_ros_setup/./config/freertos/nucleo_f446ze/client_uros_packages.repos
[0.910s] -- Up-to-date: /home/puzzlebot/ros2_packages_ws/install/micro_ros_setup/./config/freertos/nucleo_f446ze/package.xml
[0.910s] -- Up-to-date: /home/puzzlebot/ros2_packages_ws/install/micro_ros_setup/./config/freertos/nucleo_f446ze/flash.sh
[0.916s] -- Up-to-date: /home/puzzlebot/ros2_packages_ws/install/micro_ros_setup/./config/freertos/nucleo_f446ze/configure.sh
[0.917s] -- Up-to-date: /home/puzzlebot/ros2_packages_ws/install/micro_ros_setup/./config/freertos/nucleo_f446ze/client-colcon.meta
[0.917s] -- Up-to-date: /home/puzzlebot/ros2_packages_ws/install/micro_ros_setup/./config/freertos/nucleo_f446re
[0.918s] -- Up-to-date: /home/puzzlebot/ros2_packages_ws/install/micro_ros_setup/./config/freertos/nucleo_f446re/build.sh
[0.919s] -- Up-to-date: /home/puzzlebot/ros2_packages_ws/install/micro_ros_setup/./config/freertos/nucleo_f446re/create.sh
[0.919s] -- Up-to-date: /home/puzzlebot/ros2_packages_ws/install/micro_ros_setup/./config/freertos/nucleo_f446re/board.repos
[0.920s] -- Up-to-date: /home/puzzlebot/ros2_packages_ws/install/micro_ros_setup/./config/freertos/nucleo_f446re/client_uros_packages.repos
[0.920s] -- Up-to-date: /home/puzzlebot/ros2_packages_ws/install/micro_ros_setup/./config/freertos/nucleo_f446re/package.xml
[0.921s] -- Up-to-date: /home/puzzlebot/ros2_packages_ws/install/micro_ros_setup/./config/freertos/nucleo_f446re/flash.sh
[0.921s] -- Up-to-date: /home/puzzlebot/ros2_packages_ws/install/micro_ros_setup/./config/freertos/nucleo_f446re/configure.sh
[0.922s] -- Up-to-date: /home/puzzlebot/ros2_packages_ws/install/micro_ros_setup/./config/freertos/nucleo_f446re/client-colcon.meta
[0.922s] -- Up-to-date: /home/puzzlebot/ros2_packages_ws/install/micro_ros_setup/./config/freertos/nucleo_f746zg
[0.922s] -- Up-to-date: /home/puzzlebot/ros2_packages_ws/install/micro_ros_setup/./config/freertos/nucleo_f746zg/build.sh
[0.923s] -- Up-to-date: /home/puzzlebot/ros2_packages_ws/install/micro_ros_setup/./config/freertos/nucleo_f746zg/create.sh
[0.923s] -- Up-to-date: /home/puzzlebot/ros2_packages_ws/install/micro_ros_setup/./config/freertos/nucleo_f746zg/board.repos
[0.924s] -- Up-to-date: /home/puzzlebot/ros2_packages_ws/install/micro_ros_setup/./config/freertos/nucleo_f746zg/client_uros_packages.repos
[0.924s] -- Up-to-date: /home/puzzlebot/ros2_packages_ws/install/micro_ros_setup/./config/freertos/nucleo_f746zg/package.xml
[0.924s] -- Up-to-date: /home/puzzlebot/ros2_packages_ws/install/micro_ros_setup/./config/freertos/nucleo_f746zg/flash.sh
[0.925s] -- Up-to-date: /home/puzzlebot/ros2_packages_ws/install/micro_ros_setup/./config/freertos/nucleo_f746zg/configure.sh
[0.925s] -- Up-to-date: /home/puzzlebot/ros2_packages_ws/install/micro_ros_setup/./config/freertos/nucleo_f746zg/client-colcon.meta
[0.926s] -- Up-to-date: /home/puzzlebot/ros2_packages_ws/install/micro_ros_setup/./config/freertos/crazyflie21
[0.952s] -- Up-to-date: /home/puzzlebot/ros2_packages_ws/install/micro_ros_setup/./config/freertos/crazyflie21/build.sh
[0.956s] -- Up-to-date: /home/puzzlebot/ros2_packages_ws/install/micro_ros_setup/./config/freertos/crazyflie21/create.sh
[0.956s] -- Up-to-date: /home/puzzlebot/ros2_packages_ws/install/micro_ros_setup/./config/freertos/crazyflie21/board.repos
[0.957s] -- Up-to-date: /home/puzzlebot/ros2_packages_ws/install/micro_ros_setup/./config/freertos/crazyflie21/client_uros_packages.repos
[0.957s] -- Up-to-date: /home/puzzlebot/ros2_packages_ws/install/micro_ros_setup/./config/freertos/crazyflie21/package.xml
[0.958s] -- Up-to-date: /home/puzzlebot/ros2_packages_ws/install/micro_ros_setup/./config/freertos/crazyflie21/flash.sh
[0.958s] -- Up-to-date: /home/puzzlebot/ros2_packages_ws/install/micro_ros_setup/./config/freertos/crazyflie21/configure.sh
[0.959s] -- Up-to-date: /home/puzzlebot/ros2_packages_ws/install/micro_ros_setup/./config/freertos/crazyflie21/client-colcon.meta
[0.959s] -- Up-to-date: /home/puzzlebot/ros2_packages_ws/install/micro_ros_setup/./config/freertos/dev_uros_packages.repos
[0.960s] -- Up-to-date: /home/puzzlebot/ros2_packages_ws/install/micro_ros_setup/./config/freertos/nucleo_f767zi
[0.960s] -- Up-to-date: /home/puzzlebot/ros2_packages_ws/install/micro_ros_setup/./config/freertos/nucleo_f767zi/build.sh
[0.961s] -- Up-to-date: /home/puzzlebot/ros2_packages_ws/install/micro_ros_setup/./config/freertos/nucleo_f767zi/create.sh
[0.961s] -- Up-to-date: /home/puzzlebot/ros2_packages_ws/install/micro_ros_setup/./config/freertos/nucleo_f767zi/board.repos
[0.965s] -- Up-to-date: /home/puzzlebot/ros2_packages_ws/install/micro_ros_setup/./config/freertos/nucleo_f767zi/client_uros_packages.repos
[0.976s] -- Up-to-date: /home/puzzlebot/ros2_packages_ws/install/micro_ros_setup/./config/freertos/nucleo_f767zi/package.xml
[0.977s] -- Up-to-date: /home/puzzlebot/ros2_packages_ws/install/micro_ros_setup/./config/freertos/nucleo_f767zi/flash.sh
[0.978s] -- Up-to-date: /home/puzzlebot/ros2_packages_ws/install/micro_ros_setup/./config/freertos/nucleo_f767zi/configure.sh
[0.979s] -- Up-to-date: /home/puzzlebot/ros2_packages_ws/install/micro_ros_setup/./config/freertos/nucleo_f767zi/client-colcon.meta
[0.980s] -- Up-to-date: /home/puzzlebot/ros2_packages_ws/install/micro_ros_setup/./config/freertos/esp32
[0.980s] -- Up-to-date: /home/puzzlebot/ros2_packages_ws/install/micro_ros_setup/./config/freertos/esp32/build.sh
[0.981s] -- Up-to-date: /home/puzzlebot/ros2_packages_ws/install/micro_ros_setup/./config/freertos/esp32/create.sh
[0.982s] -- Up-to-date: /home/puzzlebot/ros2_packages_ws/install/micro_ros_setup/./config/freertos/esp32/README.md
[0.982s] -- Up-to-date: /home/puzzlebot/ros2_packages_ws/install/micro_ros_setup/./config/freertos/esp32/board.repos
[0.983s] -- Up-to-date: /home/puzzlebot/ros2_packages_ws/install/micro_ros_setup/./config/freertos/esp32/client_uros_packages.repos
[0.983s] -- Up-to-date: /home/puzzlebot/ros2_packages_ws/install/micro_ros_setup/./config/freertos/esp32/package.xml
[0.984s] -- Up-to-date: /home/puzzlebot/ros2_packages_ws/install/micro_ros_setup/./config/freertos/esp32/flash.sh
[0.984s] -- Up-to-date: /home/puzzlebot/ros2_packages_ws/install/micro_ros_setup/./config/freertos/esp32/configure.sh
[1.001s] -- Up-to-date: /home/puzzlebot/ros2_packages_ws/install/micro_ros_setup/./config/freertos/esp32/client-colcon.meta
[1.002s] -- Up-to-date: /home/puzzlebot/ros2_packages_ws/install/micro_ros_setup/./config/freertos/olimex-stm32-e407
[1.003s] -- Up-to-date: /home/puzzlebot/ros2_packages_ws/install/micro_ros_setup/./config/freertos/olimex-stm32-e407/build.sh
[1.003s] -- Up-to-date: /home/puzzlebot/ros2_packages_ws/install/micro_ros_setup/./config/freertos/olimex-stm32-e407/create.sh
[1.004s] -- Up-to-date: /home/puzzlebot/ros2_packages_ws/install/micro_ros_setup/./config/freertos/olimex-stm32-e407/board.repos
[1.004s] -- Up-to-date: /home/puzzlebot/ros2_packages_ws/install/micro_ros_setup/./config/freertos/olimex-stm32-e407/client_uros_packages.repos
[1.005s] -- Up-to-date: /home/puzzlebot/ros2_packages_ws/install/micro_ros_setup/./config/freertos/olimex-stm32-e407/package.xml
[1.005s] -- Up-to-date: /home/puzzlebot/ros2_packages_ws/install/micro_ros_setup/./config/freertos/olimex-stm32-e407/flash.sh
[1.007s] -- Up-to-date: /home/puzzlebot/ros2_packages_ws/install/micro_ros_setup/./config/freertos/olimex-stm32-e407/configure.sh
[1.011s] -- Up-to-date: /home/puzzlebot/ros2_packages_ws/install/micro_ros_setup/./config/freertos/olimex-stm32-e407/client-colcon.meta
[1.012s] -- Up-to-date: /home/puzzlebot/ros2_packages_ws/install/micro_ros_setup/./config/freertos/list_apps.sh
[1.013s] -- Up-to-date: /home/puzzlebot/ros2_packages_ws/install/micro_ros_setup/./config/freertos/dev_ros2_packages.txt
[1.014s] -- Up-to-date: /home/puzzlebot/ros2_packages_ws/install/micro_ros_setup/./config/mbed
[1.015s] -- Up-to-date: /home/puzzlebot/ros2_packages_ws/install/micro_ros_setup/./config/mbed/dev_uros_packages.repos
[1.015s] -- Up-to-date: /home/puzzlebot/ros2_packages_ws/install/micro_ros_setup/./config/mbed/generic
[1.016s] -- Up-to-date: /home/puzzlebot/ros2_packages_ws/install/micro_ros_setup/./config/mbed/generic/build.sh
[1.016s] -- Up-to-date: /home/puzzlebot/ros2_packages_ws/install/micro_ros_setup/./config/mbed/generic/create.sh
[1.017s] -- Up-to-date: /home/puzzlebot/ros2_packages_ws/install/micro_ros_setup/./config/mbed/generic/board.repos
[1.018s] -- Up-to-date: /home/puzzlebot/ros2_packages_ws/install/micro_ros_setup/./config/mbed/generic/client_uros_packages.repos
[1.019s] -- Up-to-date: /home/puzzlebot/ros2_packages_ws/install/micro_ros_setup/./config/mbed/generic/package.xml
[1.019s] -- Up-to-date: /home/puzzlebot/ros2_packages_ws/install/micro_ros_setup/./config/mbed/generic/flash.sh
[1.020s] -- Up-to-date: /home/puzzlebot/ros2_packages_ws/install/micro_ros_setup/./config/mbed/generic/supported_platforms
[1.021s] -- Up-to-date: /home/puzzlebot/ros2_packages_ws/install/micro_ros_setup/./config/mbed/list_apps.sh
[1.021s] -- Up-to-date: /home/puzzlebot/ros2_packages_ws/install/micro_ros_setup/./config/mbed/dev_ros2_packages.txt
[1.022s] -- Up-to-date: /home/puzzlebot/ros2_packages_ws/install/micro_ros_setup/./config/android
[1.022s] -- Up-to-date: /home/puzzlebot/ros2_packages_ws/install/micro_ros_setup/./config/android/dev_uros_packages.repos
[1.023s] -- Up-to-date: /home/puzzlebot/ros2_packages_ws/install/micro_ros_setup/./config/android/generic
[1.023s] -- Up-to-date: /home/puzzlebot/ros2_packages_ws/install/micro_ros_setup/./config/android/generic/build.sh
[1.024s] -- Up-to-date: /home/puzzlebot/ros2_packages_ws/install/micro_ros_setup/./config/android/generic/create.sh
[1.025s] -- Up-to-date: /home/puzzlebot/ros2_packages_ws/install/micro_ros_setup/./config/android/generic/client_uros_packages.repos
[1.026s] -- Up-to-date: /home/puzzlebot/ros2_packages_ws/install/micro_ros_setup/./config/android/generic/package.xml
[1.027s] -- Up-to-date: /home/puzzlebot/ros2_packages_ws/install/micro_ros_setup/./config/android/generic/flash.sh
[1.027s] -- Up-to-date: /home/puzzlebot/ros2_packages_ws/install/micro_ros_setup/./config/android/generic/client-colcon.meta
[1.032s] -- Up-to-date: /home/puzzlebot/ros2_packages_ws/install/micro_ros_setup/./config/android/dev_ros2_packages.txt
[1.033s] -- Up-to-date: /home/puzzlebot/ros2_packages_ws/install/micro_ros_setup/./config/client_uros_packages.repos
[1.033s] -- Up-to-date: /home/puzzlebot/ros2_packages_ws/install/micro_ros_setup/./config/host
[1.034s] -- Up-to-date: /home/puzzlebot/ros2_packages_ws/install/micro_ros_setup/./config/host/dev_uros_packages.repos
[1.034s] -- Up-to-date: /home/puzzlebot/ros2_packages_ws/install/micro_ros_setup/./config/host/client_ros2_packages.txt
[1.035s] -- Up-to-date: /home/puzzlebot/ros2_packages_ws/install/micro_ros_setup/./config/host/generic
[1.035s] -- Up-to-date: /home/puzzlebot/ros2_packages_ws/install/micro_ros_setup/./config/host/generic/client-host-colcon.meta
[1.035s] -- Up-to-date: /home/puzzlebot/ros2_packages_ws/install/micro_ros_setup/./config/host/generic/build.sh
[1.037s] -- Up-to-date: /home/puzzlebot/ros2_packages_ws/install/micro_ros_setup/./config/host/generic/create.sh
[1.040s] -- Up-to-date: /home/puzzlebot/ros2_packages_ws/install/micro_ros_setup/./config/host/generic/package.xml
[1.041s] -- Up-to-date: /home/puzzlebot/ros2_packages_ws/install/micro_ros_setup/./config/host/generic/flash.sh
[1.044s] -- Up-to-date: /home/puzzlebot/ros2_packages_ws/install/micro_ros_setup/./config/host/generic/client_host_packages.repos
[1.045s] -- Up-to-date: /home/puzzlebot/ros2_packages_ws/install/micro_ros_setup/./config/host/dev_ros2_packages.txt
[1.046s] -- Up-to-date: /home/puzzlebot/ros2_packages_ws/install/micro_ros_setup/./config/client_ros2_packages.txt
[1.051s] -- Up-to-date: /home/puzzlebot/ros2_packages_ws/install/micro_ros_setup/./config/zephyr
[1.051s] -- Up-to-date: /home/puzzlebot/ros2_packages_ws/install/micro_ros_setup/./config/zephyr/dev_uros_packages.repos
[1.056s] -- Up-to-date: /home/puzzlebot/ros2_packages_ws/install/micro_ros_setup/./config/zephyr/generic
[1.057s] -- Up-to-date: /home/puzzlebot/ros2_packages_ws/install/micro_ros_setup/./config/zephyr/generic/build.sh
[1.057s] -- Up-to-date: /home/puzzlebot/ros2_packages_ws/install/micro_ros_setup/./config/zephyr/generic/create.sh
[1.058s] -- Up-to-date: /home/puzzlebot/ros2_packages_ws/install/micro_ros_setup/./config/zephyr/generic/board.repos
[1.061s] -- Up-to-date: /home/puzzlebot/ros2_packages_ws/install/micro_ros_setup/./config/zephyr/generic/client_uros_packages.repos
[1.065s] -- Up-to-date: /home/puzzlebot/ros2_packages_ws/install/micro_ros_setup/./config/zephyr/generic/package.xml
[1.066s] -- Up-to-date: /home/puzzlebot/ros2_packages_ws/install/micro_ros_setup/./config/zephyr/generic/flash.sh
[1.067s] -- Up-to-date: /home/puzzlebot/ros2_packages_ws/install/micro_ros_setup/./config/zephyr/generic/configure.sh
[1.068s] -- Up-to-date: /home/puzzlebot/ros2_packages_ws/install/micro_ros_setup/./config/zephyr/generic/client-colcon.meta
[1.068s] -- Up-to-date: /home/puzzlebot/ros2_packages_ws/install/micro_ros_setup/./config/zephyr/generic/supported_platforms
[1.069s] -- Up-to-date: /home/puzzlebot/ros2_packages_ws/install/micro_ros_setup/./config/zephyr/list_apps.sh
[1.070s] -- Up-to-date: /home/puzzlebot/ros2_packages_ws/install/micro_ros_setup/./config/zephyr/dev_ros2_packages.txt
[1.073s] -- Up-to-date: /home/puzzlebot/ros2_packages_ws/install/micro_ros_setup/./config/raspbian
[1.080s] -- Up-to-date: /home/puzzlebot/ros2_packages_ws/install/micro_ros_setup/./config/raspbian/dev_uros_packages.repos
[1.080s] -- Up-to-date: /home/puzzlebot/ros2_packages_ws/install/micro_ros_setup/./config/raspbian/generic
[1.081s] -- Up-to-date: /home/puzzlebot/ros2_packages_ws/install/micro_ros_setup/./config/raspbian/generic/build.sh
[1.081s] -- Up-to-date: /home/puzzlebot/ros2_packages_ws/install/micro_ros_setup/./config/raspbian/generic/create.sh
[1.082s] -- Up-to-date: /home/puzzlebot/ros2_packages_ws/install/micro_ros_setup/./config/raspbian/generic/client_uros_packages.repos
[1.086s] -- Up-to-date: /home/puzzlebot/ros2_packages_ws/install/micro_ros_setup/./config/raspbian/generic/flash.sh
[1.087s] -- Up-to-date: /home/puzzlebot/ros2_packages_ws/install/micro_ros_setup/./config/raspbian/generic/configure.sh
[1.087s] -- Up-to-date: /home/puzzlebot/ros2_packages_ws/install/micro_ros_setup/./config/raspbian/generic/client-colcon.meta
[1.088s] -- Up-to-date: /home/puzzlebot/ros2_packages_ws/install/micro_ros_setup/./config/raspbian/generic/supported_platforms
[1.088s] -- Up-to-date: /home/puzzlebot/ros2_packages_ws/install/micro_ros_setup/./config/raspbian/dev_ros2_packages.txt
[1.088s] -- Up-to-date: /home/puzzlebot/ros2_packages_ws/install/micro_ros_setup/lib/micro_ros_setup/create_ws.sh
[1.089s] -- Up-to-date: /home/puzzlebot/ros2_packages_ws/install/micro_ros_setup/lib/micro_ros_setup/create_agent_ws.sh
[1.089s] -- Up-to-date: /home/puzzlebot/ros2_packages_ws/install/micro_ros_setup/lib/micro_ros_setup/create_firmware_ws.sh
[1.090s] -- Up-to-date: /home/puzzlebot/ros2_packages_ws/install/micro_ros_setup/lib/micro_ros_setup/configure_firmware.sh
[1.090s] -- Up-to-date: /home/puzzlebot/ros2_packages_ws/install/micro_ros_setup/lib/micro_ros_setup/flash_firmware.sh
[1.097s] -- Up-to-date: /home/puzzlebot/ros2_packages_ws/install/micro_ros_setup/lib/micro_ros_setup/build_firmware.sh
[1.098s] -- Up-to-date: /home/puzzlebot/ros2_packages_ws/install/micro_ros_setup/lib/micro_ros_setup/build_agent.sh
[1.098s] -- Up-to-date: /home/puzzlebot/ros2_packages_ws/install/micro_ros_setup/lib/micro_ros_setup/yaml_filter.py
[1.099s] -- Up-to-date: /home/puzzlebot/ros2_packages_ws/install/micro_ros_setup/lib/micro_ros_setup/clean_env.sh
[1.099s] -- Up-to-date: /home/puzzlebot/ros2_packages_ws/install/micro_ros_setup/lib/micro_ros_setup/component
[1.100s] Invoked command in '/home/puzzlebot/ros2_packages_ws/build/micro_ros_setup' returned '0': CMAKE_PREFIX_PATH=${CMAKE_PREFIX_PATH}:/home/puzzlebot/ros2_ws/install/puzzlebot_ros:/home/puzzlebot/ros2_packages_ws/install/localization:/home/puzzlebot/ros2_packages_ws/install/camera_viewer:/opt/ros/humble /usr/bin/cmake --install /home/puzzlebot/ros2_packages_ws/build/micro_ros_setup
