running egg_info
creating ../../build/localization/localization.egg-info
writing ../../build/localization/localization.egg-info/PKG-INFO
writing dependency_links to ../../build/localization/localization.egg-info/dependency_links.txt
writing entry points to ../../build/localization/localization.egg-info/entry_points.txt
writing requirements to ../../build/localization/localization.egg-info/requires.txt
writing top-level names to ../../build/localization/localization.egg-info/top_level.txt
writing manifest file '../../build/localization/localization.egg-info/SOURCES.txt'
reading manifest file '../../build/localization/localization.egg-info/SOURCES.txt'
writing manifest file '../../build/localization/localization.egg-info/SOURCES.txt'
running build
running build_py
creating /home/puzzlebot/Puzzlebot_Lidar_ROS1_ROS2/ros2_packages_ws/build/localization/build
creating /home/puzzlebot/Puzzlebot_Lidar_ROS1_ROS2/ros2_packages_ws/build/localization/build/lib
creating /home/puzzlebot/Puzzlebot_Lidar_ROS1_ROS2/ros2_packages_ws/build/localization/build/lib/localization
copying localization/class_gripper.py -> /home/puzzlebot/Puzzlebot_Lidar_ROS1_ROS2/ros2_packages_ws/build/localization/build/lib/localization
copying localization/to_goal.py -> /home/puzzlebot/Puzzlebot_Lidar_ROS1_ROS2/ros2_packages_ws/build/localization/build/lib/localization
copying localization/class_bug0.py -> /home/puzzlebot/Puzzlebot_Lidar_ROS1_ROS2/ros2_packages_ws/build/localization/build/lib/localization
copying localization/__init__.py -> /home/puzzlebot/Puzzlebot_Lidar_ROS1_ROS2/ros2_packages_ws/build/localization/build/lib/localization
copying localization/kinematic_model.py -> /home/puzzlebot/Puzzlebot_Lidar_ROS1_ROS2/ros2_packages_ws/build/localization/build/lib/localization
copying localization/coordinate_transform.py -> /home/puzzlebot/Puzzlebot_Lidar_ROS1_ROS2/ros2_packages_ws/build/localization/build/lib/localization
copying localization/to_goal_aruco.py -> /home/puzzlebot/Puzzlebot_Lidar_ROS1_ROS2/ros2_packages_ws/build/localization/build/lib/localization
copying localization/bug0.py -> /home/puzzlebot/Puzzlebot_Lidar_ROS1_ROS2/ros2_packages_ws/build/localization/build/lib/localization
copying localization/test_lidar.py -> /home/puzzlebot/Puzzlebot_Lidar_ROS1_ROS2/ros2_packages_ws/build/localization/build/lib/localization
copying localization/transform_listener.py -> /home/puzzlebot/Puzzlebot_Lidar_ROS1_ROS2/ros2_packages_ws/build/localization/build/lib/localization
copying localization/controller.py -> /home/puzzlebot/Puzzlebot_Lidar_ROS1_ROS2/ros2_packages_ws/build/localization/build/lib/localization
copying localization/aruco_controller.py -> /home/puzzlebot/Puzzlebot_Lidar_ROS1_ROS2/ros2_packages_ws/build/localization/build/lib/localization
copying localization/localization.py -> /home/puzzlebot/Puzzlebot_Lidar_ROS1_ROS2/ros2_packages_ws/build/localization/build/lib/localization
copying localization/joint_states.py -> /home/puzzlebot/Puzzlebot_Lidar_ROS1_ROS2/ros2_packages_ws/build/localization/build/lib/localization
copying localization/gpio.py -> /home/puzzlebot/Puzzlebot_Lidar_ROS1_ROS2/ros2_packages_ws/build/localization/build/lib/localization
copying localization/class_controller.py -> /home/puzzlebot/Puzzlebot_Lidar_ROS1_ROS2/ros2_packages_ws/build/localization/build/lib/localization
running install
running install_lib
creating /home/puzzlebot/Puzzlebot_Lidar_ROS1_ROS2/ros2_packages_ws/install/localization/lib/python3.8/site-packages/localization
copying /home/puzzlebot/Puzzlebot_Lidar_ROS1_ROS2/ros2_packages_ws/build/localization/build/lib/localization/class_gripper.py -> /home/puzzlebot/Puzzlebot_Lidar_ROS1_ROS2/ros2_packages_ws/install/localization/lib/python3.8/site-packages/localization
copying /home/puzzlebot/Puzzlebot_Lidar_ROS1_ROS2/ros2_packages_ws/build/localization/build/lib/localization/to_goal.py -> /home/puzzlebot/Puzzlebot_Lidar_ROS1_ROS2/ros2_packages_ws/install/localization/lib/python3.8/site-packages/localization
copying /home/puzzlebot/Puzzlebot_Lidar_ROS1_ROS2/ros2_packages_ws/build/localization/build/lib/localization/class_bug0.py -> /home/puzzlebot/Puzzlebot_Lidar_ROS1_ROS2/ros2_packages_ws/install/localization/lib/python3.8/site-packages/localization
copying /home/puzzlebot/Puzzlebot_Lidar_ROS1_ROS2/ros2_packages_ws/build/localization/build/lib/localization/__init__.py -> /home/puzzlebot/Puzzlebot_Lidar_ROS1_ROS2/ros2_packages_ws/install/localization/lib/python3.8/site-packages/localization
copying /home/puzzlebot/Puzzlebot_Lidar_ROS1_ROS2/ros2_packages_ws/build/localization/build/lib/localization/kinematic_model.py -> /home/puzzlebot/Puzzlebot_Lidar_ROS1_ROS2/ros2_packages_ws/install/localization/lib/python3.8/site-packages/localization
copying /home/puzzlebot/Puzzlebot_Lidar_ROS1_ROS2/ros2_packages_ws/build/localization/build/lib/localization/coordinate_transform.py -> /home/puzzlebot/Puzzlebot_Lidar_ROS1_ROS2/ros2_packages_ws/install/localization/lib/python3.8/site-packages/localization
copying /home/puzzlebot/Puzzlebot_Lidar_ROS1_ROS2/ros2_packages_ws/build/localization/build/lib/localization/to_goal_aruco.py -> /home/puzzlebot/Puzzlebot_Lidar_ROS1_ROS2/ros2_packages_ws/install/localization/lib/python3.8/site-packages/localization
copying /home/puzzlebot/Puzzlebot_Lidar_ROS1_ROS2/ros2_packages_ws/build/localization/build/lib/localization/bug0.py -> /home/puzzlebot/Puzzlebot_Lidar_ROS1_ROS2/ros2_packages_ws/install/localization/lib/python3.8/site-packages/localization
copying /home/puzzlebot/Puzzlebot_Lidar_ROS1_ROS2/ros2_packages_ws/build/localization/build/lib/localization/test_lidar.py -> /home/puzzlebot/Puzzlebot_Lidar_ROS1_ROS2/ros2_packages_ws/install/localization/lib/python3.8/site-packages/localization
copying /home/puzzlebot/Puzzlebot_Lidar_ROS1_ROS2/ros2_packages_ws/build/localization/build/lib/localization/transform_listener.py -> /home/puzzlebot/Puzzlebot_Lidar_ROS1_ROS2/ros2_packages_ws/install/localization/lib/python3.8/site-packages/localization
copying /home/puzzlebot/Puzzlebot_Lidar_ROS1_ROS2/ros2_packages_ws/build/localization/build/lib/localization/controller.py -> /home/puzzlebot/Puzzlebot_Lidar_ROS1_ROS2/ros2_packages_ws/install/localization/lib/python3.8/site-packages/localization
copying /home/puzzlebot/Puzzlebot_Lidar_ROS1_ROS2/ros2_packages_ws/build/localization/build/lib/localization/aruco_controller.py -> /home/puzzlebot/Puzzlebot_Lidar_ROS1_ROS2/ros2_packages_ws/install/localization/lib/python3.8/site-packages/localization
copying /home/puzzlebot/Puzzlebot_Lidar_ROS1_ROS2/ros2_packages_ws/build/localization/build/lib/localization/localization.py -> /home/puzzlebot/Puzzlebot_Lidar_ROS1_ROS2/ros2_packages_ws/install/localization/lib/python3.8/site-packages/localization
copying /home/puzzlebot/Puzzlebot_Lidar_ROS1_ROS2/ros2_packages_ws/build/localization/build/lib/localization/joint_states.py -> /home/puzzlebot/Puzzlebot_Lidar_ROS1_ROS2/ros2_packages_ws/install/localization/lib/python3.8/site-packages/localization
copying /home/puzzlebot/Puzzlebot_Lidar_ROS1_ROS2/ros2_packages_ws/build/localization/build/lib/localization/gpio.py -> /home/puzzlebot/Puzzlebot_Lidar_ROS1_ROS2/ros2_packages_ws/install/localization/lib/python3.8/site-packages/localization
copying /home/puzzlebot/Puzzlebot_Lidar_ROS1_ROS2/ros2_packages_ws/build/localization/build/lib/localization/class_controller.py -> /home/puzzlebot/Puzzlebot_Lidar_ROS1_ROS2/ros2_packages_ws/install/localization/lib/python3.8/site-packages/localization
byte-compiling /home/puzzlebot/Puzzlebot_Lidar_ROS1_ROS2/ros2_packages_ws/install/localization/lib/python3.8/site-packages/localization/class_gripper.py to class_gripper.cpython-38.pyc
byte-compiling /home/puzzlebot/Puzzlebot_Lidar_ROS1_ROS2/ros2_packages_ws/install/localization/lib/python3.8/site-packages/localization/to_goal.py to to_goal.cpython-38.pyc
byte-compiling /home/puzzlebot/Puzzlebot_Lidar_ROS1_ROS2/ros2_packages_ws/install/localization/lib/python3.8/site-packages/localization/class_bug0.py to class_bug0.cpython-38.pyc
byte-compiling /home/puzzlebot/Puzzlebot_Lidar_ROS1_ROS2/ros2_packages_ws/install/localization/lib/python3.8/site-packages/localization/__init__.py to __init__.cpython-38.pyc
byte-compiling /home/puzzlebot/Puzzlebot_Lidar_ROS1_ROS2/ros2_packages_ws/install/localization/lib/python3.8/site-packages/localization/kinematic_model.py to kinematic_model.cpython-38.pyc
byte-compiling /home/puzzlebot/Puzzlebot_Lidar_ROS1_ROS2/ros2_packages_ws/install/localization/lib/python3.8/site-packages/localization/coordinate_transform.py to coordinate_transform.cpython-38.pyc
byte-compiling /home/puzzlebot/Puzzlebot_Lidar_ROS1_ROS2/ros2_packages_ws/install/localization/lib/python3.8/site-packages/localization/to_goal_aruco.py to to_goal_aruco.cpython-38.pyc
byte-compiling /home/puzzlebot/Puzzlebot_Lidar_ROS1_ROS2/ros2_packages_ws/install/localization/lib/python3.8/site-packages/localization/bug0.py to bug0.cpython-38.pyc
byte-compiling /home/puzzlebot/Puzzlebot_Lidar_ROS1_ROS2/ros2_packages_ws/install/localization/lib/python3.8/site-packages/localization/test_lidar.py to test_lidar.cpython-38.pyc
byte-compiling /home/puzzlebot/Puzzlebot_Lidar_ROS1_ROS2/ros2_packages_ws/install/localization/lib/python3.8/site-packages/localization/transform_listener.py to transform_listener.cpython-38.pyc
byte-compiling /home/puzzlebot/Puzzlebot_Lidar_ROS1_ROS2/ros2_packages_ws/install/localization/lib/python3.8/site-packages/localization/controller.py to controller.cpython-38.pyc
byte-compiling /home/puzzlebot/Puzzlebot_Lidar_ROS1_ROS2/ros2_packages_ws/install/localization/lib/python3.8/site-packages/localization/aruco_controller.py to aruco_controller.cpython-38.pyc
byte-compiling /home/puzzlebot/Puzzlebot_Lidar_ROS1_ROS2/ros2_packages_ws/install/localization/lib/python3.8/site-packages/localization/localization.py to localization.cpython-38.pyc
byte-compiling /home/puzzlebot/Puzzlebot_Lidar_ROS1_ROS2/ros2_packages_ws/install/localization/lib/python3.8/site-packages/localization/joint_states.py to joint_states.cpython-38.pyc
byte-compiling /home/puzzlebot/Puzzlebot_Lidar_ROS1_ROS2/ros2_packages_ws/install/localization/lib/python3.8/site-packages/localization/gpio.py to gpio.cpython-38.pyc
byte-compiling /home/puzzlebot/Puzzlebot_Lidar_ROS1_ROS2/ros2_packages_ws/install/localization/lib/python3.8/site-packages/localization/class_controller.py to class_controller.cpython-38.pyc
running install_data
creating /home/puzzlebot/Puzzlebot_Lidar_ROS1_ROS2/ros2_packages_ws/install/localization/share/ament_index
creating /home/puzzlebot/Puzzlebot_Lidar_ROS1_ROS2/ros2_packages_ws/install/localization/share/ament_index/resource_index
creating /home/puzzlebot/Puzzlebot_Lidar_ROS1_ROS2/ros2_packages_ws/install/localization/share/ament_index/resource_index/packages
copying resource/localization -> /home/puzzlebot/Puzzlebot_Lidar_ROS1_ROS2/ros2_packages_ws/install/localization/share/ament_index/resource_index/packages
copying package.xml -> /home/puzzlebot/Puzzlebot_Lidar_ROS1_ROS2/ros2_packages_ws/install/localization/share/localization
creating /home/puzzlebot/Puzzlebot_Lidar_ROS1_ROS2/ros2_packages_ws/install/localization/share/localization/launch
copying launch/puzzlebot_rviz.launch.py -> /home/puzzlebot/Puzzlebot_Lidar_ROS1_ROS2/ros2_packages_ws/install/localization/share/localization/launch
copying launch/puzzlebot_sim.launch.py -> /home/puzzlebot/Puzzlebot_Lidar_ROS1_ROS2/ros2_packages_ws/install/localization/share/localization/launch
copying urdf/puzzlebot_jetson_ed_urdf.urdf -> /home/puzzlebot/Puzzlebot_Lidar_ROS1_ROS2/ros2_packages_ws/install/localization/share/localization
creating /home/puzzlebot/Puzzlebot_Lidar_ROS1_ROS2/ros2_packages_ws/install/localization/share/localization/meshes
copying meshes/MCR2_1000_13_Chassis.stl -> /home/puzzlebot/Puzzlebot_Lidar_ROS1_ROS2/ros2_packages_ws/install/localization/share/localization/meshes
copying meshes/PuzzleBot.stl -> /home/puzzlebot/Puzzlebot_Lidar_ROS1_ROS2/ros2_packages_ws/install/localization/share/localization/meshes
copying meshes/MCR2_1000_1_1_Wheel_Coupler_2.stl -> /home/puzzlebot/Puzzlebot_Lidar_ROS1_ROS2/ros2_packages_ws/install/localization/share/localization/meshes
copying meshes/camera.stl -> /home/puzzlebot/Puzzlebot_Lidar_ROS1_ROS2/ros2_packages_ws/install/localization/share/localization/meshes
running install_egg_info
Copying ../../build/localization/localization.egg-info to /home/puzzlebot/Puzzlebot_Lidar_ROS1_ROS2/ros2_packages_ws/install/localization/lib/python3.8/site-packages/localization-0.0.0-py3.8.egg-info
running install_scripts
Installing aruco_controller script to /home/puzzlebot/Puzzlebot_Lidar_ROS1_ROS2/ros2_packages_ws/install/localization/lib/localization
Installing bug0 script to /home/puzzlebot/Puzzlebot_Lidar_ROS1_ROS2/ros2_packages_ws/install/localization/lib/localization
Installing controller script to /home/puzzlebot/Puzzlebot_Lidar_ROS1_ROS2/ros2_packages_ws/install/localization/lib/localization
Installing coordinate_transform script to /home/puzzlebot/Puzzlebot_Lidar_ROS1_ROS2/ros2_packages_ws/install/localization/lib/localization
Installing joint_state script to /home/puzzlebot/Puzzlebot_Lidar_ROS1_ROS2/ros2_packages_ws/install/localization/lib/localization
Installing kinematic_model script to /home/puzzlebot/Puzzlebot_Lidar_ROS1_ROS2/ros2_packages_ws/install/localization/lib/localization
Installing localization script to /home/puzzlebot/Puzzlebot_Lidar_ROS1_ROS2/ros2_packages_ws/install/localization/lib/localization
Installing test_lidar script to /home/puzzlebot/Puzzlebot_Lidar_ROS1_ROS2/ros2_packages_ws/install/localization/lib/localization
Installing to_goal script to /home/puzzlebot/Puzzlebot_Lidar_ROS1_ROS2/ros2_packages_ws/install/localization/lib/localization
Installing to_goal_aruco script to /home/puzzlebot/Puzzlebot_Lidar_ROS1_ROS2/ros2_packages_ws/install/localization/lib/localization
Installing to_goal_bug_2 script to /home/puzzlebot/Puzzlebot_Lidar_ROS1_ROS2/ros2_packages_ws/install/localization/lib/localization
Installing transform_listener script to /home/puzzlebot/Puzzlebot_Lidar_ROS1_ROS2/ros2_packages_ws/install/localization/lib/localization
writing list of installed files to '/home/puzzlebot/Puzzlebot_Lidar_ROS1_ROS2/ros2_packages_ws/build/localization/install.log'
