[5.156s] Invoking command in '/home/puzzlebot/ros2_packages_ws/src/camera_viewer': PYTHONPATH=/home/puzzlebot/ros2_packages_ws/build/camera_viewer/prefix_override:/home/puzzlebot/ros2_packages_ws/install/camera_viewer/lib/python3.8/site-packages:${PYTHONPATH} /usr/bin/python3 -W ignore:setup.py install is deprecated setup.py egg_info --egg-base ../../build/camera_viewer build --build-base /home/puzzlebot/ros2_packages_ws/build/camera_viewer/build install --record /home/puzzlebot/ros2_packages_ws/build/camera_viewer/install.log --single-version-externally-managed install_data
[7.340s] running egg_info
[7.343s] writing ../../build/camera_viewer/camera_viewer.egg-info/PKG-INFO
[7.344s] writing dependency_links to ../../build/camera_viewer/camera_viewer.egg-info/dependency_links.txt
[7.345s] writing entry points to ../../build/camera_viewer/camera_viewer.egg-info/entry_points.txt
[7.346s] writing requirements to ../../build/camera_viewer/camera_viewer.egg-info/requires.txt
[7.346s] writing top-level names to ../../build/camera_viewer/camera_viewer.egg-info/top_level.txt
[7.528s] reading manifest file '../../build/camera_viewer/camera_viewer.egg-info/SOURCES.txt'
[7.534s] writing manifest file '../../build/camera_viewer/camera_viewer.egg-info/SOURCES.txt'
[7.535s] running build
[7.535s] running build_py
[7.539s] running install
[7.540s] running install_lib
[7.546s] running install_data
[7.547s] running install_egg_info
[7.555s] removing '/home/puzzlebot/ros2_packages_ws/install/camera_viewer/lib/python3.8/site-packages/camera_viewer-0.0.0-py3.8.egg-info' (and everything under it)
[7.562s] Copying ../../build/camera_viewer/camera_viewer.egg-info to /home/puzzlebot/ros2_packages_ws/install/camera_viewer/lib/python3.8/site-packages/camera_viewer-0.0.0-py3.8.egg-info
[7.563s] running install_scripts
[7.653s] Installing camera_viewer script to /home/puzzlebot/ros2_packages_ws/install/camera_viewer/lib/camera_viewer
[7.657s] writing list of installed files to '/home/puzzlebot/ros2_packages_ws/build/camera_viewer/install.log'
[7.767s] Invoked command in '/home/puzzlebot/ros2_packages_ws/src/camera_viewer' returned '0': PYTHONPATH=/home/puzzlebot/ros2_packages_ws/build/camera_viewer/prefix_override:/home/puzzlebot/ros2_packages_ws/install/camera_viewer/lib/python3.8/site-packages:${PYTHONPATH} /usr/bin/python3 -W ignore:setup.py install is deprecated setup.py egg_info --egg-base ../../build/camera_viewer build --build-base /home/puzzlebot/ros2_packages_ws/build/camera_viewer/build install --record /home/puzzlebot/ros2_packages_ws/build/camera_viewer/install.log --single-version-externally-managed install_data
