[5.051s] Invoking command in '/home/puzzlebot/ros2_packages_ws/src/camera_viewer': PYTHONPATH=/home/puzzlebot/ros2_packages_ws/build/camera_viewer/prefix_override:/home/puzzlebot/ros2_packages_ws/install/camera_viewer/lib/python3.8/site-packages:${PYTHONPATH} /usr/bin/python3 -W ignore:setup.py install is deprecated setup.py egg_info --egg-base ../../build/camera_viewer build --build-base /home/puzzlebot/ros2_packages_ws/build/camera_viewer/build install --record /home/puzzlebot/ros2_packages_ws/build/camera_viewer/install.log --single-version-externally-managed install_data
[6.545s] running egg_info
[6.550s] writing ../../build/camera_viewer/camera_viewer.egg-info/PKG-INFO
[6.554s] writing dependency_links to ../../build/camera_viewer/camera_viewer.egg-info/dependency_links.txt
[6.556s] writing entry points to ../../build/camera_viewer/camera_viewer.egg-info/entry_points.txt
[6.557s] writing requirements to ../../build/camera_viewer/camera_viewer.egg-info/requires.txt
[6.557s] writing top-level names to ../../build/camera_viewer/camera_viewer.egg-info/top_level.txt
[6.833s] reading manifest file '../../build/camera_viewer/camera_viewer.egg-info/SOURCES.txt'
[6.849s] writing manifest file '../../build/camera_viewer/camera_viewer.egg-info/SOURCES.txt'
[6.851s] running build
[6.852s] running build_py
[6.859s] copying camera_viewer/camera_viewer.py -> /home/puzzlebot/ros2_packages_ws/build/camera_viewer/build/lib/camera_viewer
[6.861s] running install
[6.870s] running install_lib
[6.876s] copying /home/puzzlebot/ros2_packages_ws/build/camera_viewer/build/lib/camera_viewer/camera_viewer.py -> /home/puzzlebot/ros2_packages_ws/install/camera_viewer/lib/python3.8/site-packages/camera_viewer
[6.888s] byte-compiling /home/puzzlebot/ros2_packages_ws/install/camera_viewer/lib/python3.8/site-packages/camera_viewer/camera_viewer.py to camera_viewer.cpython-38.pyc
[6.902s] running install_data
[6.918s] running install_egg_info
[6.923s] removing '/home/puzzlebot/ros2_packages_ws/install/camera_viewer/lib/python3.8/site-packages/camera_viewer-0.0.0-py3.8.egg-info' (and everything under it)
[6.946s] Copying ../../build/camera_viewer/camera_viewer.egg-info to /home/puzzlebot/ros2_packages_ws/install/camera_viewer/lib/python3.8/site-packages/camera_viewer-0.0.0-py3.8.egg-info
[6.961s] running install_scripts
[7.066s] Installing camera_viewer script to /home/puzzlebot/ros2_packages_ws/install/camera_viewer/lib/camera_viewer
[7.070s] writing list of installed files to '/home/puzzlebot/ros2_packages_ws/build/camera_viewer/install.log'
[7.191s] Invoked command in '/home/puzzlebot/ros2_packages_ws/src/camera_viewer' returned '0': PYTHONPATH=/home/puzzlebot/ros2_packages_ws/build/camera_viewer/prefix_override:/home/puzzlebot/ros2_packages_ws/install/camera_viewer/lib/python3.8/site-packages:${PYTHONPATH} /usr/bin/python3 -W ignore:setup.py install is deprecated setup.py egg_info --egg-base ../../build/camera_viewer build --build-base /home/puzzlebot/ros2_packages_ws/build/camera_viewer/build install --record /home/puzzlebot/ros2_packages_ws/build/camera_viewer/install.log --single-version-externally-managed install_data
