[5.117s] Invoking command in '/home/puzzlebot/ros2_packages_ws/src/localization': PYTHONPATH=/home/puzzlebot/ros2_packages_ws/build/localization/prefix_override:/home/puzzlebot/ros2_packages_ws/install/localization/lib/python3.8/site-packages:${PYTHONPATH} /usr/bin/python3 -W ignore:setup.py install is deprecated setup.py egg_info --egg-base ../../build/localization build --build-base /home/puzzlebot/ros2_packages_ws/build/localization/build install --record /home/puzzlebot/ros2_packages_ws/build/localization/install.log --single-version-externally-managed install_data
[6.779s] running egg_info
[6.782s] writing ../../build/localization/localization.egg-info/PKG-INFO
[6.784s] writing dependency_links to ../../build/localization/localization.egg-info/dependency_links.txt
[6.787s] writing entry points to ../../build/localization/localization.egg-info/entry_points.txt
[6.791s] writing requirements to ../../build/localization/localization.egg-info/requires.txt
[6.800s] writing top-level names to ../../build/localization/localization.egg-info/top_level.txt
[7.033s] reading manifest file '../../build/localization/localization.egg-info/SOURCES.txt'
[7.038s] writing manifest file '../../build/localization/localization.egg-info/SOURCES.txt'
[7.041s] running build
[7.041s] running build_py
[7.042s] copying localization/controller.py -> /home/puzzlebot/ros2_packages_ws/build/localization/build/lib/localization
[7.045s] running install
[7.048s] running install_lib
[7.055s] copying /home/puzzlebot/ros2_packages_ws/build/localization/build/lib/localization/controller.py -> /home/puzzlebot/ros2_packages_ws/install/localization/lib/python3.8/site-packages/localization
[7.058s] byte-compiling /home/puzzlebot/ros2_packages_ws/install/localization/lib/python3.8/site-packages/localization/controller.py to controller.cpython-38.pyc
[7.070s] running install_data
[7.071s] running install_egg_info
[7.082s] removing '/home/puzzlebot/ros2_packages_ws/install/localization/lib/python3.8/site-packages/localization-0.0.0-py3.8.egg-info' (and everything under it)
[7.094s] Copying ../../build/localization/localization.egg-info to /home/puzzlebot/ros2_packages_ws/install/localization/lib/python3.8/site-packages/localization-0.0.0-py3.8.egg-info
[7.102s] running install_scripts
[7.181s] Installing controller script to /home/puzzlebot/ros2_packages_ws/install/localization/lib/localization
[7.183s] Installing coordinate_transform script to /home/puzzlebot/ros2_packages_ws/install/localization/lib/localization
[7.186s] Installing joint_state script to /home/puzzlebot/ros2_packages_ws/install/localization/lib/localization
[7.188s] Installing kinematic_model script to /home/puzzlebot/ros2_packages_ws/install/localization/lib/localization
[7.191s] Installing localization script to /home/puzzlebot/ros2_packages_ws/install/localization/lib/localization
[7.195s] writing list of installed files to '/home/puzzlebot/ros2_packages_ws/build/localization/install.log'
[7.338s] Invoked command in '/home/puzzlebot/ros2_packages_ws/src/localization' returned '0': PYTHONPATH=/home/puzzlebot/ros2_packages_ws/build/localization/prefix_override:/home/puzzlebot/ros2_packages_ws/install/localization/lib/python3.8/site-packages:${PYTHONPATH} /usr/bin/python3 -W ignore:setup.py install is deprecated setup.py egg_info --egg-base ../../build/localization build --build-base /home/puzzlebot/ros2_packages_ws/build/localization/build install --record /home/puzzlebot/ros2_packages_ws/build/localization/install.log --single-version-externally-managed install_data
