[0.117s] Invoking command in '/home/puzzlebot/ros2_packages_ws/build/ros_deep_learning': CMAKE_PREFIX_PATH=${CMAKE_PREFIX_PATH}:/home/puzzlebot/ros2_ws/install/puzzlebot_ros:/home/puzzlebot/ros2_packages_ws/install/localization:/home/puzzlebot/ros2_packages_ws/install/camera_viewer:/opt/ros/humble /usr/bin/cmake --build /home/puzzlebot/ros2_packages_ws/build/ros_deep_learning -- -j4 -l4
[0.913s] [ 20%] Built target detectnet
[0.916s] [ 40%] Built target video_source
[0.947s] [ 60%] Built target segnet
[0.977s] [ 80%] Built target imagenet
[1.326s] [100%] Built target video_output
[1.496s] Invoked command in '/home/puzzlebot/ros2_packages_ws/build/ros_deep_learning' returned '0': CMAKE_PREFIX_PATH=${CMAKE_PREFIX_PATH}:/home/puzzlebot/ros2_ws/install/puzzlebot_ros:/home/puzzlebot/ros2_packages_ws/install/localization:/home/puzzlebot/ros2_packages_ws/install/camera_viewer:/opt/ros/humble /usr/bin/cmake --build /home/puzzlebot/ros2_packages_ws/build/ros_deep_learning -- -j4 -l4
[2.229s] Invoking command in '/home/puzzlebot/ros2_packages_ws/build/ros_deep_learning': CMAKE_PREFIX_PATH=${CMAKE_PREFIX_PATH}:/home/puzzlebot/ros2_ws/install/puzzlebot_ros:/home/puzzlebot/ros2_packages_ws/install/localization:/home/puzzlebot/ros2_packages_ws/install/camera_viewer:/opt/ros/humble /usr/bin/cmake --install /home/puzzlebot/ros2_packages_ws/build/ros_deep_learning
[2.353s] -- Install configuration: ""
[2.353s] -- Up-to-date: /home/puzzlebot/ros2_packages_ws/install/ros_deep_learning/lib/ros_deep_learning/imagenet
[2.354s] -- Up-to-date: /home/puzzlebot/ros2_packages_ws/install/ros_deep_learning/lib/ros_deep_learning/detectnet
[2.354s] -- Up-to-date: /home/puzzlebot/ros2_packages_ws/install/ros_deep_learning/lib/ros_deep_learning/segnet
[2.360s] -- Up-to-date: /home/puzzlebot/ros2_packages_ws/install/ros_deep_learning/lib/ros_deep_learning/video_source
[2.360s] -- Up-to-date: /home/puzzlebot/ros2_packages_ws/install/ros_deep_learning/lib/ros_deep_learning/video_output
[2.361s] -- Up-to-date: /home/puzzlebot/ros2_packages_ws/install/ros_deep_learning/share/ros_deep_learning//launch
[2.361s] -- Up-to-date: /home/puzzlebot/ros2_packages_ws/install/ros_deep_learning/share/ros_deep_learning//launch/video_output.ros2.launch
[2.362s] -- Up-to-date: /home/puzzlebot/ros2_packages_ws/install/ros_deep_learning/share/ros_deep_learning//launch/video_output.ros1.launch
[2.367s] -- Up-to-date: /home/puzzlebot/ros2_packages_ws/install/ros_deep_learning/share/ros_deep_learning//launch/segnet.ros1.launch
[2.371s] -- Up-to-date: /home/puzzlebot/ros2_packages_ws/install/ros_deep_learning/share/ros_deep_learning//launch/detectnet.ros1.launch
[2.371s] -- Up-to-date: /home/puzzlebot/ros2_packages_ws/install/ros_deep_learning/share/ros_deep_learning//launch/imagenet.ros1.launch
[2.372s] -- Up-to-date: /home/puzzlebot/ros2_packages_ws/install/ros_deep_learning/share/ros_deep_learning//launch/video_viewer.ros2.launch
[2.372s] -- Up-to-date: /home/puzzlebot/ros2_packages_ws/install/ros_deep_learning/share/ros_deep_learning//launch/imagenet.ros2.launch
[2.373s] -- Up-to-date: /home/puzzlebot/ros2_packages_ws/install/ros_deep_learning/share/ros_deep_learning//launch/video_source.ros1.launch
[2.373s] -- Up-to-date: /home/puzzlebot/ros2_packages_ws/install/ros_deep_learning/share/ros_deep_learning//launch/video_viewer.ros1.launch
[2.374s] -- Up-to-date: /home/puzzlebot/ros2_packages_ws/install/ros_deep_learning/share/ros_deep_learning//launch/detectnet.ros2.launch
[2.374s] -- Up-to-date: /home/puzzlebot/ros2_packages_ws/install/ros_deep_learning/share/ros_deep_learning//launch/video_source.ros2.launch
[2.375s] -- Up-to-date: /home/puzzlebot/ros2_packages_ws/install/ros_deep_learning/share/ros_deep_learning//launch/segnet.ros2.launch
[2.375s] -- Up-to-date: /home/puzzlebot/ros2_packages_ws/install/ros_deep_learning/share/ament_index/resource_index/package_run_dependencies/ros_deep_learning
[2.399s] -- Up-to-date: /home/puzzlebot/ros2_packages_ws/install/ros_deep_learning/share/ament_index/resource_index/parent_prefix_path/ros_deep_learning
[2.401s] -- Up-to-date: /home/puzzlebot/ros2_packages_ws/install/ros_deep_learning/share/ros_deep_learning/environment/ament_prefix_path.sh
[2.401s] -- Up-to-date: /home/puzzlebot/ros2_packages_ws/install/ros_deep_learning/share/ros_deep_learning/environment/ament_prefix_path.dsv
[2.402s] -- Up-to-date: /home/puzzlebot/ros2_packages_ws/install/ros_deep_learning/share/ros_deep_learning/environment/path.sh
[2.403s] -- Up-to-date: /home/puzzlebot/ros2_packages_ws/install/ros_deep_learning/share/ros_deep_learning/environment/path.dsv
[2.403s] -- Up-to-date: /home/puzzlebot/ros2_packages_ws/install/ros_deep_learning/share/ros_deep_learning/local_setup.bash
[2.404s] -- Up-to-date: /home/puzzlebot/ros2_packages_ws/install/ros_deep_learning/share/ros_deep_learning/local_setup.sh
[2.405s] -- Up-to-date: /home/puzzlebot/ros2_packages_ws/install/ros_deep_learning/share/ros_deep_learning/local_setup.zsh
[2.405s] -- Up-to-date: /home/puzzlebot/ros2_packages_ws/install/ros_deep_learning/share/ros_deep_learning/local_setup.dsv
[2.406s] -- Installing: /home/puzzlebot/ros2_packages_ws/install/ros_deep_learning/share/ros_deep_learning/package.dsv
[2.406s] -- Up-to-date: /home/puzzlebot/ros2_packages_ws/install/ros_deep_learning/share/ament_index/resource_index/packages/ros_deep_learning
[2.409s] -- Up-to-date: /home/puzzlebot/ros2_packages_ws/install/ros_deep_learning/share/ros_deep_learning/cmake/ros_deep_learningConfig.cmake
[2.409s] -- Up-to-date: /home/puzzlebot/ros2_packages_ws/install/ros_deep_learning/share/ros_deep_learning/cmake/ros_deep_learningConfig-version.cmake
[2.410s] -- Up-to-date: /home/puzzlebot/ros2_packages_ws/install/ros_deep_learning/share/ros_deep_learning/package.xml
[2.442s] Invoked command in '/home/puzzlebot/ros2_packages_ws/build/ros_deep_learning' returned '0': CMAKE_PREFIX_PATH=${CMAKE_PREFIX_PATH}:/home/puzzlebot/ros2_ws/install/puzzlebot_ros:/home/puzzlebot/ros2_packages_ws/install/localization:/home/puzzlebot/ros2_packages_ws/install/camera_viewer:/opt/ros/humble /usr/bin/cmake --install /home/puzzlebot/ros2_packages_ws/build/ros_deep_learning
