[4.303s] Invoking command in '/home/puzzlebot/ros2_packages_ws/src/camera_viewer': PYTHONPATH=/home/puzzlebot/ros2_packages_ws/build/camera_viewer/prefix_override:/home/puzzlebot/ros2_packages_ws/install/camera_viewer/lib/python3.8/site-packages:${PYTHONPATH} /usr/bin/python3 -W ignore:setup.py install is deprecated setup.py egg_info --egg-base ../../build/camera_viewer build --build-base /home/puzzlebot/ros2_packages_ws/build/camera_viewer/build install --record /home/puzzlebot/ros2_packages_ws/build/camera_viewer/install.log --single-version-externally-managed install_data
[5.647s] running egg_info
[5.651s] writing ../../build/camera_viewer/camera_viewer.egg-info/PKG-INFO
[5.655s] writing dependency_links to ../../build/camera_viewer/camera_viewer.egg-info/dependency_links.txt
[5.657s] writing entry points to ../../build/camera_viewer/camera_viewer.egg-info/entry_points.txt
[5.658s] writing requirements to ../../build/camera_viewer/camera_viewer.egg-info/requires.txt
[5.660s] writing top-level names to ../../build/camera_viewer/camera_viewer.egg-info/top_level.txt
[5.837s] reading manifest file '../../build/camera_viewer/camera_viewer.egg-info/SOURCES.txt'
[5.845s] writing manifest file '../../build/camera_viewer/camera_viewer.egg-info/SOURCES.txt'
[5.846s] running build
[5.849s] running build_py
[5.851s] running install
[5.852s] running install_lib
[5.862s] running install_data
[5.867s] running install_egg_info
[5.868s] removing '/home/puzzlebot/ros2_packages_ws/install/camera_viewer/lib/python3.8/site-packages/camera_viewer-0.0.0-py3.8.egg-info' (and everything under it)
[5.869s] Copying ../../build/camera_viewer/camera_viewer.egg-info to /home/puzzlebot/ros2_packages_ws/install/camera_viewer/lib/python3.8/site-packages/camera_viewer-0.0.0-py3.8.egg-info
[5.875s] running install_scripts
[5.952s] Installing camera_viewer script to /home/puzzlebot/ros2_packages_ws/install/camera_viewer/lib/camera_viewer
[5.957s] writing list of installed files to '/home/puzzlebot/ros2_packages_ws/build/camera_viewer/install.log'
[6.067s] Invoked command in '/home/puzzlebot/ros2_packages_ws/src/camera_viewer' returned '0': PYTHONPATH=/home/puzzlebot/ros2_packages_ws/build/camera_viewer/prefix_override:/home/puzzlebot/ros2_packages_ws/install/camera_viewer/lib/python3.8/site-packages:${PYTHONPATH} /usr/bin/python3 -W ignore:setup.py install is deprecated setup.py egg_info --egg-base ../../build/camera_viewer build --build-base /home/puzzlebot/ros2_packages_ws/build/camera_viewer/build install --record /home/puzzlebot/ros2_packages_ws/build/camera_viewer/install.log --single-version-externally-managed install_data
