[0.131s] Invoking command in '/home/puzzlebot/ros2_packages_ws/build/sllidar_ros2': CMAKE_PREFIX_PATH=${CMAKE_PREFIX_PATH}:/home/puzzlebot/ros2_ws/install/puzzlebot_ros:/home/puzzlebot/ros2_packages_ws/install/localization:/home/puzzlebot/ros2_packages_ws/install/camera_viewer:/opt/ros/humble /usr/bin/cmake --build /home/puzzlebot/ros2_packages_ws/build/sllidar_ros2 -- -j4 -l4
[0.887s] [ 90%] Built target sllidar_node
[0.902s] [100%] Built target sllidar_client
[1.032s] Invoked command in '/home/puzzlebot/ros2_packages_ws/build/sllidar_ros2' returned '0': CMAKE_PREFIX_PATH=${CMAKE_PREFIX_PATH}:/home/puzzlebot/ros2_ws/install/puzzlebot_ros:/home/puzzlebot/ros2_packages_ws/install/localization:/home/puzzlebot/ros2_packages_ws/install/camera_viewer:/opt/ros/humble /usr/bin/cmake --build /home/puzzlebot/ros2_packages_ws/build/sllidar_ros2 -- -j4 -l4
[1.854s] Invoking command in '/home/puzzlebot/ros2_packages_ws/build/sllidar_ros2': CMAKE_PREFIX_PATH=${CMAKE_PREFIX_PATH}:/home/puzzlebot/ros2_ws/install/puzzlebot_ros:/home/puzzlebot/ros2_packages_ws/install/localization:/home/puzzlebot/ros2_packages_ws/install/camera_viewer:/opt/ros/humble /usr/bin/cmake --install /home/puzzlebot/ros2_packages_ws/build/sllidar_ros2
[1.925s] -- Install configuration: ""
[1.926s] -- Up-to-date: /home/puzzlebot/ros2_packages_ws/install/sllidar_ros2/share/sllidar_ros2/launch
[1.926s] -- Up-to-date: /home/puzzlebot/ros2_packages_ws/install/sllidar_ros2/share/sllidar_ros2/launch/sllidar_a1_launch.py
[1.927s] -- Up-to-date: /home/puzzlebot/ros2_packages_ws/install/sllidar_ros2/share/sllidar_ros2/launch/sllidar_a2m8_launch.py
[1.927s] -- Up-to-date: /home/puzzlebot/ros2_packages_ws/install/sllidar_ros2/share/sllidar_ros2/launch/view_sllidar_s2e_launch.py
[1.928s] -- Up-to-date: /home/puzzlebot/ros2_packages_ws/install/sllidar_ros2/share/sllidar_ros2/launch/view_sllidar_s3_launch.py
[1.928s] -- Up-to-date: /home/puzzlebot/ros2_packages_ws/install/sllidar_ros2/share/sllidar_ros2/launch/sllidar_t1_launch.py
[1.930s] -- Up-to-date: /home/puzzlebot/ros2_packages_ws/install/sllidar_ros2/share/sllidar_ros2/launch/sllidar_s2e_launch.py
[1.934s] -- Up-to-date: /home/puzzlebot/ros2_packages_ws/install/sllidar_ros2/share/sllidar_ros2/launch/view_sllidar_a2m7_launch.py
[1.935s] -- Up-to-date: /home/puzzlebot/ros2_packages_ws/install/sllidar_ros2/share/sllidar_ros2/launch/sllidar_a2m7_launch.py
[1.936s] -- Up-to-date: /home/puzzlebot/ros2_packages_ws/install/sllidar_ros2/share/sllidar_ros2/launch/view_sllidar_c1_launch.py
[1.936s] -- Up-to-date: /home/puzzlebot/ros2_packages_ws/install/sllidar_ros2/share/sllidar_ros2/launch/view_sllidar_a2m8_launch.py
[1.937s] -- Up-to-date: /home/puzzlebot/ros2_packages_ws/install/sllidar_ros2/share/sllidar_ros2/launch/view_sllidar_s1_launch.py
[1.937s] -- Up-to-date: /home/puzzlebot/ros2_packages_ws/install/sllidar_ros2/share/sllidar_ros2/launch/view_sllidar_a1_launch.py
[1.940s] -- Up-to-date: /home/puzzlebot/ros2_packages_ws/install/sllidar_ros2/share/sllidar_ros2/launch/sllidar_s3_launch.py
[1.940s] -- Up-to-date: /home/puzzlebot/ros2_packages_ws/install/sllidar_ros2/share/sllidar_ros2/launch/sllidar_s1_launch.py
[1.941s] -- Up-to-date: /home/puzzlebot/ros2_packages_ws/install/sllidar_ros2/share/sllidar_ros2/launch/view_sllidar_s1_tcp_launch.py
[1.941s] -- Up-to-date: /home/puzzlebot/ros2_packages_ws/install/sllidar_ros2/share/sllidar_ros2/launch/sllidar_s2_launch.py
[1.942s] -- Up-to-date: /home/puzzlebot/ros2_packages_ws/install/sllidar_ros2/share/sllidar_ros2/launch/sllidar_a3_launch.py
[1.942s] -- Up-to-date: /home/puzzlebot/ros2_packages_ws/install/sllidar_ros2/share/sllidar_ros2/launch/view_sllidar_t1_launch.py
[1.943s] -- Up-to-date: /home/puzzlebot/ros2_packages_ws/install/sllidar_ros2/share/sllidar_ros2/launch/view_sllidar_s2_launch.py
[1.943s] -- Up-to-date: /home/puzzlebot/ros2_packages_ws/install/sllidar_ros2/share/sllidar_ros2/launch/sllidar_a2m12_launch .py
[1.943s] -- Up-to-date: /home/puzzlebot/ros2_packages_ws/install/sllidar_ros2/share/sllidar_ros2/launch/view_sllidar_a2m12_launch.py
[1.944s] -- Up-to-date: /home/puzzlebot/ros2_packages_ws/install/sllidar_ros2/share/sllidar_ros2/launch/sllidar_s1_tcp_launch.py
[1.944s] -- Up-to-date: /home/puzzlebot/ros2_packages_ws/install/sllidar_ros2/share/sllidar_ros2/launch/view_sllidar_a3_launch.py
[1.945s] -- Up-to-date: /home/puzzlebot/ros2_packages_ws/install/sllidar_ros2/share/sllidar_ros2/launch/sllidar_c1_launch.py
[1.945s] -- Up-to-date: /home/puzzlebot/ros2_packages_ws/install/sllidar_ros2/share/sllidar_ros2/rviz
[1.946s] -- Up-to-date: /home/puzzlebot/ros2_packages_ws/install/sllidar_ros2/share/sllidar_ros2/rviz/sllidar_ros2.rviz
[1.946s] -- Up-to-date: /home/puzzlebot/ros2_packages_ws/install/sllidar_ros2/lib/sllidar_ros2/sllidar_node
[1.954s] -- Up-to-date: /home/puzzlebot/ros2_packages_ws/install/sllidar_ros2/lib/sllidar_ros2/sllidar_client
[1.954s] -- Up-to-date: /home/puzzlebot/ros2_packages_ws/install/sllidar_ros2/share/ament_index/resource_index/package_run_dependencies/sllidar_ros2
[1.955s] -- Up-to-date: /home/puzzlebot/ros2_packages_ws/install/sllidar_ros2/share/ament_index/resource_index/parent_prefix_path/sllidar_ros2
[1.955s] -- Up-to-date: /home/puzzlebot/ros2_packages_ws/install/sllidar_ros2/share/sllidar_ros2/environment/ament_prefix_path.sh
[1.955s] -- Up-to-date: /home/puzzlebot/ros2_packages_ws/install/sllidar_ros2/share/sllidar_ros2/environment/ament_prefix_path.dsv
[1.956s] -- Up-to-date: /home/puzzlebot/ros2_packages_ws/install/sllidar_ros2/share/sllidar_ros2/environment/path.sh
[1.956s] -- Up-to-date: /home/puzzlebot/ros2_packages_ws/install/sllidar_ros2/share/sllidar_ros2/environment/path.dsv
[1.957s] -- Up-to-date: /home/puzzlebot/ros2_packages_ws/install/sllidar_ros2/share/sllidar_ros2/local_setup.bash
[1.957s] -- Up-to-date: /home/puzzlebot/ros2_packages_ws/install/sllidar_ros2/share/sllidar_ros2/local_setup.sh
[1.958s] -- Up-to-date: /home/puzzlebot/ros2_packages_ws/install/sllidar_ros2/share/sllidar_ros2/local_setup.zsh
[1.958s] -- Up-to-date: /home/puzzlebot/ros2_packages_ws/install/sllidar_ros2/share/sllidar_ros2/local_setup.dsv
[1.959s] -- Installing: /home/puzzlebot/ros2_packages_ws/install/sllidar_ros2/share/sllidar_ros2/package.dsv
[1.960s] -- Up-to-date: /home/puzzlebot/ros2_packages_ws/install/sllidar_ros2/share/ament_index/resource_index/packages/sllidar_ros2
[1.960s] -- Up-to-date: /home/puzzlebot/ros2_packages_ws/install/sllidar_ros2/share/sllidar_ros2/cmake/ament_cmake_export_dependencies-extras.cmake
[1.961s] -- Up-to-date: /home/puzzlebot/ros2_packages_ws/install/sllidar_ros2/share/sllidar_ros2/cmake/ament_cmake_export_include_directories-extras.cmake
[1.961s] -- Up-to-date: /home/puzzlebot/ros2_packages_ws/install/sllidar_ros2/share/sllidar_ros2/cmake/sllidar_ros2Config.cmake
[1.962s] -- Up-to-date: /home/puzzlebot/ros2_packages_ws/install/sllidar_ros2/share/sllidar_ros2/cmake/sllidar_ros2Config-version.cmake
[1.962s] -- Up-to-date: /home/puzzlebot/ros2_packages_ws/install/sllidar_ros2/share/sllidar_ros2/package.xml
[2.002s] Invoked command in '/home/puzzlebot/ros2_packages_ws/build/sllidar_ros2' returned '0': CMAKE_PREFIX_PATH=${CMAKE_PREFIX_PATH}:/home/puzzlebot/ros2_ws/install/puzzlebot_ros:/home/puzzlebot/ros2_packages_ws/install/localization:/home/puzzlebot/ros2_packages_ws/install/camera_viewer:/opt/ros/humble /usr/bin/cmake --install /home/puzzlebot/ros2_packages_ws/build/sllidar_ros2
