[0.171s] Invoking command in '/home/puzzlebot/Puzzlebot_Lidar_ROS1_ROS2/ros2_packages_ws/build/aruco_opencv_msgs': CMAKE_PREFIX_PATH=${CMAKE_PREFIX_PATH}:/home/puzzlebot/Puzzlebot_Lidar_ROS1_ROS2/ros2_packages_ws/install/localization:/home/puzzlebot/Puzzlebot_Lidar_ROS1_ROS2/ros2_packages_ws/install/camera_viewer:/home/puzzlebot/ros2_ws/install/puzzlebot_ros:/opt/ros/humble /usr/bin/cmake --build /home/puzzlebot/Puzzlebot_Lidar_ROS1_ROS2/ros2_packages_ws/build/aruco_opencv_msgs -- -j4 -l4
[1.802s] [  2%] Built target aruco_opencv_msgs__cpp
[1.802s] [ 12%] Built target aruco_opencv_msgs__rosidl_generator_c
[1.803s] [ 12%] Built target ament_cmake_python_copy_aruco_opencv_msgs
[1.803s] [ 23%] Built target aruco_opencv_msgs__rosidl_typesupport_introspection_cpp
[1.803s] [ 34%] Built target aruco_opencv_msgs__rosidl_typesupport_cpp
[1.804s] [ 44%] Built target aruco_opencv_msgs__rosidl_typesupport_fastrtps_cpp
[1.806s] [ 55%] Built target aruco_opencv_msgs__rosidl_typesupport_fastrtps_c
[1.806s] [ 65%] Built target aruco_opencv_msgs__rosidl_typesupport_c
[1.807s] [ 76%] Built target aruco_opencv_msgs__rosidl_typesupport_introspection_c
[1.807s] [ 76%] Built target aruco_opencv_msgs
[1.911s] [ 78%] Built target aruco_opencv_msgs__py
[2.266s] [ 87%] Built target aruco_opencv_msgs__rosidl_generator_py
[2.844s] [ 91%] Built target aruco_opencv_msgs__rosidl_typesupport_introspection_c__pyext
[2.871s] [ 95%] Built target aruco_opencv_msgs__rosidl_typesupport_c__pyext
[2.894s] [100%] Built target aruco_opencv_msgs__rosidl_typesupport_fastrtps_c__pyext
[3.073s] running egg_info
[3.076s] writing aruco_opencv_msgs.egg-info/PKG-INFO
[3.077s] writing dependency_links to aruco_opencv_msgs.egg-info/dependency_links.txt
[3.077s] writing top-level names to aruco_opencv_msgs.egg-info/top_level.txt
[3.353s] reading manifest file 'aruco_opencv_msgs.egg-info/SOURCES.txt'
[3.359s] writing manifest file 'aruco_opencv_msgs.egg-info/SOURCES.txt'
[3.590s] [100%] Built target ament_cmake_python_build_aruco_opencv_msgs_egg
[4.826s] Invoked command in '/home/puzzlebot/Puzzlebot_Lidar_ROS1_ROS2/ros2_packages_ws/build/aruco_opencv_msgs' returned '0': CMAKE_PREFIX_PATH=${CMAKE_PREFIX_PATH}:/home/puzzlebot/Puzzlebot_Lidar_ROS1_ROS2/ros2_packages_ws/install/localization:/home/puzzlebot/Puzzlebot_Lidar_ROS1_ROS2/ros2_packages_ws/install/camera_viewer:/home/puzzlebot/ros2_ws/install/puzzlebot_ros:/opt/ros/humble /usr/bin/cmake --build /home/puzzlebot/Puzzlebot_Lidar_ROS1_ROS2/ros2_packages_ws/build/aruco_opencv_msgs -- -j4 -l4
[6.590s] Invoking command in '/home/puzzlebot/Puzzlebot_Lidar_ROS1_ROS2/ros2_packages_ws/build/aruco_opencv_msgs': CMAKE_PREFIX_PATH=${CMAKE_PREFIX_PATH}:/home/puzzlebot/Puzzlebot_Lidar_ROS1_ROS2/ros2_packages_ws/install/localization:/home/puzzlebot/Puzzlebot_Lidar_ROS1_ROS2/ros2_packages_ws/install/camera_viewer:/home/puzzlebot/ros2_ws/install/puzzlebot_ros:/opt/ros/humble /usr/bin/cmake --install /home/puzzlebot/Puzzlebot_Lidar_ROS1_ROS2/ros2_packages_ws/build/aruco_opencv_msgs
[6.634s] -- Install configuration: ""
[6.638s] -- Up-to-date: /home/puzzlebot/Puzzlebot_Lidar_ROS1_ROS2/ros2_packages_ws/install/aruco_opencv_msgs/share/ament_index/resource_index/rosidl_interfaces/aruco_opencv_msgs
[6.644s] -- Up-to-date: /home/puzzlebot/Puzzlebot_Lidar_ROS1_ROS2/ros2_packages_ws/install/aruco_opencv_msgs/include/aruco_opencv_msgs/aruco_opencv_msgs
[6.645s] -- Up-to-date: /home/puzzlebot/Puzzlebot_Lidar_ROS1_ROS2/ros2_packages_ws/install/aruco_opencv_msgs/include/aruco_opencv_msgs/aruco_opencv_msgs/msg
[6.645s] -- Up-to-date: /home/puzzlebot/Puzzlebot_Lidar_ROS1_ROS2/ros2_packages_ws/install/aruco_opencv_msgs/include/aruco_opencv_msgs/aruco_opencv_msgs/msg/aruco_detection.h
[6.645s] -- Up-to-date: /home/puzzlebot/Puzzlebot_Lidar_ROS1_ROS2/ros2_packages_ws/install/aruco_opencv_msgs/include/aruco_opencv_msgs/aruco_opencv_msgs/msg/rosidl_generator_c__visibility_control.h
[6.646s] -- Up-to-date: /home/puzzlebot/Puzzlebot_Lidar_ROS1_ROS2/ros2_packages_ws/install/aruco_opencv_msgs/include/aruco_opencv_msgs/aruco_opencv_msgs/msg/detail
[6.647s] -- Up-to-date: /home/puzzlebot/Puzzlebot_Lidar_ROS1_ROS2/ros2_packages_ws/install/aruco_opencv_msgs/include/aruco_opencv_msgs/aruco_opencv_msgs/msg/detail/board_pose__functions.c
[6.647s] -- Up-to-date: /home/puzzlebot/Puzzlebot_Lidar_ROS1_ROS2/ros2_packages_ws/install/aruco_opencv_msgs/include/aruco_opencv_msgs/aruco_opencv_msgs/msg/detail/aruco_detection__functions.c
[6.648s] -- Up-to-date: /home/puzzlebot/Puzzlebot_Lidar_ROS1_ROS2/ros2_packages_ws/install/aruco_opencv_msgs/include/aruco_opencv_msgs/aruco_opencv_msgs/msg/detail/board_pose__type_support.h
[6.648s] -- Up-to-date: /home/puzzlebot/Puzzlebot_Lidar_ROS1_ROS2/ros2_packages_ws/install/aruco_opencv_msgs/include/aruco_opencv_msgs/aruco_opencv_msgs/msg/detail/marker_pose__functions.c
[6.649s] -- Up-to-date: /home/puzzlebot/Puzzlebot_Lidar_ROS1_ROS2/ros2_packages_ws/install/aruco_opencv_msgs/include/aruco_opencv_msgs/aruco_opencv_msgs/msg/detail/aruco_detection__type_support.h
[6.649s] -- Up-to-date: /home/puzzlebot/Puzzlebot_Lidar_ROS1_ROS2/ros2_packages_ws/install/aruco_opencv_msgs/include/aruco_opencv_msgs/aruco_opencv_msgs/msg/detail/aruco_detection__struct.h
[6.650s] -- Up-to-date: /home/puzzlebot/Puzzlebot_Lidar_ROS1_ROS2/ros2_packages_ws/install/aruco_opencv_msgs/include/aruco_opencv_msgs/aruco_opencv_msgs/msg/detail/marker_pose__type_support.h
[6.650s] -- Up-to-date: /home/puzzlebot/Puzzlebot_Lidar_ROS1_ROS2/ros2_packages_ws/install/aruco_opencv_msgs/include/aruco_opencv_msgs/aruco_opencv_msgs/msg/detail/board_pose__functions.h
[6.651s] -- Up-to-date: /home/puzzlebot/Puzzlebot_Lidar_ROS1_ROS2/ros2_packages_ws/install/aruco_opencv_msgs/include/aruco_opencv_msgs/aruco_opencv_msgs/msg/detail/marker_pose__struct.h
[6.656s] -- Up-to-date: /home/puzzlebot/Puzzlebot_Lidar_ROS1_ROS2/ros2_packages_ws/install/aruco_opencv_msgs/include/aruco_opencv_msgs/aruco_opencv_msgs/msg/detail/aruco_detection__functions.h
[6.656s] -- Up-to-date: /home/puzzlebot/Puzzlebot_Lidar_ROS1_ROS2/ros2_packages_ws/install/aruco_opencv_msgs/include/aruco_opencv_msgs/aruco_opencv_msgs/msg/detail/board_pose__struct.h
[6.657s] -- Up-to-date: /home/puzzlebot/Puzzlebot_Lidar_ROS1_ROS2/ros2_packages_ws/install/aruco_opencv_msgs/include/aruco_opencv_msgs/aruco_opencv_msgs/msg/detail/marker_pose__functions.h
[6.658s] -- Up-to-date: /home/puzzlebot/Puzzlebot_Lidar_ROS1_ROS2/ros2_packages_ws/install/aruco_opencv_msgs/include/aruco_opencv_msgs/aruco_opencv_msgs/msg/board_pose.h
[6.658s] -- Up-to-date: /home/puzzlebot/Puzzlebot_Lidar_ROS1_ROS2/ros2_packages_ws/install/aruco_opencv_msgs/include/aruco_opencv_msgs/aruco_opencv_msgs/msg/marker_pose.h
[6.659s] -- Up-to-date: /home/puzzlebot/Puzzlebot_Lidar_ROS1_ROS2/ros2_packages_ws/install/aruco_opencv_msgs/share/aruco_opencv_msgs/environment/library_path.sh
[6.659s] -- Up-to-date: /home/puzzlebot/Puzzlebot_Lidar_ROS1_ROS2/ros2_packages_ws/install/aruco_opencv_msgs/share/aruco_opencv_msgs/environment/library_path.dsv
[6.660s] -- Up-to-date: /home/puzzlebot/Puzzlebot_Lidar_ROS1_ROS2/ros2_packages_ws/install/aruco_opencv_msgs/lib/libaruco_opencv_msgs__rosidl_generator_c.so
[6.660s] -- Up-to-date: /home/puzzlebot/Puzzlebot_Lidar_ROS1_ROS2/ros2_packages_ws/install/aruco_opencv_msgs/include/aruco_opencv_msgs/aruco_opencv_msgs
[6.661s] -- Up-to-date: /home/puzzlebot/Puzzlebot_Lidar_ROS1_ROS2/ros2_packages_ws/install/aruco_opencv_msgs/include/aruco_opencv_msgs/aruco_opencv_msgs/msg
[6.661s] -- Up-to-date: /home/puzzlebot/Puzzlebot_Lidar_ROS1_ROS2/ros2_packages_ws/install/aruco_opencv_msgs/include/aruco_opencv_msgs/aruco_opencv_msgs/msg/rosidl_typesupport_fastrtps_c__visibility_control.h
[6.662s] -- Up-to-date: /home/puzzlebot/Puzzlebot_Lidar_ROS1_ROS2/ros2_packages_ws/install/aruco_opencv_msgs/include/aruco_opencv_msgs/aruco_opencv_msgs/msg/detail
[6.662s] -- Up-to-date: /home/puzzlebot/Puzzlebot_Lidar_ROS1_ROS2/ros2_packages_ws/install/aruco_opencv_msgs/include/aruco_opencv_msgs/aruco_opencv_msgs/msg/detail/board_pose__rosidl_typesupport_fastrtps_c.h
[6.663s] -- Up-to-date: /home/puzzlebot/Puzzlebot_Lidar_ROS1_ROS2/ros2_packages_ws/install/aruco_opencv_msgs/include/aruco_opencv_msgs/aruco_opencv_msgs/msg/detail/aruco_detection__rosidl_typesupport_fastrtps_c.h
[6.663s] -- Up-to-date: /home/puzzlebot/Puzzlebot_Lidar_ROS1_ROS2/ros2_packages_ws/install/aruco_opencv_msgs/include/aruco_opencv_msgs/aruco_opencv_msgs/msg/detail/marker_pose__rosidl_typesupport_fastrtps_c.h
[6.664s] -- Up-to-date: /home/puzzlebot/Puzzlebot_Lidar_ROS1_ROS2/ros2_packages_ws/install/aruco_opencv_msgs/lib/libaruco_opencv_msgs__rosidl_typesupport_fastrtps_c.so
[6.664s] -- Up-to-date: /home/puzzlebot/Puzzlebot_Lidar_ROS1_ROS2/ros2_packages_ws/install/aruco_opencv_msgs/include/aruco_opencv_msgs/aruco_opencv_msgs
[6.673s] -- Up-to-date: /home/puzzlebot/Puzzlebot_Lidar_ROS1_ROS2/ros2_packages_ws/install/aruco_opencv_msgs/include/aruco_opencv_msgs/aruco_opencv_msgs/msg
[6.673s] -- Up-to-date: /home/puzzlebot/Puzzlebot_Lidar_ROS1_ROS2/ros2_packages_ws/install/aruco_opencv_msgs/include/aruco_opencv_msgs/aruco_opencv_msgs/msg/rosidl_typesupport_introspection_c__visibility_control.h
[6.674s] -- Up-to-date: /home/puzzlebot/Puzzlebot_Lidar_ROS1_ROS2/ros2_packages_ws/install/aruco_opencv_msgs/include/aruco_opencv_msgs/aruco_opencv_msgs/msg/detail
[6.675s] -- Up-to-date: /home/puzzlebot/Puzzlebot_Lidar_ROS1_ROS2/ros2_packages_ws/install/aruco_opencv_msgs/include/aruco_opencv_msgs/aruco_opencv_msgs/msg/detail/marker_pose__type_support.c
[6.675s] -- Up-to-date: /home/puzzlebot/Puzzlebot_Lidar_ROS1_ROS2/ros2_packages_ws/install/aruco_opencv_msgs/include/aruco_opencv_msgs/aruco_opencv_msgs/msg/detail/marker_pose__rosidl_typesupport_introspection_c.h
[6.676s] -- Up-to-date: /home/puzzlebot/Puzzlebot_Lidar_ROS1_ROS2/ros2_packages_ws/install/aruco_opencv_msgs/include/aruco_opencv_msgs/aruco_opencv_msgs/msg/detail/board_pose__type_support.c
[6.677s] -- Up-to-date: /home/puzzlebot/Puzzlebot_Lidar_ROS1_ROS2/ros2_packages_ws/install/aruco_opencv_msgs/include/aruco_opencv_msgs/aruco_opencv_msgs/msg/detail/board_pose__rosidl_typesupport_introspection_c.h
[6.678s] -- Up-to-date: /home/puzzlebot/Puzzlebot_Lidar_ROS1_ROS2/ros2_packages_ws/install/aruco_opencv_msgs/include/aruco_opencv_msgs/aruco_opencv_msgs/msg/detail/aruco_detection__type_support.c
[6.679s] -- Up-to-date: /home/puzzlebot/Puzzlebot_Lidar_ROS1_ROS2/ros2_packages_ws/install/aruco_opencv_msgs/include/aruco_opencv_msgs/aruco_opencv_msgs/msg/detail/aruco_detection__rosidl_typesupport_introspection_c.h
[6.679s] -- Up-to-date: /home/puzzlebot/Puzzlebot_Lidar_ROS1_ROS2/ros2_packages_ws/install/aruco_opencv_msgs/lib/libaruco_opencv_msgs__rosidl_typesupport_introspection_c.so
[6.680s] -- Up-to-date: /home/puzzlebot/Puzzlebot_Lidar_ROS1_ROS2/ros2_packages_ws/install/aruco_opencv_msgs/lib/libaruco_opencv_msgs__rosidl_typesupport_c.so
[6.680s] -- Up-to-date: /home/puzzlebot/Puzzlebot_Lidar_ROS1_ROS2/ros2_packages_ws/install/aruco_opencv_msgs/include/aruco_opencv_msgs/aruco_opencv_msgs
[6.681s] -- Up-to-date: /home/puzzlebot/Puzzlebot_Lidar_ROS1_ROS2/ros2_packages_ws/install/aruco_opencv_msgs/include/aruco_opencv_msgs/aruco_opencv_msgs/msg
[6.681s] -- Up-to-date: /home/puzzlebot/Puzzlebot_Lidar_ROS1_ROS2/ros2_packages_ws/install/aruco_opencv_msgs/include/aruco_opencv_msgs/aruco_opencv_msgs/msg/board_pose.hpp
[6.682s] -- Up-to-date: /home/puzzlebot/Puzzlebot_Lidar_ROS1_ROS2/ros2_packages_ws/install/aruco_opencv_msgs/include/aruco_opencv_msgs/aruco_opencv_msgs/msg/marker_pose.hpp
[6.682s] -- Up-to-date: /home/puzzlebot/Puzzlebot_Lidar_ROS1_ROS2/ros2_packages_ws/install/aruco_opencv_msgs/include/aruco_opencv_msgs/aruco_opencv_msgs/msg/detail
[6.683s] -- Up-to-date: /home/puzzlebot/Puzzlebot_Lidar_ROS1_ROS2/ros2_packages_ws/install/aruco_opencv_msgs/include/aruco_opencv_msgs/aruco_opencv_msgs/msg/detail/aruco_detection__builder.hpp
[6.683s] -- Up-to-date: /home/puzzlebot/Puzzlebot_Lidar_ROS1_ROS2/ros2_packages_ws/install/aruco_opencv_msgs/include/aruco_opencv_msgs/aruco_opencv_msgs/msg/detail/aruco_detection__traits.hpp
[6.691s] -- Up-to-date: /home/puzzlebot/Puzzlebot_Lidar_ROS1_ROS2/ros2_packages_ws/install/aruco_opencv_msgs/include/aruco_opencv_msgs/aruco_opencv_msgs/msg/detail/board_pose__builder.hpp
[6.691s] -- Up-to-date: /home/puzzlebot/Puzzlebot_Lidar_ROS1_ROS2/ros2_packages_ws/install/aruco_opencv_msgs/include/aruco_opencv_msgs/aruco_opencv_msgs/msg/detail/marker_pose__builder.hpp
[6.692s] -- Up-to-date: /home/puzzlebot/Puzzlebot_Lidar_ROS1_ROS2/ros2_packages_ws/install/aruco_opencv_msgs/include/aruco_opencv_msgs/aruco_opencv_msgs/msg/detail/aruco_detection__struct.hpp
[6.693s] -- Up-to-date: /home/puzzlebot/Puzzlebot_Lidar_ROS1_ROS2/ros2_packages_ws/install/aruco_opencv_msgs/include/aruco_opencv_msgs/aruco_opencv_msgs/msg/detail/marker_pose__struct.hpp
[6.693s] -- Up-to-date: /home/puzzlebot/Puzzlebot_Lidar_ROS1_ROS2/ros2_packages_ws/install/aruco_opencv_msgs/include/aruco_opencv_msgs/aruco_opencv_msgs/msg/detail/board_pose__struct.hpp
[6.694s] -- Up-to-date: /home/puzzlebot/Puzzlebot_Lidar_ROS1_ROS2/ros2_packages_ws/install/aruco_opencv_msgs/include/aruco_opencv_msgs/aruco_opencv_msgs/msg/detail/marker_pose__traits.hpp
[6.694s] -- Up-to-date: /home/puzzlebot/Puzzlebot_Lidar_ROS1_ROS2/ros2_packages_ws/install/aruco_opencv_msgs/include/aruco_opencv_msgs/aruco_opencv_msgs/msg/detail/board_pose__traits.hpp
[6.695s] -- Up-to-date: /home/puzzlebot/Puzzlebot_Lidar_ROS1_ROS2/ros2_packages_ws/install/aruco_opencv_msgs/include/aruco_opencv_msgs/aruco_opencv_msgs/msg/aruco_detection.hpp
[6.695s] -- Up-to-date: /home/puzzlebot/Puzzlebot_Lidar_ROS1_ROS2/ros2_packages_ws/install/aruco_opencv_msgs/include/aruco_opencv_msgs/aruco_opencv_msgs
[6.700s] -- Up-to-date: /home/puzzlebot/Puzzlebot_Lidar_ROS1_ROS2/ros2_packages_ws/install/aruco_opencv_msgs/include/aruco_opencv_msgs/aruco_opencv_msgs/msg
[6.708s] -- Up-to-date: /home/puzzlebot/Puzzlebot_Lidar_ROS1_ROS2/ros2_packages_ws/install/aruco_opencv_msgs/include/aruco_opencv_msgs/aruco_opencv_msgs/msg/rosidl_typesupport_fastrtps_cpp__visibility_control.h
[6.708s] -- Up-to-date: /home/puzzlebot/Puzzlebot_Lidar_ROS1_ROS2/ros2_packages_ws/install/aruco_opencv_msgs/include/aruco_opencv_msgs/aruco_opencv_msgs/msg/detail
[6.709s] -- Up-to-date: /home/puzzlebot/Puzzlebot_Lidar_ROS1_ROS2/ros2_packages_ws/install/aruco_opencv_msgs/include/aruco_opencv_msgs/aruco_opencv_msgs/msg/detail/dds_fastrtps
[6.710s] -- Up-to-date: /home/puzzlebot/Puzzlebot_Lidar_ROS1_ROS2/ros2_packages_ws/install/aruco_opencv_msgs/include/aruco_opencv_msgs/aruco_opencv_msgs/msg/detail/board_pose__rosidl_typesupport_fastrtps_cpp.hpp
[6.710s] -- Up-to-date: /home/puzzlebot/Puzzlebot_Lidar_ROS1_ROS2/ros2_packages_ws/install/aruco_opencv_msgs/include/aruco_opencv_msgs/aruco_opencv_msgs/msg/detail/marker_pose__rosidl_typesupport_fastrtps_cpp.hpp
[6.710s] -- Up-to-date: /home/puzzlebot/Puzzlebot_Lidar_ROS1_ROS2/ros2_packages_ws/install/aruco_opencv_msgs/include/aruco_opencv_msgs/aruco_opencv_msgs/msg/detail/aruco_detection__rosidl_typesupport_fastrtps_cpp.hpp
[6.711s] -- Up-to-date: /home/puzzlebot/Puzzlebot_Lidar_ROS1_ROS2/ros2_packages_ws/install/aruco_opencv_msgs/lib/libaruco_opencv_msgs__rosidl_typesupport_fastrtps_cpp.so
[6.712s] -- Up-to-date: /home/puzzlebot/Puzzlebot_Lidar_ROS1_ROS2/ros2_packages_ws/install/aruco_opencv_msgs/include/aruco_opencv_msgs/aruco_opencv_msgs
[6.712s] -- Up-to-date: /home/puzzlebot/Puzzlebot_Lidar_ROS1_ROS2/ros2_packages_ws/install/aruco_opencv_msgs/include/aruco_opencv_msgs/aruco_opencv_msgs/msg
[6.713s] -- Up-to-date: /home/puzzlebot/Puzzlebot_Lidar_ROS1_ROS2/ros2_packages_ws/install/aruco_opencv_msgs/include/aruco_opencv_msgs/aruco_opencv_msgs/msg/detail
[6.713s] -- Up-to-date: /home/puzzlebot/Puzzlebot_Lidar_ROS1_ROS2/ros2_packages_ws/install/aruco_opencv_msgs/include/aruco_opencv_msgs/aruco_opencv_msgs/msg/detail/board_pose__rosidl_typesupport_introspection_cpp.hpp
[6.714s] -- Up-to-date: /home/puzzlebot/Puzzlebot_Lidar_ROS1_ROS2/ros2_packages_ws/install/aruco_opencv_msgs/include/aruco_opencv_msgs/aruco_opencv_msgs/msg/detail/aruco_detection__type_support.cpp
[6.714s] -- Up-to-date: /home/puzzlebot/Puzzlebot_Lidar_ROS1_ROS2/ros2_packages_ws/install/aruco_opencv_msgs/include/aruco_opencv_msgs/aruco_opencv_msgs/msg/detail/marker_pose__rosidl_typesupport_introspection_cpp.hpp
[6.718s] -- Up-to-date: /home/puzzlebot/Puzzlebot_Lidar_ROS1_ROS2/ros2_packages_ws/install/aruco_opencv_msgs/include/aruco_opencv_msgs/aruco_opencv_msgs/msg/detail/aruco_detection__rosidl_typesupport_introspection_cpp.hpp
[6.719s] -- Up-to-date: /home/puzzlebot/Puzzlebot_Lidar_ROS1_ROS2/ros2_packages_ws/install/aruco_opencv_msgs/include/aruco_opencv_msgs/aruco_opencv_msgs/msg/detail/board_pose__type_support.cpp
[6.719s] -- Up-to-date: /home/puzzlebot/Puzzlebot_Lidar_ROS1_ROS2/ros2_packages_ws/install/aruco_opencv_msgs/include/aruco_opencv_msgs/aruco_opencv_msgs/msg/detail/marker_pose__type_support.cpp
[6.729s] -- Up-to-date: /home/puzzlebot/Puzzlebot_Lidar_ROS1_ROS2/ros2_packages_ws/install/aruco_opencv_msgs/lib/libaruco_opencv_msgs__rosidl_typesupport_introspection_cpp.so
[6.730s] -- Up-to-date: /home/puzzlebot/Puzzlebot_Lidar_ROS1_ROS2/ros2_packages_ws/install/aruco_opencv_msgs/lib/libaruco_opencv_msgs__rosidl_typesupport_cpp.so
[6.730s] -- Up-to-date: /home/puzzlebot/Puzzlebot_Lidar_ROS1_ROS2/ros2_packages_ws/install/aruco_opencv_msgs/share/aruco_opencv_msgs/environment/pythonpath.sh
[6.731s] -- Up-to-date: /home/puzzlebot/Puzzlebot_Lidar_ROS1_ROS2/ros2_packages_ws/install/aruco_opencv_msgs/share/aruco_opencv_msgs/environment/pythonpath.dsv
[6.731s] -- Up-to-date: /home/puzzlebot/Puzzlebot_Lidar_ROS1_ROS2/ros2_packages_ws/install/aruco_opencv_msgs/lib/python3.8/site-packages/aruco_opencv_msgs-2.2.0-py3.8.egg-info
[6.736s] -- Installing: /home/puzzlebot/Puzzlebot_Lidar_ROS1_ROS2/ros2_packages_ws/install/aruco_opencv_msgs/lib/python3.8/site-packages/aruco_opencv_msgs-2.2.0-py3.8.egg-info/top_level.txt
[6.736s] -- Installing: /home/puzzlebot/Puzzlebot_Lidar_ROS1_ROS2/ros2_packages_ws/install/aruco_opencv_msgs/lib/python3.8/site-packages/aruco_opencv_msgs-2.2.0-py3.8.egg-info/PKG-INFO
[6.740s] -- Installing: /home/puzzlebot/Puzzlebot_Lidar_ROS1_ROS2/ros2_packages_ws/install/aruco_opencv_msgs/lib/python3.8/site-packages/aruco_opencv_msgs-2.2.0-py3.8.egg-info/SOURCES.txt
[6.741s] -- Installing: /home/puzzlebot/Puzzlebot_Lidar_ROS1_ROS2/ros2_packages_ws/install/aruco_opencv_msgs/lib/python3.8/site-packages/aruco_opencv_msgs-2.2.0-py3.8.egg-info/dependency_links.txt
[6.741s] -- Up-to-date: /home/puzzlebot/Puzzlebot_Lidar_ROS1_ROS2/ros2_packages_ws/install/aruco_opencv_msgs/lib/python3.8/site-packages/aruco_opencv_msgs
[6.742s] -- Up-to-date: /home/puzzlebot/Puzzlebot_Lidar_ROS1_ROS2/ros2_packages_ws/install/aruco_opencv_msgs/lib/python3.8/site-packages/aruco_opencv_msgs/aruco_opencv_msgs_s__rosidl_typesupport_c.cpython-38-aarch64-linux-gnu.so
[6.742s] -- Up-to-date: /home/puzzlebot/Puzzlebot_Lidar_ROS1_ROS2/ros2_packages_ws/install/aruco_opencv_msgs/lib/python3.8/site-packages/aruco_opencv_msgs/__init__.py
[6.743s] -- Up-to-date: /home/puzzlebot/Puzzlebot_Lidar_ROS1_ROS2/ros2_packages_ws/install/aruco_opencv_msgs/lib/python3.8/site-packages/aruco_opencv_msgs/_aruco_opencv_msgs_s.ep.rosidl_typesupport_fastrtps_c.c
[6.743s] -- Up-to-date: /home/puzzlebot/Puzzlebot_Lidar_ROS1_ROS2/ros2_packages_ws/install/aruco_opencv_msgs/lib/python3.8/site-packages/aruco_opencv_msgs/msg
[6.744s] -- Up-to-date: /home/puzzlebot/Puzzlebot_Lidar_ROS1_ROS2/ros2_packages_ws/install/aruco_opencv_msgs/lib/python3.8/site-packages/aruco_opencv_msgs/msg/_marker_pose_s.c
[6.756s] -- Up-to-date: /home/puzzlebot/Puzzlebot_Lidar_ROS1_ROS2/ros2_packages_ws/install/aruco_opencv_msgs/lib/python3.8/site-packages/aruco_opencv_msgs/msg/__init__.py
[6.773s] -- Up-to-date: /home/puzzlebot/Puzzlebot_Lidar_ROS1_ROS2/ros2_packages_ws/install/aruco_opencv_msgs/lib/python3.8/site-packages/aruco_opencv_msgs/msg/_board_pose.py
[6.773s] -- Up-to-date: /home/puzzlebot/Puzzlebot_Lidar_ROS1_ROS2/ros2_packages_ws/install/aruco_opencv_msgs/lib/python3.8/site-packages/aruco_opencv_msgs/msg/_aruco_detection_s.c
[6.775s] -- Up-to-date: /home/puzzlebot/Puzzlebot_Lidar_ROS1_ROS2/ros2_packages_ws/install/aruco_opencv_msgs/lib/python3.8/site-packages/aruco_opencv_msgs/msg/_marker_pose.py
[6.780s] -- Up-to-date: /home/puzzlebot/Puzzlebot_Lidar_ROS1_ROS2/ros2_packages_ws/install/aruco_opencv_msgs/lib/python3.8/site-packages/aruco_opencv_msgs/msg/_aruco_detection.py
[6.780s] -- Up-to-date: /home/puzzlebot/Puzzlebot_Lidar_ROS1_ROS2/ros2_packages_ws/install/aruco_opencv_msgs/lib/python3.8/site-packages/aruco_opencv_msgs/msg/_board_pose_s.c
[6.781s] -- Up-to-date: /home/puzzlebot/Puzzlebot_Lidar_ROS1_ROS2/ros2_packages_ws/install/aruco_opencv_msgs/lib/python3.8/site-packages/aruco_opencv_msgs/_aruco_opencv_msgs_s.ep.rosidl_typesupport_c.c
[6.781s] -- Up-to-date: /home/puzzlebot/Puzzlebot_Lidar_ROS1_ROS2/ros2_packages_ws/install/aruco_opencv_msgs/lib/python3.8/site-packages/aruco_opencv_msgs/aruco_opencv_msgs_s__rosidl_typesupport_fastrtps_c.cpython-38-aarch64-linux-gnu.so
[6.782s] -- Up-to-date: /home/puzzlebot/Puzzlebot_Lidar_ROS1_ROS2/ros2_packages_ws/install/aruco_opencv_msgs/lib/python3.8/site-packages/aruco_opencv_msgs/_aruco_opencv_msgs_s.ep.rosidl_typesupport_introspection_c.c
[6.783s] -- Up-to-date: /home/puzzlebot/Puzzlebot_Lidar_ROS1_ROS2/ros2_packages_ws/install/aruco_opencv_msgs/lib/python3.8/site-packages/aruco_opencv_msgs/libaruco_opencv_msgs__rosidl_generator_py.so
[6.784s] -- Up-to-date: /home/puzzlebot/Puzzlebot_Lidar_ROS1_ROS2/ros2_packages_ws/install/aruco_opencv_msgs/lib/python3.8/site-packages/aruco_opencv_msgs/aruco_opencv_msgs_s__rosidl_typesupport_introspection_c.cpython-38-aarch64-linux-gnu.so
[7.051s] Listing '/home/puzzlebot/Puzzlebot_Lidar_ROS1_ROS2/ros2_packages_ws/install/aruco_opencv_msgs/lib/python3.8/site-packages/aruco_opencv_msgs'...
[7.051s] Listing '/home/puzzlebot/Puzzlebot_Lidar_ROS1_ROS2/ros2_packages_ws/install/aruco_opencv_msgs/lib/python3.8/site-packages/aruco_opencv_msgs/msg'...
[7.105s] -- Up-to-date: /home/puzzlebot/Puzzlebot_Lidar_ROS1_ROS2/ros2_packages_ws/install/aruco_opencv_msgs/lib/python3.8/site-packages/aruco_opencv_msgs/aruco_opencv_msgs_s__rosidl_typesupport_fastrtps_c.cpython-38-aarch64-linux-gnu.so
[7.107s] -- Up-to-date: /home/puzzlebot/Puzzlebot_Lidar_ROS1_ROS2/ros2_packages_ws/install/aruco_opencv_msgs/lib/python3.8/site-packages/aruco_opencv_msgs/aruco_opencv_msgs_s__rosidl_typesupport_introspection_c.cpython-38-aarch64-linux-gnu.so
[7.110s] -- Up-to-date: /home/puzzlebot/Puzzlebot_Lidar_ROS1_ROS2/ros2_packages_ws/install/aruco_opencv_msgs/lib/python3.8/site-packages/aruco_opencv_msgs/aruco_opencv_msgs_s__rosidl_typesupport_c.cpython-38-aarch64-linux-gnu.so
[7.113s] -- Up-to-date: /home/puzzlebot/Puzzlebot_Lidar_ROS1_ROS2/ros2_packages_ws/install/aruco_opencv_msgs/lib/libaruco_opencv_msgs__rosidl_generator_py.so
[7.124s] -- Up-to-date: /home/puzzlebot/Puzzlebot_Lidar_ROS1_ROS2/ros2_packages_ws/install/aruco_opencv_msgs/share/aruco_opencv_msgs/msg/ArucoDetection.idl
[7.125s] -- Up-to-date: /home/puzzlebot/Puzzlebot_Lidar_ROS1_ROS2/ros2_packages_ws/install/aruco_opencv_msgs/share/aruco_opencv_msgs/msg/BoardPose.idl
[7.127s] -- Up-to-date: /home/puzzlebot/Puzzlebot_Lidar_ROS1_ROS2/ros2_packages_ws/install/aruco_opencv_msgs/share/aruco_opencv_msgs/msg/MarkerPose.idl
[7.128s] -- Up-to-date: /home/puzzlebot/Puzzlebot_Lidar_ROS1_ROS2/ros2_packages_ws/install/aruco_opencv_msgs/share/aruco_opencv_msgs/msg/ArucoDetection.msg
[7.129s] -- Up-to-date: /home/puzzlebot/Puzzlebot_Lidar_ROS1_ROS2/ros2_packages_ws/install/aruco_opencv_msgs/share/aruco_opencv_msgs/msg/BoardPose.msg
[7.130s] -- Up-to-date: /home/puzzlebot/Puzzlebot_Lidar_ROS1_ROS2/ros2_packages_ws/install/aruco_opencv_msgs/share/aruco_opencv_msgs/msg/MarkerPose.msg
[7.131s] -- Up-to-date: /home/puzzlebot/Puzzlebot_Lidar_ROS1_ROS2/ros2_packages_ws/install/aruco_opencv_msgs/share/ament_index/resource_index/package_run_dependencies/aruco_opencv_msgs
[7.135s] -- Up-to-date: /home/puzzlebot/Puzzlebot_Lidar_ROS1_ROS2/ros2_packages_ws/install/aruco_opencv_msgs/share/ament_index/resource_index/parent_prefix_path/aruco_opencv_msgs
[7.137s] -- Up-to-date: /home/puzzlebot/Puzzlebot_Lidar_ROS1_ROS2/ros2_packages_ws/install/aruco_opencv_msgs/share/aruco_opencv_msgs/environment/ament_prefix_path.sh
[7.138s] -- Up-to-date: /home/puzzlebot/Puzzlebot_Lidar_ROS1_ROS2/ros2_packages_ws/install/aruco_opencv_msgs/share/aruco_opencv_msgs/environment/ament_prefix_path.dsv
[7.140s] -- Up-to-date: /home/puzzlebot/Puzzlebot_Lidar_ROS1_ROS2/ros2_packages_ws/install/aruco_opencv_msgs/share/aruco_opencv_msgs/environment/path.sh
[7.141s] -- Up-to-date: /home/puzzlebot/Puzzlebot_Lidar_ROS1_ROS2/ros2_packages_ws/install/aruco_opencv_msgs/share/aruco_opencv_msgs/environment/path.dsv
[7.143s] -- Up-to-date: /home/puzzlebot/Puzzlebot_Lidar_ROS1_ROS2/ros2_packages_ws/install/aruco_opencv_msgs/share/aruco_opencv_msgs/local_setup.bash
[7.145s] -- Up-to-date: /home/puzzlebot/Puzzlebot_Lidar_ROS1_ROS2/ros2_packages_ws/install/aruco_opencv_msgs/share/aruco_opencv_msgs/local_setup.sh
[7.145s] -- Up-to-date: /home/puzzlebot/Puzzlebot_Lidar_ROS1_ROS2/ros2_packages_ws/install/aruco_opencv_msgs/share/aruco_opencv_msgs/local_setup.zsh
[7.148s] -- Up-to-date: /home/puzzlebot/Puzzlebot_Lidar_ROS1_ROS2/ros2_packages_ws/install/aruco_opencv_msgs/share/aruco_opencv_msgs/local_setup.dsv
[7.149s] -- Installing: /home/puzzlebot/Puzzlebot_Lidar_ROS1_ROS2/ros2_packages_ws/install/aruco_opencv_msgs/share/aruco_opencv_msgs/package.dsv
[7.161s] -- Up-to-date: /home/puzzlebot/Puzzlebot_Lidar_ROS1_ROS2/ros2_packages_ws/install/aruco_opencv_msgs/share/ament_index/resource_index/packages/aruco_opencv_msgs
[7.163s] -- Up-to-date: /home/puzzlebot/Puzzlebot_Lidar_ROS1_ROS2/ros2_packages_ws/install/aruco_opencv_msgs/share/aruco_opencv_msgs/cmake/export_aruco_opencv_msgs__rosidl_generator_cExport.cmake
[7.165s] -- Up-to-date: /home/puzzlebot/Puzzlebot_Lidar_ROS1_ROS2/ros2_packages_ws/install/aruco_opencv_msgs/share/aruco_opencv_msgs/cmake/export_aruco_opencv_msgs__rosidl_generator_cExport-noconfig.cmake
[7.168s] -- Up-to-date: /home/puzzlebot/Puzzlebot_Lidar_ROS1_ROS2/ros2_packages_ws/install/aruco_opencv_msgs/share/aruco_opencv_msgs/cmake/export_aruco_opencv_msgs__rosidl_typesupport_fastrtps_cExport.cmake
[7.171s] -- Up-to-date: /home/puzzlebot/Puzzlebot_Lidar_ROS1_ROS2/ros2_packages_ws/install/aruco_opencv_msgs/share/aruco_opencv_msgs/cmake/export_aruco_opencv_msgs__rosidl_typesupport_fastrtps_cExport-noconfig.cmake
[7.173s] -- Up-to-date: /home/puzzlebot/Puzzlebot_Lidar_ROS1_ROS2/ros2_packages_ws/install/aruco_opencv_msgs/share/aruco_opencv_msgs/cmake/aruco_opencv_msgs__rosidl_typesupport_introspection_cExport.cmake
[7.175s] -- Up-to-date: /home/puzzlebot/Puzzlebot_Lidar_ROS1_ROS2/ros2_packages_ws/install/aruco_opencv_msgs/share/aruco_opencv_msgs/cmake/aruco_opencv_msgs__rosidl_typesupport_introspection_cExport-noconfig.cmake
[7.176s] -- Up-to-date: /home/puzzlebot/Puzzlebot_Lidar_ROS1_ROS2/ros2_packages_ws/install/aruco_opencv_msgs/share/aruco_opencv_msgs/cmake/aruco_opencv_msgs__rosidl_typesupport_cExport.cmake
[7.179s] -- Up-to-date: /home/puzzlebot/Puzzlebot_Lidar_ROS1_ROS2/ros2_packages_ws/install/aruco_opencv_msgs/share/aruco_opencv_msgs/cmake/aruco_opencv_msgs__rosidl_typesupport_cExport-noconfig.cmake
[7.180s] -- Up-to-date: /home/puzzlebot/Puzzlebot_Lidar_ROS1_ROS2/ros2_packages_ws/install/aruco_opencv_msgs/share/aruco_opencv_msgs/cmake/export_aruco_opencv_msgs__rosidl_generator_cppExport.cmake
[7.184s] -- Up-to-date: /home/puzzlebot/Puzzlebot_Lidar_ROS1_ROS2/ros2_packages_ws/install/aruco_opencv_msgs/share/aruco_opencv_msgs/cmake/export_aruco_opencv_msgs__rosidl_typesupport_fastrtps_cppExport.cmake
[7.185s] -- Up-to-date: /home/puzzlebot/Puzzlebot_Lidar_ROS1_ROS2/ros2_packages_ws/install/aruco_opencv_msgs/share/aruco_opencv_msgs/cmake/export_aruco_opencv_msgs__rosidl_typesupport_fastrtps_cppExport-noconfig.cmake
[7.197s] -- Up-to-date: /home/puzzlebot/Puzzlebot_Lidar_ROS1_ROS2/ros2_packages_ws/install/aruco_opencv_msgs/share/aruco_opencv_msgs/cmake/aruco_opencv_msgs__rosidl_typesupport_introspection_cppExport.cmake
[7.198s] -- Up-to-date: /home/puzzlebot/Puzzlebot_Lidar_ROS1_ROS2/ros2_packages_ws/install/aruco_opencv_msgs/share/aruco_opencv_msgs/cmake/aruco_opencv_msgs__rosidl_typesupport_introspection_cppExport-noconfig.cmake
[7.202s] -- Up-to-date: /home/puzzlebot/Puzzlebot_Lidar_ROS1_ROS2/ros2_packages_ws/install/aruco_opencv_msgs/share/aruco_opencv_msgs/cmake/aruco_opencv_msgs__rosidl_typesupport_cppExport.cmake
[7.203s] -- Up-to-date: /home/puzzlebot/Puzzlebot_Lidar_ROS1_ROS2/ros2_packages_ws/install/aruco_opencv_msgs/share/aruco_opencv_msgs/cmake/aruco_opencv_msgs__rosidl_typesupport_cppExport-noconfig.cmake
[7.204s] -- Up-to-date: /home/puzzlebot/Puzzlebot_Lidar_ROS1_ROS2/ros2_packages_ws/install/aruco_opencv_msgs/share/aruco_opencv_msgs/cmake/export_aruco_opencv_msgs__rosidl_generator_pyExport.cmake
[7.205s] -- Up-to-date: /home/puzzlebot/Puzzlebot_Lidar_ROS1_ROS2/ros2_packages_ws/install/aruco_opencv_msgs/share/aruco_opencv_msgs/cmake/export_aruco_opencv_msgs__rosidl_generator_pyExport-noconfig.cmake
[7.206s] -- Up-to-date: /home/puzzlebot/Puzzlebot_Lidar_ROS1_ROS2/ros2_packages_ws/install/aruco_opencv_msgs/share/aruco_opencv_msgs/cmake/rosidl_cmake-extras.cmake
[7.207s] -- Up-to-date: /home/puzzlebot/Puzzlebot_Lidar_ROS1_ROS2/ros2_packages_ws/install/aruco_opencv_msgs/share/aruco_opencv_msgs/cmake/ament_cmake_export_dependencies-extras.cmake
[7.208s] -- Up-to-date: /home/puzzlebot/Puzzlebot_Lidar_ROS1_ROS2/ros2_packages_ws/install/aruco_opencv_msgs/share/aruco_opencv_msgs/cmake/ament_cmake_export_include_directories-extras.cmake
[7.208s] -- Up-to-date: /home/puzzlebot/Puzzlebot_Lidar_ROS1_ROS2/ros2_packages_ws/install/aruco_opencv_msgs/share/aruco_opencv_msgs/cmake/ament_cmake_export_libraries-extras.cmake
[7.209s] -- Up-to-date: /home/puzzlebot/Puzzlebot_Lidar_ROS1_ROS2/ros2_packages_ws/install/aruco_opencv_msgs/share/aruco_opencv_msgs/cmake/ament_cmake_export_targets-extras.cmake
[7.210s] -- Up-to-date: /home/puzzlebot/Puzzlebot_Lidar_ROS1_ROS2/ros2_packages_ws/install/aruco_opencv_msgs/share/aruco_opencv_msgs/cmake/rosidl_cmake_export_typesupport_targets-extras.cmake
[7.210s] -- Up-to-date: /home/puzzlebot/Puzzlebot_Lidar_ROS1_ROS2/ros2_packages_ws/install/aruco_opencv_msgs/share/aruco_opencv_msgs/cmake/rosidl_cmake_export_typesupport_libraries-extras.cmake
[7.211s] -- Up-to-date: /home/puzzlebot/Puzzlebot_Lidar_ROS1_ROS2/ros2_packages_ws/install/aruco_opencv_msgs/share/aruco_opencv_msgs/cmake/aruco_opencv_msgsConfig.cmake
[7.212s] -- Up-to-date: /home/puzzlebot/Puzzlebot_Lidar_ROS1_ROS2/ros2_packages_ws/install/aruco_opencv_msgs/share/aruco_opencv_msgs/cmake/aruco_opencv_msgsConfig-version.cmake
[7.212s] -- Up-to-date: /home/puzzlebot/Puzzlebot_Lidar_ROS1_ROS2/ros2_packages_ws/install/aruco_opencv_msgs/share/aruco_opencv_msgs/package.xml
[7.228s] Invoked command in '/home/puzzlebot/Puzzlebot_Lidar_ROS1_ROS2/ros2_packages_ws/build/aruco_opencv_msgs' returned '0': CMAKE_PREFIX_PATH=${CMAKE_PREFIX_PATH}:/home/puzzlebot/Puzzlebot_Lidar_ROS1_ROS2/ros2_packages_ws/install/localization:/home/puzzlebot/Puzzlebot_Lidar_ROS1_ROS2/ros2_packages_ws/install/camera_viewer:/home/puzzlebot/ros2_ws/install/puzzlebot_ros:/opt/ros/humble /usr/bin/cmake --install /home/puzzlebot/Puzzlebot_Lidar_ROS1_ROS2/ros2_packages_ws/build/aruco_opencv_msgs
