[4.608s] Invoking command in '/home/puzzlebot/ros2_packages_ws/src/localization': PYTHONPATH=/home/puzzlebot/ros2_packages_ws/build/localization/prefix_override:/home/puzzlebot/ros2_packages_ws/install/localization/lib/python3.8/site-packages:${PYTHONPATH} /usr/bin/python3 -W ignore:setup.py install is deprecated setup.py egg_info --egg-base ../../build/localization build --build-base /home/puzzlebot/ros2_packages_ws/build/localization/build install --record /home/puzzlebot/ros2_packages_ws/build/localization/install.log --single-version-externally-managed install_data
[6.262s] running egg_info
[6.266s] writing ../../build/localization/localization.egg-info/PKG-INFO
[6.269s] writing dependency_links to ../../build/localization/localization.egg-info/dependency_links.txt
[6.272s] writing entry points to ../../build/localization/localization.egg-info/entry_points.txt
[6.274s] writing requirements to ../../build/localization/localization.egg-info/requires.txt
[6.277s] writing top-level names to ../../build/localization/localization.egg-info/top_level.txt
[6.484s] reading manifest file '../../build/localization/localization.egg-info/SOURCES.txt'
[6.490s] writing manifest file '../../build/localization/localization.egg-info/SOURCES.txt'
[6.491s] running build
[6.491s] running build_py
[6.496s] running install
[6.499s] running install_lib
[6.515s] running install_data
[6.517s] running install_egg_info
[6.539s] removing '/home/puzzlebot/ros2_packages_ws/install/localization/lib/python3.8/site-packages/localization-0.0.0-py3.8.egg-info' (and everything under it)
[6.540s] Copying ../../build/localization/localization.egg-info to /home/puzzlebot/ros2_packages_ws/install/localization/lib/python3.8/site-packages/localization-0.0.0-py3.8.egg-info
[6.558s] running install_scripts
[6.649s] Installing bug0 script to /home/puzzlebot/ros2_packages_ws/install/localization/lib/localization
[6.649s] Installing controller script to /home/puzzlebot/ros2_packages_ws/install/localization/lib/localization
[6.650s] Installing coordinate_transform script to /home/puzzlebot/ros2_packages_ws/install/localization/lib/localization
[6.650s] Installing joint_state script to /home/puzzlebot/ros2_packages_ws/install/localization/lib/localization
[6.651s] Installing kinematic_model script to /home/puzzlebot/ros2_packages_ws/install/localization/lib/localization
[6.652s] Installing localization script to /home/puzzlebot/ros2_packages_ws/install/localization/lib/localization
[6.652s] Installing test_lidar script to /home/puzzlebot/ros2_packages_ws/install/localization/lib/localization
[6.653s] Installing to_goal script to /home/puzzlebot/ros2_packages_ws/install/localization/lib/localization
[6.653s] Installing to_goal_bug_2 script to /home/puzzlebot/ros2_packages_ws/install/localization/lib/localization
[6.654s] writing list of installed files to '/home/puzzlebot/ros2_packages_ws/build/localization/install.log'
[6.791s] Invoked command in '/home/puzzlebot/ros2_packages_ws/src/localization' returned '0': PYTHONPATH=/home/puzzlebot/ros2_packages_ws/build/localization/prefix_override:/home/puzzlebot/ros2_packages_ws/install/localization/lib/python3.8/site-packages:${PYTHONPATH} /usr/bin/python3 -W ignore:setup.py install is deprecated setup.py egg_info --egg-base ../../build/localization build --build-base /home/puzzlebot/ros2_packages_ws/build/localization/build install --record /home/puzzlebot/ros2_packages_ws/build/localization/install.log --single-version-externally-managed install_data
