[0.261s] Invoking command in '/home/puzzlebot/ros2_packages_ws/build/aruco_opencv': CMAKE_PREFIX_PATH=/home/puzzlebot/ros2_packages_ws/install/aruco_opencv_msgs:/home/puzzlebot/ros2_packages_ws/install/sllidar_ros2:/home/puzzlebot/ros2_packages_ws/install/ros_deep_learning:/home/puzzlebot/ros2_packages_ws/install/micro_ros_setup:/home/puzzlebot/ros2_packages_ws/install/micro_ros_agent:/home/puzzlebot/ros2_packages_ws/install/micro_ros_msgs:/home/puzzlebot/ros2_packages_ws/install/camera_info_publisher:/home/puzzlebot/ros2_packages_ws/install/aruco_opencv:/home/puzzlebot/ros2_ws/install/puzzlebot_ros:/home/puzzlebot/ros2_packages_ws/install/localization:/home/puzzlebot/ros2_packages_ws/install/camera_viewer:/opt/ros/humble LD_LIBRARY_PATH=/home/puzzlebot/ros2_packages_ws/install/aruco_opencv_msgs/lib:/home/puzzlebot/ros2_packages_ws/install/micro_ros_agent/lib:/home/puzzlebot/ros2_packages_ws/install/micro_ros_msgs/lib:/home/puzzlebot/ros2_packages_ws/install/aruco_opencv/lib:/opt/ros/humble/opt/rviz_ogre_vendor/lib:/opt/ros/humble/lib/aarch64-linux-gnu:/opt/ros/humble/lib PYTHONPATH=/home/puzzlebot/ros2_packages_ws/install/aruco_opencv_msgs/lib/python3.8/site-packages:/home/puzzlebot/ros2_ws/build/puzzlebot_ros:/home/puzzlebot/ros2_ws/install/puzzlebot_ros/lib/python3.8/site-packages:/home/puzzlebot/ros2_packages_ws/install/micro_ros_msgs/lib/python3.8/site-packages:/home/puzzlebot/ros2_packages_ws/install/localization/lib/python3.8/site-packages:/home/puzzlebot/ros2_packages_ws/install/camera_viewer/lib/python3.8/site-packages:/opt/ros/humble/lib/python3.8/site-packages /usr/bin/cmake --build /home/puzzlebot/ros2_packages_ws/build/aruco_opencv -- -j4 -l4
[1.361s] [ 28%] Built target aruco_tracker_autostart
[2.015s] [ 71%] Built target aruco_opencv
[2.512s] [100%] Built target aruco_tracker
[2.641s] Invoked command in '/home/puzzlebot/ros2_packages_ws/build/aruco_opencv' returned '0': CMAKE_PREFIX_PATH=/home/puzzlebot/ros2_packages_ws/install/aruco_opencv_msgs:/home/puzzlebot/ros2_packages_ws/install/sllidar_ros2:/home/puzzlebot/ros2_packages_ws/install/ros_deep_learning:/home/puzzlebot/ros2_packages_ws/install/micro_ros_setup:/home/puzzlebot/ros2_packages_ws/install/micro_ros_agent:/home/puzzlebot/ros2_packages_ws/install/micro_ros_msgs:/home/puzzlebot/ros2_packages_ws/install/camera_info_publisher:/home/puzzlebot/ros2_packages_ws/install/aruco_opencv:/home/puzzlebot/ros2_ws/install/puzzlebot_ros:/home/puzzlebot/ros2_packages_ws/install/localization:/home/puzzlebot/ros2_packages_ws/install/camera_viewer:/opt/ros/humble LD_LIBRARY_PATH=/home/puzzlebot/ros2_packages_ws/install/aruco_opencv_msgs/lib:/home/puzzlebot/ros2_packages_ws/install/micro_ros_agent/lib:/home/puzzlebot/ros2_packages_ws/install/micro_ros_msgs/lib:/home/puzzlebot/ros2_packages_ws/install/aruco_opencv/lib:/opt/ros/humble/opt/rviz_ogre_vendor/lib:/opt/ros/humble/lib/aarch64-linux-gnu:/opt/ros/humble/lib PYTHONPATH=/home/puzzlebot/ros2_packages_ws/install/aruco_opencv_msgs/lib/python3.8/site-packages:/home/puzzlebot/ros2_ws/build/puzzlebot_ros:/home/puzzlebot/ros2_ws/install/puzzlebot_ros/lib/python3.8/site-packages:/home/puzzlebot/ros2_packages_ws/install/micro_ros_msgs/lib/python3.8/site-packages:/home/puzzlebot/ros2_packages_ws/install/localization/lib/python3.8/site-packages:/home/puzzlebot/ros2_packages_ws/install/camera_viewer/lib/python3.8/site-packages:/opt/ros/humble/lib/python3.8/site-packages /usr/bin/cmake --build /home/puzzlebot/ros2_packages_ws/build/aruco_opencv -- -j4 -l4
[3.386s] Invoking command in '/home/puzzlebot/ros2_packages_ws/build/aruco_opencv': CMAKE_PREFIX_PATH=/home/puzzlebot/ros2_packages_ws/install/aruco_opencv_msgs:/home/puzzlebot/ros2_packages_ws/install/sllidar_ros2:/home/puzzlebot/ros2_packages_ws/install/ros_deep_learning:/home/puzzlebot/ros2_packages_ws/install/micro_ros_setup:/home/puzzlebot/ros2_packages_ws/install/micro_ros_agent:/home/puzzlebot/ros2_packages_ws/install/micro_ros_msgs:/home/puzzlebot/ros2_packages_ws/install/camera_info_publisher:/home/puzzlebot/ros2_packages_ws/install/aruco_opencv:/home/puzzlebot/ros2_ws/install/puzzlebot_ros:/home/puzzlebot/ros2_packages_ws/install/localization:/home/puzzlebot/ros2_packages_ws/install/camera_viewer:/opt/ros/humble LD_LIBRARY_PATH=/home/puzzlebot/ros2_packages_ws/install/aruco_opencv_msgs/lib:/home/puzzlebot/ros2_packages_ws/install/micro_ros_agent/lib:/home/puzzlebot/ros2_packages_ws/install/micro_ros_msgs/lib:/home/puzzlebot/ros2_packages_ws/install/aruco_opencv/lib:/opt/ros/humble/opt/rviz_ogre_vendor/lib:/opt/ros/humble/lib/aarch64-linux-gnu:/opt/ros/humble/lib PYTHONPATH=/home/puzzlebot/ros2_packages_ws/install/aruco_opencv_msgs/lib/python3.8/site-packages:/home/puzzlebot/ros2_ws/build/puzzlebot_ros:/home/puzzlebot/ros2_ws/install/puzzlebot_ros/lib/python3.8/site-packages:/home/puzzlebot/ros2_packages_ws/install/micro_ros_msgs/lib/python3.8/site-packages:/home/puzzlebot/ros2_packages_ws/install/localization/lib/python3.8/site-packages:/home/puzzlebot/ros2_packages_ws/install/camera_viewer/lib/python3.8/site-packages:/opt/ros/humble/lib/python3.8/site-packages /usr/bin/cmake --install /home/puzzlebot/ros2_packages_ws/build/aruco_opencv
[3.551s] -- Install configuration: ""
[3.558s] -- Up-to-date: /home/puzzlebot/ros2_packages_ws/install/aruco_opencv/lib/aruco_opencv/aruco_tracker
[3.572s] -- Up-to-date: /home/puzzlebot/ros2_packages_ws/install/aruco_opencv/lib/aruco_opencv/aruco_tracker_autostart
[3.579s] -- Up-to-date: /home/puzzlebot/ros2_packages_ws/install/aruco_opencv/lib/libaruco_opencv.so
[3.583s] -- Up-to-date: /home/puzzlebot/ros2_packages_ws/install/aruco_opencv/share/aruco_opencv/config
[3.588s] -- Up-to-date: /home/puzzlebot/ros2_packages_ws/install/aruco_opencv/share/aruco_opencv/config/aruco_tracker.yaml
[3.594s] -- Up-to-date: /home/puzzlebot/ros2_packages_ws/install/aruco_opencv/share/aruco_opencv/config/board_descriptions.yaml
[3.597s] -- Up-to-date: /home/puzzlebot/ros2_packages_ws/install/aruco_opencv/share/aruco_opencv/launch
[3.602s] -- Up-to-date: /home/puzzlebot/ros2_packages_ws/install/aruco_opencv/share/aruco_opencv/launch/aruco_tracker.launch.xml
[3.609s] -- Up-to-date: /home/puzzlebot/ros2_packages_ws/install/aruco_opencv/lib/aruco_opencv/create_board
[3.610s] -- Up-to-date: /home/puzzlebot/ros2_packages_ws/install/aruco_opencv/lib/aruco_opencv/create_marker
[3.611s] -- Up-to-date: /home/puzzlebot/ros2_packages_ws/install/aruco_opencv/share/ament_index/resource_index/package_run_dependencies/aruco_opencv
[3.611s] -- Up-to-date: /home/puzzlebot/ros2_packages_ws/install/aruco_opencv/share/ament_index/resource_index/parent_prefix_path/aruco_opencv
[3.612s] -- Up-to-date: /home/puzzlebot/ros2_packages_ws/install/aruco_opencv/share/aruco_opencv/environment/ament_prefix_path.sh
[3.613s] -- Up-to-date: /home/puzzlebot/ros2_packages_ws/install/aruco_opencv/share/aruco_opencv/environment/ament_prefix_path.dsv
[3.613s] -- Up-to-date: /home/puzzlebot/ros2_packages_ws/install/aruco_opencv/share/aruco_opencv/environment/path.sh
[3.614s] -- Up-to-date: /home/puzzlebot/ros2_packages_ws/install/aruco_opencv/share/aruco_opencv/environment/path.dsv
[3.614s] -- Up-to-date: /home/puzzlebot/ros2_packages_ws/install/aruco_opencv/share/aruco_opencv/local_setup.bash
[3.618s] -- Up-to-date: /home/puzzlebot/ros2_packages_ws/install/aruco_opencv/share/aruco_opencv/local_setup.sh
[3.619s] -- Up-to-date: /home/puzzlebot/ros2_packages_ws/install/aruco_opencv/share/aruco_opencv/local_setup.zsh
[3.620s] -- Up-to-date: /home/puzzlebot/ros2_packages_ws/install/aruco_opencv/share/aruco_opencv/local_setup.dsv
[3.633s] -- Installing: /home/puzzlebot/ros2_packages_ws/install/aruco_opencv/share/aruco_opencv/package.dsv
[3.634s] -- Up-to-date: /home/puzzlebot/ros2_packages_ws/install/aruco_opencv/share/ament_index/resource_index/packages/aruco_opencv
[3.635s] -- Up-to-date: /home/puzzlebot/ros2_packages_ws/install/aruco_opencv/share/ament_index/resource_index/rclcpp_components/aruco_opencv
[3.635s] -- Up-to-date: /home/puzzlebot/ros2_packages_ws/install/aruco_opencv/share/aruco_opencv/cmake/aruco_opencvConfig.cmake
[3.636s] -- Up-to-date: /home/puzzlebot/ros2_packages_ws/install/aruco_opencv/share/aruco_opencv/cmake/aruco_opencvConfig-version.cmake
[3.636s] -- Up-to-date: /home/puzzlebot/ros2_packages_ws/install/aruco_opencv/share/aruco_opencv/package.xml
[3.638s] Invoked command in '/home/puzzlebot/ros2_packages_ws/build/aruco_opencv' returned '0': CMAKE_PREFIX_PATH=/home/puzzlebot/ros2_packages_ws/install/aruco_opencv_msgs:/home/puzzlebot/ros2_packages_ws/install/sllidar_ros2:/home/puzzlebot/ros2_packages_ws/install/ros_deep_learning:/home/puzzlebot/ros2_packages_ws/install/micro_ros_setup:/home/puzzlebot/ros2_packages_ws/install/micro_ros_agent:/home/puzzlebot/ros2_packages_ws/install/micro_ros_msgs:/home/puzzlebot/ros2_packages_ws/install/camera_info_publisher:/home/puzzlebot/ros2_packages_ws/install/aruco_opencv:/home/puzzlebot/ros2_ws/install/puzzlebot_ros:/home/puzzlebot/ros2_packages_ws/install/localization:/home/puzzlebot/ros2_packages_ws/install/camera_viewer:/opt/ros/humble LD_LIBRARY_PATH=/home/puzzlebot/ros2_packages_ws/install/aruco_opencv_msgs/lib:/home/puzzlebot/ros2_packages_ws/install/micro_ros_agent/lib:/home/puzzlebot/ros2_packages_ws/install/micro_ros_msgs/lib:/home/puzzlebot/ros2_packages_ws/install/aruco_opencv/lib:/opt/ros/humble/opt/rviz_ogre_vendor/lib:/opt/ros/humble/lib/aarch64-linux-gnu:/opt/ros/humble/lib PYTHONPATH=/home/puzzlebot/ros2_packages_ws/install/aruco_opencv_msgs/lib/python3.8/site-packages:/home/puzzlebot/ros2_ws/build/puzzlebot_ros:/home/puzzlebot/ros2_ws/install/puzzlebot_ros/lib/python3.8/site-packages:/home/puzzlebot/ros2_packages_ws/install/micro_ros_msgs/lib/python3.8/site-packages:/home/puzzlebot/ros2_packages_ws/install/localization/lib/python3.8/site-packages:/home/puzzlebot/ros2_packages_ws/install/camera_viewer/lib/python3.8/site-packages:/opt/ros/humble/lib/python3.8/site-packages /usr/bin/cmake --install /home/puzzlebot/ros2_packages_ws/build/aruco_opencv
