[3.981s] Invoking command in '/home/puzzlebot/ros2_packages_ws/src/localization': PYTHONPATH=/home/puzzlebot/ros2_packages_ws/build/localization/prefix_override:/home/puzzlebot/ros2_packages_ws/install/localization/lib/python3.8/site-packages:${PYTHONPATH} /usr/bin/python3 -W ignore:setup.py install is deprecated setup.py egg_info --egg-base ../../build/localization build --build-base /home/puzzlebot/ros2_packages_ws/build/localization/build install --record /home/puzzlebot/ros2_packages_ws/build/localization/install.log --single-version-externally-managed install_data
[6.315s] running egg_info
[6.319s] writing ../../build/localization/localization.egg-info/PKG-INFO
[6.320s] writing dependency_links to ../../build/localization/localization.egg-info/dependency_links.txt
[6.323s] writing entry points to ../../build/localization/localization.egg-info/entry_points.txt
[6.324s] writing requirements to ../../build/localization/localization.egg-info/requires.txt
[6.324s] writing top-level names to ../../build/localization/localization.egg-info/top_level.txt
[6.510s] reading manifest file '../../build/localization/localization.egg-info/SOURCES.txt'
[6.517s] writing manifest file '../../build/localization/localization.egg-info/SOURCES.txt'
[6.518s] running build
[6.519s] running build_py
[6.522s] copying localization/class_bug0.py -> /home/puzzlebot/ros2_packages_ws/build/localization/build/lib/localization
[6.524s] running install
[6.528s] running install_lib
[6.533s] copying /home/puzzlebot/ros2_packages_ws/build/localization/build/lib/localization/class_bug0.py -> /home/puzzlebot/ros2_packages_ws/install/localization/lib/python3.8/site-packages/localization
[6.538s] byte-compiling /home/puzzlebot/ros2_packages_ws/install/localization/lib/python3.8/site-packages/localization/class_bug0.py to class_bug0.cpython-38.pyc
[6.548s] running install_data
[6.551s] running install_egg_info
[6.560s] removing '/home/puzzlebot/ros2_packages_ws/install/localization/lib/python3.8/site-packages/localization-0.0.0-py3.8.egg-info' (and everything under it)
[6.570s] Copying ../../build/localization/localization.egg-info to /home/puzzlebot/ros2_packages_ws/install/localization/lib/python3.8/site-packages/localization-0.0.0-py3.8.egg-info
[6.584s] running install_scripts
[6.699s] Installing bug0 script to /home/puzzlebot/ros2_packages_ws/install/localization/lib/localization
[6.699s] Installing controller script to /home/puzzlebot/ros2_packages_ws/install/localization/lib/localization
[6.700s] Installing coordinate_transform script to /home/puzzlebot/ros2_packages_ws/install/localization/lib/localization
[6.700s] Installing joint_state script to /home/puzzlebot/ros2_packages_ws/install/localization/lib/localization
[6.701s] Installing kinematic_model script to /home/puzzlebot/ros2_packages_ws/install/localization/lib/localization
[6.702s] Installing localization script to /home/puzzlebot/ros2_packages_ws/install/localization/lib/localization
[6.702s] Installing test_lidar script to /home/puzzlebot/ros2_packages_ws/install/localization/lib/localization
[6.703s] Installing to_goal script to /home/puzzlebot/ros2_packages_ws/install/localization/lib/localization
[6.710s] Installing to_goal_bug_2 script to /home/puzzlebot/ros2_packages_ws/install/localization/lib/localization
[6.716s] writing list of installed files to '/home/puzzlebot/ros2_packages_ws/build/localization/install.log'
[6.814s] Invoked command in '/home/puzzlebot/ros2_packages_ws/src/localization' returned '0': PYTHONPATH=/home/puzzlebot/ros2_packages_ws/build/localization/prefix_override:/home/puzzlebot/ros2_packages_ws/install/localization/lib/python3.8/site-packages:${PYTHONPATH} /usr/bin/python3 -W ignore:setup.py install is deprecated setup.py egg_info --egg-base ../../build/localization build --build-base /home/puzzlebot/ros2_packages_ws/build/localization/build install --record /home/puzzlebot/ros2_packages_ws/build/localization/install.log --single-version-externally-managed install_data
