[4.806s] Invoking command in '/home/puzzlebot/ros2_packages_ws/src/localization': PYTHONPATH=/home/puzzlebot/ros2_packages_ws/build/localization/prefix_override:/home/puzzlebot/ros2_packages_ws/install/localization/lib/python3.8/site-packages:${PYTHONPATH} /usr/bin/python3 -W ignore:setup.py install is deprecated setup.py egg_info --egg-base ../../build/localization build --build-base /home/puzzlebot/ros2_packages_ws/build/localization/build install --record /home/puzzlebot/ros2_packages_ws/build/localization/install.log --single-version-externally-managed install_data
[6.519s] running egg_info
[6.523s] writing ../../build/localization/localization.egg-info/PKG-INFO
[6.525s] writing dependency_links to ../../build/localization/localization.egg-info/dependency_links.txt
[6.531s] writing entry points to ../../build/localization/localization.egg-info/entry_points.txt
[6.533s] writing requirements to ../../build/localization/localization.egg-info/requires.txt
[6.534s] writing top-level names to ../../build/localization/localization.egg-info/top_level.txt
[6.760s] reading manifest file '../../build/localization/localization.egg-info/SOURCES.txt'
[6.774s] writing manifest file '../../build/localization/localization.egg-info/SOURCES.txt'
[6.777s] running build
[6.780s] running build_py
[6.781s] copying localization/coordinate_transform.py -> /home/puzzlebot/ros2_packages_ws/build/localization/build/lib/localization
[6.782s] running install
[6.785s] running install_lib
[6.791s] copying /home/puzzlebot/ros2_packages_ws/build/localization/build/lib/localization/coordinate_transform.py -> /home/puzzlebot/ros2_packages_ws/install/localization/lib/python3.8/site-packages/localization
[6.802s] byte-compiling /home/puzzlebot/ros2_packages_ws/install/localization/lib/python3.8/site-packages/localization/coordinate_transform.py to coordinate_transform.cpython-38.pyc
[6.815s] running install_data
[6.817s] running install_egg_info
[6.838s] removing '/home/puzzlebot/ros2_packages_ws/install/localization/lib/python3.8/site-packages/localization-0.0.0-py3.8.egg-info' (and everything under it)
[6.840s] Copying ../../build/localization/localization.egg-info to /home/puzzlebot/ros2_packages_ws/install/localization/lib/python3.8/site-packages/localization-0.0.0-py3.8.egg-info
[6.840s] running install_scripts
[6.923s] Installing aruco_controller script to /home/puzzlebot/ros2_packages_ws/install/localization/lib/localization
[6.924s] Installing bug0 script to /home/puzzlebot/ros2_packages_ws/install/localization/lib/localization
[6.924s] Installing controller script to /home/puzzlebot/ros2_packages_ws/install/localization/lib/localization
[6.925s] Installing coordinate_transform script to /home/puzzlebot/ros2_packages_ws/install/localization/lib/localization
[6.926s] Installing joint_state script to /home/puzzlebot/ros2_packages_ws/install/localization/lib/localization
[6.926s] Installing kinematic_model script to /home/puzzlebot/ros2_packages_ws/install/localization/lib/localization
[6.927s] Installing localization script to /home/puzzlebot/ros2_packages_ws/install/localization/lib/localization
[6.927s] Installing test_lidar script to /home/puzzlebot/ros2_packages_ws/install/localization/lib/localization
[6.928s] Installing to_goal script to /home/puzzlebot/ros2_packages_ws/install/localization/lib/localization
[6.928s] Installing to_goal_bug_2 script to /home/puzzlebot/ros2_packages_ws/install/localization/lib/localization
[6.930s] writing list of installed files to '/home/puzzlebot/ros2_packages_ws/build/localization/install.log'
[7.045s] Invoked command in '/home/puzzlebot/ros2_packages_ws/src/localization' returned '0': PYTHONPATH=/home/puzzlebot/ros2_packages_ws/build/localization/prefix_override:/home/puzzlebot/ros2_packages_ws/install/localization/lib/python3.8/site-packages:${PYTHONPATH} /usr/bin/python3 -W ignore:setup.py install is deprecated setup.py egg_info --egg-base ../../build/localization build --build-base /home/puzzlebot/ros2_packages_ws/build/localization/build install --record /home/puzzlebot/ros2_packages_ws/build/localization/install.log --single-version-externally-managed install_data
