[0.210s] Invoking command in '/home/puzzlebot/ros2_packages_ws/build/micro_ros_setup': CMAKE_PREFIX_PATH=${CMAKE_PREFIX_PATH}:/home/puzzlebot/ros2_ws/install/puzzlebot_ros:/home/puzzlebot/ros2_packages_ws/install/localization:/home/puzzlebot/ros2_packages_ws/install/camera_viewer:/opt/ros/humble /usr/bin/cmake --build /home/puzzlebot/ros2_packages_ws/build/micro_ros_setup -- -j4 -l4
[0.482s] Invoked command in '/home/puzzlebot/ros2_packages_ws/build/micro_ros_setup' returned '0': CMAKE_PREFIX_PATH=${CMAKE_PREFIX_PATH}:/home/puzzlebot/ros2_ws/install/puzzlebot_ros:/home/puzzlebot/ros2_packages_ws/install/localization:/home/puzzlebot/ros2_packages_ws/install/camera_viewer:/opt/ros/humble /usr/bin/cmake --build /home/puzzlebot/ros2_packages_ws/build/micro_ros_setup -- -j4 -l4
[0.952s] Invoking command in '/home/puzzlebot/ros2_packages_ws/build/micro_ros_setup': CMAKE_PREFIX_PATH=${CMAKE_PREFIX_PATH}:/home/puzzlebot/ros2_ws/install/puzzlebot_ros:/home/puzzlebot/ros2_packages_ws/install/localization:/home/puzzlebot/ros2_packages_ws/install/camera_viewer:/opt/ros/humble /usr/bin/cmake --install /home/puzzlebot/ros2_packages_ws/build/micro_ros_setup
[1.094s] -- Install configuration: ""
[1.097s] -- Up-to-date: /home/puzzlebot/ros2_packages_ws/install/micro_ros_setup/share/ament_index/resource_index/package_run_dependencies/micro_ros_setup
[1.100s] -- Up-to-date: /home/puzzlebot/ros2_packages_ws/install/micro_ros_setup/share/ament_index/resource_index/parent_prefix_path/micro_ros_setup
[1.102s] -- Up-to-date: /home/puzzlebot/ros2_packages_ws/install/micro_ros_setup/share/micro_ros_setup/environment/ament_prefix_path.sh
[1.105s] -- Up-to-date: /home/puzzlebot/ros2_packages_ws/install/micro_ros_setup/share/micro_ros_setup/environment/ament_prefix_path.dsv
[1.108s] -- Up-to-date: /home/puzzlebot/ros2_packages_ws/install/micro_ros_setup/share/micro_ros_setup/environment/path.sh
[1.126s] -- Up-to-date: /home/puzzlebot/ros2_packages_ws/install/micro_ros_setup/share/micro_ros_setup/environment/path.dsv
[1.127s] -- Up-to-date: /home/puzzlebot/ros2_packages_ws/install/micro_ros_setup/share/micro_ros_setup/local_setup.bash
[1.128s] -- Up-to-date: /home/puzzlebot/ros2_packages_ws/install/micro_ros_setup/share/micro_ros_setup/local_setup.sh
[1.129s] -- Up-to-date: /home/puzzlebot/ros2_packages_ws/install/micro_ros_setup/share/micro_ros_setup/local_setup.zsh
[1.131s] -- Up-to-date: /home/puzzlebot/ros2_packages_ws/install/micro_ros_setup/share/micro_ros_setup/local_setup.dsv
[1.131s] -- Installing: /home/puzzlebot/ros2_packages_ws/install/micro_ros_setup/share/micro_ros_setup/package.dsv
[1.132s] -- Up-to-date: /home/puzzlebot/ros2_packages_ws/install/micro_ros_setup/share/ament_index/resource_index/packages/micro_ros_setup
[1.132s] -- Up-to-date: /home/puzzlebot/ros2_packages_ws/install/micro_ros_setup/share/micro_ros_setup/cmake/micro_ros_setupConfig.cmake
[1.133s] -- Up-to-date: /home/puzzlebot/ros2_packages_ws/install/micro_ros_setup/share/micro_ros_setup/cmake/micro_ros_setupConfig-version.cmake
[1.133s] -- Up-to-date: /home/puzzlebot/ros2_packages_ws/install/micro_ros_setup/share/micro_ros_setup/package.xml
[1.134s] -- Up-to-date: /home/puzzlebot/ros2_packages_ws/install/micro_ros_setup/./config
[1.134s] -- Up-to-date: /home/puzzlebot/ros2_packages_ws/install/micro_ros_setup/./config/generate_lib
[1.134s] -- Up-to-date: /home/puzzlebot/ros2_packages_ws/install/micro_ros_setup/./config/generate_lib/dev_uros_packages.repos
[1.135s] -- Up-to-date: /home/puzzlebot/ros2_packages_ws/install/micro_ros_setup/./config/generate_lib/generic
[1.135s] -- Up-to-date: /home/puzzlebot/ros2_packages_ws/install/micro_ros_setup/./config/generate_lib/generic/build.sh
[1.136s] -- Up-to-date: /home/puzzlebot/ros2_packages_ws/install/micro_ros_setup/./config/generate_lib/generic/create.sh
[1.136s] -- Up-to-date: /home/puzzlebot/ros2_packages_ws/install/micro_ros_setup/./config/generate_lib/generic/client_uros_packages.repos
[1.136s] -- Up-to-date: /home/puzzlebot/ros2_packages_ws/install/micro_ros_setup/./config/generate_lib/generic/package.xml
[1.137s] -- Up-to-date: /home/puzzlebot/ros2_packages_ws/install/micro_ros_setup/./config/generate_lib/generic/flash.sh
[1.137s] -- Up-to-date: /home/puzzlebot/ros2_packages_ws/install/micro_ros_setup/./config/generate_lib/generic/demo_toolchain.cmake
[1.138s] -- Up-to-date: /home/puzzlebot/ros2_packages_ws/install/micro_ros_setup/./config/generate_lib/generic/client-colcon.meta
[1.138s] -- Up-to-date: /home/puzzlebot/ros2_packages_ws/install/micro_ros_setup/./config/generate_lib/dev_ros2_packages.txt
[1.138s] -- Up-to-date: /home/puzzlebot/ros2_packages_ws/install/micro_ros_setup/./config/agent_ros2_packages.txt
[1.139s] -- Up-to-date: /home/puzzlebot/ros2_packages_ws/install/micro_ros_setup/./config/renesas_ra
[1.139s] -- Up-to-date: /home/puzzlebot/ros2_packages_ws/install/micro_ros_setup/./config/renesas_ra/dev_uros_packages.repos
[1.140s] -- Up-to-date: /home/puzzlebot/ros2_packages_ws/install/micro_ros_setup/./config/renesas_ra/list_apps.sh
[1.162s] -- Up-to-date: /home/puzzlebot/ros2_packages_ws/install/micro_ros_setup/./config/renesas_ra/dev_ros2_packages.txt
[1.163s] -- Up-to-date: /home/puzzlebot/ros2_packages_ws/install/micro_ros_setup/./config/renesas_ra/ra6m5
[1.164s] -- Up-to-date: /home/puzzlebot/ros2_packages_ws/install/micro_ros_setup/./config/renesas_ra/ra6m5/build.sh
[1.164s] -- Up-to-date: /home/puzzlebot/ros2_packages_ws/install/micro_ros_setup/./config/renesas_ra/ra6m5/create.sh
[1.165s] -- Up-to-date: /home/puzzlebot/ros2_packages_ws/install/micro_ros_setup/./config/renesas_ra/ra6m5/board.repos
[1.165s] -- Up-to-date: /home/puzzlebot/ros2_packages_ws/install/micro_ros_setup/./config/renesas_ra/ra6m5/client_uros_packages.repos
[1.166s] -- Up-to-date: /home/puzzlebot/ros2_packages_ws/install/micro_ros_setup/./config/renesas_ra/ra6m5/flash.sh
[1.166s] -- Up-to-date: /home/puzzlebot/ros2_packages_ws/install/micro_ros_setup/./config/renesas_ra/ra6m5/configure.sh
[1.167s] -- Up-to-date: /home/puzzlebot/ros2_packages_ws/install/micro_ros_setup/./config/renesas_ra/ra6m5/client-colcon.meta
[1.167s] -- Up-to-date: /home/puzzlebot/ros2_packages_ws/install/micro_ros_setup/./config/agent_uros_packages.repos
[1.168s] -- Up-to-date: /home/puzzlebot/ros2_packages_ws/install/micro_ros_setup/./config/utils.sh
[1.168s] -- Up-to-date: /home/puzzlebot/ros2_packages_ws/install/micro_ros_setup/./config/freertos
[1.169s] -- Up-to-date: /home/puzzlebot/ros2_packages_ws/install/micro_ros_setup/./config/freertos/nucleo_f446ze
[1.169s] -- Up-to-date: /home/puzzlebot/ros2_packages_ws/install/micro_ros_setup/./config/freertos/nucleo_f446ze/build.sh
[1.170s] -- Up-to-date: /home/puzzlebot/ros2_packages_ws/install/micro_ros_setup/./config/freertos/nucleo_f446ze/create.sh
[1.194s] -- Up-to-date: /home/puzzlebot/ros2_packages_ws/install/micro_ros_setup/./config/freertos/nucleo_f446ze/board.repos
[1.195s] -- Up-to-date: /home/puzzlebot/ros2_packages_ws/install/micro_ros_setup/./config/freertos/nucleo_f446ze/client_uros_packages.repos
[1.196s] -- Up-to-date: /home/puzzlebot/ros2_packages_ws/install/micro_ros_setup/./config/freertos/nucleo_f446ze/package.xml
[1.196s] -- Up-to-date: /home/puzzlebot/ros2_packages_ws/install/micro_ros_setup/./config/freertos/nucleo_f446ze/flash.sh
[1.196s] -- Up-to-date: /home/puzzlebot/ros2_packages_ws/install/micro_ros_setup/./config/freertos/nucleo_f446ze/configure.sh
[1.197s] -- Up-to-date: /home/puzzlebot/ros2_packages_ws/install/micro_ros_setup/./config/freertos/nucleo_f446ze/client-colcon.meta
[1.197s] -- Up-to-date: /home/puzzlebot/ros2_packages_ws/install/micro_ros_setup/./config/freertos/nucleo_f446re
[1.198s] -- Up-to-date: /home/puzzlebot/ros2_packages_ws/install/micro_ros_setup/./config/freertos/nucleo_f446re/build.sh
[1.198s] -- Up-to-date: /home/puzzlebot/ros2_packages_ws/install/micro_ros_setup/./config/freertos/nucleo_f446re/create.sh
[1.199s] -- Up-to-date: /home/puzzlebot/ros2_packages_ws/install/micro_ros_setup/./config/freertos/nucleo_f446re/board.repos
[1.199s] -- Up-to-date: /home/puzzlebot/ros2_packages_ws/install/micro_ros_setup/./config/freertos/nucleo_f446re/client_uros_packages.repos
[1.200s] -- Up-to-date: /home/puzzlebot/ros2_packages_ws/install/micro_ros_setup/./config/freertos/nucleo_f446re/package.xml
[1.200s] -- Up-to-date: /home/puzzlebot/ros2_packages_ws/install/micro_ros_setup/./config/freertos/nucleo_f446re/flash.sh
[1.201s] -- Up-to-date: /home/puzzlebot/ros2_packages_ws/install/micro_ros_setup/./config/freertos/nucleo_f446re/configure.sh
[1.201s] -- Up-to-date: /home/puzzlebot/ros2_packages_ws/install/micro_ros_setup/./config/freertos/nucleo_f446re/client-colcon.meta
[1.201s] -- Up-to-date: /home/puzzlebot/ros2_packages_ws/install/micro_ros_setup/./config/freertos/nucleo_f746zg
[1.202s] -- Up-to-date: /home/puzzlebot/ros2_packages_ws/install/micro_ros_setup/./config/freertos/nucleo_f746zg/build.sh
[1.202s] -- Up-to-date: /home/puzzlebot/ros2_packages_ws/install/micro_ros_setup/./config/freertos/nucleo_f746zg/create.sh
[1.203s] -- Up-to-date: /home/puzzlebot/ros2_packages_ws/install/micro_ros_setup/./config/freertos/nucleo_f746zg/board.repos
[1.223s] -- Up-to-date: /home/puzzlebot/ros2_packages_ws/install/micro_ros_setup/./config/freertos/nucleo_f746zg/client_uros_packages.repos
[1.224s] -- Up-to-date: /home/puzzlebot/ros2_packages_ws/install/micro_ros_setup/./config/freertos/nucleo_f746zg/package.xml
[1.224s] -- Up-to-date: /home/puzzlebot/ros2_packages_ws/install/micro_ros_setup/./config/freertos/nucleo_f746zg/flash.sh
[1.225s] -- Up-to-date: /home/puzzlebot/ros2_packages_ws/install/micro_ros_setup/./config/freertos/nucleo_f746zg/configure.sh
[1.225s] -- Up-to-date: /home/puzzlebot/ros2_packages_ws/install/micro_ros_setup/./config/freertos/nucleo_f746zg/client-colcon.meta
[1.225s] -- Up-to-date: /home/puzzlebot/ros2_packages_ws/install/micro_ros_setup/./config/freertos/crazyflie21
[1.226s] -- Up-to-date: /home/puzzlebot/ros2_packages_ws/install/micro_ros_setup/./config/freertos/crazyflie21/build.sh
[1.226s] -- Up-to-date: /home/puzzlebot/ros2_packages_ws/install/micro_ros_setup/./config/freertos/crazyflie21/create.sh
[1.227s] -- Up-to-date: /home/puzzlebot/ros2_packages_ws/install/micro_ros_setup/./config/freertos/crazyflie21/board.repos
[1.241s] -- Up-to-date: /home/puzzlebot/ros2_packages_ws/install/micro_ros_setup/./config/freertos/crazyflie21/client_uros_packages.repos
[1.242s] -- Up-to-date: /home/puzzlebot/ros2_packages_ws/install/micro_ros_setup/./config/freertos/crazyflie21/package.xml
[1.242s] -- Up-to-date: /home/puzzlebot/ros2_packages_ws/install/micro_ros_setup/./config/freertos/crazyflie21/flash.sh
[1.243s] -- Up-to-date: /home/puzzlebot/ros2_packages_ws/install/micro_ros_setup/./config/freertos/crazyflie21/configure.sh
[1.243s] -- Up-to-date: /home/puzzlebot/ros2_packages_ws/install/micro_ros_setup/./config/freertos/crazyflie21/client-colcon.meta
[1.244s] -- Up-to-date: /home/puzzlebot/ros2_packages_ws/install/micro_ros_setup/./config/freertos/dev_uros_packages.repos
[1.244s] -- Up-to-date: /home/puzzlebot/ros2_packages_ws/install/micro_ros_setup/./config/freertos/nucleo_f767zi
[1.245s] -- Up-to-date: /home/puzzlebot/ros2_packages_ws/install/micro_ros_setup/./config/freertos/nucleo_f767zi/build.sh
[1.245s] -- Up-to-date: /home/puzzlebot/ros2_packages_ws/install/micro_ros_setup/./config/freertos/nucleo_f767zi/create.sh
[1.246s] -- Up-to-date: /home/puzzlebot/ros2_packages_ws/install/micro_ros_setup/./config/freertos/nucleo_f767zi/board.repos
[1.246s] -- Up-to-date: /home/puzzlebot/ros2_packages_ws/install/micro_ros_setup/./config/freertos/nucleo_f767zi/client_uros_packages.repos
[1.247s] -- Up-to-date: /home/puzzlebot/ros2_packages_ws/install/micro_ros_setup/./config/freertos/nucleo_f767zi/package.xml
[1.280s] -- Up-to-date: /home/puzzlebot/ros2_packages_ws/install/micro_ros_setup/./config/freertos/nucleo_f767zi/flash.sh
[1.282s] -- Up-to-date: /home/puzzlebot/ros2_packages_ws/install/micro_ros_setup/./config/freertos/nucleo_f767zi/configure.sh
[1.283s] -- Up-to-date: /home/puzzlebot/ros2_packages_ws/install/micro_ros_setup/./config/freertos/nucleo_f767zi/client-colcon.meta
[1.283s] -- Up-to-date: /home/puzzlebot/ros2_packages_ws/install/micro_ros_setup/./config/freertos/esp32
[1.284s] -- Up-to-date: /home/puzzlebot/ros2_packages_ws/install/micro_ros_setup/./config/freertos/esp32/build.sh
[1.284s] -- Up-to-date: /home/puzzlebot/ros2_packages_ws/install/micro_ros_setup/./config/freertos/esp32/create.sh
[1.285s] -- Up-to-date: /home/puzzlebot/ros2_packages_ws/install/micro_ros_setup/./config/freertos/esp32/README.md
[1.285s] -- Up-to-date: /home/puzzlebot/ros2_packages_ws/install/micro_ros_setup/./config/freertos/esp32/board.repos
[1.286s] -- Up-to-date: /home/puzzlebot/ros2_packages_ws/install/micro_ros_setup/./config/freertos/esp32/client_uros_packages.repos
[1.287s] -- Up-to-date: /home/puzzlebot/ros2_packages_ws/install/micro_ros_setup/./config/freertos/esp32/package.xml
[1.288s] -- Up-to-date: /home/puzzlebot/ros2_packages_ws/install/micro_ros_setup/./config/freertos/esp32/flash.sh
[1.289s] -- Up-to-date: /home/puzzlebot/ros2_packages_ws/install/micro_ros_setup/./config/freertos/esp32/configure.sh
[1.289s] -- Up-to-date: /home/puzzlebot/ros2_packages_ws/install/micro_ros_setup/./config/freertos/esp32/client-colcon.meta
[1.290s] -- Up-to-date: /home/puzzlebot/ros2_packages_ws/install/micro_ros_setup/./config/freertos/olimex-stm32-e407
[1.290s] -- Up-to-date: /home/puzzlebot/ros2_packages_ws/install/micro_ros_setup/./config/freertos/olimex-stm32-e407/build.sh
[1.290s] -- Up-to-date: /home/puzzlebot/ros2_packages_ws/install/micro_ros_setup/./config/freertos/olimex-stm32-e407/create.sh
[1.291s] -- Up-to-date: /home/puzzlebot/ros2_packages_ws/install/micro_ros_setup/./config/freertos/olimex-stm32-e407/board.repos
[1.291s] -- Up-to-date: /home/puzzlebot/ros2_packages_ws/install/micro_ros_setup/./config/freertos/olimex-stm32-e407/client_uros_packages.repos
[1.292s] -- Up-to-date: /home/puzzlebot/ros2_packages_ws/install/micro_ros_setup/./config/freertos/olimex-stm32-e407/package.xml
[1.292s] -- Up-to-date: /home/puzzlebot/ros2_packages_ws/install/micro_ros_setup/./config/freertos/olimex-stm32-e407/flash.sh
[1.293s] -- Up-to-date: /home/puzzlebot/ros2_packages_ws/install/micro_ros_setup/./config/freertos/olimex-stm32-e407/configure.sh
[1.293s] -- Up-to-date: /home/puzzlebot/ros2_packages_ws/install/micro_ros_setup/./config/freertos/olimex-stm32-e407/client-colcon.meta
[1.293s] -- Up-to-date: /home/puzzlebot/ros2_packages_ws/install/micro_ros_setup/./config/freertos/list_apps.sh
[1.294s] -- Up-to-date: /home/puzzlebot/ros2_packages_ws/install/micro_ros_setup/./config/freertos/dev_ros2_packages.txt
[1.294s] -- Up-to-date: /home/puzzlebot/ros2_packages_ws/install/micro_ros_setup/./config/mbed
[1.295s] -- Up-to-date: /home/puzzlebot/ros2_packages_ws/install/micro_ros_setup/./config/mbed/dev_uros_packages.repos
[1.311s] -- Up-to-date: /home/puzzlebot/ros2_packages_ws/install/micro_ros_setup/./config/mbed/generic
[1.312s] -- Up-to-date: /home/puzzlebot/ros2_packages_ws/install/micro_ros_setup/./config/mbed/generic/build.sh
[1.312s] -- Up-to-date: /home/puzzlebot/ros2_packages_ws/install/micro_ros_setup/./config/mbed/generic/create.sh
[1.313s] -- Up-to-date: /home/puzzlebot/ros2_packages_ws/install/micro_ros_setup/./config/mbed/generic/board.repos
[1.313s] -- Up-to-date: /home/puzzlebot/ros2_packages_ws/install/micro_ros_setup/./config/mbed/generic/client_uros_packages.repos
[1.314s] -- Up-to-date: /home/puzzlebot/ros2_packages_ws/install/micro_ros_setup/./config/mbed/generic/package.xml
[1.314s] -- Up-to-date: /home/puzzlebot/ros2_packages_ws/install/micro_ros_setup/./config/mbed/generic/flash.sh
[1.314s] -- Up-to-date: /home/puzzlebot/ros2_packages_ws/install/micro_ros_setup/./config/mbed/generic/supported_platforms
[1.315s] -- Up-to-date: /home/puzzlebot/ros2_packages_ws/install/micro_ros_setup/./config/mbed/list_apps.sh
[1.315s] -- Up-to-date: /home/puzzlebot/ros2_packages_ws/install/micro_ros_setup/./config/mbed/dev_ros2_packages.txt
[1.316s] -- Up-to-date: /home/puzzlebot/ros2_packages_ws/install/micro_ros_setup/./config/android
[1.316s] -- Up-to-date: /home/puzzlebot/ros2_packages_ws/install/micro_ros_setup/./config/android/dev_uros_packages.repos
[1.316s] -- Up-to-date: /home/puzzlebot/ros2_packages_ws/install/micro_ros_setup/./config/android/generic
[1.317s] -- Up-to-date: /home/puzzlebot/ros2_packages_ws/install/micro_ros_setup/./config/android/generic/build.sh
[1.317s] -- Up-to-date: /home/puzzlebot/ros2_packages_ws/install/micro_ros_setup/./config/android/generic/create.sh
[1.318s] -- Up-to-date: /home/puzzlebot/ros2_packages_ws/install/micro_ros_setup/./config/android/generic/client_uros_packages.repos
[1.318s] -- Up-to-date: /home/puzzlebot/ros2_packages_ws/install/micro_ros_setup/./config/android/generic/package.xml
[1.318s] -- Up-to-date: /home/puzzlebot/ros2_packages_ws/install/micro_ros_setup/./config/android/generic/flash.sh
[1.319s] -- Up-to-date: /home/puzzlebot/ros2_packages_ws/install/micro_ros_setup/./config/android/generic/client-colcon.meta
[1.319s] -- Up-to-date: /home/puzzlebot/ros2_packages_ws/install/micro_ros_setup/./config/android/dev_ros2_packages.txt
[1.320s] -- Up-to-date: /home/puzzlebot/ros2_packages_ws/install/micro_ros_setup/./config/client_uros_packages.repos
[1.320s] -- Up-to-date: /home/puzzlebot/ros2_packages_ws/install/micro_ros_setup/./config/host
[1.320s] -- Up-to-date: /home/puzzlebot/ros2_packages_ws/install/micro_ros_setup/./config/host/dev_uros_packages.repos
[1.321s] -- Up-to-date: /home/puzzlebot/ros2_packages_ws/install/micro_ros_setup/./config/host/client_ros2_packages.txt
[1.321s] -- Up-to-date: /home/puzzlebot/ros2_packages_ws/install/micro_ros_setup/./config/host/generic
[1.322s] -- Up-to-date: /home/puzzlebot/ros2_packages_ws/install/micro_ros_setup/./config/host/generic/client-host-colcon.meta
[1.322s] -- Up-to-date: /home/puzzlebot/ros2_packages_ws/install/micro_ros_setup/./config/host/generic/build.sh
[1.322s] -- Up-to-date: /home/puzzlebot/ros2_packages_ws/install/micro_ros_setup/./config/host/generic/create.sh
[1.323s] -- Up-to-date: /home/puzzlebot/ros2_packages_ws/install/micro_ros_setup/./config/host/generic/package.xml
[1.344s] -- Up-to-date: /home/puzzlebot/ros2_packages_ws/install/micro_ros_setup/./config/host/generic/flash.sh
[1.344s] -- Up-to-date: /home/puzzlebot/ros2_packages_ws/install/micro_ros_setup/./config/host/generic/client_host_packages.repos
[1.345s] -- Up-to-date: /home/puzzlebot/ros2_packages_ws/install/micro_ros_setup/./config/host/dev_ros2_packages.txt
[1.345s] -- Up-to-date: /home/puzzlebot/ros2_packages_ws/install/micro_ros_setup/./config/client_ros2_packages.txt
[1.346s] -- Up-to-date: /home/puzzlebot/ros2_packages_ws/install/micro_ros_setup/./config/zephyr
[1.346s] -- Up-to-date: /home/puzzlebot/ros2_packages_ws/install/micro_ros_setup/./config/zephyr/dev_uros_packages.repos
[1.346s] -- Up-to-date: /home/puzzlebot/ros2_packages_ws/install/micro_ros_setup/./config/zephyr/generic
[1.347s] -- Up-to-date: /home/puzzlebot/ros2_packages_ws/install/micro_ros_setup/./config/zephyr/generic/build.sh
[1.347s] -- Up-to-date: /home/puzzlebot/ros2_packages_ws/install/micro_ros_setup/./config/zephyr/generic/create.sh
[1.347s] -- Up-to-date: /home/puzzlebot/ros2_packages_ws/install/micro_ros_setup/./config/zephyr/generic/board.repos
[1.348s] -- Up-to-date: /home/puzzlebot/ros2_packages_ws/install/micro_ros_setup/./config/zephyr/generic/client_uros_packages.repos
[1.348s] -- Up-to-date: /home/puzzlebot/ros2_packages_ws/install/micro_ros_setup/./config/zephyr/generic/package.xml
[1.349s] -- Up-to-date: /home/puzzlebot/ros2_packages_ws/install/micro_ros_setup/./config/zephyr/generic/flash.sh
[1.349s] -- Up-to-date: /home/puzzlebot/ros2_packages_ws/install/micro_ros_setup/./config/zephyr/generic/configure.sh
[1.349s] -- Up-to-date: /home/puzzlebot/ros2_packages_ws/install/micro_ros_setup/./config/zephyr/generic/client-colcon.meta
[1.350s] -- Up-to-date: /home/puzzlebot/ros2_packages_ws/install/micro_ros_setup/./config/zephyr/generic/supported_platforms
[1.350s] -- Up-to-date: /home/puzzlebot/ros2_packages_ws/install/micro_ros_setup/./config/zephyr/list_apps.sh
[1.350s] -- Up-to-date: /home/puzzlebot/ros2_packages_ws/install/micro_ros_setup/./config/zephyr/dev_ros2_packages.txt
[1.351s] -- Up-to-date: /home/puzzlebot/ros2_packages_ws/install/micro_ros_setup/./config/raspbian
[1.351s] -- Up-to-date: /home/puzzlebot/ros2_packages_ws/install/micro_ros_setup/./config/raspbian/dev_uros_packages.repos
[1.352s] -- Up-to-date: /home/puzzlebot/ros2_packages_ws/install/micro_ros_setup/./config/raspbian/generic
[1.352s] -- Up-to-date: /home/puzzlebot/ros2_packages_ws/install/micro_ros_setup/./config/raspbian/generic/build.sh
[1.353s] -- Up-to-date: /home/puzzlebot/ros2_packages_ws/install/micro_ros_setup/./config/raspbian/generic/create.sh
[1.354s] -- Up-to-date: /home/puzzlebot/ros2_packages_ws/install/micro_ros_setup/./config/raspbian/generic/client_uros_packages.repos
[1.354s] -- Up-to-date: /home/puzzlebot/ros2_packages_ws/install/micro_ros_setup/./config/raspbian/generic/flash.sh
[1.355s] -- Up-to-date: /home/puzzlebot/ros2_packages_ws/install/micro_ros_setup/./config/raspbian/generic/configure.sh
[1.355s] -- Up-to-date: /home/puzzlebot/ros2_packages_ws/install/micro_ros_setup/./config/raspbian/generic/client-colcon.meta
[1.356s] -- Up-to-date: /home/puzzlebot/ros2_packages_ws/install/micro_ros_setup/./config/raspbian/generic/supported_platforms
[1.356s] -- Up-to-date: /home/puzzlebot/ros2_packages_ws/install/micro_ros_setup/./config/raspbian/dev_ros2_packages.txt
[1.357s] -- Up-to-date: /home/puzzlebot/ros2_packages_ws/install/micro_ros_setup/lib/micro_ros_setup/create_ws.sh
[1.357s] -- Up-to-date: /home/puzzlebot/ros2_packages_ws/install/micro_ros_setup/lib/micro_ros_setup/create_agent_ws.sh
[1.357s] -- Up-to-date: /home/puzzlebot/ros2_packages_ws/install/micro_ros_setup/lib/micro_ros_setup/create_firmware_ws.sh
[1.358s] -- Up-to-date: /home/puzzlebot/ros2_packages_ws/install/micro_ros_setup/lib/micro_ros_setup/configure_firmware.sh
[1.358s] -- Up-to-date: /home/puzzlebot/ros2_packages_ws/install/micro_ros_setup/lib/micro_ros_setup/flash_firmware.sh
[1.359s] -- Up-to-date: /home/puzzlebot/ros2_packages_ws/install/micro_ros_setup/lib/micro_ros_setup/build_firmware.sh
[1.375s] -- Up-to-date: /home/puzzlebot/ros2_packages_ws/install/micro_ros_setup/lib/micro_ros_setup/build_agent.sh
[1.376s] -- Up-to-date: /home/puzzlebot/ros2_packages_ws/install/micro_ros_setup/lib/micro_ros_setup/yaml_filter.py
[1.376s] -- Up-to-date: /home/puzzlebot/ros2_packages_ws/install/micro_ros_setup/lib/micro_ros_setup/clean_env.sh
[1.377s] -- Up-to-date: /home/puzzlebot/ros2_packages_ws/install/micro_ros_setup/lib/micro_ros_setup/component
[1.378s] Invoked command in '/home/puzzlebot/ros2_packages_ws/build/micro_ros_setup' returned '0': CMAKE_PREFIX_PATH=${CMAKE_PREFIX_PATH}:/home/puzzlebot/ros2_ws/install/puzzlebot_ros:/home/puzzlebot/ros2_packages_ws/install/localization:/home/puzzlebot/ros2_packages_ws/install/camera_viewer:/opt/ros/humble /usr/bin/cmake --install /home/puzzlebot/ros2_packages_ws/build/micro_ros_setup
