[4.359s] Invoking command in '/home/puzzlebot/Puzzlebot_Lidar_ROS1_ROS2/ros2_packages_ws/src/camera_viewer': PYTHONPATH=/home/puzzlebot/Puzzlebot_Lidar_ROS1_ROS2/ros2_packages_ws/build/camera_viewer/prefix_override:/home/puzzlebot/Puzzlebot_Lidar_ROS1_ROS2/ros2_packages_ws/install/camera_viewer/lib/python3.8/site-packages:${PYTHONPATH} /usr/bin/python3 -W ignore:setup.py install is deprecated setup.py egg_info --egg-base ../../build/camera_viewer build --build-base /home/puzzlebot/Puzzlebot_Lidar_ROS1_ROS2/ros2_packages_ws/build/camera_viewer/build install --record /home/puzzlebot/Puzzlebot_Lidar_ROS1_ROS2/ros2_packages_ws/build/camera_viewer/install.log --single-version-externally-managed install_data
[5.838s] running egg_info
[5.841s] writing ../../build/camera_viewer/camera_viewer.egg-info/PKG-INFO
[5.850s] writing dependency_links to ../../build/camera_viewer/camera_viewer.egg-info/dependency_links.txt
[5.850s] writing entry points to ../../build/camera_viewer/camera_viewer.egg-info/entry_points.txt
[5.851s] writing requirements to ../../build/camera_viewer/camera_viewer.egg-info/requires.txt
[5.851s] writing top-level names to ../../build/camera_viewer/camera_viewer.egg-info/top_level.txt
[6.020s] reading manifest file '../../build/camera_viewer/camera_viewer.egg-info/SOURCES.txt'
[6.026s] writing manifest file '../../build/camera_viewer/camera_viewer.egg-info/SOURCES.txt'
[6.029s] running build
[6.030s] running build_py
[6.034s] running install
[6.039s] running install_lib
[6.057s] running install_data
[6.058s] running install_egg_info
[6.068s] removing '/home/puzzlebot/Puzzlebot_Lidar_ROS1_ROS2/ros2_packages_ws/install/camera_viewer/lib/python3.8/site-packages/camera_viewer-0.0.0-py3.8.egg-info' (and everything under it)
[6.072s] Copying ../../build/camera_viewer/camera_viewer.egg-info to /home/puzzlebot/Puzzlebot_Lidar_ROS1_ROS2/ros2_packages_ws/install/camera_viewer/lib/python3.8/site-packages/camera_viewer-0.0.0-py3.8.egg-info
[6.081s] running install_scripts
[6.192s] Installing camera_viewer script to /home/puzzlebot/Puzzlebot_Lidar_ROS1_ROS2/ros2_packages_ws/install/camera_viewer/lib/camera_viewer
[6.202s] writing list of installed files to '/home/puzzlebot/Puzzlebot_Lidar_ROS1_ROS2/ros2_packages_ws/build/camera_viewer/install.log'
[6.383s] Invoked command in '/home/puzzlebot/Puzzlebot_Lidar_ROS1_ROS2/ros2_packages_ws/src/camera_viewer' returned '0': PYTHONPATH=/home/puzzlebot/Puzzlebot_Lidar_ROS1_ROS2/ros2_packages_ws/build/camera_viewer/prefix_override:/home/puzzlebot/Puzzlebot_Lidar_ROS1_ROS2/ros2_packages_ws/install/camera_viewer/lib/python3.8/site-packages:${PYTHONPATH} /usr/bin/python3 -W ignore:setup.py install is deprecated setup.py egg_info --egg-base ../../build/camera_viewer build --build-base /home/puzzlebot/Puzzlebot_Lidar_ROS1_ROS2/ros2_packages_ws/build/camera_viewer/build install --record /home/puzzlebot/Puzzlebot_Lidar_ROS1_ROS2/ros2_packages_ws/build/camera_viewer/install.log --single-version-externally-managed install_data
