[4.651s] Invoking command in '/home/puzzlebot/ros2_packages_ws/src/localization': PYTHONPATH=/home/puzzlebot/ros2_packages_ws/build/localization/prefix_override:/home/puzzlebot/ros2_packages_ws/install/localization/lib/python3.8/site-packages:${PYTHONPATH} /usr/bin/python3 -W ignore:setup.py install is deprecated setup.py egg_info --egg-base ../../build/localization build --build-base /home/puzzlebot/ros2_packages_ws/build/localization/build install --record /home/puzzlebot/ros2_packages_ws/build/localization/install.log --single-version-externally-managed install_data
[6.112s] running egg_info
[6.116s] writing ../../build/localization/localization.egg-info/PKG-INFO
[6.119s] writing dependency_links to ../../build/localization/localization.egg-info/dependency_links.txt
[6.121s] writing entry points to ../../build/localization/localization.egg-info/entry_points.txt
[6.124s] writing requirements to ../../build/localization/localization.egg-info/requires.txt
[6.126s] writing top-level names to ../../build/localization/localization.egg-info/top_level.txt
[6.324s] reading manifest file '../../build/localization/localization.egg-info/SOURCES.txt'
[6.332s] writing manifest file '../../build/localization/localization.egg-info/SOURCES.txt'
[6.333s] running build
[6.334s] running build_py
[6.337s] copying localization/bug0.py -> /home/puzzlebot/ros2_packages_ws/build/localization/build/lib/localization
[6.338s] running install
[6.342s] running install_lib
[6.350s] copying /home/puzzlebot/ros2_packages_ws/build/localization/build/lib/localization/bug0.py -> /home/puzzlebot/ros2_packages_ws/install/localization/lib/python3.8/site-packages/localization
[6.353s] byte-compiling /home/puzzlebot/ros2_packages_ws/install/localization/lib/python3.8/site-packages/localization/bug0.py to bug0.cpython-38.pyc
[6.364s] running install_data
[6.365s] running install_egg_info
[6.375s] removing '/home/puzzlebot/ros2_packages_ws/install/localization/lib/python3.8/site-packages/localization-0.0.0-py3.8.egg-info' (and everything under it)
[6.376s] Copying ../../build/localization/localization.egg-info to /home/puzzlebot/ros2_packages_ws/install/localization/lib/python3.8/site-packages/localization-0.0.0-py3.8.egg-info
[6.381s] running install_scripts
[6.459s] Installing bug0 script to /home/puzzlebot/ros2_packages_ws/install/localization/lib/localization
[6.461s] Installing controller script to /home/puzzlebot/ros2_packages_ws/install/localization/lib/localization
[6.462s] Installing coordinate_transform script to /home/puzzlebot/ros2_packages_ws/install/localization/lib/localization
[6.462s] Installing joint_state script to /home/puzzlebot/ros2_packages_ws/install/localization/lib/localization
[6.464s] Installing kinematic_model script to /home/puzzlebot/ros2_packages_ws/install/localization/lib/localization
[6.464s] Installing localization script to /home/puzzlebot/ros2_packages_ws/install/localization/lib/localization
[6.465s] Installing test_lidar script to /home/puzzlebot/ros2_packages_ws/install/localization/lib/localization
[6.465s] Installing to_goal script to /home/puzzlebot/ros2_packages_ws/install/localization/lib/localization
[6.466s] Installing to_goal_bug_2 script to /home/puzzlebot/ros2_packages_ws/install/localization/lib/localization
[6.466s] writing list of installed files to '/home/puzzlebot/ros2_packages_ws/build/localization/install.log'
[6.603s] Invoked command in '/home/puzzlebot/ros2_packages_ws/src/localization' returned '0': PYTHONPATH=/home/puzzlebot/ros2_packages_ws/build/localization/prefix_override:/home/puzzlebot/ros2_packages_ws/install/localization/lib/python3.8/site-packages:${PYTHONPATH} /usr/bin/python3 -W ignore:setup.py install is deprecated setup.py egg_info --egg-base ../../build/localization build --build-base /home/puzzlebot/ros2_packages_ws/build/localization/build install --record /home/puzzlebot/ros2_packages_ws/build/localization/install.log --single-version-externally-managed install_data
