[5.110s] Invoking command in '/home/puzzlebot/ros2_packages_ws/src/localization': PYTHONPATH=/home/puzzlebot/ros2_packages_ws/build/localization/prefix_override:/home/puzzlebot/ros2_packages_ws/install/localization/lib/python3.8/site-packages:${PYTHONPATH} /usr/bin/python3 -W ignore:setup.py install is deprecated setup.py egg_info --egg-base ../../build/localization build --build-base /home/puzzlebot/ros2_packages_ws/build/localization/build install --record /home/puzzlebot/ros2_packages_ws/build/localization/install.log --single-version-externally-managed install_data
[7.023s] running egg_info
[7.028s] writing ../../build/localization/localization.egg-info/PKG-INFO
[7.032s] writing dependency_links to ../../build/localization/localization.egg-info/dependency_links.txt
[7.034s] writing entry points to ../../build/localization/localization.egg-info/entry_points.txt
[7.037s] writing requirements to ../../build/localization/localization.egg-info/requires.txt
[7.038s] writing top-level names to ../../build/localization/localization.egg-info/top_level.txt
[7.219s] reading manifest file '../../build/localization/localization.egg-info/SOURCES.txt'
[7.224s] writing manifest file '../../build/localization/localization.egg-info/SOURCES.txt'
[7.225s] running build
[7.226s] running build_py
[7.229s] copying localization/to_goal.py -> /home/puzzlebot/ros2_packages_ws/build/localization/build/lib/localization
[7.229s] copying localization/test_lidar.py -> /home/puzzlebot/ros2_packages_ws/build/localization/build/lib/localization
[7.231s] running install
[7.234s] running install_lib
[7.239s] copying /home/puzzlebot/ros2_packages_ws/build/localization/build/lib/localization/to_goal.py -> /home/puzzlebot/ros2_packages_ws/install/localization/lib/python3.8/site-packages/localization
[7.240s] copying /home/puzzlebot/ros2_packages_ws/build/localization/build/lib/localization/test_lidar.py -> /home/puzzlebot/ros2_packages_ws/install/localization/lib/python3.8/site-packages/localization
[7.244s] byte-compiling /home/puzzlebot/ros2_packages_ws/install/localization/lib/python3.8/site-packages/localization/to_goal.py to to_goal.cpython-38.pyc
[7.255s] byte-compiling /home/puzzlebot/ros2_packages_ws/install/localization/lib/python3.8/site-packages/localization/test_lidar.py to test_lidar.cpython-38.pyc
[7.256s] running install_data
[7.258s] running install_egg_info
[7.267s] removing '/home/puzzlebot/ros2_packages_ws/install/localization/lib/python3.8/site-packages/localization-0.0.0-py3.8.egg-info' (and everything under it)
[7.269s] Copying ../../build/localization/localization.egg-info to /home/puzzlebot/ros2_packages_ws/install/localization/lib/python3.8/site-packages/localization-0.0.0-py3.8.egg-info
[7.273s] running install_scripts
[7.351s] Installing controller script to /home/puzzlebot/ros2_packages_ws/install/localization/lib/localization
[7.354s] Installing coordinate_transform script to /home/puzzlebot/ros2_packages_ws/install/localization/lib/localization
[7.356s] Installing joint_state script to /home/puzzlebot/ros2_packages_ws/install/localization/lib/localization
[7.357s] Installing kinematic_model script to /home/puzzlebot/ros2_packages_ws/install/localization/lib/localization
[7.362s] Installing localization script to /home/puzzlebot/ros2_packages_ws/install/localization/lib/localization
[7.364s] Installing to_goal script to /home/puzzlebot/ros2_packages_ws/install/localization/lib/localization
[7.366s] Installing to_goal_bug_2 script to /home/puzzlebot/ros2_packages_ws/install/localization/lib/localization
[7.366s] writing list of installed files to '/home/puzzlebot/ros2_packages_ws/build/localization/install.log'
[7.467s] Invoked command in '/home/puzzlebot/ros2_packages_ws/src/localization' returned '0': PYTHONPATH=/home/puzzlebot/ros2_packages_ws/build/localization/prefix_override:/home/puzzlebot/ros2_packages_ws/install/localization/lib/python3.8/site-packages:${PYTHONPATH} /usr/bin/python3 -W ignore:setup.py install is deprecated setup.py egg_info --egg-base ../../build/localization build --build-base /home/puzzlebot/ros2_packages_ws/build/localization/build install --record /home/puzzlebot/ros2_packages_ws/build/localization/install.log --single-version-externally-managed install_data
