[4.688s] Invoking command in '/home/puzzlebot/ros2_packages_ws/src/localization': PYTHONPATH=/home/puzzlebot/ros2_packages_ws/build/localization/prefix_override:/home/puzzlebot/ros2_packages_ws/install/localization/lib/python3.8/site-packages:${PYTHONPATH} /usr/bin/python3 -W ignore:setup.py install is deprecated setup.py egg_info --egg-base ../../build/localization build --build-base /home/puzzlebot/ros2_packages_ws/build/localization/build install --record /home/puzzlebot/ros2_packages_ws/build/localization/install.log --single-version-externally-managed install_data
[7.330s] running egg_info
[7.334s] writing ../../build/localization/localization.egg-info/PKG-INFO
[7.336s] writing dependency_links to ../../build/localization/localization.egg-info/dependency_links.txt
[7.338s] writing entry points to ../../build/localization/localization.egg-info/entry_points.txt
[7.338s] writing requirements to ../../build/localization/localization.egg-info/requires.txt
[7.341s] writing top-level names to ../../build/localization/localization.egg-info/top_level.txt
[7.535s] reading manifest file '../../build/localization/localization.egg-info/SOURCES.txt'
[7.546s] writing manifest file '../../build/localization/localization.egg-info/SOURCES.txt'
[7.548s] running build
[7.548s] running build_py
[7.553s] copying localization/aruco_controller.py -> /home/puzzlebot/ros2_packages_ws/build/localization/build/lib/localization
[7.565s] running install
[7.570s] running install_lib
[7.584s] copying /home/puzzlebot/ros2_packages_ws/build/localization/build/lib/localization/aruco_controller.py -> /home/puzzlebot/ros2_packages_ws/install/localization/lib/python3.8/site-packages/localization
[7.597s] byte-compiling /home/puzzlebot/ros2_packages_ws/install/localization/lib/python3.8/site-packages/localization/aruco_controller.py to aruco_controller.cpython-38.pyc
[7.616s] running install_data
[7.619s] running install_egg_info
[7.630s] removing '/home/puzzlebot/ros2_packages_ws/install/localization/lib/python3.8/site-packages/localization-0.0.0-py3.8.egg-info' (and everything under it)
[7.643s] Copying ../../build/localization/localization.egg-info to /home/puzzlebot/ros2_packages_ws/install/localization/lib/python3.8/site-packages/localization-0.0.0-py3.8.egg-info
[7.652s] running install_scripts
[7.734s] Installing aruco_controller script to /home/puzzlebot/ros2_packages_ws/install/localization/lib/localization
[7.738s] Installing bug0 script to /home/puzzlebot/ros2_packages_ws/install/localization/lib/localization
[7.741s] Installing controller script to /home/puzzlebot/ros2_packages_ws/install/localization/lib/localization
[7.744s] Installing coordinate_transform script to /home/puzzlebot/ros2_packages_ws/install/localization/lib/localization
[7.748s] Installing joint_state script to /home/puzzlebot/ros2_packages_ws/install/localization/lib/localization
[7.750s] Installing kinematic_model script to /home/puzzlebot/ros2_packages_ws/install/localization/lib/localization
[7.753s] Installing localization script to /home/puzzlebot/ros2_packages_ws/install/localization/lib/localization
[7.755s] Installing test_lidar script to /home/puzzlebot/ros2_packages_ws/install/localization/lib/localization
[7.757s] Installing to_goal script to /home/puzzlebot/ros2_packages_ws/install/localization/lib/localization
[7.758s] Installing to_goal_bug_2 script to /home/puzzlebot/ros2_packages_ws/install/localization/lib/localization
[7.761s] writing list of installed files to '/home/puzzlebot/ros2_packages_ws/build/localization/install.log'
[7.891s] Invoked command in '/home/puzzlebot/ros2_packages_ws/src/localization' returned '0': PYTHONPATH=/home/puzzlebot/ros2_packages_ws/build/localization/prefix_override:/home/puzzlebot/ros2_packages_ws/install/localization/lib/python3.8/site-packages:${PYTHONPATH} /usr/bin/python3 -W ignore:setup.py install is deprecated setup.py egg_info --egg-base ../../build/localization build --build-base /home/puzzlebot/ros2_packages_ws/build/localization/build install --record /home/puzzlebot/ros2_packages_ws/build/localization/install.log --single-version-externally-managed install_data
