-- The C compiler identification is GNU 8.4.0
-- The CXX compiler identification is GNU 8.4.0
-- Check for working C compiler: /usr/bin/cc
-- Check for working C compiler: /usr/bin/cc -- works
-- Detecting C compiler ABI info
-- Detecting C compiler ABI info - done
-- Detecting C compile features
-- Detecting C compile features - done
-- Check for working CXX compiler: /usr/bin/c++
-- Check for working CXX compiler: /usr/bin/c++ -- works
-- Detecting CXX compiler ABI info
-- Detecting CXX compiler ABI info - done
-- Detecting CXX compile features
-- Detecting CXX compile features - done
-- Looking for pthread.h
-- Looking for pthread.h - found
-- Performing Test CMAKE_HAVE_LIBC_PTHREAD
-- Performing Test CMAKE_HAVE_LIBC_PTHREAD - Failed
-- Looking for pthread_create in pthreads
-- Looking for pthread_create in pthreads - not found
-- Looking for pthread_create in pthread
-- Looking for pthread_create in pthread - found
-- Found Threads: TRUE  
-- Found CUDA: /usr/local/cuda (found version "10.2") 
-- Found Python3: /usr/bin/python3.8 (found version "3.8.10") found components: Interpreter 
-- Found rclcpp: 16.0.7 (/opt/ros/humble/share/rclcpp/cmake)
-- Found rosidl_generator_c: 3.1.5 (/opt/ros/humble/share/rosidl_generator_c/cmake)
-- Found rosidl_adapter: 3.1.5 (/opt/ros/humble/share/rosidl_adapter/cmake)
-- Found rosidl_generator_cpp: 3.1.5 (/opt/ros/humble/share/rosidl_generator_cpp/cmake)
-- Using all available rosidl_typesupport_c: rosidl_typesupport_fastrtps_c;rosidl_typesupport_introspection_c
-- Using all available rosidl_typesupport_cpp: rosidl_typesupport_fastrtps_cpp;rosidl_typesupport_introspection_cpp
-- Found rmw_implementation_cmake: 6.1.1 (/opt/ros/humble/share/rmw_implementation_cmake/cmake)
-- Found rmw_fastrtps_cpp: 6.2.5 (/opt/ros/humble/share/rmw_fastrtps_cpp/cmake)
-- Found OpenSSL: /usr/lib/aarch64-linux-gnu/libcrypto.so (found version "1.1.1f")  
-- Found FastRTPS: /opt/ros/humble/include  
-- Using RMW implementation 'rmw_fastrtps_cpp' as default
-- Found sensor_msgs: 4.2.3 (/opt/ros/humble/share/sensor_msgs/cmake)
-- Found vision_msgs: 4.1.0 (/opt/ros/humble/share/vision_msgs/cmake)
-- Configuring done
-- Generating done
-- Build files have been written to: /home/puzzlebot/Puzzlebot_Lidar_ROS1_ROS2/ros2_packages_ws/build/ros_deep_learning
[35m[1mScanning dependencies of target detectnet[0m
[  5%] [32mBuilding CXX object CMakeFiles/detectnet.dir/src/node_detectnet.cpp.o[0m
[ 10%] [32mBuilding CXX object CMakeFiles/detectnet.dir/src/image_converter.cpp.o[0m
[ 15%] [32mBuilding CXX object CMakeFiles/detectnet.dir/src/ros_compat.cpp.o[0m
[ 20%] [32m[1mLinking CXX executable detectnet[0m
[ 20%] Built target detectnet
[35m[1mScanning dependencies of target imagenet[0m
[ 25%] [32mBuilding CXX object CMakeFiles/imagenet.dir/src/node_imagenet.cpp.o[0m
[ 30%] [32mBuilding CXX object CMakeFiles/imagenet.dir/src/image_converter.cpp.o[0m
[ 35%] [32mBuilding CXX object CMakeFiles/imagenet.dir/src/ros_compat.cpp.o[0m
[ 40%] [32m[1mLinking CXX executable imagenet[0m
[ 40%] Built target imagenet
[35m[1mScanning dependencies of target video_output[0m
[ 45%] [32mBuilding CXX object CMakeFiles/video_output.dir/src/node_video_output.cpp.o[0m
[ 50%] [32mBuilding CXX object CMakeFiles/video_output.dir/src/image_converter.cpp.o[0m
[ 55%] [32mBuilding CXX object CMakeFiles/video_output.dir/src/ros_compat.cpp.o[0m
[ 60%] [32m[1mLinking CXX executable video_output[0m
[ 60%] Built target video_output
[35m[1mScanning dependencies of target video_source[0m
[ 65%] [32mBuilding CXX object CMakeFiles/video_source.dir/src/node_video_source.cpp.o[0m
[ 70%] [32mBuilding CXX object CMakeFiles/video_source.dir/src/ros_compat.cpp.o[0m
[ 75%] [32mBuilding CXX object CMakeFiles/video_source.dir/src/image_converter.cpp.o[0m
[ 80%] [32m[1mLinking CXX executable video_source[0m
[ 80%] Built target video_source
[35m[1mScanning dependencies of target segnet[0m
[ 85%] [32mBuilding CXX object CMakeFiles/segnet.dir/src/node_segnet.cpp.o[0m
[ 90%] [32mBuilding CXX object CMakeFiles/segnet.dir/src/ros_compat.cpp.o[0m
[ 95%] [32mBuilding CXX object CMakeFiles/segnet.dir/src/image_converter.cpp.o[0m
[100%] [32m[1mLinking CXX executable segnet[0m
[100%] Built target segnet
-- Install configuration: ""
-- Installing: /home/puzzlebot/Puzzlebot_Lidar_ROS1_ROS2/ros2_packages_ws/install/ros_deep_learning/lib/ros_deep_learning/imagenet
-- Set runtime path of "/home/puzzlebot/Puzzlebot_Lidar_ROS1_ROS2/ros2_packages_ws/install/ros_deep_learning/lib/ros_deep_learning/imagenet" to ""
-- Installing: /home/puzzlebot/Puzzlebot_Lidar_ROS1_ROS2/ros2_packages_ws/install/ros_deep_learning/lib/ros_deep_learning/detectnet
-- Set runtime path of "/home/puzzlebot/Puzzlebot_Lidar_ROS1_ROS2/ros2_packages_ws/install/ros_deep_learning/lib/ros_deep_learning/detectnet" to ""
-- Installing: /home/puzzlebot/Puzzlebot_Lidar_ROS1_ROS2/ros2_packages_ws/install/ros_deep_learning/lib/ros_deep_learning/segnet
-- Set runtime path of "/home/puzzlebot/Puzzlebot_Lidar_ROS1_ROS2/ros2_packages_ws/install/ros_deep_learning/lib/ros_deep_learning/segnet" to ""
-- Installing: /home/puzzlebot/Puzzlebot_Lidar_ROS1_ROS2/ros2_packages_ws/install/ros_deep_learning/lib/ros_deep_learning/video_source
-- Set runtime path of "/home/puzzlebot/Puzzlebot_Lidar_ROS1_ROS2/ros2_packages_ws/install/ros_deep_learning/lib/ros_deep_learning/video_source" to ""
-- Installing: /home/puzzlebot/Puzzlebot_Lidar_ROS1_ROS2/ros2_packages_ws/install/ros_deep_learning/lib/ros_deep_learning/video_output
-- Set runtime path of "/home/puzzlebot/Puzzlebot_Lidar_ROS1_ROS2/ros2_packages_ws/install/ros_deep_learning/lib/ros_deep_learning/video_output" to ""
-- Installing: /home/puzzlebot/Puzzlebot_Lidar_ROS1_ROS2/ros2_packages_ws/install/ros_deep_learning/share/ros_deep_learning//launch
-- Installing: /home/puzzlebot/Puzzlebot_Lidar_ROS1_ROS2/ros2_packages_ws/install/ros_deep_learning/share/ros_deep_learning//launch/video_output.ros2.launch
-- Installing: /home/puzzlebot/Puzzlebot_Lidar_ROS1_ROS2/ros2_packages_ws/install/ros_deep_learning/share/ros_deep_learning//launch/video_output.ros1.launch
-- Installing: /home/puzzlebot/Puzzlebot_Lidar_ROS1_ROS2/ros2_packages_ws/install/ros_deep_learning/share/ros_deep_learning//launch/segnet.ros1.launch
-- Installing: /home/puzzlebot/Puzzlebot_Lidar_ROS1_ROS2/ros2_packages_ws/install/ros_deep_learning/share/ros_deep_learning//launch/detectnet.ros1.launch
-- Installing: /home/puzzlebot/Puzzlebot_Lidar_ROS1_ROS2/ros2_packages_ws/install/ros_deep_learning/share/ros_deep_learning//launch/imagenet.ros1.launch
-- Installing: /home/puzzlebot/Puzzlebot_Lidar_ROS1_ROS2/ros2_packages_ws/install/ros_deep_learning/share/ros_deep_learning//launch/video_viewer.ros2.launch
-- Installing: /home/puzzlebot/Puzzlebot_Lidar_ROS1_ROS2/ros2_packages_ws/install/ros_deep_learning/share/ros_deep_learning//launch/imagenet.ros2.launch
-- Installing: /home/puzzlebot/Puzzlebot_Lidar_ROS1_ROS2/ros2_packages_ws/install/ros_deep_learning/share/ros_deep_learning//launch/video_source.ros1.launch
-- Installing: /home/puzzlebot/Puzzlebot_Lidar_ROS1_ROS2/ros2_packages_ws/install/ros_deep_learning/share/ros_deep_learning//launch/video_viewer.ros1.launch
-- Installing: /home/puzzlebot/Puzzlebot_Lidar_ROS1_ROS2/ros2_packages_ws/install/ros_deep_learning/share/ros_deep_learning//launch/detectnet.ros2.launch
-- Installing: /home/puzzlebot/Puzzlebot_Lidar_ROS1_ROS2/ros2_packages_ws/install/ros_deep_learning/share/ros_deep_learning//launch/video_source.ros2.launch
-- Installing: /home/puzzlebot/Puzzlebot_Lidar_ROS1_ROS2/ros2_packages_ws/install/ros_deep_learning/share/ros_deep_learning//launch/segnet.ros2.launch
-- Installing: /home/puzzlebot/Puzzlebot_Lidar_ROS1_ROS2/ros2_packages_ws/install/ros_deep_learning/share/ament_index/resource_index/package_run_dependencies/ros_deep_learning
-- Installing: /home/puzzlebot/Puzzlebot_Lidar_ROS1_ROS2/ros2_packages_ws/install/ros_deep_learning/share/ament_index/resource_index/parent_prefix_path/ros_deep_learning
-- Installing: /home/puzzlebot/Puzzlebot_Lidar_ROS1_ROS2/ros2_packages_ws/install/ros_deep_learning/share/ros_deep_learning/environment/ament_prefix_path.sh
-- Installing: /home/puzzlebot/Puzzlebot_Lidar_ROS1_ROS2/ros2_packages_ws/install/ros_deep_learning/share/ros_deep_learning/environment/ament_prefix_path.dsv
-- Installing: /home/puzzlebot/Puzzlebot_Lidar_ROS1_ROS2/ros2_packages_ws/install/ros_deep_learning/share/ros_deep_learning/environment/path.sh
-- Installing: /home/puzzlebot/Puzzlebot_Lidar_ROS1_ROS2/ros2_packages_ws/install/ros_deep_learning/share/ros_deep_learning/environment/path.dsv
-- Installing: /home/puzzlebot/Puzzlebot_Lidar_ROS1_ROS2/ros2_packages_ws/install/ros_deep_learning/share/ros_deep_learning/local_setup.bash
-- Installing: /home/puzzlebot/Puzzlebot_Lidar_ROS1_ROS2/ros2_packages_ws/install/ros_deep_learning/share/ros_deep_learning/local_setup.sh
-- Installing: /home/puzzlebot/Puzzlebot_Lidar_ROS1_ROS2/ros2_packages_ws/install/ros_deep_learning/share/ros_deep_learning/local_setup.zsh
-- Installing: /home/puzzlebot/Puzzlebot_Lidar_ROS1_ROS2/ros2_packages_ws/install/ros_deep_learning/share/ros_deep_learning/local_setup.dsv
-- Installing: /home/puzzlebot/Puzzlebot_Lidar_ROS1_ROS2/ros2_packages_ws/install/ros_deep_learning/share/ros_deep_learning/package.dsv
-- Installing: /home/puzzlebot/Puzzlebot_Lidar_ROS1_ROS2/ros2_packages_ws/install/ros_deep_learning/share/ament_index/resource_index/packages/ros_deep_learning
-- Installing: /home/puzzlebot/Puzzlebot_Lidar_ROS1_ROS2/ros2_packages_ws/install/ros_deep_learning/share/ros_deep_learning/cmake/ros_deep_learningConfig.cmake
-- Installing: /home/puzzlebot/Puzzlebot_Lidar_ROS1_ROS2/ros2_packages_ws/install/ros_deep_learning/share/ros_deep_learning/cmake/ros_deep_learningConfig-version.cmake
-- Installing: /home/puzzlebot/Puzzlebot_Lidar_ROS1_ROS2/ros2_packages_ws/install/ros_deep_learning/share/ros_deep_learning/package.xml
