[5.159s] Invoking command in '/home/puzzlebot/ros2_packages_ws/src/camera_viewer': PYTHONPATH=/home/puzzlebot/ros2_packages_ws/build/camera_viewer/prefix_override:/home/puzzlebot/ros2_packages_ws/install/camera_viewer/lib/python3.8/site-packages:${PYTHONPATH} /usr/bin/python3 -W ignore:setup.py install is deprecated setup.py egg_info --egg-base ../../build/camera_viewer build --build-base /home/puzzlebot/ros2_packages_ws/build/camera_viewer/build install --record /home/puzzlebot/ros2_packages_ws/build/camera_viewer/install.log --single-version-externally-managed install_data
[7.185s] running egg_info
[7.188s] writing ../../build/camera_viewer/camera_viewer.egg-info/PKG-INFO
[7.192s] writing dependency_links to ../../build/camera_viewer/camera_viewer.egg-info/dependency_links.txt
[7.193s] writing entry points to ../../build/camera_viewer/camera_viewer.egg-info/entry_points.txt
[7.196s] writing requirements to ../../build/camera_viewer/camera_viewer.egg-info/requires.txt
[7.197s] writing top-level names to ../../build/camera_viewer/camera_viewer.egg-info/top_level.txt
[7.383s] reading manifest file '../../build/camera_viewer/camera_viewer.egg-info/SOURCES.txt'
[7.389s] writing manifest file '../../build/camera_viewer/camera_viewer.egg-info/SOURCES.txt'
[7.391s] running build
[7.391s] running build_py
[7.392s] running install
[7.394s] running install_lib
[7.401s] running install_data
[7.402s] running install_egg_info
[7.410s] removing '/home/puzzlebot/ros2_packages_ws/install/camera_viewer/lib/python3.8/site-packages/camera_viewer-0.0.0-py3.8.egg-info' (and everything under it)
[7.414s] Copying ../../build/camera_viewer/camera_viewer.egg-info to /home/puzzlebot/ros2_packages_ws/install/camera_viewer/lib/python3.8/site-packages/camera_viewer-0.0.0-py3.8.egg-info
[7.425s] running install_scripts
[7.514s] Installing camera_viewer script to /home/puzzlebot/ros2_packages_ws/install/camera_viewer/lib/camera_viewer
[7.520s] writing list of installed files to '/home/puzzlebot/ros2_packages_ws/build/camera_viewer/install.log'
[7.642s] Invoked command in '/home/puzzlebot/ros2_packages_ws/src/camera_viewer' returned '0': PYTHONPATH=/home/puzzlebot/ros2_packages_ws/build/camera_viewer/prefix_override:/home/puzzlebot/ros2_packages_ws/install/camera_viewer/lib/python3.8/site-packages:${PYTHONPATH} /usr/bin/python3 -W ignore:setup.py install is deprecated setup.py egg_info --egg-base ../../build/camera_viewer build --build-base /home/puzzlebot/ros2_packages_ws/build/camera_viewer/build install --record /home/puzzlebot/ros2_packages_ws/build/camera_viewer/install.log --single-version-externally-managed install_data
