[4.514s] Invoking command in '/home/puzzlebot/Puzzlebot_Lidar_ROS1_ROS2/ros2_packages_ws/src/localization': PYTHONPATH=/home/puzzlebot/Puzzlebot_Lidar_ROS1_ROS2/ros2_packages_ws/build/localization/prefix_override:/home/puzzlebot/Puzzlebot_Lidar_ROS1_ROS2/ros2_packages_ws/install/localization/lib/python3.8/site-packages:${PYTHONPATH} /usr/bin/python3 -W ignore:setup.py install is deprecated setup.py egg_info --egg-base ../../build/localization build --build-base /home/puzzlebot/Puzzlebot_Lidar_ROS1_ROS2/ros2_packages_ws/build/localization/build install --record /home/puzzlebot/Puzzlebot_Lidar_ROS1_ROS2/ros2_packages_ws/build/localization/install.log --single-version-externally-managed install_data
[6.316s] running egg_info
[6.322s] writing ../../build/localization/localization.egg-info/PKG-INFO
[6.323s] writing dependency_links to ../../build/localization/localization.egg-info/dependency_links.txt
[6.323s] writing entry points to ../../build/localization/localization.egg-info/entry_points.txt
[6.324s] writing requirements to ../../build/localization/localization.egg-info/requires.txt
[6.325s] writing top-level names to ../../build/localization/localization.egg-info/top_level.txt
[6.507s] reading manifest file '../../build/localization/localization.egg-info/SOURCES.txt'
[6.514s] writing manifest file '../../build/localization/localization.egg-info/SOURCES.txt'
[6.514s] running build
[6.515s] running build_py
[6.517s] copying localization/localization.py -> /home/puzzlebot/Puzzlebot_Lidar_ROS1_ROS2/ros2_packages_ws/build/localization/build/lib/localization
[6.520s] running install
[6.524s] running install_lib
[6.530s] copying /home/puzzlebot/Puzzlebot_Lidar_ROS1_ROS2/ros2_packages_ws/build/localization/build/lib/localization/localization.py -> /home/puzzlebot/Puzzlebot_Lidar_ROS1_ROS2/ros2_packages_ws/install/localization/lib/python3.8/site-packages/localization
[6.535s] byte-compiling /home/puzzlebot/Puzzlebot_Lidar_ROS1_ROS2/ros2_packages_ws/install/localization/lib/python3.8/site-packages/localization/localization.py to localization.cpython-38.pyc
[6.550s] running install_data
[6.551s] running install_egg_info
[6.561s] removing '/home/puzzlebot/Puzzlebot_Lidar_ROS1_ROS2/ros2_packages_ws/install/localization/lib/python3.8/site-packages/localization-0.0.0-py3.8.egg-info' (and everything under it)
[6.565s] Copying ../../build/localization/localization.egg-info to /home/puzzlebot/Puzzlebot_Lidar_ROS1_ROS2/ros2_packages_ws/install/localization/lib/python3.8/site-packages/localization-0.0.0-py3.8.egg-info
[6.569s] running install_scripts
[6.656s] Installing controller script to /home/puzzlebot/Puzzlebot_Lidar_ROS1_ROS2/ros2_packages_ws/install/localization/lib/localization
[6.657s] Installing coordinate_transform script to /home/puzzlebot/Puzzlebot_Lidar_ROS1_ROS2/ros2_packages_ws/install/localization/lib/localization
[6.659s] Installing localization script to /home/puzzlebot/Puzzlebot_Lidar_ROS1_ROS2/ros2_packages_ws/install/localization/lib/localization
[6.660s] Installing test_lidar script to /home/puzzlebot/Puzzlebot_Lidar_ROS1_ROS2/ros2_packages_ws/install/localization/lib/localization
[6.661s] Installing to_goal_aruco script to /home/puzzlebot/Puzzlebot_Lidar_ROS1_ROS2/ros2_packages_ws/install/localization/lib/localization
[6.665s] writing list of installed files to '/home/puzzlebot/Puzzlebot_Lidar_ROS1_ROS2/ros2_packages_ws/build/localization/install.log'
[6.783s] Invoked command in '/home/puzzlebot/Puzzlebot_Lidar_ROS1_ROS2/ros2_packages_ws/src/localization' returned '0': PYTHONPATH=/home/puzzlebot/Puzzlebot_Lidar_ROS1_ROS2/ros2_packages_ws/build/localization/prefix_override:/home/puzzlebot/Puzzlebot_Lidar_ROS1_ROS2/ros2_packages_ws/install/localization/lib/python3.8/site-packages:${PYTHONPATH} /usr/bin/python3 -W ignore:setup.py install is deprecated setup.py egg_info --egg-base ../../build/localization build --build-base /home/puzzlebot/Puzzlebot_Lidar_ROS1_ROS2/ros2_packages_ws/build/localization/build install --record /home/puzzlebot/Puzzlebot_Lidar_ROS1_ROS2/ros2_packages_ws/build/localization/install.log --single-version-externally-managed install_data
