[0.551s] Invoking command in '/root/Team_IntegrationRobotics_and_IntelligentSystems/catkin_ws/src/localization': PYTHONPATH=/root/Team_IntegrationRobotics_and_IntelligentSystems/catkin_ws/build/localization/prefix_override:/root/Team_IntegrationRobotics_and_IntelligentSystems/catkin_ws/install/localization/lib/python3.10/site-packages:${PYTHONPATH} /usr/bin/python3 -W ignore:setup.py install is deprecated setup.py egg_info --egg-base ../../build/localization build --build-base /root/Team_IntegrationRobotics_and_IntelligentSystems/catkin_ws/build/localization/build install --record /root/Team_IntegrationRobotics_and_IntelligentSystems/catkin_ws/build/localization/install.log --single-version-externally-managed install_data
[0.699s] running egg_info
[0.700s] writing ../../build/localization/localization.egg-info/PKG-INFO
[0.700s] writing dependency_links to ../../build/localization/localization.egg-info/dependency_links.txt
[0.700s] writing entry points to ../../build/localization/localization.egg-info/entry_points.txt
[0.700s] writing requirements to ../../build/localization/localization.egg-info/requires.txt
[0.700s] writing top-level names to ../../build/localization/localization.egg-info/top_level.txt
[0.701s] reading manifest file '../../build/localization/localization.egg-info/SOURCES.txt'
[0.702s] adding license file 'LICENSE'
[0.702s] writing manifest file '../../build/localization/localization.egg-info/SOURCES.txt'
[0.702s] running build
[0.702s] running build_py
[0.702s] copying localization/localization.py -> /root/Team_IntegrationRobotics_and_IntelligentSystems/catkin_ws/build/localization/build/lib/localization
[0.703s] running install
[0.703s] running install_lib
[0.703s] copying /root/Team_IntegrationRobotics_and_IntelligentSystems/catkin_ws/build/localization/build/lib/localization/localization.py -> /root/Team_IntegrationRobotics_and_IntelligentSystems/catkin_ws/install/localization/lib/python3.10/site-packages/localization
[0.704s] byte-compiling /root/Team_IntegrationRobotics_and_IntelligentSystems/catkin_ws/install/localization/lib/python3.10/site-packages/localization/localization.py to localization.cpython-310.pyc
[0.705s] running install_data
[0.705s] running install_egg_info
[0.707s] removing '/root/Team_IntegrationRobotics_and_IntelligentSystems/catkin_ws/install/localization/lib/python3.10/site-packages/localization-0.0.0-py3.10.egg-info' (and everything under it)
[0.707s] Copying ../../build/localization/localization.egg-info to /root/Team_IntegrationRobotics_and_IntelligentSystems/catkin_ws/install/localization/lib/python3.10/site-packages/localization-0.0.0-py3.10.egg-info
[0.708s] running install_scripts
[0.725s] Installing controller script to /root/Team_IntegrationRobotics_and_IntelligentSystems/catkin_ws/install/localization/lib/localization
[0.725s] Installing coordinate_transform script to /root/Team_IntegrationRobotics_and_IntelligentSystems/catkin_ws/install/localization/lib/localization
[0.725s] Installing joint_state script to /root/Team_IntegrationRobotics_and_IntelligentSystems/catkin_ws/install/localization/lib/localization
[0.726s] Installing kinematic_node script to /root/Team_IntegrationRobotics_and_IntelligentSystems/catkin_ws/install/localization/lib/localization
[0.726s] Installing localization script to /root/Team_IntegrationRobotics_and_IntelligentSystems/catkin_ws/install/localization/lib/localization
[0.726s] writing list of installed files to '/root/Team_IntegrationRobotics_and_IntelligentSystems/catkin_ws/build/localization/install.log'
[0.745s] Invoked command in '/root/Team_IntegrationRobotics_and_IntelligentSystems/catkin_ws/src/localization' returned '0': PYTHONPATH=/root/Team_IntegrationRobotics_and_IntelligentSystems/catkin_ws/build/localization/prefix_override:/root/Team_IntegrationRobotics_and_IntelligentSystems/catkin_ws/install/localization/lib/python3.10/site-packages:${PYTHONPATH} /usr/bin/python3 -W ignore:setup.py install is deprecated setup.py egg_info --egg-base ../../build/localization build --build-base /root/Team_IntegrationRobotics_and_IntelligentSystems/catkin_ws/build/localization/build install --record /root/Team_IntegrationRobotics_and_IntelligentSystems/catkin_ws/build/localization/install.log --single-version-externally-managed install_data
