[4.753s] Invoking command in '/home/puzzlebot/ros2_packages_ws/src/localization': PYTHONPATH=/home/puzzlebot/ros2_packages_ws/build/localization/prefix_override:/home/puzzlebot/ros2_packages_ws/install/localization/lib/python3.8/site-packages:${PYTHONPATH} /usr/bin/python3 -W ignore:setup.py install is deprecated setup.py egg_info --egg-base ../../build/localization build --build-base /home/puzzlebot/ros2_packages_ws/build/localization/build install --record /home/puzzlebot/ros2_packages_ws/build/localization/install.log --single-version-externally-managed install_data
[6.749s] running egg_info
[6.751s] writing ../../build/localization/localization.egg-info/PKG-INFO
[6.764s] writing dependency_links to ../../build/localization/localization.egg-info/dependency_links.txt
[6.765s] writing entry points to ../../build/localization/localization.egg-info/entry_points.txt
[6.766s] writing requirements to ../../build/localization/localization.egg-info/requires.txt
[6.767s] writing top-level names to ../../build/localization/localization.egg-info/top_level.txt
[6.994s] reading manifest file '../../build/localization/localization.egg-info/SOURCES.txt'
[6.999s] writing manifest file '../../build/localization/localization.egg-info/SOURCES.txt'
[7.005s] running build
[7.005s] running build_py
[7.005s] copying localization/class_controller.py -> /home/puzzlebot/ros2_packages_ws/build/localization/build/lib/localization
[7.016s] running install
[7.016s] running install_lib
[7.037s] copying /home/puzzlebot/ros2_packages_ws/build/localization/build/lib/localization/class_controller.py -> /home/puzzlebot/ros2_packages_ws/install/localization/lib/python3.8/site-packages/localization
[7.047s] byte-compiling /home/puzzlebot/ros2_packages_ws/install/localization/lib/python3.8/site-packages/localization/class_controller.py to class_controller.cpython-38.pyc
[7.058s] running install_data
[7.061s] running install_egg_info
[7.076s] removing '/home/puzzlebot/ros2_packages_ws/install/localization/lib/python3.8/site-packages/localization-0.0.0-py3.8.egg-info' (and everything under it)
[7.076s] Copying ../../build/localization/localization.egg-info to /home/puzzlebot/ros2_packages_ws/install/localization/lib/python3.8/site-packages/localization-0.0.0-py3.8.egg-info
[7.081s] running install_scripts
[7.208s] Installing controller script to /home/puzzlebot/ros2_packages_ws/install/localization/lib/localization
[7.214s] Installing coordinate_transform script to /home/puzzlebot/ros2_packages_ws/install/localization/lib/localization
[7.215s] Installing joint_state script to /home/puzzlebot/ros2_packages_ws/install/localization/lib/localization
[7.216s] Installing kinematic_model script to /home/puzzlebot/ros2_packages_ws/install/localization/lib/localization
[7.217s] Installing localization script to /home/puzzlebot/ros2_packages_ws/install/localization/lib/localization
[7.217s] Installing test_lidar script to /home/puzzlebot/ros2_packages_ws/install/localization/lib/localization
[7.218s] Installing to_goal script to /home/puzzlebot/ros2_packages_ws/install/localization/lib/localization
[7.228s] Installing to_goal_bug_2 script to /home/puzzlebot/ros2_packages_ws/install/localization/lib/localization
[7.228s] writing list of installed files to '/home/puzzlebot/ros2_packages_ws/build/localization/install.log'
[7.420s] Invoked command in '/home/puzzlebot/ros2_packages_ws/src/localization' returned '0': PYTHONPATH=/home/puzzlebot/ros2_packages_ws/build/localization/prefix_override:/home/puzzlebot/ros2_packages_ws/install/localization/lib/python3.8/site-packages:${PYTHONPATH} /usr/bin/python3 -W ignore:setup.py install is deprecated setup.py egg_info --egg-base ../../build/localization build --build-base /home/puzzlebot/ros2_packages_ws/build/localization/build install --record /home/puzzlebot/ros2_packages_ws/build/localization/install.log --single-version-externally-managed install_data
