[0.022s] Invoking command in '/home/puzzlebot/ros2_packages_ws/build/micro_ros_setup': CMAKE_PREFIX_PATH=${CMAKE_PREFIX_PATH}:/home/puzzlebot/ros2_ws/install/puzzlebot_ros:/home/puzzlebot/ros2_packages_ws/install/localization:/home/puzzlebot/ros2_packages_ws/install/camera_viewer:/opt/ros/humble /usr/bin/cmake --build /home/puzzlebot/ros2_packages_ws/build/micro_ros_setup -- -j4 -l4
[0.318s] Invoked command in '/home/puzzlebot/ros2_packages_ws/build/micro_ros_setup' returned '0': CMAKE_PREFIX_PATH=${CMAKE_PREFIX_PATH}:/home/puzzlebot/ros2_ws/install/puzzlebot_ros:/home/puzzlebot/ros2_packages_ws/install/localization:/home/puzzlebot/ros2_packages_ws/install/camera_viewer:/opt/ros/humble /usr/bin/cmake --build /home/puzzlebot/ros2_packages_ws/build/micro_ros_setup -- -j4 -l4
[0.626s] Invoking command in '/home/puzzlebot/ros2_packages_ws/build/micro_ros_setup': CMAKE_PREFIX_PATH=${CMAKE_PREFIX_PATH}:/home/puzzlebot/ros2_ws/install/puzzlebot_ros:/home/puzzlebot/ros2_packages_ws/install/localization:/home/puzzlebot/ros2_packages_ws/install/camera_viewer:/opt/ros/humble /usr/bin/cmake --install /home/puzzlebot/ros2_packages_ws/build/micro_ros_setup
[0.673s] -- Install configuration: ""
[0.677s] -- Up-to-date: /home/puzzlebot/ros2_packages_ws/install/micro_ros_setup/share/ament_index/resource_index/package_run_dependencies/micro_ros_setup
[0.680s] -- Up-to-date: /home/puzzlebot/ros2_packages_ws/install/micro_ros_setup/share/ament_index/resource_index/parent_prefix_path/micro_ros_setup
[0.685s] -- Up-to-date: /home/puzzlebot/ros2_packages_ws/install/micro_ros_setup/share/micro_ros_setup/environment/ament_prefix_path.sh
[0.686s] -- Up-to-date: /home/puzzlebot/ros2_packages_ws/install/micro_ros_setup/share/micro_ros_setup/environment/ament_prefix_path.dsv
[0.690s] -- Up-to-date: /home/puzzlebot/ros2_packages_ws/install/micro_ros_setup/share/micro_ros_setup/environment/path.sh
[0.692s] -- Up-to-date: /home/puzzlebot/ros2_packages_ws/install/micro_ros_setup/share/micro_ros_setup/environment/path.dsv
[0.693s] -- Up-to-date: /home/puzzlebot/ros2_packages_ws/install/micro_ros_setup/share/micro_ros_setup/local_setup.bash
[0.694s] -- Up-to-date: /home/puzzlebot/ros2_packages_ws/install/micro_ros_setup/share/micro_ros_setup/local_setup.sh
[0.695s] -- Up-to-date: /home/puzzlebot/ros2_packages_ws/install/micro_ros_setup/share/micro_ros_setup/local_setup.zsh
[0.696s] -- Up-to-date: /home/puzzlebot/ros2_packages_ws/install/micro_ros_setup/share/micro_ros_setup/local_setup.dsv
[0.705s] -- Installing: /home/puzzlebot/ros2_packages_ws/install/micro_ros_setup/share/micro_ros_setup/package.dsv
[0.711s] -- Up-to-date: /home/puzzlebot/ros2_packages_ws/install/micro_ros_setup/share/ament_index/resource_index/packages/micro_ros_setup
[0.712s] -- Up-to-date: /home/puzzlebot/ros2_packages_ws/install/micro_ros_setup/share/micro_ros_setup/cmake/micro_ros_setupConfig.cmake
[0.713s] -- Up-to-date: /home/puzzlebot/ros2_packages_ws/install/micro_ros_setup/share/micro_ros_setup/cmake/micro_ros_setupConfig-version.cmake
[0.713s] -- Up-to-date: /home/puzzlebot/ros2_packages_ws/install/micro_ros_setup/share/micro_ros_setup/package.xml
[0.714s] -- Up-to-date: /home/puzzlebot/ros2_packages_ws/install/micro_ros_setup/./config
[0.714s] -- Up-to-date: /home/puzzlebot/ros2_packages_ws/install/micro_ros_setup/./config/generate_lib
[0.715s] -- Up-to-date: /home/puzzlebot/ros2_packages_ws/install/micro_ros_setup/./config/generate_lib/dev_uros_packages.repos
[0.715s] -- Up-to-date: /home/puzzlebot/ros2_packages_ws/install/micro_ros_setup/./config/generate_lib/generic
[0.716s] -- Up-to-date: /home/puzzlebot/ros2_packages_ws/install/micro_ros_setup/./config/generate_lib/generic/build.sh
[0.716s] -- Up-to-date: /home/puzzlebot/ros2_packages_ws/install/micro_ros_setup/./config/generate_lib/generic/create.sh
[0.717s] -- Up-to-date: /home/puzzlebot/ros2_packages_ws/install/micro_ros_setup/./config/generate_lib/generic/client_uros_packages.repos
[0.717s] -- Up-to-date: /home/puzzlebot/ros2_packages_ws/install/micro_ros_setup/./config/generate_lib/generic/package.xml
[0.718s] -- Up-to-date: /home/puzzlebot/ros2_packages_ws/install/micro_ros_setup/./config/generate_lib/generic/flash.sh
[0.718s] -- Up-to-date: /home/puzzlebot/ros2_packages_ws/install/micro_ros_setup/./config/generate_lib/generic/demo_toolchain.cmake
[0.718s] -- Up-to-date: /home/puzzlebot/ros2_packages_ws/install/micro_ros_setup/./config/generate_lib/generic/client-colcon.meta
[0.719s] -- Up-to-date: /home/puzzlebot/ros2_packages_ws/install/micro_ros_setup/./config/generate_lib/dev_ros2_packages.txt
[0.719s] -- Up-to-date: /home/puzzlebot/ros2_packages_ws/install/micro_ros_setup/./config/agent_ros2_packages.txt
[0.720s] -- Up-to-date: /home/puzzlebot/ros2_packages_ws/install/micro_ros_setup/./config/renesas_ra
[0.720s] -- Up-to-date: /home/puzzlebot/ros2_packages_ws/install/micro_ros_setup/./config/renesas_ra/dev_uros_packages.repos
[0.721s] -- Up-to-date: /home/puzzlebot/ros2_packages_ws/install/micro_ros_setup/./config/renesas_ra/list_apps.sh
[0.721s] -- Up-to-date: /home/puzzlebot/ros2_packages_ws/install/micro_ros_setup/./config/renesas_ra/dev_ros2_packages.txt
[0.722s] -- Up-to-date: /home/puzzlebot/ros2_packages_ws/install/micro_ros_setup/./config/renesas_ra/ra6m5
[0.726s] -- Up-to-date: /home/puzzlebot/ros2_packages_ws/install/micro_ros_setup/./config/renesas_ra/ra6m5/build.sh
[0.729s] -- Up-to-date: /home/puzzlebot/ros2_packages_ws/install/micro_ros_setup/./config/renesas_ra/ra6m5/create.sh
[0.730s] -- Up-to-date: /home/puzzlebot/ros2_packages_ws/install/micro_ros_setup/./config/renesas_ra/ra6m5/board.repos
[0.731s] -- Up-to-date: /home/puzzlebot/ros2_packages_ws/install/micro_ros_setup/./config/renesas_ra/ra6m5/client_uros_packages.repos
[0.732s] -- Up-to-date: /home/puzzlebot/ros2_packages_ws/install/micro_ros_setup/./config/renesas_ra/ra6m5/flash.sh
[0.734s] -- Up-to-date: /home/puzzlebot/ros2_packages_ws/install/micro_ros_setup/./config/renesas_ra/ra6m5/configure.sh
[0.735s] -- Up-to-date: /home/puzzlebot/ros2_packages_ws/install/micro_ros_setup/./config/renesas_ra/ra6m5/client-colcon.meta
[0.737s] -- Up-to-date: /home/puzzlebot/ros2_packages_ws/install/micro_ros_setup/./config/agent_uros_packages.repos
[0.738s] -- Up-to-date: /home/puzzlebot/ros2_packages_ws/install/micro_ros_setup/./config/utils.sh
[0.738s] -- Up-to-date: /home/puzzlebot/ros2_packages_ws/install/micro_ros_setup/./config/freertos
[0.739s] -- Up-to-date: /home/puzzlebot/ros2_packages_ws/install/micro_ros_setup/./config/freertos/nucleo_f446ze
[0.739s] -- Up-to-date: /home/puzzlebot/ros2_packages_ws/install/micro_ros_setup/./config/freertos/nucleo_f446ze/build.sh
[0.740s] -- Up-to-date: /home/puzzlebot/ros2_packages_ws/install/micro_ros_setup/./config/freertos/nucleo_f446ze/create.sh
[0.740s] -- Up-to-date: /home/puzzlebot/ros2_packages_ws/install/micro_ros_setup/./config/freertos/nucleo_f446ze/board.repos
[0.741s] -- Up-to-date: /home/puzzlebot/ros2_packages_ws/install/micro_ros_setup/./config/freertos/nucleo_f446ze/client_uros_packages.repos
[0.741s] -- Up-to-date: /home/puzzlebot/ros2_packages_ws/install/micro_ros_setup/./config/freertos/nucleo_f446ze/package.xml
[0.742s] -- Up-to-date: /home/puzzlebot/ros2_packages_ws/install/micro_ros_setup/./config/freertos/nucleo_f446ze/flash.sh
[0.742s] -- Up-to-date: /home/puzzlebot/ros2_packages_ws/install/micro_ros_setup/./config/freertos/nucleo_f446ze/configure.sh
[0.743s] -- Up-to-date: /home/puzzlebot/ros2_packages_ws/install/micro_ros_setup/./config/freertos/nucleo_f446ze/client-colcon.meta
[0.743s] -- Up-to-date: /home/puzzlebot/ros2_packages_ws/install/micro_ros_setup/./config/freertos/nucleo_f446re
[0.744s] -- Up-to-date: /home/puzzlebot/ros2_packages_ws/install/micro_ros_setup/./config/freertos/nucleo_f446re/build.sh
[0.744s] -- Up-to-date: /home/puzzlebot/ros2_packages_ws/install/micro_ros_setup/./config/freertos/nucleo_f446re/create.sh
[0.754s] -- Up-to-date: /home/puzzlebot/ros2_packages_ws/install/micro_ros_setup/./config/freertos/nucleo_f446re/board.repos
[0.754s] -- Up-to-date: /home/puzzlebot/ros2_packages_ws/install/micro_ros_setup/./config/freertos/nucleo_f446re/client_uros_packages.repos
[0.755s] -- Up-to-date: /home/puzzlebot/ros2_packages_ws/install/micro_ros_setup/./config/freertos/nucleo_f446re/package.xml
[0.755s] -- Up-to-date: /home/puzzlebot/ros2_packages_ws/install/micro_ros_setup/./config/freertos/nucleo_f446re/flash.sh
[0.756s] -- Up-to-date: /home/puzzlebot/ros2_packages_ws/install/micro_ros_setup/./config/freertos/nucleo_f446re/configure.sh
[0.756s] -- Up-to-date: /home/puzzlebot/ros2_packages_ws/install/micro_ros_setup/./config/freertos/nucleo_f446re/client-colcon.meta
[0.756s] -- Up-to-date: /home/puzzlebot/ros2_packages_ws/install/micro_ros_setup/./config/freertos/nucleo_f746zg
[0.757s] -- Up-to-date: /home/puzzlebot/ros2_packages_ws/install/micro_ros_setup/./config/freertos/nucleo_f746zg/build.sh
[0.774s] -- Up-to-date: /home/puzzlebot/ros2_packages_ws/install/micro_ros_setup/./config/freertos/nucleo_f746zg/create.sh
[0.774s] -- Up-to-date: /home/puzzlebot/ros2_packages_ws/install/micro_ros_setup/./config/freertos/nucleo_f746zg/board.repos
[0.775s] -- Up-to-date: /home/puzzlebot/ros2_packages_ws/install/micro_ros_setup/./config/freertos/nucleo_f746zg/client_uros_packages.repos
[0.775s] -- Up-to-date: /home/puzzlebot/ros2_packages_ws/install/micro_ros_setup/./config/freertos/nucleo_f746zg/package.xml
[0.776s] -- Up-to-date: /home/puzzlebot/ros2_packages_ws/install/micro_ros_setup/./config/freertos/nucleo_f746zg/flash.sh
[0.776s] -- Up-to-date: /home/puzzlebot/ros2_packages_ws/install/micro_ros_setup/./config/freertos/nucleo_f746zg/configure.sh
[0.782s] -- Up-to-date: /home/puzzlebot/ros2_packages_ws/install/micro_ros_setup/./config/freertos/nucleo_f746zg/client-colcon.meta
[0.787s] -- Up-to-date: /home/puzzlebot/ros2_packages_ws/install/micro_ros_setup/./config/freertos/crazyflie21
[0.788s] -- Up-to-date: /home/puzzlebot/ros2_packages_ws/install/micro_ros_setup/./config/freertos/crazyflie21/build.sh
[0.788s] -- Up-to-date: /home/puzzlebot/ros2_packages_ws/install/micro_ros_setup/./config/freertos/crazyflie21/create.sh
[0.790s] -- Up-to-date: /home/puzzlebot/ros2_packages_ws/install/micro_ros_setup/./config/freertos/crazyflie21/board.repos
[0.790s] -- Up-to-date: /home/puzzlebot/ros2_packages_ws/install/micro_ros_setup/./config/freertos/crazyflie21/client_uros_packages.repos
[0.790s] -- Up-to-date: /home/puzzlebot/ros2_packages_ws/install/micro_ros_setup/./config/freertos/crazyflie21/package.xml
[0.791s] -- Up-to-date: /home/puzzlebot/ros2_packages_ws/install/micro_ros_setup/./config/freertos/crazyflie21/flash.sh
[0.791s] -- Up-to-date: /home/puzzlebot/ros2_packages_ws/install/micro_ros_setup/./config/freertos/crazyflie21/configure.sh
[0.792s] -- Up-to-date: /home/puzzlebot/ros2_packages_ws/install/micro_ros_setup/./config/freertos/crazyflie21/client-colcon.meta
[0.792s] -- Up-to-date: /home/puzzlebot/ros2_packages_ws/install/micro_ros_setup/./config/freertos/dev_uros_packages.repos
[0.792s] -- Up-to-date: /home/puzzlebot/ros2_packages_ws/install/micro_ros_setup/./config/freertos/nucleo_f767zi
[0.793s] -- Up-to-date: /home/puzzlebot/ros2_packages_ws/install/micro_ros_setup/./config/freertos/nucleo_f767zi/build.sh
[0.793s] -- Up-to-date: /home/puzzlebot/ros2_packages_ws/install/micro_ros_setup/./config/freertos/nucleo_f767zi/create.sh
[0.794s] -- Up-to-date: /home/puzzlebot/ros2_packages_ws/install/micro_ros_setup/./config/freertos/nucleo_f767zi/board.repos
[0.794s] -- Up-to-date: /home/puzzlebot/ros2_packages_ws/install/micro_ros_setup/./config/freertos/nucleo_f767zi/client_uros_packages.repos
[0.795s] -- Up-to-date: /home/puzzlebot/ros2_packages_ws/install/micro_ros_setup/./config/freertos/nucleo_f767zi/package.xml
[0.795s] -- Up-to-date: /home/puzzlebot/ros2_packages_ws/install/micro_ros_setup/./config/freertos/nucleo_f767zi/flash.sh
[0.796s] -- Up-to-date: /home/puzzlebot/ros2_packages_ws/install/micro_ros_setup/./config/freertos/nucleo_f767zi/configure.sh
[0.796s] -- Up-to-date: /home/puzzlebot/ros2_packages_ws/install/micro_ros_setup/./config/freertos/nucleo_f767zi/client-colcon.meta
[0.796s] -- Up-to-date: /home/puzzlebot/ros2_packages_ws/install/micro_ros_setup/./config/freertos/esp32
[0.797s] -- Up-to-date: /home/puzzlebot/ros2_packages_ws/install/micro_ros_setup/./config/freertos/esp32/build.sh
[0.797s] -- Up-to-date: /home/puzzlebot/ros2_packages_ws/install/micro_ros_setup/./config/freertos/esp32/create.sh
[0.798s] -- Up-to-date: /home/puzzlebot/ros2_packages_ws/install/micro_ros_setup/./config/freertos/esp32/README.md
[0.798s] -- Up-to-date: /home/puzzlebot/ros2_packages_ws/install/micro_ros_setup/./config/freertos/esp32/board.repos
[0.799s] -- Up-to-date: /home/puzzlebot/ros2_packages_ws/install/micro_ros_setup/./config/freertos/esp32/client_uros_packages.repos
[0.799s] -- Up-to-date: /home/puzzlebot/ros2_packages_ws/install/micro_ros_setup/./config/freertos/esp32/package.xml
[0.800s] -- Up-to-date: /home/puzzlebot/ros2_packages_ws/install/micro_ros_setup/./config/freertos/esp32/flash.sh
[0.800s] -- Up-to-date: /home/puzzlebot/ros2_packages_ws/install/micro_ros_setup/./config/freertos/esp32/configure.sh
[0.800s] -- Up-to-date: /home/puzzlebot/ros2_packages_ws/install/micro_ros_setup/./config/freertos/esp32/client-colcon.meta
[0.801s] -- Up-to-date: /home/puzzlebot/ros2_packages_ws/install/micro_ros_setup/./config/freertos/olimex-stm32-e407
[0.808s] -- Up-to-date: /home/puzzlebot/ros2_packages_ws/install/micro_ros_setup/./config/freertos/olimex-stm32-e407/build.sh
[0.808s] -- Up-to-date: /home/puzzlebot/ros2_packages_ws/install/micro_ros_setup/./config/freertos/olimex-stm32-e407/create.sh
[0.809s] -- Up-to-date: /home/puzzlebot/ros2_packages_ws/install/micro_ros_setup/./config/freertos/olimex-stm32-e407/board.repos
[0.821s] -- Up-to-date: /home/puzzlebot/ros2_packages_ws/install/micro_ros_setup/./config/freertos/olimex-stm32-e407/client_uros_packages.repos
[0.822s] -- Up-to-date: /home/puzzlebot/ros2_packages_ws/install/micro_ros_setup/./config/freertos/olimex-stm32-e407/package.xml
[0.822s] -- Up-to-date: /home/puzzlebot/ros2_packages_ws/install/micro_ros_setup/./config/freertos/olimex-stm32-e407/flash.sh
[0.823s] -- Up-to-date: /home/puzzlebot/ros2_packages_ws/install/micro_ros_setup/./config/freertos/olimex-stm32-e407/configure.sh
[0.823s] -- Up-to-date: /home/puzzlebot/ros2_packages_ws/install/micro_ros_setup/./config/freertos/olimex-stm32-e407/client-colcon.meta
[0.824s] -- Up-to-date: /home/puzzlebot/ros2_packages_ws/install/micro_ros_setup/./config/freertos/list_apps.sh
[0.824s] -- Up-to-date: /home/puzzlebot/ros2_packages_ws/install/micro_ros_setup/./config/freertos/dev_ros2_packages.txt
[0.825s] -- Up-to-date: /home/puzzlebot/ros2_packages_ws/install/micro_ros_setup/./config/mbed
[0.825s] -- Up-to-date: /home/puzzlebot/ros2_packages_ws/install/micro_ros_setup/./config/mbed/dev_uros_packages.repos
[0.826s] -- Up-to-date: /home/puzzlebot/ros2_packages_ws/install/micro_ros_setup/./config/mbed/generic
[0.826s] -- Up-to-date: /home/puzzlebot/ros2_packages_ws/install/micro_ros_setup/./config/mbed/generic/build.sh
[0.827s] -- Up-to-date: /home/puzzlebot/ros2_packages_ws/install/micro_ros_setup/./config/mbed/generic/create.sh
[0.827s] -- Up-to-date: /home/puzzlebot/ros2_packages_ws/install/micro_ros_setup/./config/mbed/generic/board.repos
[0.827s] -- Up-to-date: /home/puzzlebot/ros2_packages_ws/install/micro_ros_setup/./config/mbed/generic/client_uros_packages.repos
[0.828s] -- Up-to-date: /home/puzzlebot/ros2_packages_ws/install/micro_ros_setup/./config/mbed/generic/package.xml
[0.828s] -- Up-to-date: /home/puzzlebot/ros2_packages_ws/install/micro_ros_setup/./config/mbed/generic/flash.sh
[0.829s] -- Up-to-date: /home/puzzlebot/ros2_packages_ws/install/micro_ros_setup/./config/mbed/generic/supported_platforms
[0.860s] -- Up-to-date: /home/puzzlebot/ros2_packages_ws/install/micro_ros_setup/./config/mbed/list_apps.sh
[0.861s] -- Up-to-date: /home/puzzlebot/ros2_packages_ws/install/micro_ros_setup/./config/mbed/dev_ros2_packages.txt
[0.862s] -- Up-to-date: /home/puzzlebot/ros2_packages_ws/install/micro_ros_setup/./config/android
[0.862s] -- Up-to-date: /home/puzzlebot/ros2_packages_ws/install/micro_ros_setup/./config/android/dev_uros_packages.repos
[0.864s] -- Up-to-date: /home/puzzlebot/ros2_packages_ws/install/micro_ros_setup/./config/android/generic
[0.865s] -- Up-to-date: /home/puzzlebot/ros2_packages_ws/install/micro_ros_setup/./config/android/generic/build.sh
[0.866s] -- Up-to-date: /home/puzzlebot/ros2_packages_ws/install/micro_ros_setup/./config/android/generic/create.sh
[0.869s] -- Up-to-date: /home/puzzlebot/ros2_packages_ws/install/micro_ros_setup/./config/android/generic/client_uros_packages.repos
[0.870s] -- Up-to-date: /home/puzzlebot/ros2_packages_ws/install/micro_ros_setup/./config/android/generic/package.xml
[0.870s] -- Up-to-date: /home/puzzlebot/ros2_packages_ws/install/micro_ros_setup/./config/android/generic/flash.sh
[0.871s] -- Up-to-date: /home/puzzlebot/ros2_packages_ws/install/micro_ros_setup/./config/android/generic/client-colcon.meta
[0.871s] -- Up-to-date: /home/puzzlebot/ros2_packages_ws/install/micro_ros_setup/./config/android/dev_ros2_packages.txt
[0.872s] -- Up-to-date: /home/puzzlebot/ros2_packages_ws/install/micro_ros_setup/./config/client_uros_packages.repos
[0.873s] -- Up-to-date: /home/puzzlebot/ros2_packages_ws/install/micro_ros_setup/./config/host
[0.873s] -- Up-to-date: /home/puzzlebot/ros2_packages_ws/install/micro_ros_setup/./config/host/dev_uros_packages.repos
[0.874s] -- Up-to-date: /home/puzzlebot/ros2_packages_ws/install/micro_ros_setup/./config/host/client_ros2_packages.txt
[0.874s] -- Up-to-date: /home/puzzlebot/ros2_packages_ws/install/micro_ros_setup/./config/host/generic
[0.875s] -- Up-to-date: /home/puzzlebot/ros2_packages_ws/install/micro_ros_setup/./config/host/generic/client-host-colcon.meta
[0.875s] -- Up-to-date: /home/puzzlebot/ros2_packages_ws/install/micro_ros_setup/./config/host/generic/build.sh
[0.875s] -- Up-to-date: /home/puzzlebot/ros2_packages_ws/install/micro_ros_setup/./config/host/generic/create.sh
[0.876s] -- Up-to-date: /home/puzzlebot/ros2_packages_ws/install/micro_ros_setup/./config/host/generic/package.xml
[0.876s] -- Up-to-date: /home/puzzlebot/ros2_packages_ws/install/micro_ros_setup/./config/host/generic/flash.sh
[0.877s] -- Up-to-date: /home/puzzlebot/ros2_packages_ws/install/micro_ros_setup/./config/host/generic/client_host_packages.repos
[0.892s] -- Up-to-date: /home/puzzlebot/ros2_packages_ws/install/micro_ros_setup/./config/host/dev_ros2_packages.txt
[0.894s] -- Up-to-date: /home/puzzlebot/ros2_packages_ws/install/micro_ros_setup/./config/client_ros2_packages.txt
[0.894s] -- Up-to-date: /home/puzzlebot/ros2_packages_ws/install/micro_ros_setup/./config/zephyr
[0.895s] -- Up-to-date: /home/puzzlebot/ros2_packages_ws/install/micro_ros_setup/./config/zephyr/dev_uros_packages.repos
[0.896s] -- Up-to-date: /home/puzzlebot/ros2_packages_ws/install/micro_ros_setup/./config/zephyr/generic
[0.896s] -- Up-to-date: /home/puzzlebot/ros2_packages_ws/install/micro_ros_setup/./config/zephyr/generic/build.sh
[0.897s] -- Up-to-date: /home/puzzlebot/ros2_packages_ws/install/micro_ros_setup/./config/zephyr/generic/create.sh
[0.897s] -- Up-to-date: /home/puzzlebot/ros2_packages_ws/install/micro_ros_setup/./config/zephyr/generic/board.repos
[0.898s] -- Up-to-date: /home/puzzlebot/ros2_packages_ws/install/micro_ros_setup/./config/zephyr/generic/client_uros_packages.repos
[0.898s] -- Up-to-date: /home/puzzlebot/ros2_packages_ws/install/micro_ros_setup/./config/zephyr/generic/package.xml
[0.899s] -- Up-to-date: /home/puzzlebot/ros2_packages_ws/install/micro_ros_setup/./config/zephyr/generic/flash.sh
[0.899s] -- Up-to-date: /home/puzzlebot/ros2_packages_ws/install/micro_ros_setup/./config/zephyr/generic/configure.sh
[0.900s] -- Up-to-date: /home/puzzlebot/ros2_packages_ws/install/micro_ros_setup/./config/zephyr/generic/client-colcon.meta
[0.900s] -- Up-to-date: /home/puzzlebot/ros2_packages_ws/install/micro_ros_setup/./config/zephyr/generic/supported_platforms
[0.900s] -- Up-to-date: /home/puzzlebot/ros2_packages_ws/install/micro_ros_setup/./config/zephyr/list_apps.sh
[0.901s] -- Up-to-date: /home/puzzlebot/ros2_packages_ws/install/micro_ros_setup/./config/zephyr/dev_ros2_packages.txt
[0.902s] -- Up-to-date: /home/puzzlebot/ros2_packages_ws/install/micro_ros_setup/./config/raspbian
[0.902s] -- Up-to-date: /home/puzzlebot/ros2_packages_ws/install/micro_ros_setup/./config/raspbian/dev_uros_packages.repos
[0.902s] -- Up-to-date: /home/puzzlebot/ros2_packages_ws/install/micro_ros_setup/./config/raspbian/generic
[0.903s] -- Up-to-date: /home/puzzlebot/ros2_packages_ws/install/micro_ros_setup/./config/raspbian/generic/build.sh
[0.903s] -- Up-to-date: /home/puzzlebot/ros2_packages_ws/install/micro_ros_setup/./config/raspbian/generic/create.sh
[0.904s] -- Up-to-date: /home/puzzlebot/ros2_packages_ws/install/micro_ros_setup/./config/raspbian/generic/client_uros_packages.repos
[0.904s] -- Up-to-date: /home/puzzlebot/ros2_packages_ws/install/micro_ros_setup/./config/raspbian/generic/flash.sh
[0.904s] -- Up-to-date: /home/puzzlebot/ros2_packages_ws/install/micro_ros_setup/./config/raspbian/generic/configure.sh
[0.907s] -- Up-to-date: /home/puzzlebot/ros2_packages_ws/install/micro_ros_setup/./config/raspbian/generic/client-colcon.meta
[0.908s] -- Up-to-date: /home/puzzlebot/ros2_packages_ws/install/micro_ros_setup/./config/raspbian/generic/supported_platforms
[0.908s] -- Up-to-date: /home/puzzlebot/ros2_packages_ws/install/micro_ros_setup/./config/raspbian/dev_ros2_packages.txt
[0.909s] -- Up-to-date: /home/puzzlebot/ros2_packages_ws/install/micro_ros_setup/lib/micro_ros_setup/create_ws.sh
[0.909s] -- Up-to-date: /home/puzzlebot/ros2_packages_ws/install/micro_ros_setup/lib/micro_ros_setup/create_agent_ws.sh
[0.910s] -- Up-to-date: /home/puzzlebot/ros2_packages_ws/install/micro_ros_setup/lib/micro_ros_setup/create_firmware_ws.sh
[0.910s] -- Up-to-date: /home/puzzlebot/ros2_packages_ws/install/micro_ros_setup/lib/micro_ros_setup/configure_firmware.sh
[0.911s] -- Up-to-date: /home/puzzlebot/ros2_packages_ws/install/micro_ros_setup/lib/micro_ros_setup/flash_firmware.sh
[0.911s] -- Up-to-date: /home/puzzlebot/ros2_packages_ws/install/micro_ros_setup/lib/micro_ros_setup/build_firmware.sh
[0.912s] -- Up-to-date: /home/puzzlebot/ros2_packages_ws/install/micro_ros_setup/lib/micro_ros_setup/build_agent.sh
[0.912s] -- Up-to-date: /home/puzzlebot/ros2_packages_ws/install/micro_ros_setup/lib/micro_ros_setup/yaml_filter.py
[0.913s] -- Up-to-date: /home/puzzlebot/ros2_packages_ws/install/micro_ros_setup/lib/micro_ros_setup/clean_env.sh
[0.913s] -- Up-to-date: /home/puzzlebot/ros2_packages_ws/install/micro_ros_setup/lib/micro_ros_setup/component
[0.917s] Invoked command in '/home/puzzlebot/ros2_packages_ws/build/micro_ros_setup' returned '0': CMAKE_PREFIX_PATH=${CMAKE_PREFIX_PATH}:/home/puzzlebot/ros2_ws/install/puzzlebot_ros:/home/puzzlebot/ros2_packages_ws/install/localization:/home/puzzlebot/ros2_packages_ws/install/camera_viewer:/opt/ros/humble /usr/bin/cmake --install /home/puzzlebot/ros2_packages_ws/build/micro_ros_setup
