[4.198s] Invoking command in '/home/puzzlebot/ros2_packages_ws/src/localization': PYTHONPATH=/home/puzzlebot/ros2_packages_ws/build/localization/prefix_override:/home/puzzlebot/ros2_packages_ws/install/localization/lib/python3.8/site-packages:${PYTHONPATH} /usr/bin/python3 -W ignore:setup.py install is deprecated setup.py egg_info --egg-base ../../build/localization build --build-base /home/puzzlebot/ros2_packages_ws/build/localization/build install --record /home/puzzlebot/ros2_packages_ws/build/localization/install.log --single-version-externally-managed install_data
[5.683s] running egg_info
[5.687s] writing ../../build/localization/localization.egg-info/PKG-INFO
[5.690s] writing dependency_links to ../../build/localization/localization.egg-info/dependency_links.txt
[5.693s] writing entry points to ../../build/localization/localization.egg-info/entry_points.txt
[5.695s] writing requirements to ../../build/localization/localization.egg-info/requires.txt
[5.697s] writing top-level names to ../../build/localization/localization.egg-info/top_level.txt
[5.882s] reading manifest file '../../build/localization/localization.egg-info/SOURCES.txt'
[5.886s] writing manifest file '../../build/localization/localization.egg-info/SOURCES.txt'
[5.886s] running build
[5.887s] running build_py
[5.890s] copying localization/bug0.py -> /home/puzzlebot/ros2_packages_ws/build/localization/build/lib/localization
[5.895s] running install
[5.905s] running install_lib
[5.918s] copying /home/puzzlebot/ros2_packages_ws/build/localization/build/lib/localization/bug0.py -> /home/puzzlebot/ros2_packages_ws/install/localization/lib/python3.8/site-packages/localization
[5.932s] byte-compiling /home/puzzlebot/ros2_packages_ws/install/localization/lib/python3.8/site-packages/localization/bug0.py to bug0.cpython-38.pyc
[5.951s] running install_data
[5.953s] running install_egg_info
[5.972s] removing '/home/puzzlebot/ros2_packages_ws/install/localization/lib/python3.8/site-packages/localization-0.0.0-py3.8.egg-info' (and everything under it)
[5.975s] Copying ../../build/localization/localization.egg-info to /home/puzzlebot/ros2_packages_ws/install/localization/lib/python3.8/site-packages/localization-0.0.0-py3.8.egg-info
[5.987s] running install_scripts
[6.115s] Installing bug0 script to /home/puzzlebot/ros2_packages_ws/install/localization/lib/localization
[6.116s] Installing controller script to /home/puzzlebot/ros2_packages_ws/install/localization/lib/localization
[6.117s] Installing coordinate_transform script to /home/puzzlebot/ros2_packages_ws/install/localization/lib/localization
[6.118s] Installing joint_state script to /home/puzzlebot/ros2_packages_ws/install/localization/lib/localization
[6.119s] Installing kinematic_model script to /home/puzzlebot/ros2_packages_ws/install/localization/lib/localization
[6.120s] Installing localization script to /home/puzzlebot/ros2_packages_ws/install/localization/lib/localization
[6.120s] Installing test_lidar script to /home/puzzlebot/ros2_packages_ws/install/localization/lib/localization
[6.121s] Installing to_goal script to /home/puzzlebot/ros2_packages_ws/install/localization/lib/localization
[6.121s] Installing to_goal_bug_2 script to /home/puzzlebot/ros2_packages_ws/install/localization/lib/localization
[6.122s] writing list of installed files to '/home/puzzlebot/ros2_packages_ws/build/localization/install.log'
[6.240s] Invoked command in '/home/puzzlebot/ros2_packages_ws/src/localization' returned '0': PYTHONPATH=/home/puzzlebot/ros2_packages_ws/build/localization/prefix_override:/home/puzzlebot/ros2_packages_ws/install/localization/lib/python3.8/site-packages:${PYTHONPATH} /usr/bin/python3 -W ignore:setup.py install is deprecated setup.py egg_info --egg-base ../../build/localization build --build-base /home/puzzlebot/ros2_packages_ws/build/localization/build install --record /home/puzzlebot/ros2_packages_ws/build/localization/install.log --single-version-externally-managed install_data
