[4.417s] Invoking command in '/home/puzzlebot/ros2_packages_ws/src/localization': PYTHONPATH=/home/puzzlebot/ros2_packages_ws/build/localization/prefix_override:/home/puzzlebot/ros2_packages_ws/install/localization/lib/python3.8/site-packages:${PYTHONPATH} /usr/bin/python3 -W ignore:setup.py install is deprecated setup.py egg_info --egg-base ../../build/localization build --build-base /home/puzzlebot/ros2_packages_ws/build/localization/build install --record /home/puzzlebot/ros2_packages_ws/build/localization/install.log --single-version-externally-managed install_data
[5.988s] running egg_info
[5.989s] writing ../../build/localization/localization.egg-info/PKG-INFO
[5.991s] writing dependency_links to ../../build/localization/localization.egg-info/dependency_links.txt
[5.991s] writing entry points to ../../build/localization/localization.egg-info/entry_points.txt
[5.992s] writing requirements to ../../build/localization/localization.egg-info/requires.txt
[5.993s] writing top-level names to ../../build/localization/localization.egg-info/top_level.txt
[6.323s] reading manifest file '../../build/localization/localization.egg-info/SOURCES.txt'
[6.332s] writing manifest file '../../build/localization/localization.egg-info/SOURCES.txt'
[6.333s] running build
[6.333s] running build_py
[6.338s] copying localization/controller.py -> /home/puzzlebot/ros2_packages_ws/build/localization/build/lib/localization
[6.340s] running install
[6.349s] running install_lib
[6.356s] copying /home/puzzlebot/ros2_packages_ws/build/localization/build/lib/localization/controller.py -> /home/puzzlebot/ros2_packages_ws/install/localization/lib/python3.8/site-packages/localization
[6.361s] byte-compiling /home/puzzlebot/ros2_packages_ws/install/localization/lib/python3.8/site-packages/localization/controller.py to controller.cpython-38.pyc
[6.374s] running install_data
[6.377s] running install_egg_info
[6.388s] removing '/home/puzzlebot/ros2_packages_ws/install/localization/lib/python3.8/site-packages/localization-0.0.0-py3.8.egg-info' (and everything under it)
[6.404s] Copying ../../build/localization/localization.egg-info to /home/puzzlebot/ros2_packages_ws/install/localization/lib/python3.8/site-packages/localization-0.0.0-py3.8.egg-info
[6.413s] running install_scripts
[6.522s] Installing controller script to /home/puzzlebot/ros2_packages_ws/install/localization/lib/localization
[6.523s] Installing coordinate_transform script to /home/puzzlebot/ros2_packages_ws/install/localization/lib/localization
[6.524s] Installing joint_state script to /home/puzzlebot/ros2_packages_ws/install/localization/lib/localization
[6.524s] Installing kinematic_model script to /home/puzzlebot/ros2_packages_ws/install/localization/lib/localization
[6.525s] Installing localization script to /home/puzzlebot/ros2_packages_ws/install/localization/lib/localization
[6.526s] writing list of installed files to '/home/puzzlebot/ros2_packages_ws/build/localization/install.log'
[6.647s] Invoked command in '/home/puzzlebot/ros2_packages_ws/src/localization' returned '0': PYTHONPATH=/home/puzzlebot/ros2_packages_ws/build/localization/prefix_override:/home/puzzlebot/ros2_packages_ws/install/localization/lib/python3.8/site-packages:${PYTHONPATH} /usr/bin/python3 -W ignore:setup.py install is deprecated setup.py egg_info --egg-base ../../build/localization build --build-base /home/puzzlebot/ros2_packages_ws/build/localization/build install --record /home/puzzlebot/ros2_packages_ws/build/localization/install.log --single-version-externally-managed install_data
