[5.105s] Invoking command in '/home/puzzlebot/ros2_packages_ws/src/camera_viewer': PYTHONPATH=/home/puzzlebot/ros2_packages_ws/build/camera_viewer/prefix_override:/home/puzzlebot/ros2_packages_ws/install/camera_viewer/lib/python3.8/site-packages:${PYTHONPATH} /usr/bin/python3 -W ignore:setup.py install is deprecated setup.py egg_info --egg-base ../../build/camera_viewer build --build-base /home/puzzlebot/ros2_packages_ws/build/camera_viewer/build install --record /home/puzzlebot/ros2_packages_ws/build/camera_viewer/install.log --single-version-externally-managed install_data
[6.521s] running egg_info
[6.524s] writing ../../build/camera_viewer/camera_viewer.egg-info/PKG-INFO
[6.526s] writing dependency_links to ../../build/camera_viewer/camera_viewer.egg-info/dependency_links.txt
[6.527s] writing entry points to ../../build/camera_viewer/camera_viewer.egg-info/entry_points.txt
[6.528s] writing requirements to ../../build/camera_viewer/camera_viewer.egg-info/requires.txt
[6.528s] writing top-level names to ../../build/camera_viewer/camera_viewer.egg-info/top_level.txt
[6.712s] reading manifest file '../../build/camera_viewer/camera_viewer.egg-info/SOURCES.txt'
[6.717s] writing manifest file '../../build/camera_viewer/camera_viewer.egg-info/SOURCES.txt'
[6.719s] running build
[6.720s] running build_py
[6.721s] running install
[6.726s] running install_lib
[6.733s] running install_data
[6.735s] running install_egg_info
[6.743s] removing '/home/puzzlebot/ros2_packages_ws/install/camera_viewer/lib/python3.8/site-packages/camera_viewer-0.0.0-py3.8.egg-info' (and everything under it)
[6.745s] Copying ../../build/camera_viewer/camera_viewer.egg-info to /home/puzzlebot/ros2_packages_ws/install/camera_viewer/lib/python3.8/site-packages/camera_viewer-0.0.0-py3.8.egg-info
[6.750s] running install_scripts
[6.855s] Installing camera_viewer script to /home/puzzlebot/ros2_packages_ws/install/camera_viewer/lib/camera_viewer
[6.860s] writing list of installed files to '/home/puzzlebot/ros2_packages_ws/build/camera_viewer/install.log'
[7.082s] Invoked command in '/home/puzzlebot/ros2_packages_ws/src/camera_viewer' returned '0': PYTHONPATH=/home/puzzlebot/ros2_packages_ws/build/camera_viewer/prefix_override:/home/puzzlebot/ros2_packages_ws/install/camera_viewer/lib/python3.8/site-packages:${PYTHONPATH} /usr/bin/python3 -W ignore:setup.py install is deprecated setup.py egg_info --egg-base ../../build/camera_viewer build --build-base /home/puzzlebot/ros2_packages_ws/build/camera_viewer/build install --record /home/puzzlebot/ros2_packages_ws/build/camera_viewer/install.log --single-version-externally-managed install_data
