[0.957s] Invoking command in '/root/Team_IntegrationRobotics_and_IntelligentSystems/catkin_ws/src/slm_sim': PYTHONPATH=/root/Team_IntegrationRobotics_and_IntelligentSystems/catkin_ws/build/slm_sim/prefix_override:/root/Team_IntegrationRobotics_and_IntelligentSystems/catkin_ws/install/slm_sim/lib/python3.10/site-packages:${PYTHONPATH} /usr/bin/python3 -W ignore:setup.py install is deprecated setup.py egg_info --egg-base ../../build/slm_sim build --build-base /root/Team_IntegrationRobotics_and_IntelligentSystems/catkin_ws/build/slm_sim/build install --record /root/Team_IntegrationRobotics_and_IntelligentSystems/catkin_ws/build/slm_sim/install.log --single-version-externally-managed install_data
[1.208s] running egg_info
[1.209s] writing ../../build/slm_sim/slm_sim.egg-info/PKG-INFO
[1.209s] writing dependency_links to ../../build/slm_sim/slm_sim.egg-info/dependency_links.txt
[1.210s] writing entry points to ../../build/slm_sim/slm_sim.egg-info/entry_points.txt
[1.210s] writing requirements to ../../build/slm_sim/slm_sim.egg-info/requires.txt
[1.210s] writing top-level names to ../../build/slm_sim/slm_sim.egg-info/top_level.txt
[1.212s] reading manifest file '../../build/slm_sim/slm_sim.egg-info/SOURCES.txt'
[1.212s] adding license file 'LICENSE'
[1.213s] writing manifest file '../../build/slm_sim/slm_sim.egg-info/SOURCES.txt'
[1.213s] running build
[1.213s] running build_py
[1.213s] running install
[1.214s] running install_lib
[1.215s] running install_data
[1.216s] running install_egg_info
[1.218s] removing '/root/Team_IntegrationRobotics_and_IntelligentSystems/catkin_ws/install/slm_sim/lib/python3.10/site-packages/slm_sim-0.0.0-py3.10.egg-info' (and everything under it)
[1.218s] Copying ../../build/slm_sim/slm_sim.egg-info to /root/Team_IntegrationRobotics_and_IntelligentSystems/catkin_ws/install/slm_sim/lib/python3.10/site-packages/slm_sim-0.0.0-py3.10.egg-info
[1.219s] running install_scripts
[1.244s] Installing generator script to /root/Team_IntegrationRobotics_and_IntelligentSystems/catkin_ws/install/slm_sim/lib/slm_sim
[1.245s] Installing pendulum script to /root/Team_IntegrationRobotics_and_IntelligentSystems/catkin_ws/install/slm_sim/lib/slm_sim
[1.245s] writing list of installed files to '/root/Team_IntegrationRobotics_and_IntelligentSystems/catkin_ws/build/slm_sim/install.log'
[1.273s] Invoked command in '/root/Team_IntegrationRobotics_and_IntelligentSystems/catkin_ws/src/slm_sim' returned '0': PYTHONPATH=/root/Team_IntegrationRobotics_and_IntelligentSystems/catkin_ws/build/slm_sim/prefix_override:/root/Team_IntegrationRobotics_and_IntelligentSystems/catkin_ws/install/slm_sim/lib/python3.10/site-packages:${PYTHONPATH} /usr/bin/python3 -W ignore:setup.py install is deprecated setup.py egg_info --egg-base ../../build/slm_sim build --build-base /root/Team_IntegrationRobotics_and_IntelligentSystems/catkin_ws/build/slm_sim/build install --record /root/Team_IntegrationRobotics_and_IntelligentSystems/catkin_ws/build/slm_sim/install.log --single-version-externally-managed install_data
