[4.337s] Invoking command in '/home/puzzlebot/ros2_packages_ws/src/localization': PYTHONPATH=/home/puzzlebot/ros2_packages_ws/build/localization/prefix_override:/home/puzzlebot/ros2_packages_ws/install/localization/lib/python3.8/site-packages:${PYTHONPATH} /usr/bin/python3 -W ignore:setup.py install is deprecated setup.py egg_info --egg-base ../../build/localization build --build-base /home/puzzlebot/ros2_packages_ws/build/localization/build install --record /home/puzzlebot/ros2_packages_ws/build/localization/install.log --single-version-externally-managed install_data
[5.854s] running egg_info
[5.859s] writing ../../build/localization/localization.egg-info/PKG-INFO
[5.860s] writing dependency_links to ../../build/localization/localization.egg-info/dependency_links.txt
[5.861s] writing entry points to ../../build/localization/localization.egg-info/entry_points.txt
[5.862s] writing requirements to ../../build/localization/localization.egg-info/requires.txt
[5.864s] writing top-level names to ../../build/localization/localization.egg-info/top_level.txt
[6.062s] reading manifest file '../../build/localization/localization.egg-info/SOURCES.txt'
[6.069s] writing manifest file '../../build/localization/localization.egg-info/SOURCES.txt'
[6.070s] running build
[6.070s] running build_py
[6.075s] copying localization/bug0.py -> /home/puzzlebot/ros2_packages_ws/build/localization/build/lib/localization
[6.076s] running install
[6.091s] running install_lib
[6.092s] copying /home/puzzlebot/ros2_packages_ws/build/localization/build/lib/localization/bug0.py -> /home/puzzlebot/ros2_packages_ws/install/localization/lib/python3.8/site-packages/localization
[6.093s] byte-compiling /home/puzzlebot/ros2_packages_ws/install/localization/lib/python3.8/site-packages/localization/bug0.py to bug0.cpython-38.pyc
[6.102s] running install_data
[6.104s] running install_egg_info
[6.112s] removing '/home/puzzlebot/ros2_packages_ws/install/localization/lib/python3.8/site-packages/localization-0.0.0-py3.8.egg-info' (and everything under it)
[6.115s] Copying ../../build/localization/localization.egg-info to /home/puzzlebot/ros2_packages_ws/install/localization/lib/python3.8/site-packages/localization-0.0.0-py3.8.egg-info
[6.118s] running install_scripts
[6.208s] Installing bug0 script to /home/puzzlebot/ros2_packages_ws/install/localization/lib/localization
[6.211s] Installing controller script to /home/puzzlebot/ros2_packages_ws/install/localization/lib/localization
[6.213s] Installing coordinate_transform script to /home/puzzlebot/ros2_packages_ws/install/localization/lib/localization
[6.214s] Installing joint_state script to /home/puzzlebot/ros2_packages_ws/install/localization/lib/localization
[6.215s] Installing kinematic_model script to /home/puzzlebot/ros2_packages_ws/install/localization/lib/localization
[6.215s] Installing localization script to /home/puzzlebot/ros2_packages_ws/install/localization/lib/localization
[6.216s] Installing test_lidar script to /home/puzzlebot/ros2_packages_ws/install/localization/lib/localization
[6.216s] Installing to_goal script to /home/puzzlebot/ros2_packages_ws/install/localization/lib/localization
[6.229s] Installing to_goal_bug_2 script to /home/puzzlebot/ros2_packages_ws/install/localization/lib/localization
[6.230s] writing list of installed files to '/home/puzzlebot/ros2_packages_ws/build/localization/install.log'
[6.325s] Invoked command in '/home/puzzlebot/ros2_packages_ws/src/localization' returned '0': PYTHONPATH=/home/puzzlebot/ros2_packages_ws/build/localization/prefix_override:/home/puzzlebot/ros2_packages_ws/install/localization/lib/python3.8/site-packages:${PYTHONPATH} /usr/bin/python3 -W ignore:setup.py install is deprecated setup.py egg_info --egg-base ../../build/localization build --build-base /home/puzzlebot/ros2_packages_ws/build/localization/build install --record /home/puzzlebot/ros2_packages_ws/build/localization/install.log --single-version-externally-managed install_data
