[4.851s] Invoking command in '/home/puzzlebot/ros2_packages_ws/src/localization': PYTHONPATH=/home/puzzlebot/ros2_packages_ws/build/localization/prefix_override:/home/puzzlebot/ros2_packages_ws/install/localization/lib/python3.8/site-packages:${PYTHONPATH} /usr/bin/python3 -W ignore:setup.py install is deprecated setup.py egg_info --egg-base ../../build/localization build --build-base /home/puzzlebot/ros2_packages_ws/build/localization/build install --record /home/puzzlebot/ros2_packages_ws/build/localization/install.log --single-version-externally-managed install_data
[6.711s] running egg_info
[6.715s] writing ../../build/localization/localization.egg-info/PKG-INFO
[6.718s] writing dependency_links to ../../build/localization/localization.egg-info/dependency_links.txt
[6.720s] writing entry points to ../../build/localization/localization.egg-info/entry_points.txt
[6.723s] writing requirements to ../../build/localization/localization.egg-info/requires.txt
[6.725s] writing top-level names to ../../build/localization/localization.egg-info/top_level.txt
[6.932s] reading manifest file '../../build/localization/localization.egg-info/SOURCES.txt'
[6.945s] writing manifest file '../../build/localization/localization.egg-info/SOURCES.txt'
[6.947s] running build
[6.949s] running build_py
[6.952s] copying localization/to_goal.py -> /home/puzzlebot/ros2_packages_ws/build/localization/build/lib/localization
[6.957s] running install
[6.963s] running install_lib
[6.970s] copying /home/puzzlebot/ros2_packages_ws/build/localization/build/lib/localization/to_goal.py -> /home/puzzlebot/ros2_packages_ws/install/localization/lib/python3.8/site-packages/localization
[6.977s] byte-compiling /home/puzzlebot/ros2_packages_ws/install/localization/lib/python3.8/site-packages/localization/to_goal.py to to_goal.cpython-38.pyc
[6.991s] running install_data
[6.994s] running install_egg_info
[7.011s] removing '/home/puzzlebot/ros2_packages_ws/install/localization/lib/python3.8/site-packages/localization-0.0.0-py3.8.egg-info' (and everything under it)
[7.011s] Copying ../../build/localization/localization.egg-info to /home/puzzlebot/ros2_packages_ws/install/localization/lib/python3.8/site-packages/localization-0.0.0-py3.8.egg-info
[7.017s] running install_scripts
[7.103s] Installing controller script to /home/puzzlebot/ros2_packages_ws/install/localization/lib/localization
[7.106s] Installing coordinate_transform script to /home/puzzlebot/ros2_packages_ws/install/localization/lib/localization
[7.109s] Installing joint_state script to /home/puzzlebot/ros2_packages_ws/install/localization/lib/localization
[7.112s] Installing kinematic_model script to /home/puzzlebot/ros2_packages_ws/install/localization/lib/localization
[7.115s] Installing localization script to /home/puzzlebot/ros2_packages_ws/install/localization/lib/localization
[7.120s] Installing test_lidar script to /home/puzzlebot/ros2_packages_ws/install/localization/lib/localization
[7.120s] Installing to_goal script to /home/puzzlebot/ros2_packages_ws/install/localization/lib/localization
[7.124s] Installing to_goal_bug_2 script to /home/puzzlebot/ros2_packages_ws/install/localization/lib/localization
[7.126s] writing list of installed files to '/home/puzzlebot/ros2_packages_ws/build/localization/install.log'
[7.246s] Invoked command in '/home/puzzlebot/ros2_packages_ws/src/localization' returned '0': PYTHONPATH=/home/puzzlebot/ros2_packages_ws/build/localization/prefix_override:/home/puzzlebot/ros2_packages_ws/install/localization/lib/python3.8/site-packages:${PYTHONPATH} /usr/bin/python3 -W ignore:setup.py install is deprecated setup.py egg_info --egg-base ../../build/localization build --build-base /home/puzzlebot/ros2_packages_ws/build/localization/build install --record /home/puzzlebot/ros2_packages_ws/build/localization/install.log --single-version-externally-managed install_data
