[0.070s] Invoking command in '/home/puzzlebot/Puzzlebot_Lidar_ROS1_ROS2/ros2_packages_ws/build/aruco_opencv': AMENT_PREFIX_PATH=/home/puzzlebot/Puzzlebot_Lidar_ROS1_ROS2/ros2_packages_ws/install/aruco_opencv_msgs:${AMENT_PREFIX_PATH} CMAKE_PREFIX_PATH=/home/puzzlebot/Puzzlebot_Lidar_ROS1_ROS2/ros2_packages_ws/install/aruco_opencv_msgs:/home/puzzlebot/ros2_ws/install/puzzlebot_ros:/opt/ros/humble LD_LIBRARY_PATH=/home/puzzlebot/Puzzlebot_Lidar_ROS1_ROS2/ros2_packages_ws/install/aruco_opencv_msgs/lib:${LD_LIBRARY_PATH} PYTHONPATH=/home/puzzlebot/Puzzlebot_Lidar_ROS1_ROS2/ros2_packages_ws/install/aruco_opencv_msgs/lib/python3.8/site-packages:${PYTHONPATH} /usr/bin/cmake --build /home/puzzlebot/Puzzlebot_Lidar_ROS1_ROS2/ros2_packages_ws/build/aruco_opencv -- -j4 -l4
[0.682s] [ 28%] Built target aruco_tracker_autostart
[1.139s] [ 71%] Built target aruco_opencv
[1.615s] [100%] Built target aruco_tracker
[1.707s] Invoked command in '/home/puzzlebot/Puzzlebot_Lidar_ROS1_ROS2/ros2_packages_ws/build/aruco_opencv' returned '0': AMENT_PREFIX_PATH=/home/puzzlebot/Puzzlebot_Lidar_ROS1_ROS2/ros2_packages_ws/install/aruco_opencv_msgs:${AMENT_PREFIX_PATH} CMAKE_PREFIX_PATH=/home/puzzlebot/Puzzlebot_Lidar_ROS1_ROS2/ros2_packages_ws/install/aruco_opencv_msgs:/home/puzzlebot/ros2_ws/install/puzzlebot_ros:/opt/ros/humble LD_LIBRARY_PATH=/home/puzzlebot/Puzzlebot_Lidar_ROS1_ROS2/ros2_packages_ws/install/aruco_opencv_msgs/lib:${LD_LIBRARY_PATH} PYTHONPATH=/home/puzzlebot/Puzzlebot_Lidar_ROS1_ROS2/ros2_packages_ws/install/aruco_opencv_msgs/lib/python3.8/site-packages:${PYTHONPATH} /usr/bin/cmake --build /home/puzzlebot/Puzzlebot_Lidar_ROS1_ROS2/ros2_packages_ws/build/aruco_opencv -- -j4 -l4
[2.077s] Invoking command in '/home/puzzlebot/Puzzlebot_Lidar_ROS1_ROS2/ros2_packages_ws/build/aruco_opencv': AMENT_PREFIX_PATH=/home/puzzlebot/Puzzlebot_Lidar_ROS1_ROS2/ros2_packages_ws/install/aruco_opencv_msgs:${AMENT_PREFIX_PATH} CMAKE_PREFIX_PATH=/home/puzzlebot/Puzzlebot_Lidar_ROS1_ROS2/ros2_packages_ws/install/aruco_opencv_msgs:/home/puzzlebot/ros2_ws/install/puzzlebot_ros:/opt/ros/humble LD_LIBRARY_PATH=/home/puzzlebot/Puzzlebot_Lidar_ROS1_ROS2/ros2_packages_ws/install/aruco_opencv_msgs/lib:${LD_LIBRARY_PATH} PYTHONPATH=/home/puzzlebot/Puzzlebot_Lidar_ROS1_ROS2/ros2_packages_ws/install/aruco_opencv_msgs/lib/python3.8/site-packages:${PYTHONPATH} /usr/bin/cmake --install /home/puzzlebot/Puzzlebot_Lidar_ROS1_ROS2/ros2_packages_ws/build/aruco_opencv
[2.130s] -- Install configuration: ""
[2.133s] -- Up-to-date: /home/puzzlebot/Puzzlebot_Lidar_ROS1_ROS2/ros2_packages_ws/install/aruco_opencv/lib/aruco_opencv/aruco_tracker
[2.137s] -- Up-to-date: /home/puzzlebot/Puzzlebot_Lidar_ROS1_ROS2/ros2_packages_ws/install/aruco_opencv/lib/aruco_opencv/aruco_tracker_autostart
[2.142s] -- Up-to-date: /home/puzzlebot/Puzzlebot_Lidar_ROS1_ROS2/ros2_packages_ws/install/aruco_opencv/lib/libaruco_opencv.so
[2.153s] -- Up-to-date: /home/puzzlebot/Puzzlebot_Lidar_ROS1_ROS2/ros2_packages_ws/install/aruco_opencv/share/aruco_opencv/config
[2.153s] -- Up-to-date: /home/puzzlebot/Puzzlebot_Lidar_ROS1_ROS2/ros2_packages_ws/install/aruco_opencv/share/aruco_opencv/config/aruco_tracker.yaml
[2.154s] -- Up-to-date: /home/puzzlebot/Puzzlebot_Lidar_ROS1_ROS2/ros2_packages_ws/install/aruco_opencv/share/aruco_opencv/config/board_descriptions.yaml
[2.155s] -- Up-to-date: /home/puzzlebot/Puzzlebot_Lidar_ROS1_ROS2/ros2_packages_ws/install/aruco_opencv/share/aruco_opencv/launch
[2.159s] -- Up-to-date: /home/puzzlebot/Puzzlebot_Lidar_ROS1_ROS2/ros2_packages_ws/install/aruco_opencv/share/aruco_opencv/launch/aruco_tracker.launch.xml
[2.160s] -- Up-to-date: /home/puzzlebot/Puzzlebot_Lidar_ROS1_ROS2/ros2_packages_ws/install/aruco_opencv/lib/aruco_opencv/create_board
[2.161s] -- Up-to-date: /home/puzzlebot/Puzzlebot_Lidar_ROS1_ROS2/ros2_packages_ws/install/aruco_opencv/lib/aruco_opencv/create_marker
[2.161s] -- Up-to-date: /home/puzzlebot/Puzzlebot_Lidar_ROS1_ROS2/ros2_packages_ws/install/aruco_opencv/share/ament_index/resource_index/package_run_dependencies/aruco_opencv
[2.162s] -- Up-to-date: /home/puzzlebot/Puzzlebot_Lidar_ROS1_ROS2/ros2_packages_ws/install/aruco_opencv/share/ament_index/resource_index/parent_prefix_path/aruco_opencv
[2.162s] -- Up-to-date: /home/puzzlebot/Puzzlebot_Lidar_ROS1_ROS2/ros2_packages_ws/install/aruco_opencv/share/aruco_opencv/environment/ament_prefix_path.sh
[2.163s] -- Up-to-date: /home/puzzlebot/Puzzlebot_Lidar_ROS1_ROS2/ros2_packages_ws/install/aruco_opencv/share/aruco_opencv/environment/ament_prefix_path.dsv
[2.164s] -- Up-to-date: /home/puzzlebot/Puzzlebot_Lidar_ROS1_ROS2/ros2_packages_ws/install/aruco_opencv/share/aruco_opencv/environment/path.sh
[2.164s] -- Up-to-date: /home/puzzlebot/Puzzlebot_Lidar_ROS1_ROS2/ros2_packages_ws/install/aruco_opencv/share/aruco_opencv/environment/path.dsv
[2.165s] -- Up-to-date: /home/puzzlebot/Puzzlebot_Lidar_ROS1_ROS2/ros2_packages_ws/install/aruco_opencv/share/aruco_opencv/local_setup.bash
[2.166s] -- Up-to-date: /home/puzzlebot/Puzzlebot_Lidar_ROS1_ROS2/ros2_packages_ws/install/aruco_opencv/share/aruco_opencv/local_setup.sh
[2.166s] -- Up-to-date: /home/puzzlebot/Puzzlebot_Lidar_ROS1_ROS2/ros2_packages_ws/install/aruco_opencv/share/aruco_opencv/local_setup.zsh
[2.167s] -- Up-to-date: /home/puzzlebot/Puzzlebot_Lidar_ROS1_ROS2/ros2_packages_ws/install/aruco_opencv/share/aruco_opencv/local_setup.dsv
[2.175s] -- Installing: /home/puzzlebot/Puzzlebot_Lidar_ROS1_ROS2/ros2_packages_ws/install/aruco_opencv/share/aruco_opencv/package.dsv
[2.176s] -- Up-to-date: /home/puzzlebot/Puzzlebot_Lidar_ROS1_ROS2/ros2_packages_ws/install/aruco_opencv/share/ament_index/resource_index/packages/aruco_opencv
[2.177s] -- Up-to-date: /home/puzzlebot/Puzzlebot_Lidar_ROS1_ROS2/ros2_packages_ws/install/aruco_opencv/share/ament_index/resource_index/rclcpp_components/aruco_opencv
[2.177s] -- Up-to-date: /home/puzzlebot/Puzzlebot_Lidar_ROS1_ROS2/ros2_packages_ws/install/aruco_opencv/share/aruco_opencv/cmake/aruco_opencvConfig.cmake
[2.178s] -- Up-to-date: /home/puzzlebot/Puzzlebot_Lidar_ROS1_ROS2/ros2_packages_ws/install/aruco_opencv/share/aruco_opencv/cmake/aruco_opencvConfig-version.cmake
[2.178s] -- Up-to-date: /home/puzzlebot/Puzzlebot_Lidar_ROS1_ROS2/ros2_packages_ws/install/aruco_opencv/share/aruco_opencv/package.xml
[2.223s] Invoked command in '/home/puzzlebot/Puzzlebot_Lidar_ROS1_ROS2/ros2_packages_ws/build/aruco_opencv' returned '0': AMENT_PREFIX_PATH=/home/puzzlebot/Puzzlebot_Lidar_ROS1_ROS2/ros2_packages_ws/install/aruco_opencv_msgs:${AMENT_PREFIX_PATH} CMAKE_PREFIX_PATH=/home/puzzlebot/Puzzlebot_Lidar_ROS1_ROS2/ros2_packages_ws/install/aruco_opencv_msgs:/home/puzzlebot/ros2_ws/install/puzzlebot_ros:/opt/ros/humble LD_LIBRARY_PATH=/home/puzzlebot/Puzzlebot_Lidar_ROS1_ROS2/ros2_packages_ws/install/aruco_opencv_msgs/lib:${LD_LIBRARY_PATH} PYTHONPATH=/home/puzzlebot/Puzzlebot_Lidar_ROS1_ROS2/ros2_packages_ws/install/aruco_opencv_msgs/lib/python3.8/site-packages:${PYTHONPATH} /usr/bin/cmake --install /home/puzzlebot/Puzzlebot_Lidar_ROS1_ROS2/ros2_packages_ws/build/aruco_opencv
