[0.156s] Invoking command in '/home/puzzlebot/ros2_packages_ws/build/micro_ros_msgs': CMAKE_PREFIX_PATH=${CMAKE_PREFIX_PATH}:/home/puzzlebot/ros2_ws/install/puzzlebot_ros:/home/puzzlebot/ros2_packages_ws/install/localization:/home/puzzlebot/ros2_packages_ws/install/camera_viewer:/opt/ros/humble /usr/bin/cmake --build /home/puzzlebot/ros2_packages_ws/build/micro_ros_msgs -- -j4 -l4
[2.041s] [  2%] Built target micro_ros_msgs__cpp
[2.043s] [ 12%] Built target micro_ros_msgs__rosidl_generator_c
[2.043s] [ 12%] Built target ament_cmake_python_copy_micro_ros_msgs
[2.045s] [ 23%] Built target micro_ros_msgs__rosidl_typesupport_introspection_cpp
[2.047s] [ 34%] Built target micro_ros_msgs__rosidl_typesupport_cpp
[2.051s] [ 44%] Built target micro_ros_msgs__rosidl_typesupport_fastrtps_cpp
[2.052s] [ 55%] Built target micro_ros_msgs__rosidl_typesupport_fastrtps_c
[2.054s] [ 65%] Built target micro_ros_msgs__rosidl_typesupport_c
[2.055s] [ 76%] Built target micro_ros_msgs__rosidl_typesupport_introspection_c
[2.056s] [ 76%] Built target micro_ros_msgs
[2.056s] [ 78%] Built target micro_ros_msgs__py
[2.086s] [ 87%] Built target micro_ros_msgs__rosidl_generator_py
[2.453s] [ 91%] Built target micro_ros_msgs__rosidl_typesupport_introspection_c__pyext
[2.601s] [ 95%] Built target micro_ros_msgs__rosidl_typesupport_fastrtps_c__pyext
[2.641s] running egg_info
[2.649s] writing micro_ros_msgs.egg-info/PKG-INFO
[2.650s] writing dependency_links to micro_ros_msgs.egg-info/dependency_links.txt
[2.650s] writing top-level names to micro_ros_msgs.egg-info/top_level.txt
[2.657s] [100%] Built target micro_ros_msgs__rosidl_typesupport_c__pyext
[2.876s] reading manifest file 'micro_ros_msgs.egg-info/SOURCES.txt'
[2.877s] writing manifest file 'micro_ros_msgs.egg-info/SOURCES.txt'
[3.022s] [100%] Built target ament_cmake_python_build_micro_ros_msgs_egg
[3.140s] Invoked command in '/home/puzzlebot/ros2_packages_ws/build/micro_ros_msgs' returned '0': CMAKE_PREFIX_PATH=${CMAKE_PREFIX_PATH}:/home/puzzlebot/ros2_ws/install/puzzlebot_ros:/home/puzzlebot/ros2_packages_ws/install/localization:/home/puzzlebot/ros2_packages_ws/install/camera_viewer:/opt/ros/humble /usr/bin/cmake --build /home/puzzlebot/ros2_packages_ws/build/micro_ros_msgs -- -j4 -l4
[4.452s] Invoking command in '/home/puzzlebot/ros2_packages_ws/build/micro_ros_msgs': CMAKE_PREFIX_PATH=${CMAKE_PREFIX_PATH}:/home/puzzlebot/ros2_ws/install/puzzlebot_ros:/home/puzzlebot/ros2_packages_ws/install/localization:/home/puzzlebot/ros2_packages_ws/install/camera_viewer:/opt/ros/humble /usr/bin/cmake --install /home/puzzlebot/ros2_packages_ws/build/micro_ros_msgs
[4.606s] -- Install configuration: ""
[4.607s] -- Up-to-date: /home/puzzlebot/ros2_packages_ws/install/micro_ros_msgs/share/ament_index/resource_index/rosidl_interfaces/micro_ros_msgs
[4.607s] -- Up-to-date: /home/puzzlebot/ros2_packages_ws/install/micro_ros_msgs/include/micro_ros_msgs/micro_ros_msgs
[4.620s] -- Up-to-date: /home/puzzlebot/ros2_packages_ws/install/micro_ros_msgs/include/micro_ros_msgs/micro_ros_msgs/msg
[4.621s] -- Up-to-date: /home/puzzlebot/ros2_packages_ws/install/micro_ros_msgs/include/micro_ros_msgs/micro_ros_msgs/msg/rosidl_generator_c__visibility_control.h
[4.622s] -- Up-to-date: /home/puzzlebot/ros2_packages_ws/install/micro_ros_msgs/include/micro_ros_msgs/micro_ros_msgs/msg/entity.h
[4.622s] -- Up-to-date: /home/puzzlebot/ros2_packages_ws/install/micro_ros_msgs/include/micro_ros_msgs/micro_ros_msgs/msg/detail
[4.623s] -- Up-to-date: /home/puzzlebot/ros2_packages_ws/install/micro_ros_msgs/include/micro_ros_msgs/micro_ros_msgs/msg/detail/entity__functions.h
[4.624s] -- Up-to-date: /home/puzzlebot/ros2_packages_ws/install/micro_ros_msgs/include/micro_ros_msgs/micro_ros_msgs/msg/detail/node__type_support.h
[4.624s] -- Up-to-date: /home/puzzlebot/ros2_packages_ws/install/micro_ros_msgs/include/micro_ros_msgs/micro_ros_msgs/msg/detail/entity__struct.h
[4.625s] -- Up-to-date: /home/puzzlebot/ros2_packages_ws/install/micro_ros_msgs/include/micro_ros_msgs/micro_ros_msgs/msg/detail/graph__functions.h
[4.625s] -- Up-to-date: /home/puzzlebot/ros2_packages_ws/install/micro_ros_msgs/include/micro_ros_msgs/micro_ros_msgs/msg/detail/entity__type_support.h
[4.626s] -- Up-to-date: /home/puzzlebot/ros2_packages_ws/install/micro_ros_msgs/include/micro_ros_msgs/micro_ros_msgs/msg/detail/graph__struct.h
[4.626s] -- Up-to-date: /home/puzzlebot/ros2_packages_ws/install/micro_ros_msgs/include/micro_ros_msgs/micro_ros_msgs/msg/detail/node__struct.h
[4.627s] -- Up-to-date: /home/puzzlebot/ros2_packages_ws/install/micro_ros_msgs/include/micro_ros_msgs/micro_ros_msgs/msg/detail/graph__functions.c
[4.628s] -- Up-to-date: /home/puzzlebot/ros2_packages_ws/install/micro_ros_msgs/include/micro_ros_msgs/micro_ros_msgs/msg/detail/entity__functions.c
[4.628s] -- Up-to-date: /home/puzzlebot/ros2_packages_ws/install/micro_ros_msgs/include/micro_ros_msgs/micro_ros_msgs/msg/detail/node__functions.h
[4.630s] -- Up-to-date: /home/puzzlebot/ros2_packages_ws/install/micro_ros_msgs/include/micro_ros_msgs/micro_ros_msgs/msg/detail/node__functions.c
[4.630s] -- Up-to-date: /home/puzzlebot/ros2_packages_ws/install/micro_ros_msgs/include/micro_ros_msgs/micro_ros_msgs/msg/detail/graph__type_support.h
[4.631s] -- Up-to-date: /home/puzzlebot/ros2_packages_ws/install/micro_ros_msgs/include/micro_ros_msgs/micro_ros_msgs/msg/node.h
[4.631s] -- Up-to-date: /home/puzzlebot/ros2_packages_ws/install/micro_ros_msgs/include/micro_ros_msgs/micro_ros_msgs/msg/graph.h
[4.648s] -- Up-to-date: /home/puzzlebot/ros2_packages_ws/install/micro_ros_msgs/share/micro_ros_msgs/environment/library_path.sh
[4.664s] -- Up-to-date: /home/puzzlebot/ros2_packages_ws/install/micro_ros_msgs/share/micro_ros_msgs/environment/library_path.dsv
[4.665s] -- Up-to-date: /home/puzzlebot/ros2_packages_ws/install/micro_ros_msgs/lib/libmicro_ros_msgs__rosidl_generator_c.so
[4.667s] -- Up-to-date: /home/puzzlebot/ros2_packages_ws/install/micro_ros_msgs/include/micro_ros_msgs/micro_ros_msgs
[4.670s] -- Up-to-date: /home/puzzlebot/ros2_packages_ws/install/micro_ros_msgs/include/micro_ros_msgs/micro_ros_msgs/msg
[4.670s] -- Up-to-date: /home/puzzlebot/ros2_packages_ws/install/micro_ros_msgs/include/micro_ros_msgs/micro_ros_msgs/msg/rosidl_typesupport_fastrtps_c__visibility_control.h
[4.671s] -- Up-to-date: /home/puzzlebot/ros2_packages_ws/install/micro_ros_msgs/include/micro_ros_msgs/micro_ros_msgs/msg/detail
[4.671s] -- Up-to-date: /home/puzzlebot/ros2_packages_ws/install/micro_ros_msgs/include/micro_ros_msgs/micro_ros_msgs/msg/detail/entity__rosidl_typesupport_fastrtps_c.h
[4.673s] -- Up-to-date: /home/puzzlebot/ros2_packages_ws/install/micro_ros_msgs/include/micro_ros_msgs/micro_ros_msgs/msg/detail/graph__rosidl_typesupport_fastrtps_c.h
[4.674s] -- Up-to-date: /home/puzzlebot/ros2_packages_ws/install/micro_ros_msgs/include/micro_ros_msgs/micro_ros_msgs/msg/detail/node__rosidl_typesupport_fastrtps_c.h
[4.683s] -- Up-to-date: /home/puzzlebot/ros2_packages_ws/install/micro_ros_msgs/lib/libmicro_ros_msgs__rosidl_typesupport_fastrtps_c.so
[4.683s] -- Up-to-date: /home/puzzlebot/ros2_packages_ws/install/micro_ros_msgs/include/micro_ros_msgs/micro_ros_msgs
[4.692s] -- Up-to-date: /home/puzzlebot/ros2_packages_ws/install/micro_ros_msgs/include/micro_ros_msgs/micro_ros_msgs/msg
[4.692s] -- Up-to-date: /home/puzzlebot/ros2_packages_ws/install/micro_ros_msgs/include/micro_ros_msgs/micro_ros_msgs/msg/rosidl_typesupport_introspection_c__visibility_control.h
[4.693s] -- Up-to-date: /home/puzzlebot/ros2_packages_ws/install/micro_ros_msgs/include/micro_ros_msgs/micro_ros_msgs/msg/detail
[4.693s] -- Up-to-date: /home/puzzlebot/ros2_packages_ws/install/micro_ros_msgs/include/micro_ros_msgs/micro_ros_msgs/msg/detail/node__type_support.c
[4.694s] -- Up-to-date: /home/puzzlebot/ros2_packages_ws/install/micro_ros_msgs/include/micro_ros_msgs/micro_ros_msgs/msg/detail/graph__type_support.c
[4.694s] -- Up-to-date: /home/puzzlebot/ros2_packages_ws/install/micro_ros_msgs/include/micro_ros_msgs/micro_ros_msgs/msg/detail/entity__type_support.c
[4.695s] -- Up-to-date: /home/puzzlebot/ros2_packages_ws/install/micro_ros_msgs/include/micro_ros_msgs/micro_ros_msgs/msg/detail/graph__rosidl_typesupport_introspection_c.h
[4.696s] -- Up-to-date: /home/puzzlebot/ros2_packages_ws/install/micro_ros_msgs/include/micro_ros_msgs/micro_ros_msgs/msg/detail/node__rosidl_typesupport_introspection_c.h
[4.696s] -- Up-to-date: /home/puzzlebot/ros2_packages_ws/install/micro_ros_msgs/include/micro_ros_msgs/micro_ros_msgs/msg/detail/entity__rosidl_typesupport_introspection_c.h
[4.697s] -- Up-to-date: /home/puzzlebot/ros2_packages_ws/install/micro_ros_msgs/lib/libmicro_ros_msgs__rosidl_typesupport_introspection_c.so
[4.697s] -- Up-to-date: /home/puzzlebot/ros2_packages_ws/install/micro_ros_msgs/lib/libmicro_ros_msgs__rosidl_typesupport_c.so
[4.697s] -- Up-to-date: /home/puzzlebot/ros2_packages_ws/install/micro_ros_msgs/include/micro_ros_msgs/micro_ros_msgs
[4.698s] -- Up-to-date: /home/puzzlebot/ros2_packages_ws/install/micro_ros_msgs/include/micro_ros_msgs/micro_ros_msgs/msg
[4.698s] -- Up-to-date: /home/puzzlebot/ros2_packages_ws/install/micro_ros_msgs/include/micro_ros_msgs/micro_ros_msgs/msg/entity.hpp
[4.699s] -- Up-to-date: /home/puzzlebot/ros2_packages_ws/install/micro_ros_msgs/include/micro_ros_msgs/micro_ros_msgs/msg/node.hpp
[4.699s] -- Up-to-date: /home/puzzlebot/ros2_packages_ws/install/micro_ros_msgs/include/micro_ros_msgs/micro_ros_msgs/msg/detail
[4.699s] -- Up-to-date: /home/puzzlebot/ros2_packages_ws/install/micro_ros_msgs/include/micro_ros_msgs/micro_ros_msgs/msg/detail/graph__traits.hpp
[4.704s] -- Up-to-date: /home/puzzlebot/ros2_packages_ws/install/micro_ros_msgs/include/micro_ros_msgs/micro_ros_msgs/msg/detail/entity__builder.hpp
[4.705s] -- Up-to-date: /home/puzzlebot/ros2_packages_ws/install/micro_ros_msgs/include/micro_ros_msgs/micro_ros_msgs/msg/detail/node__traits.hpp
[4.705s] -- Up-to-date: /home/puzzlebot/ros2_packages_ws/install/micro_ros_msgs/include/micro_ros_msgs/micro_ros_msgs/msg/detail/entity__traits.hpp
[4.705s] -- Up-to-date: /home/puzzlebot/ros2_packages_ws/install/micro_ros_msgs/include/micro_ros_msgs/micro_ros_msgs/msg/detail/graph__builder.hpp
[4.706s] -- Up-to-date: /home/puzzlebot/ros2_packages_ws/install/micro_ros_msgs/include/micro_ros_msgs/micro_ros_msgs/msg/detail/node__builder.hpp
[4.706s] -- Up-to-date: /home/puzzlebot/ros2_packages_ws/install/micro_ros_msgs/include/micro_ros_msgs/micro_ros_msgs/msg/detail/graph__struct.hpp
[4.707s] -- Up-to-date: /home/puzzlebot/ros2_packages_ws/install/micro_ros_msgs/include/micro_ros_msgs/micro_ros_msgs/msg/detail/entity__struct.hpp
[4.707s] -- Up-to-date: /home/puzzlebot/ros2_packages_ws/install/micro_ros_msgs/include/micro_ros_msgs/micro_ros_msgs/msg/detail/node__struct.hpp
[4.707s] -- Up-to-date: /home/puzzlebot/ros2_packages_ws/install/micro_ros_msgs/include/micro_ros_msgs/micro_ros_msgs/msg/graph.hpp
[4.708s] -- Up-to-date: /home/puzzlebot/ros2_packages_ws/install/micro_ros_msgs/include/micro_ros_msgs/micro_ros_msgs
[4.708s] -- Up-to-date: /home/puzzlebot/ros2_packages_ws/install/micro_ros_msgs/include/micro_ros_msgs/micro_ros_msgs/msg
[4.709s] -- Up-to-date: /home/puzzlebot/ros2_packages_ws/install/micro_ros_msgs/include/micro_ros_msgs/micro_ros_msgs/msg/rosidl_typesupport_fastrtps_cpp__visibility_control.h
[4.709s] -- Up-to-date: /home/puzzlebot/ros2_packages_ws/install/micro_ros_msgs/include/micro_ros_msgs/micro_ros_msgs/msg/detail
[4.709s] -- Up-to-date: /home/puzzlebot/ros2_packages_ws/install/micro_ros_msgs/include/micro_ros_msgs/micro_ros_msgs/msg/detail/dds_fastrtps
[4.710s] -- Up-to-date: /home/puzzlebot/ros2_packages_ws/install/micro_ros_msgs/include/micro_ros_msgs/micro_ros_msgs/msg/detail/entity__rosidl_typesupport_fastrtps_cpp.hpp
[4.710s] -- Up-to-date: /home/puzzlebot/ros2_packages_ws/install/micro_ros_msgs/include/micro_ros_msgs/micro_ros_msgs/msg/detail/node__rosidl_typesupport_fastrtps_cpp.hpp
[4.711s] -- Up-to-date: /home/puzzlebot/ros2_packages_ws/install/micro_ros_msgs/include/micro_ros_msgs/micro_ros_msgs/msg/detail/graph__rosidl_typesupport_fastrtps_cpp.hpp
[4.711s] -- Up-to-date: /home/puzzlebot/ros2_packages_ws/install/micro_ros_msgs/lib/libmicro_ros_msgs__rosidl_typesupport_fastrtps_cpp.so
[4.720s] -- Up-to-date: /home/puzzlebot/ros2_packages_ws/install/micro_ros_msgs/include/micro_ros_msgs/micro_ros_msgs
[4.720s] -- Up-to-date: /home/puzzlebot/ros2_packages_ws/install/micro_ros_msgs/include/micro_ros_msgs/micro_ros_msgs/msg
[4.722s] -- Up-to-date: /home/puzzlebot/ros2_packages_ws/install/micro_ros_msgs/include/micro_ros_msgs/micro_ros_msgs/msg/detail
[4.722s] -- Up-to-date: /home/puzzlebot/ros2_packages_ws/install/micro_ros_msgs/include/micro_ros_msgs/micro_ros_msgs/msg/detail/graph__rosidl_typesupport_introspection_cpp.hpp
[4.723s] -- Up-to-date: /home/puzzlebot/ros2_packages_ws/install/micro_ros_msgs/include/micro_ros_msgs/micro_ros_msgs/msg/detail/entity__rosidl_typesupport_introspection_cpp.hpp
[4.723s] -- Up-to-date: /home/puzzlebot/ros2_packages_ws/install/micro_ros_msgs/include/micro_ros_msgs/micro_ros_msgs/msg/detail/graph__type_support.cpp
[4.723s] -- Up-to-date: /home/puzzlebot/ros2_packages_ws/install/micro_ros_msgs/include/micro_ros_msgs/micro_ros_msgs/msg/detail/entity__type_support.cpp
[4.724s] -- Up-to-date: /home/puzzlebot/ros2_packages_ws/install/micro_ros_msgs/include/micro_ros_msgs/micro_ros_msgs/msg/detail/node__type_support.cpp
[4.724s] -- Up-to-date: /home/puzzlebot/ros2_packages_ws/install/micro_ros_msgs/include/micro_ros_msgs/micro_ros_msgs/msg/detail/node__rosidl_typesupport_introspection_cpp.hpp
[4.725s] -- Up-to-date: /home/puzzlebot/ros2_packages_ws/install/micro_ros_msgs/lib/libmicro_ros_msgs__rosidl_typesupport_introspection_cpp.so
[4.725s] -- Up-to-date: /home/puzzlebot/ros2_packages_ws/install/micro_ros_msgs/lib/libmicro_ros_msgs__rosidl_typesupport_cpp.so
[4.725s] -- Up-to-date: /home/puzzlebot/ros2_packages_ws/install/micro_ros_msgs/share/micro_ros_msgs/environment/pythonpath.sh
[4.726s] -- Up-to-date: /home/puzzlebot/ros2_packages_ws/install/micro_ros_msgs/share/micro_ros_msgs/environment/pythonpath.dsv
[4.726s] -- Up-to-date: /home/puzzlebot/ros2_packages_ws/install/micro_ros_msgs/lib/python3.8/site-packages/micro_ros_msgs-3.0.0-py3.8.egg-info
[4.726s] -- Installing: /home/puzzlebot/ros2_packages_ws/install/micro_ros_msgs/lib/python3.8/site-packages/micro_ros_msgs-3.0.0-py3.8.egg-info/top_level.txt
[4.727s] -- Installing: /home/puzzlebot/ros2_packages_ws/install/micro_ros_msgs/lib/python3.8/site-packages/micro_ros_msgs-3.0.0-py3.8.egg-info/PKG-INFO
[4.727s] -- Installing: /home/puzzlebot/ros2_packages_ws/install/micro_ros_msgs/lib/python3.8/site-packages/micro_ros_msgs-3.0.0-py3.8.egg-info/SOURCES.txt
[4.728s] -- Installing: /home/puzzlebot/ros2_packages_ws/install/micro_ros_msgs/lib/python3.8/site-packages/micro_ros_msgs-3.0.0-py3.8.egg-info/dependency_links.txt
[4.728s] -- Up-to-date: /home/puzzlebot/ros2_packages_ws/install/micro_ros_msgs/lib/python3.8/site-packages/micro_ros_msgs
[4.729s] -- Up-to-date: /home/puzzlebot/ros2_packages_ws/install/micro_ros_msgs/lib/python3.8/site-packages/micro_ros_msgs/micro_ros_msgs_s__rosidl_typesupport_introspection_c.cpython-38-aarch64-linux-gnu.so
[4.729s] -- Up-to-date: /home/puzzlebot/ros2_packages_ws/install/micro_ros_msgs/lib/python3.8/site-packages/micro_ros_msgs/__init__.py
[4.730s] -- Up-to-date: /home/puzzlebot/ros2_packages_ws/install/micro_ros_msgs/lib/python3.8/site-packages/micro_ros_msgs/msg
[4.730s] -- Up-to-date: /home/puzzlebot/ros2_packages_ws/install/micro_ros_msgs/lib/python3.8/site-packages/micro_ros_msgs/msg/_graph_s.c
[4.730s] -- Up-to-date: /home/puzzlebot/ros2_packages_ws/install/micro_ros_msgs/lib/python3.8/site-packages/micro_ros_msgs/msg/_entity.py
[4.731s] -- Up-to-date: /home/puzzlebot/ros2_packages_ws/install/micro_ros_msgs/lib/python3.8/site-packages/micro_ros_msgs/msg/__init__.py
[4.731s] -- Up-to-date: /home/puzzlebot/ros2_packages_ws/install/micro_ros_msgs/lib/python3.8/site-packages/micro_ros_msgs/msg/_node_s.c
[4.752s] -- Up-to-date: /home/puzzlebot/ros2_packages_ws/install/micro_ros_msgs/lib/python3.8/site-packages/micro_ros_msgs/msg/_entity_s.c
[4.752s] -- Up-to-date: /home/puzzlebot/ros2_packages_ws/install/micro_ros_msgs/lib/python3.8/site-packages/micro_ros_msgs/msg/_node.py
[4.753s] -- Up-to-date: /home/puzzlebot/ros2_packages_ws/install/micro_ros_msgs/lib/python3.8/site-packages/micro_ros_msgs/msg/_graph.py
[4.753s] -- Up-to-date: /home/puzzlebot/ros2_packages_ws/install/micro_ros_msgs/lib/python3.8/site-packages/micro_ros_msgs/micro_ros_msgs_s__rosidl_typesupport_c.cpython-38-aarch64-linux-gnu.so
[4.754s] -- Up-to-date: /home/puzzlebot/ros2_packages_ws/install/micro_ros_msgs/lib/python3.8/site-packages/micro_ros_msgs/_micro_ros_msgs_s.ep.rosidl_typesupport_fastrtps_c.c
[4.754s] -- Up-to-date: /home/puzzlebot/ros2_packages_ws/install/micro_ros_msgs/lib/python3.8/site-packages/micro_ros_msgs/micro_ros_msgs_s__rosidl_typesupport_fastrtps_c.cpython-38-aarch64-linux-gnu.so
[4.755s] -- Up-to-date: /home/puzzlebot/ros2_packages_ws/install/micro_ros_msgs/lib/python3.8/site-packages/micro_ros_msgs/_micro_ros_msgs_s.ep.rosidl_typesupport_c.c
[4.755s] -- Up-to-date: /home/puzzlebot/ros2_packages_ws/install/micro_ros_msgs/lib/python3.8/site-packages/micro_ros_msgs/_micro_ros_msgs_s.ep.rosidl_typesupport_introspection_c.c
[4.755s] -- Up-to-date: /home/puzzlebot/ros2_packages_ws/install/micro_ros_msgs/lib/python3.8/site-packages/micro_ros_msgs/libmicro_ros_msgs__rosidl_generator_py.so
[4.797s] Listing '/home/puzzlebot/ros2_packages_ws/install/micro_ros_msgs/lib/python3.8/site-packages/micro_ros_msgs'...
[4.798s] Listing '/home/puzzlebot/ros2_packages_ws/install/micro_ros_msgs/lib/python3.8/site-packages/micro_ros_msgs/msg'...
[4.827s] -- Up-to-date: /home/puzzlebot/ros2_packages_ws/install/micro_ros_msgs/lib/python3.8/site-packages/micro_ros_msgs/micro_ros_msgs_s__rosidl_typesupport_fastrtps_c.cpython-38-aarch64-linux-gnu.so
[4.830s] -- Up-to-date: /home/puzzlebot/ros2_packages_ws/install/micro_ros_msgs/lib/python3.8/site-packages/micro_ros_msgs/micro_ros_msgs_s__rosidl_typesupport_introspection_c.cpython-38-aarch64-linux-gnu.so
[4.832s] -- Up-to-date: /home/puzzlebot/ros2_packages_ws/install/micro_ros_msgs/lib/python3.8/site-packages/micro_ros_msgs/micro_ros_msgs_s__rosidl_typesupport_c.cpython-38-aarch64-linux-gnu.so
[4.833s] -- Up-to-date: /home/puzzlebot/ros2_packages_ws/install/micro_ros_msgs/lib/libmicro_ros_msgs__rosidl_generator_py.so
[4.834s] -- Up-to-date: /home/puzzlebot/ros2_packages_ws/install/micro_ros_msgs/share/micro_ros_msgs/msg/Graph.idl
[4.852s] -- Up-to-date: /home/puzzlebot/ros2_packages_ws/install/micro_ros_msgs/share/micro_ros_msgs/msg/Node.idl
[4.853s] -- Up-to-date: /home/puzzlebot/ros2_packages_ws/install/micro_ros_msgs/share/micro_ros_msgs/msg/Entity.idl
[4.854s] -- Up-to-date: /home/puzzlebot/ros2_packages_ws/install/micro_ros_msgs/share/micro_ros_msgs/msg/Graph.msg
[4.854s] -- Up-to-date: /home/puzzlebot/ros2_packages_ws/install/micro_ros_msgs/share/micro_ros_msgs/msg/Node.msg
[4.854s] -- Up-to-date: /home/puzzlebot/ros2_packages_ws/install/micro_ros_msgs/share/micro_ros_msgs/msg/Entity.msg
[4.855s] -- Up-to-date: /home/puzzlebot/ros2_packages_ws/install/micro_ros_msgs/share/ament_index/resource_index/package_run_dependencies/micro_ros_msgs
[4.855s] -- Up-to-date: /home/puzzlebot/ros2_packages_ws/install/micro_ros_msgs/share/ament_index/resource_index/parent_prefix_path/micro_ros_msgs
[4.856s] -- Up-to-date: /home/puzzlebot/ros2_packages_ws/install/micro_ros_msgs/share/micro_ros_msgs/environment/ament_prefix_path.sh
[4.857s] -- Up-to-date: /home/puzzlebot/ros2_packages_ws/install/micro_ros_msgs/share/micro_ros_msgs/environment/ament_prefix_path.dsv
[4.857s] -- Up-to-date: /home/puzzlebot/ros2_packages_ws/install/micro_ros_msgs/share/micro_ros_msgs/environment/path.sh
[4.858s] -- Up-to-date: /home/puzzlebot/ros2_packages_ws/install/micro_ros_msgs/share/micro_ros_msgs/environment/path.dsv
[4.859s] -- Up-to-date: /home/puzzlebot/ros2_packages_ws/install/micro_ros_msgs/share/micro_ros_msgs/local_setup.bash
[4.887s] -- Up-to-date: /home/puzzlebot/ros2_packages_ws/install/micro_ros_msgs/share/micro_ros_msgs/local_setup.sh
[4.887s] -- Up-to-date: /home/puzzlebot/ros2_packages_ws/install/micro_ros_msgs/share/micro_ros_msgs/local_setup.zsh
[4.889s] -- Up-to-date: /home/puzzlebot/ros2_packages_ws/install/micro_ros_msgs/share/micro_ros_msgs/local_setup.dsv
[4.889s] -- Installing: /home/puzzlebot/ros2_packages_ws/install/micro_ros_msgs/share/micro_ros_msgs/package.dsv
[4.890s] -- Up-to-date: /home/puzzlebot/ros2_packages_ws/install/micro_ros_msgs/share/ament_index/resource_index/packages/micro_ros_msgs
[4.892s] -- Up-to-date: /home/puzzlebot/ros2_packages_ws/install/micro_ros_msgs/share/micro_ros_msgs/cmake/export_micro_ros_msgs__rosidl_generator_cExport.cmake
[4.893s] -- Up-to-date: /home/puzzlebot/ros2_packages_ws/install/micro_ros_msgs/share/micro_ros_msgs/cmake/export_micro_ros_msgs__rosidl_generator_cExport-noconfig.cmake
[4.894s] -- Up-to-date: /home/puzzlebot/ros2_packages_ws/install/micro_ros_msgs/share/micro_ros_msgs/cmake/export_micro_ros_msgs__rosidl_typesupport_fastrtps_cExport.cmake
[4.895s] -- Up-to-date: /home/puzzlebot/ros2_packages_ws/install/micro_ros_msgs/share/micro_ros_msgs/cmake/export_micro_ros_msgs__rosidl_typesupport_fastrtps_cExport-noconfig.cmake
[4.905s] -- Up-to-date: /home/puzzlebot/ros2_packages_ws/install/micro_ros_msgs/share/micro_ros_msgs/cmake/micro_ros_msgs__rosidl_typesupport_introspection_cExport.cmake
[4.905s] -- Up-to-date: /home/puzzlebot/ros2_packages_ws/install/micro_ros_msgs/share/micro_ros_msgs/cmake/micro_ros_msgs__rosidl_typesupport_introspection_cExport-noconfig.cmake
[4.906s] -- Up-to-date: /home/puzzlebot/ros2_packages_ws/install/micro_ros_msgs/share/micro_ros_msgs/cmake/micro_ros_msgs__rosidl_typesupport_cExport.cmake
[4.906s] -- Up-to-date: /home/puzzlebot/ros2_packages_ws/install/micro_ros_msgs/share/micro_ros_msgs/cmake/micro_ros_msgs__rosidl_typesupport_cExport-noconfig.cmake
[4.907s] -- Up-to-date: /home/puzzlebot/ros2_packages_ws/install/micro_ros_msgs/share/micro_ros_msgs/cmake/export_micro_ros_msgs__rosidl_generator_cppExport.cmake
[4.907s] -- Up-to-date: /home/puzzlebot/ros2_packages_ws/install/micro_ros_msgs/share/micro_ros_msgs/cmake/export_micro_ros_msgs__rosidl_typesupport_fastrtps_cppExport.cmake
[4.908s] -- Up-to-date: /home/puzzlebot/ros2_packages_ws/install/micro_ros_msgs/share/micro_ros_msgs/cmake/export_micro_ros_msgs__rosidl_typesupport_fastrtps_cppExport-noconfig.cmake
[4.908s] -- Up-to-date: /home/puzzlebot/ros2_packages_ws/install/micro_ros_msgs/share/micro_ros_msgs/cmake/micro_ros_msgs__rosidl_typesupport_introspection_cppExport.cmake
[4.924s] -- Up-to-date: /home/puzzlebot/ros2_packages_ws/install/micro_ros_msgs/share/micro_ros_msgs/cmake/micro_ros_msgs__rosidl_typesupport_introspection_cppExport-noconfig.cmake
[4.924s] -- Up-to-date: /home/puzzlebot/ros2_packages_ws/install/micro_ros_msgs/share/micro_ros_msgs/cmake/micro_ros_msgs__rosidl_typesupport_cppExport.cmake
[4.925s] -- Up-to-date: /home/puzzlebot/ros2_packages_ws/install/micro_ros_msgs/share/micro_ros_msgs/cmake/micro_ros_msgs__rosidl_typesupport_cppExport-noconfig.cmake
[4.925s] -- Up-to-date: /home/puzzlebot/ros2_packages_ws/install/micro_ros_msgs/share/micro_ros_msgs/cmake/export_micro_ros_msgs__rosidl_generator_pyExport.cmake
[4.926s] -- Up-to-date: /home/puzzlebot/ros2_packages_ws/install/micro_ros_msgs/share/micro_ros_msgs/cmake/export_micro_ros_msgs__rosidl_generator_pyExport-noconfig.cmake
[4.926s] -- Up-to-date: /home/puzzlebot/ros2_packages_ws/install/micro_ros_msgs/share/micro_ros_msgs/cmake/rosidl_cmake-extras.cmake
[4.926s] -- Up-to-date: /home/puzzlebot/ros2_packages_ws/install/micro_ros_msgs/share/micro_ros_msgs/cmake/ament_cmake_export_include_directories-extras.cmake
[4.927s] -- Up-to-date: /home/puzzlebot/ros2_packages_ws/install/micro_ros_msgs/share/micro_ros_msgs/cmake/ament_cmake_export_libraries-extras.cmake
[4.927s] -- Up-to-date: /home/puzzlebot/ros2_packages_ws/install/micro_ros_msgs/share/micro_ros_msgs/cmake/ament_cmake_export_targets-extras.cmake
[4.928s] -- Up-to-date: /home/puzzlebot/ros2_packages_ws/install/micro_ros_msgs/share/micro_ros_msgs/cmake/rosidl_cmake_export_typesupport_targets-extras.cmake
[4.928s] -- Up-to-date: /home/puzzlebot/ros2_packages_ws/install/micro_ros_msgs/share/micro_ros_msgs/cmake/ament_cmake_export_dependencies-extras.cmake
[4.930s] -- Up-to-date: /home/puzzlebot/ros2_packages_ws/install/micro_ros_msgs/share/micro_ros_msgs/cmake/rosidl_cmake_export_typesupport_libraries-extras.cmake
[4.931s] -- Up-to-date: /home/puzzlebot/ros2_packages_ws/install/micro_ros_msgs/share/micro_ros_msgs/cmake/micro_ros_msgsConfig.cmake
[4.931s] -- Up-to-date: /home/puzzlebot/ros2_packages_ws/install/micro_ros_msgs/share/micro_ros_msgs/cmake/micro_ros_msgsConfig-version.cmake
[4.932s] -- Up-to-date: /home/puzzlebot/ros2_packages_ws/install/micro_ros_msgs/share/micro_ros_msgs/package.xml
[4.993s] Invoked command in '/home/puzzlebot/ros2_packages_ws/build/micro_ros_msgs' returned '0': CMAKE_PREFIX_PATH=${CMAKE_PREFIX_PATH}:/home/puzzlebot/ros2_ws/install/puzzlebot_ros:/home/puzzlebot/ros2_packages_ws/install/localization:/home/puzzlebot/ros2_packages_ws/install/camera_viewer:/opt/ros/humble /usr/bin/cmake --install /home/puzzlebot/ros2_packages_ws/build/micro_ros_msgs
