[4.079s] Invoking command in '/home/puzzlebot/Puzzlebot_Lidar_ROS1_ROS2/ros2_packages_ws/src/localization': PYTHONPATH=/home/puzzlebot/Puzzlebot_Lidar_ROS1_ROS2/ros2_packages_ws/build/localization/prefix_override:/home/puzzlebot/Puzzlebot_Lidar_ROS1_ROS2/ros2_packages_ws/install/localization/lib/python3.8/site-packages:${PYTHONPATH} /usr/bin/python3 -W ignore:setup.py install is deprecated setup.py egg_info --egg-base ../../build/localization build --build-base /home/puzzlebot/Puzzlebot_Lidar_ROS1_ROS2/ros2_packages_ws/build/localization/build install --record /home/puzzlebot/Puzzlebot_Lidar_ROS1_ROS2/ros2_packages_ws/build/localization/install.log --single-version-externally-managed install_data
[5.577s] running egg_info
[5.580s] writing ../../build/localization/localization.egg-info/PKG-INFO
[5.581s] writing dependency_links to ../../build/localization/localization.egg-info/dependency_links.txt
[5.582s] writing entry points to ../../build/localization/localization.egg-info/entry_points.txt
[5.582s] writing requirements to ../../build/localization/localization.egg-info/requires.txt
[5.583s] writing top-level names to ../../build/localization/localization.egg-info/top_level.txt
[5.774s] reading manifest file '../../build/localization/localization.egg-info/SOURCES.txt'
[5.788s] writing manifest file '../../build/localization/localization.egg-info/SOURCES.txt'
[5.789s] running build
[5.789s] running build_py
[5.792s] running install
[5.796s] running install_lib
[5.820s] running install_data
[5.822s] running install_egg_info
[5.838s] removing '/home/puzzlebot/Puzzlebot_Lidar_ROS1_ROS2/ros2_packages_ws/install/localization/lib/python3.8/site-packages/localization-0.0.0-py3.8.egg-info' (and everything under it)
[5.838s] Copying ../../build/localization/localization.egg-info to /home/puzzlebot/Puzzlebot_Lidar_ROS1_ROS2/ros2_packages_ws/install/localization/lib/python3.8/site-packages/localization-0.0.0-py3.8.egg-info
[5.850s] running install_scripts
[6.064s] Installing controller script to /home/puzzlebot/Puzzlebot_Lidar_ROS1_ROS2/ros2_packages_ws/install/localization/lib/localization
[6.068s] Installing coordinate_transform script to /home/puzzlebot/Puzzlebot_Lidar_ROS1_ROS2/ros2_packages_ws/install/localization/lib/localization
[6.078s] Installing localization script to /home/puzzlebot/Puzzlebot_Lidar_ROS1_ROS2/ros2_packages_ws/install/localization/lib/localization
[6.081s] Installing test_lidar script to /home/puzzlebot/Puzzlebot_Lidar_ROS1_ROS2/ros2_packages_ws/install/localization/lib/localization
[6.087s] Installing to_goal_aruco script to /home/puzzlebot/Puzzlebot_Lidar_ROS1_ROS2/ros2_packages_ws/install/localization/lib/localization
[6.092s] writing list of installed files to '/home/puzzlebot/Puzzlebot_Lidar_ROS1_ROS2/ros2_packages_ws/build/localization/install.log'
[6.261s] Invoked command in '/home/puzzlebot/Puzzlebot_Lidar_ROS1_ROS2/ros2_packages_ws/src/localization' returned '0': PYTHONPATH=/home/puzzlebot/Puzzlebot_Lidar_ROS1_ROS2/ros2_packages_ws/build/localization/prefix_override:/home/puzzlebot/Puzzlebot_Lidar_ROS1_ROS2/ros2_packages_ws/install/localization/lib/python3.8/site-packages:${PYTHONPATH} /usr/bin/python3 -W ignore:setup.py install is deprecated setup.py egg_info --egg-base ../../build/localization build --build-base /home/puzzlebot/Puzzlebot_Lidar_ROS1_ROS2/ros2_packages_ws/build/localization/build install --record /home/puzzlebot/Puzzlebot_Lidar_ROS1_ROS2/ros2_packages_ws/build/localization/install.log --single-version-externally-managed install_data
