[4.560s] Invoking command in '/home/puzzlebot/ros2_packages_ws/src/localization': PYTHONPATH=/home/puzzlebot/ros2_packages_ws/build/localization/prefix_override:/home/puzzlebot/ros2_packages_ws/install/localization/lib/python3.8/site-packages:${PYTHONPATH} /usr/bin/python3 -W ignore:setup.py install is deprecated setup.py egg_info --egg-base ../../build/localization build --build-base /home/puzzlebot/ros2_packages_ws/build/localization/build install --record /home/puzzlebot/ros2_packages_ws/build/localization/install.log --single-version-externally-managed install_data
[6.335s] running egg_info
[6.360s] writing ../../build/localization/localization.egg-info/PKG-INFO
[6.362s] writing dependency_links to ../../build/localization/localization.egg-info/dependency_links.txt
[6.365s] writing entry points to ../../build/localization/localization.egg-info/entry_points.txt
[6.377s] writing requirements to ../../build/localization/localization.egg-info/requires.txt
[6.379s] writing top-level names to ../../build/localization/localization.egg-info/top_level.txt
[6.580s] reading manifest file '../../build/localization/localization.egg-info/SOURCES.txt'
[6.590s] writing manifest file '../../build/localization/localization.egg-info/SOURCES.txt'
[6.592s] running build
[6.592s] running build_py
[6.593s] copying localization/controller.py -> /home/puzzlebot/ros2_packages_ws/build/localization/build/lib/localization
[6.597s] running install
[6.597s] running install_lib
[6.621s] copying /home/puzzlebot/ros2_packages_ws/build/localization/build/lib/localization/controller.py -> /home/puzzlebot/ros2_packages_ws/install/localization/lib/python3.8/site-packages/localization
[6.631s] byte-compiling /home/puzzlebot/ros2_packages_ws/install/localization/lib/python3.8/site-packages/localization/controller.py to controller.cpython-38.pyc
[6.642s] running install_data
[6.647s] running install_egg_info
[6.660s] removing '/home/puzzlebot/ros2_packages_ws/install/localization/lib/python3.8/site-packages/localization-0.0.0-py3.8.egg-info' (and everything under it)
[6.663s] Copying ../../build/localization/localization.egg-info to /home/puzzlebot/ros2_packages_ws/install/localization/lib/python3.8/site-packages/localization-0.0.0-py3.8.egg-info
[6.670s] running install_scripts
[6.753s] Installing controller script to /home/puzzlebot/ros2_packages_ws/install/localization/lib/localization
[6.754s] Installing coordinate_transform script to /home/puzzlebot/ros2_packages_ws/install/localization/lib/localization
[6.754s] Installing joint_state script to /home/puzzlebot/ros2_packages_ws/install/localization/lib/localization
[6.755s] Installing kinematic_model script to /home/puzzlebot/ros2_packages_ws/install/localization/lib/localization
[6.767s] Installing localization script to /home/puzzlebot/ros2_packages_ws/install/localization/lib/localization
[6.769s] writing list of installed files to '/home/puzzlebot/ros2_packages_ws/build/localization/install.log'
[6.872s] Invoked command in '/home/puzzlebot/ros2_packages_ws/src/localization' returned '0': PYTHONPATH=/home/puzzlebot/ros2_packages_ws/build/localization/prefix_override:/home/puzzlebot/ros2_packages_ws/install/localization/lib/python3.8/site-packages:${PYTHONPATH} /usr/bin/python3 -W ignore:setup.py install is deprecated setup.py egg_info --egg-base ../../build/localization build --build-base /home/puzzlebot/ros2_packages_ws/build/localization/build install --record /home/puzzlebot/ros2_packages_ws/build/localization/install.log --single-version-externally-managed install_data
