[0.124s] Invoking command in '/home/puzzlebot/ros2_packages_ws/build/sllidar_ros2': CMAKE_PREFIX_PATH=${CMAKE_PREFIX_PATH}:/home/puzzlebot/ros2_ws/install/puzzlebot_ros:/home/puzzlebot/ros2_packages_ws/install/localization:/home/puzzlebot/ros2_packages_ws/install/camera_viewer:/opt/ros/humble /usr/bin/cmake --build /home/puzzlebot/ros2_packages_ws/build/sllidar_ros2 -- -j4 -l4
[0.499s] [ 10%] Built target sllidar_client
[0.584s] [100%] Built target sllidar_node
[0.669s] Invoked command in '/home/puzzlebot/ros2_packages_ws/build/sllidar_ros2' returned '0': CMAKE_PREFIX_PATH=${CMAKE_PREFIX_PATH}:/home/puzzlebot/ros2_ws/install/puzzlebot_ros:/home/puzzlebot/ros2_packages_ws/install/localization:/home/puzzlebot/ros2_packages_ws/install/camera_viewer:/opt/ros/humble /usr/bin/cmake --build /home/puzzlebot/ros2_packages_ws/build/sllidar_ros2 -- -j4 -l4
[1.020s] Invoking command in '/home/puzzlebot/ros2_packages_ws/build/sllidar_ros2': CMAKE_PREFIX_PATH=${CMAKE_PREFIX_PATH}:/home/puzzlebot/ros2_ws/install/puzzlebot_ros:/home/puzzlebot/ros2_packages_ws/install/localization:/home/puzzlebot/ros2_packages_ws/install/camera_viewer:/opt/ros/humble /usr/bin/cmake --install /home/puzzlebot/ros2_packages_ws/build/sllidar_ros2
[1.089s] -- Install configuration: ""
[1.089s] -- Up-to-date: /home/puzzlebot/ros2_packages_ws/install/sllidar_ros2/share/sllidar_ros2/launch
[1.090s] -- Up-to-date: /home/puzzlebot/ros2_packages_ws/install/sllidar_ros2/share/sllidar_ros2/launch/sllidar_a1_launch.py
[1.091s] -- Up-to-date: /home/puzzlebot/ros2_packages_ws/install/sllidar_ros2/share/sllidar_ros2/launch/sllidar_a2m8_launch.py
[1.091s] -- Up-to-date: /home/puzzlebot/ros2_packages_ws/install/sllidar_ros2/share/sllidar_ros2/launch/view_sllidar_s2e_launch.py
[1.093s] -- Up-to-date: /home/puzzlebot/ros2_packages_ws/install/sllidar_ros2/share/sllidar_ros2/launch/view_sllidar_s3_launch.py
[1.094s] -- Up-to-date: /home/puzzlebot/ros2_packages_ws/install/sllidar_ros2/share/sllidar_ros2/launch/sllidar_t1_launch.py
[1.095s] -- Up-to-date: /home/puzzlebot/ros2_packages_ws/install/sllidar_ros2/share/sllidar_ros2/launch/sllidar_s2e_launch.py
[1.103s] -- Up-to-date: /home/puzzlebot/ros2_packages_ws/install/sllidar_ros2/share/sllidar_ros2/launch/view_sllidar_a2m7_launch.py
[1.110s] -- Up-to-date: /home/puzzlebot/ros2_packages_ws/install/sllidar_ros2/share/sllidar_ros2/launch/sllidar_a2m7_launch.py
[1.113s] -- Up-to-date: /home/puzzlebot/ros2_packages_ws/install/sllidar_ros2/share/sllidar_ros2/launch/view_sllidar_c1_launch.py
[1.114s] -- Up-to-date: /home/puzzlebot/ros2_packages_ws/install/sllidar_ros2/share/sllidar_ros2/launch/view_sllidar_a2m8_launch.py
[1.114s] -- Up-to-date: /home/puzzlebot/ros2_packages_ws/install/sllidar_ros2/share/sllidar_ros2/launch/view_sllidar_s1_launch.py
[1.115s] -- Up-to-date: /home/puzzlebot/ros2_packages_ws/install/sllidar_ros2/share/sllidar_ros2/launch/view_sllidar_a1_launch.py
[1.115s] -- Up-to-date: /home/puzzlebot/ros2_packages_ws/install/sllidar_ros2/share/sllidar_ros2/launch/sllidar_s3_launch.py
[1.116s] -- Up-to-date: /home/puzzlebot/ros2_packages_ws/install/sllidar_ros2/share/sllidar_ros2/launch/sllidar_s1_launch.py
[1.116s] -- Up-to-date: /home/puzzlebot/ros2_packages_ws/install/sllidar_ros2/share/sllidar_ros2/launch/view_sllidar_s1_tcp_launch.py
[1.116s] -- Up-to-date: /home/puzzlebot/ros2_packages_ws/install/sllidar_ros2/share/sllidar_ros2/launch/sllidar_s2_launch.py
[1.117s] -- Up-to-date: /home/puzzlebot/ros2_packages_ws/install/sllidar_ros2/share/sllidar_ros2/launch/sllidar_a3_launch.py
[1.117s] -- Up-to-date: /home/puzzlebot/ros2_packages_ws/install/sllidar_ros2/share/sllidar_ros2/launch/view_sllidar_t1_launch.py
[1.118s] -- Up-to-date: /home/puzzlebot/ros2_packages_ws/install/sllidar_ros2/share/sllidar_ros2/launch/view_sllidar_s2_launch.py
[1.118s] -- Up-to-date: /home/puzzlebot/ros2_packages_ws/install/sllidar_ros2/share/sllidar_ros2/launch/sllidar_a2m12_launch .py
[1.118s] -- Up-to-date: /home/puzzlebot/ros2_packages_ws/install/sllidar_ros2/share/sllidar_ros2/launch/view_sllidar_a2m12_launch.py
[1.119s] -- Up-to-date: /home/puzzlebot/ros2_packages_ws/install/sllidar_ros2/share/sllidar_ros2/launch/sllidar_s1_tcp_launch.py
[1.119s] -- Up-to-date: /home/puzzlebot/ros2_packages_ws/install/sllidar_ros2/share/sllidar_ros2/launch/view_sllidar_a3_launch.py
[1.120s] -- Up-to-date: /home/puzzlebot/ros2_packages_ws/install/sllidar_ros2/share/sllidar_ros2/launch/sllidar_c1_launch.py
[1.120s] -- Up-to-date: /home/puzzlebot/ros2_packages_ws/install/sllidar_ros2/share/sllidar_ros2/rviz
[1.120s] -- Up-to-date: /home/puzzlebot/ros2_packages_ws/install/sllidar_ros2/share/sllidar_ros2/rviz/sllidar_ros2.rviz
[1.121s] -- Up-to-date: /home/puzzlebot/ros2_packages_ws/install/sllidar_ros2/lib/sllidar_ros2/sllidar_node
[1.121s] -- Up-to-date: /home/puzzlebot/ros2_packages_ws/install/sllidar_ros2/lib/sllidar_ros2/sllidar_client
[1.122s] -- Up-to-date: /home/puzzlebot/ros2_packages_ws/install/sllidar_ros2/share/ament_index/resource_index/package_run_dependencies/sllidar_ros2
[1.122s] -- Up-to-date: /home/puzzlebot/ros2_packages_ws/install/sllidar_ros2/share/ament_index/resource_index/parent_prefix_path/sllidar_ros2
[1.122s] -- Up-to-date: /home/puzzlebot/ros2_packages_ws/install/sllidar_ros2/share/sllidar_ros2/environment/ament_prefix_path.sh
[1.143s] -- Up-to-date: /home/puzzlebot/ros2_packages_ws/install/sllidar_ros2/share/sllidar_ros2/environment/ament_prefix_path.dsv
[1.143s] -- Up-to-date: /home/puzzlebot/ros2_packages_ws/install/sllidar_ros2/share/sllidar_ros2/environment/path.sh
[1.144s] -- Up-to-date: /home/puzzlebot/ros2_packages_ws/install/sllidar_ros2/share/sllidar_ros2/environment/path.dsv
[1.144s] -- Up-to-date: /home/puzzlebot/ros2_packages_ws/install/sllidar_ros2/share/sllidar_ros2/local_setup.bash
[1.145s] -- Up-to-date: /home/puzzlebot/ros2_packages_ws/install/sllidar_ros2/share/sllidar_ros2/local_setup.sh
[1.145s] -- Up-to-date: /home/puzzlebot/ros2_packages_ws/install/sllidar_ros2/share/sllidar_ros2/local_setup.zsh
[1.145s] -- Up-to-date: /home/puzzlebot/ros2_packages_ws/install/sllidar_ros2/share/sllidar_ros2/local_setup.dsv
[1.146s] -- Installing: /home/puzzlebot/ros2_packages_ws/install/sllidar_ros2/share/sllidar_ros2/package.dsv
[1.146s] -- Up-to-date: /home/puzzlebot/ros2_packages_ws/install/sllidar_ros2/share/ament_index/resource_index/packages/sllidar_ros2
[1.147s] -- Up-to-date: /home/puzzlebot/ros2_packages_ws/install/sllidar_ros2/share/sllidar_ros2/cmake/ament_cmake_export_dependencies-extras.cmake
[1.147s] -- Up-to-date: /home/puzzlebot/ros2_packages_ws/install/sllidar_ros2/share/sllidar_ros2/cmake/ament_cmake_export_include_directories-extras.cmake
[1.147s] -- Up-to-date: /home/puzzlebot/ros2_packages_ws/install/sllidar_ros2/share/sllidar_ros2/cmake/sllidar_ros2Config.cmake
[1.148s] -- Up-to-date: /home/puzzlebot/ros2_packages_ws/install/sllidar_ros2/share/sllidar_ros2/cmake/sllidar_ros2Config-version.cmake
[1.148s] -- Up-to-date: /home/puzzlebot/ros2_packages_ws/install/sllidar_ros2/share/sllidar_ros2/package.xml
[1.170s] Invoked command in '/home/puzzlebot/ros2_packages_ws/build/sllidar_ros2' returned '0': CMAKE_PREFIX_PATH=${CMAKE_PREFIX_PATH}:/home/puzzlebot/ros2_ws/install/puzzlebot_ros:/home/puzzlebot/ros2_packages_ws/install/localization:/home/puzzlebot/ros2_packages_ws/install/camera_viewer:/opt/ros/humble /usr/bin/cmake --install /home/puzzlebot/ros2_packages_ws/build/sllidar_ros2
