[4.185s] Invoking command in '/home/puzzlebot/ros2_packages_ws/src/localization': PYTHONPATH=/home/puzzlebot/ros2_packages_ws/build/localization/prefix_override:/home/puzzlebot/ros2_packages_ws/install/localization/lib/python3.8/site-packages:${PYTHONPATH} /usr/bin/python3 -W ignore:setup.py install is deprecated setup.py egg_info --egg-base ../../build/localization build --build-base /home/puzzlebot/ros2_packages_ws/build/localization/build install --record /home/puzzlebot/ros2_packages_ws/build/localization/install.log --single-version-externally-managed install_data
[5.814s] running egg_info
[5.817s] writing ../../build/localization/localization.egg-info/PKG-INFO
[5.821s] writing dependency_links to ../../build/localization/localization.egg-info/dependency_links.txt
[5.822s] writing entry points to ../../build/localization/localization.egg-info/entry_points.txt
[5.823s] writing requirements to ../../build/localization/localization.egg-info/requires.txt
[5.823s] writing top-level names to ../../build/localization/localization.egg-info/top_level.txt
[6.060s] reading manifest file '../../build/localization/localization.egg-info/SOURCES.txt'
[6.067s] writing manifest file '../../build/localization/localization.egg-info/SOURCES.txt'
[6.070s] running build
[6.071s] running build_py
[6.071s] copying localization/bug0.py -> /home/puzzlebot/ros2_packages_ws/build/localization/build/lib/localization
[6.078s] running install
[6.083s] running install_lib
[6.090s] copying /home/puzzlebot/ros2_packages_ws/build/localization/build/lib/localization/bug0.py -> /home/puzzlebot/ros2_packages_ws/install/localization/lib/python3.8/site-packages/localization
[6.098s] byte-compiling /home/puzzlebot/ros2_packages_ws/install/localization/lib/python3.8/site-packages/localization/bug0.py to bug0.cpython-38.pyc
[6.114s] running install_data
[6.114s] running install_egg_info
[6.141s] removing '/home/puzzlebot/ros2_packages_ws/install/localization/lib/python3.8/site-packages/localization-0.0.0-py3.8.egg-info' (and everything under it)
[6.149s] Copying ../../build/localization/localization.egg-info to /home/puzzlebot/ros2_packages_ws/install/localization/lib/python3.8/site-packages/localization-0.0.0-py3.8.egg-info
[6.150s] running install_scripts
[6.328s] Installing bug0 script to /home/puzzlebot/ros2_packages_ws/install/localization/lib/localization
[6.331s] Installing controller script to /home/puzzlebot/ros2_packages_ws/install/localization/lib/localization
[6.334s] Installing coordinate_transform script to /home/puzzlebot/ros2_packages_ws/install/localization/lib/localization
[6.337s] Installing joint_state script to /home/puzzlebot/ros2_packages_ws/install/localization/lib/localization
[6.339s] Installing kinematic_model script to /home/puzzlebot/ros2_packages_ws/install/localization/lib/localization
[6.342s] Installing localization script to /home/puzzlebot/ros2_packages_ws/install/localization/lib/localization
[6.345s] Installing test_lidar script to /home/puzzlebot/ros2_packages_ws/install/localization/lib/localization
[6.347s] Installing to_goal script to /home/puzzlebot/ros2_packages_ws/install/localization/lib/localization
[6.350s] Installing to_goal_bug_2 script to /home/puzzlebot/ros2_packages_ws/install/localization/lib/localization
[6.355s] writing list of installed files to '/home/puzzlebot/ros2_packages_ws/build/localization/install.log'
[6.547s] Invoked command in '/home/puzzlebot/ros2_packages_ws/src/localization' returned '0': PYTHONPATH=/home/puzzlebot/ros2_packages_ws/build/localization/prefix_override:/home/puzzlebot/ros2_packages_ws/install/localization/lib/python3.8/site-packages:${PYTHONPATH} /usr/bin/python3 -W ignore:setup.py install is deprecated setup.py egg_info --egg-base ../../build/localization build --build-base /home/puzzlebot/ros2_packages_ws/build/localization/build install --record /home/puzzlebot/ros2_packages_ws/build/localization/install.log --single-version-externally-managed install_data
