[5.025s] Invoking command in '/home/puzzlebot/Puzzlebot_Lidar_ROS1_ROS2/ros2_packages_ws/src/localization': PYTHONPATH=/home/puzzlebot/Puzzlebot_Lidar_ROS1_ROS2/ros2_packages_ws/build/localization/prefix_override:/home/puzzlebot/Puzzlebot_Lidar_ROS1_ROS2/ros2_packages_ws/install/localization/lib/python3.8/site-packages:${PYTHONPATH} /usr/bin/python3 -W ignore:setup.py install is deprecated setup.py egg_info --egg-base ../../build/localization build --build-base /home/puzzlebot/Puzzlebot_Lidar_ROS1_ROS2/ros2_packages_ws/build/localization/build install --record /home/puzzlebot/Puzzlebot_Lidar_ROS1_ROS2/ros2_packages_ws/build/localization/install.log --single-version-externally-managed install_data
[6.942s] running egg_info
[6.944s] writing ../../build/localization/localization.egg-info/PKG-INFO
[6.945s] writing dependency_links to ../../build/localization/localization.egg-info/dependency_links.txt
[6.946s] writing entry points to ../../build/localization/localization.egg-info/entry_points.txt
[6.947s] writing requirements to ../../build/localization/localization.egg-info/requires.txt
[6.947s] writing top-level names to ../../build/localization/localization.egg-info/top_level.txt
[7.132s] reading manifest file '../../build/localization/localization.egg-info/SOURCES.txt'
[7.143s] writing manifest file '../../build/localization/localization.egg-info/SOURCES.txt'
[7.144s] running build
[7.144s] running build_py
[7.145s] copying localization/to_goal_aruco.py -> /home/puzzlebot/Puzzlebot_Lidar_ROS1_ROS2/ros2_packages_ws/build/localization/build/lib/localization
[7.148s] running install
[7.165s] running install_lib
[7.173s] copying /home/puzzlebot/Puzzlebot_Lidar_ROS1_ROS2/ros2_packages_ws/build/localization/build/lib/localization/to_goal_aruco.py -> /home/puzzlebot/Puzzlebot_Lidar_ROS1_ROS2/ros2_packages_ws/install/localization/lib/python3.8/site-packages/localization
[7.184s] byte-compiling /home/puzzlebot/Puzzlebot_Lidar_ROS1_ROS2/ros2_packages_ws/install/localization/lib/python3.8/site-packages/localization/to_goal_aruco.py to to_goal_aruco.cpython-38.pyc
[7.206s] running install_data
[7.212s] running install_egg_info
[7.224s] removing '/home/puzzlebot/Puzzlebot_Lidar_ROS1_ROS2/ros2_packages_ws/install/localization/lib/python3.8/site-packages/localization-0.0.0-py3.8.egg-info' (and everything under it)
[7.239s] Copying ../../build/localization/localization.egg-info to /home/puzzlebot/Puzzlebot_Lidar_ROS1_ROS2/ros2_packages_ws/install/localization/lib/python3.8/site-packages/localization-0.0.0-py3.8.egg-info
[7.244s] running install_scripts
[7.389s] Installing controller script to /home/puzzlebot/Puzzlebot_Lidar_ROS1_ROS2/ros2_packages_ws/install/localization/lib/localization
[7.393s] Installing coordinate_transform script to /home/puzzlebot/Puzzlebot_Lidar_ROS1_ROS2/ros2_packages_ws/install/localization/lib/localization
[7.400s] Installing localization script to /home/puzzlebot/Puzzlebot_Lidar_ROS1_ROS2/ros2_packages_ws/install/localization/lib/localization
[7.403s] Installing test_lidar script to /home/puzzlebot/Puzzlebot_Lidar_ROS1_ROS2/ros2_packages_ws/install/localization/lib/localization
[7.404s] Installing to_goal_aruco script to /home/puzzlebot/Puzzlebot_Lidar_ROS1_ROS2/ros2_packages_ws/install/localization/lib/localization
[7.411s] writing list of installed files to '/home/puzzlebot/Puzzlebot_Lidar_ROS1_ROS2/ros2_packages_ws/build/localization/install.log'
[7.806s] Invoked command in '/home/puzzlebot/Puzzlebot_Lidar_ROS1_ROS2/ros2_packages_ws/src/localization' returned '0': PYTHONPATH=/home/puzzlebot/Puzzlebot_Lidar_ROS1_ROS2/ros2_packages_ws/build/localization/prefix_override:/home/puzzlebot/Puzzlebot_Lidar_ROS1_ROS2/ros2_packages_ws/install/localization/lib/python3.8/site-packages:${PYTHONPATH} /usr/bin/python3 -W ignore:setup.py install is deprecated setup.py egg_info --egg-base ../../build/localization build --build-base /home/puzzlebot/Puzzlebot_Lidar_ROS1_ROS2/ros2_packages_ws/build/localization/build install --record /home/puzzlebot/Puzzlebot_Lidar_ROS1_ROS2/ros2_packages_ws/build/localization/install.log --single-version-externally-managed install_data
