[6.056s] Invoking command in '/home/puzzlebot/ros2_packages_ws/src/camera_viewer': PYTHONPATH=/home/puzzlebot/ros2_packages_ws/build/camera_viewer/prefix_override:/home/puzzlebot/ros2_packages_ws/install/camera_viewer/lib/python3.8/site-packages:${PYTHONPATH} /usr/bin/python3 -W ignore:setup.py install is deprecated setup.py egg_info --egg-base ../../build/camera_viewer build --build-base /home/puzzlebot/ros2_packages_ws/build/camera_viewer/build install --record /home/puzzlebot/ros2_packages_ws/build/camera_viewer/install.log --single-version-externally-managed install_data
[8.800s] running egg_info
[8.802s] writing ../../build/camera_viewer/camera_viewer.egg-info/PKG-INFO
[8.807s] writing dependency_links to ../../build/camera_viewer/camera_viewer.egg-info/dependency_links.txt
[8.810s] writing entry points to ../../build/camera_viewer/camera_viewer.egg-info/entry_points.txt
[8.810s] writing requirements to ../../build/camera_viewer/camera_viewer.egg-info/requires.txt
[8.811s] writing top-level names to ../../build/camera_viewer/camera_viewer.egg-info/top_level.txt
[9.059s] reading manifest file '../../build/camera_viewer/camera_viewer.egg-info/SOURCES.txt'
[9.065s] writing manifest file '../../build/camera_viewer/camera_viewer.egg-info/SOURCES.txt'
[9.067s] running build
[9.068s] running build_py
[9.071s] running install
[9.072s] running install_lib
[9.079s] running install_data
[9.080s] running install_egg_info
[9.087s] removing '/home/puzzlebot/ros2_packages_ws/install/camera_viewer/lib/python3.8/site-packages/camera_viewer-0.0.0-py3.8.egg-info' (and everything under it)
[9.094s] Copying ../../build/camera_viewer/camera_viewer.egg-info to /home/puzzlebot/ros2_packages_ws/install/camera_viewer/lib/python3.8/site-packages/camera_viewer-0.0.0-py3.8.egg-info
[9.094s] running install_scripts
[9.178s] Installing camera_viewer script to /home/puzzlebot/ros2_packages_ws/install/camera_viewer/lib/camera_viewer
[9.183s] writing list of installed files to '/home/puzzlebot/ros2_packages_ws/build/camera_viewer/install.log'
[9.304s] Invoked command in '/home/puzzlebot/ros2_packages_ws/src/camera_viewer' returned '0': PYTHONPATH=/home/puzzlebot/ros2_packages_ws/build/camera_viewer/prefix_override:/home/puzzlebot/ros2_packages_ws/install/camera_viewer/lib/python3.8/site-packages:${PYTHONPATH} /usr/bin/python3 -W ignore:setup.py install is deprecated setup.py egg_info --egg-base ../../build/camera_viewer build --build-base /home/puzzlebot/ros2_packages_ws/build/camera_viewer/build install --record /home/puzzlebot/ros2_packages_ws/build/camera_viewer/install.log --single-version-externally-managed install_data
