[0.072s] Invoking command in '/home/puzzlebot/ros2_packages_ws/build/ros_deep_learning': CMAKE_PREFIX_PATH=${CMAKE_PREFIX_PATH}:/home/puzzlebot/ros2_ws/install/puzzlebot_ros:/home/puzzlebot/ros2_packages_ws/install/localization:/home/puzzlebot/ros2_packages_ws/install/camera_viewer:/opt/ros/humble /usr/bin/cmake --build /home/puzzlebot/ros2_packages_ws/build/ros_deep_learning -- -j4 -l4
[0.836s] [ 20%] Built target video_source
[0.899s] [ 40%] Built target detectnet
[0.934s] [ 60%] Built target imagenet
[0.937s] [ 80%] Built target segnet
[1.353s] [100%] Built target video_output
[1.451s] Invoked command in '/home/puzzlebot/ros2_packages_ws/build/ros_deep_learning' returned '0': CMAKE_PREFIX_PATH=${CMAKE_PREFIX_PATH}:/home/puzzlebot/ros2_ws/install/puzzlebot_ros:/home/puzzlebot/ros2_packages_ws/install/localization:/home/puzzlebot/ros2_packages_ws/install/camera_viewer:/opt/ros/humble /usr/bin/cmake --build /home/puzzlebot/ros2_packages_ws/build/ros_deep_learning -- -j4 -l4
[1.716s] Invoking command in '/home/puzzlebot/ros2_packages_ws/build/ros_deep_learning': CMAKE_PREFIX_PATH=${CMAKE_PREFIX_PATH}:/home/puzzlebot/ros2_ws/install/puzzlebot_ros:/home/puzzlebot/ros2_packages_ws/install/localization:/home/puzzlebot/ros2_packages_ws/install/camera_viewer:/opt/ros/humble /usr/bin/cmake --install /home/puzzlebot/ros2_packages_ws/build/ros_deep_learning
[1.764s] -- Install configuration: ""
[1.764s] -- Up-to-date: /home/puzzlebot/ros2_packages_ws/install/ros_deep_learning/lib/ros_deep_learning/imagenet
[1.766s] -- Up-to-date: /home/puzzlebot/ros2_packages_ws/install/ros_deep_learning/lib/ros_deep_learning/detectnet
[1.768s] -- Up-to-date: /home/puzzlebot/ros2_packages_ws/install/ros_deep_learning/lib/ros_deep_learning/segnet
[1.769s] -- Up-to-date: /home/puzzlebot/ros2_packages_ws/install/ros_deep_learning/lib/ros_deep_learning/video_source
[1.772s] -- Up-to-date: /home/puzzlebot/ros2_packages_ws/install/ros_deep_learning/lib/ros_deep_learning/video_output
[1.773s] -- Up-to-date: /home/puzzlebot/ros2_packages_ws/install/ros_deep_learning/share/ros_deep_learning//launch
[1.774s] -- Up-to-date: /home/puzzlebot/ros2_packages_ws/install/ros_deep_learning/share/ros_deep_learning//launch/video_output.ros2.launch
[1.775s] -- Up-to-date: /home/puzzlebot/ros2_packages_ws/install/ros_deep_learning/share/ros_deep_learning//launch/video_output.ros1.launch
[1.775s] -- Up-to-date: /home/puzzlebot/ros2_packages_ws/install/ros_deep_learning/share/ros_deep_learning//launch/segnet.ros1.launch
[1.776s] -- Up-to-date: /home/puzzlebot/ros2_packages_ws/install/ros_deep_learning/share/ros_deep_learning//launch/detectnet.ros1.launch
[1.780s] -- Up-to-date: /home/puzzlebot/ros2_packages_ws/install/ros_deep_learning/share/ros_deep_learning//launch/imagenet.ros1.launch
[1.781s] -- Up-to-date: /home/puzzlebot/ros2_packages_ws/install/ros_deep_learning/share/ros_deep_learning//launch/video_viewer.ros2.launch
[1.782s] -- Up-to-date: /home/puzzlebot/ros2_packages_ws/install/ros_deep_learning/share/ros_deep_learning//launch/imagenet.ros2.launch
[1.782s] -- Up-to-date: /home/puzzlebot/ros2_packages_ws/install/ros_deep_learning/share/ros_deep_learning//launch/video_source.ros1.launch
[1.782s] -- Up-to-date: /home/puzzlebot/ros2_packages_ws/install/ros_deep_learning/share/ros_deep_learning//launch/video_viewer.ros1.launch
[1.783s] -- Up-to-date: /home/puzzlebot/ros2_packages_ws/install/ros_deep_learning/share/ros_deep_learning//launch/detectnet.ros2.launch
[1.783s] -- Up-to-date: /home/puzzlebot/ros2_packages_ws/install/ros_deep_learning/share/ros_deep_learning//launch/video_source.ros2.launch
[1.784s] -- Up-to-date: /home/puzzlebot/ros2_packages_ws/install/ros_deep_learning/share/ros_deep_learning//launch/segnet.ros2.launch
[1.784s] -- Up-to-date: /home/puzzlebot/ros2_packages_ws/install/ros_deep_learning/share/ament_index/resource_index/package_run_dependencies/ros_deep_learning
[1.788s] -- Up-to-date: /home/puzzlebot/ros2_packages_ws/install/ros_deep_learning/share/ament_index/resource_index/parent_prefix_path/ros_deep_learning
[1.794s] -- Up-to-date: /home/puzzlebot/ros2_packages_ws/install/ros_deep_learning/share/ros_deep_learning/environment/ament_prefix_path.sh
[1.795s] -- Up-to-date: /home/puzzlebot/ros2_packages_ws/install/ros_deep_learning/share/ros_deep_learning/environment/ament_prefix_path.dsv
[1.795s] -- Up-to-date: /home/puzzlebot/ros2_packages_ws/install/ros_deep_learning/share/ros_deep_learning/environment/path.sh
[1.796s] -- Up-to-date: /home/puzzlebot/ros2_packages_ws/install/ros_deep_learning/share/ros_deep_learning/environment/path.dsv
[1.797s] -- Up-to-date: /home/puzzlebot/ros2_packages_ws/install/ros_deep_learning/share/ros_deep_learning/local_setup.bash
[1.797s] -- Up-to-date: /home/puzzlebot/ros2_packages_ws/install/ros_deep_learning/share/ros_deep_learning/local_setup.sh
[1.797s] -- Up-to-date: /home/puzzlebot/ros2_packages_ws/install/ros_deep_learning/share/ros_deep_learning/local_setup.zsh
[1.798s] -- Up-to-date: /home/puzzlebot/ros2_packages_ws/install/ros_deep_learning/share/ros_deep_learning/local_setup.dsv
[1.798s] -- Installing: /home/puzzlebot/ros2_packages_ws/install/ros_deep_learning/share/ros_deep_learning/package.dsv
[1.803s] -- Up-to-date: /home/puzzlebot/ros2_packages_ws/install/ros_deep_learning/share/ament_index/resource_index/packages/ros_deep_learning
[1.803s] -- Up-to-date: /home/puzzlebot/ros2_packages_ws/install/ros_deep_learning/share/ros_deep_learning/cmake/ros_deep_learningConfig.cmake
[1.804s] -- Up-to-date: /home/puzzlebot/ros2_packages_ws/install/ros_deep_learning/share/ros_deep_learning/cmake/ros_deep_learningConfig-version.cmake
[1.804s] -- Up-to-date: /home/puzzlebot/ros2_packages_ws/install/ros_deep_learning/share/ros_deep_learning/package.xml
[1.819s] Invoked command in '/home/puzzlebot/ros2_packages_ws/build/ros_deep_learning' returned '0': CMAKE_PREFIX_PATH=${CMAKE_PREFIX_PATH}:/home/puzzlebot/ros2_ws/install/puzzlebot_ros:/home/puzzlebot/ros2_packages_ws/install/localization:/home/puzzlebot/ros2_packages_ws/install/camera_viewer:/opt/ros/humble /usr/bin/cmake --install /home/puzzlebot/ros2_packages_ws/build/ros_deep_learning
