[0.196s] Invoking command in '/home/puzzlebot/Puzzlebot_Lidar_ROS1_ROS2/ros2_packages_ws/build/camera_info_publisher': CMAKE_PREFIX_PATH=${CMAKE_PREFIX_PATH}:/home/puzzlebot/Puzzlebot_Lidar_ROS1_ROS2/ros2_packages_ws/install/localization:/home/puzzlebot/Puzzlebot_Lidar_ROS1_ROS2/ros2_packages_ws/install/camera_viewer:/home/puzzlebot/ros2_ws/install/puzzlebot_ros:/opt/ros/humble /usr/bin/cmake --build /home/puzzlebot/Puzzlebot_Lidar_ROS1_ROS2/ros2_packages_ws/build/camera_info_publisher -- -j4 -l4
[2.341s] [100%] Built target camera_info_publisher
[2.406s] Invoked command in '/home/puzzlebot/Puzzlebot_Lidar_ROS1_ROS2/ros2_packages_ws/build/camera_info_publisher' returned '0': CMAKE_PREFIX_PATH=${CMAKE_PREFIX_PATH}:/home/puzzlebot/Puzzlebot_Lidar_ROS1_ROS2/ros2_packages_ws/install/localization:/home/puzzlebot/Puzzlebot_Lidar_ROS1_ROS2/ros2_packages_ws/install/camera_viewer:/home/puzzlebot/ros2_ws/install/puzzlebot_ros:/opt/ros/humble /usr/bin/cmake --build /home/puzzlebot/Puzzlebot_Lidar_ROS1_ROS2/ros2_packages_ws/build/camera_info_publisher -- -j4 -l4
[2.924s] Invoking command in '/home/puzzlebot/Puzzlebot_Lidar_ROS1_ROS2/ros2_packages_ws/build/camera_info_publisher': CMAKE_PREFIX_PATH=${CMAKE_PREFIX_PATH}:/home/puzzlebot/Puzzlebot_Lidar_ROS1_ROS2/ros2_packages_ws/install/localization:/home/puzzlebot/Puzzlebot_Lidar_ROS1_ROS2/ros2_packages_ws/install/camera_viewer:/home/puzzlebot/ros2_ws/install/puzzlebot_ros:/opt/ros/humble /usr/bin/cmake --install /home/puzzlebot/Puzzlebot_Lidar_ROS1_ROS2/ros2_packages_ws/build/camera_info_publisher
[2.974s] -- Install configuration: ""
[2.977s] -- Up-to-date: /home/puzzlebot/Puzzlebot_Lidar_ROS1_ROS2/ros2_packages_ws/install/camera_info_publisher/lib/camera_info_publisher/camera_info_publisher
[2.982s] -- Up-to-date: /home/puzzlebot/Puzzlebot_Lidar_ROS1_ROS2/ros2_packages_ws/install/camera_info_publisher/share/camera_info_publisher//launch
[2.985s] -- Up-to-date: /home/puzzlebot/Puzzlebot_Lidar_ROS1_ROS2/ros2_packages_ws/install/camera_info_publisher/share/camera_info_publisher//launch/camera_info.launch.py
[2.988s] -- Up-to-date: /home/puzzlebot/Puzzlebot_Lidar_ROS1_ROS2/ros2_packages_ws/install/camera_info_publisher/share/ament_index/resource_index/package_run_dependencies/camera_info_publisher
[2.992s] -- Up-to-date: /home/puzzlebot/Puzzlebot_Lidar_ROS1_ROS2/ros2_packages_ws/install/camera_info_publisher/share/ament_index/resource_index/parent_prefix_path/camera_info_publisher
[2.995s] -- Up-to-date: /home/puzzlebot/Puzzlebot_Lidar_ROS1_ROS2/ros2_packages_ws/install/camera_info_publisher/share/camera_info_publisher/environment/ament_prefix_path.sh
[2.998s] -- Up-to-date: /home/puzzlebot/Puzzlebot_Lidar_ROS1_ROS2/ros2_packages_ws/install/camera_info_publisher/share/camera_info_publisher/environment/ament_prefix_path.dsv
[3.000s] -- Up-to-date: /home/puzzlebot/Puzzlebot_Lidar_ROS1_ROS2/ros2_packages_ws/install/camera_info_publisher/share/camera_info_publisher/environment/path.sh
[3.002s] -- Up-to-date: /home/puzzlebot/Puzzlebot_Lidar_ROS1_ROS2/ros2_packages_ws/install/camera_info_publisher/share/camera_info_publisher/environment/path.dsv
[3.005s] -- Up-to-date: /home/puzzlebot/Puzzlebot_Lidar_ROS1_ROS2/ros2_packages_ws/install/camera_info_publisher/share/camera_info_publisher/local_setup.bash
[3.007s] -- Up-to-date: /home/puzzlebot/Puzzlebot_Lidar_ROS1_ROS2/ros2_packages_ws/install/camera_info_publisher/share/camera_info_publisher/local_setup.sh
[3.009s] -- Up-to-date: /home/puzzlebot/Puzzlebot_Lidar_ROS1_ROS2/ros2_packages_ws/install/camera_info_publisher/share/camera_info_publisher/local_setup.zsh
[3.010s] -- Up-to-date: /home/puzzlebot/Puzzlebot_Lidar_ROS1_ROS2/ros2_packages_ws/install/camera_info_publisher/share/camera_info_publisher/local_setup.dsv
[3.010s] -- Installing: /home/puzzlebot/Puzzlebot_Lidar_ROS1_ROS2/ros2_packages_ws/install/camera_info_publisher/share/camera_info_publisher/package.dsv
[3.015s] -- Up-to-date: /home/puzzlebot/Puzzlebot_Lidar_ROS1_ROS2/ros2_packages_ws/install/camera_info_publisher/share/ament_index/resource_index/packages/camera_info_publisher
[3.015s] -- Up-to-date: /home/puzzlebot/Puzzlebot_Lidar_ROS1_ROS2/ros2_packages_ws/install/camera_info_publisher/share/camera_info_publisher/cmake/camera_info_publisherConfig.cmake
[3.016s] -- Up-to-date: /home/puzzlebot/Puzzlebot_Lidar_ROS1_ROS2/ros2_packages_ws/install/camera_info_publisher/share/camera_info_publisher/cmake/camera_info_publisherConfig-version.cmake
[3.017s] -- Up-to-date: /home/puzzlebot/Puzzlebot_Lidar_ROS1_ROS2/ros2_packages_ws/install/camera_info_publisher/share/camera_info_publisher/package.xml
[3.025s] Invoked command in '/home/puzzlebot/Puzzlebot_Lidar_ROS1_ROS2/ros2_packages_ws/build/camera_info_publisher' returned '0': CMAKE_PREFIX_PATH=${CMAKE_PREFIX_PATH}:/home/puzzlebot/Puzzlebot_Lidar_ROS1_ROS2/ros2_packages_ws/install/localization:/home/puzzlebot/Puzzlebot_Lidar_ROS1_ROS2/ros2_packages_ws/install/camera_viewer:/home/puzzlebot/ros2_ws/install/puzzlebot_ros:/opt/ros/humble /usr/bin/cmake --install /home/puzzlebot/Puzzlebot_Lidar_ROS1_ROS2/ros2_packages_ws/build/camera_info_publisher
