[7.223s] Invoking command in '/home/puzzlebot/ros2_packages_ws/src/camera_viewer': PYTHONPATH=/home/puzzlebot/ros2_packages_ws/build/camera_viewer/prefix_override:/home/puzzlebot/ros2_packages_ws/install/camera_viewer/lib/python3.8/site-packages:${PYTHONPATH} /usr/bin/python3 -W ignore:setup.py install is deprecated setup.py egg_info --egg-base ../../build/camera_viewer build --build-base /home/puzzlebot/ros2_packages_ws/build/camera_viewer/build install --record /home/puzzlebot/ros2_packages_ws/build/camera_viewer/install.log --single-version-externally-managed install_data
[8.850s] running egg_info
[8.851s] writing ../../build/camera_viewer/camera_viewer.egg-info/PKG-INFO
[8.852s] writing dependency_links to ../../build/camera_viewer/camera_viewer.egg-info/dependency_links.txt
[8.852s] writing entry points to ../../build/camera_viewer/camera_viewer.egg-info/entry_points.txt
[8.853s] writing requirements to ../../build/camera_viewer/camera_viewer.egg-info/requires.txt
[8.853s] writing top-level names to ../../build/camera_viewer/camera_viewer.egg-info/top_level.txt
[9.039s] reading manifest file '../../build/camera_viewer/camera_viewer.egg-info/SOURCES.txt'
[9.049s] writing manifest file '../../build/camera_viewer/camera_viewer.egg-info/SOURCES.txt'
[9.053s] running build
[9.054s] running build_py
[9.054s] running install
[9.073s] running install_lib
[9.089s] running install_data
[9.089s] running install_egg_info
[9.090s] removing '/home/puzzlebot/ros2_packages_ws/install/camera_viewer/lib/python3.8/site-packages/camera_viewer-0.0.0-py3.8.egg-info' (and everything under it)
[9.090s] Copying ../../build/camera_viewer/camera_viewer.egg-info to /home/puzzlebot/ros2_packages_ws/install/camera_viewer/lib/python3.8/site-packages/camera_viewer-0.0.0-py3.8.egg-info
[9.091s] running install_scripts
[9.179s] Installing camera_viewer script to /home/puzzlebot/ros2_packages_ws/install/camera_viewer/lib/camera_viewer
[9.186s] writing list of installed files to '/home/puzzlebot/ros2_packages_ws/build/camera_viewer/install.log'
[9.298s] Invoked command in '/home/puzzlebot/ros2_packages_ws/src/camera_viewer' returned '0': PYTHONPATH=/home/puzzlebot/ros2_packages_ws/build/camera_viewer/prefix_override:/home/puzzlebot/ros2_packages_ws/install/camera_viewer/lib/python3.8/site-packages:${PYTHONPATH} /usr/bin/python3 -W ignore:setup.py install is deprecated setup.py egg_info --egg-base ../../build/camera_viewer build --build-base /home/puzzlebot/ros2_packages_ws/build/camera_viewer/build install --record /home/puzzlebot/ros2_packages_ws/build/camera_viewer/install.log --single-version-externally-managed install_data
