[0.194s] Invoking command in '/home/puzzlebot/ros2_packages_ws/build/micro_ros_msgs': CMAKE_PREFIX_PATH=${CMAKE_PREFIX_PATH}:/home/puzzlebot/ros2_ws/install/puzzlebot_ros:/home/puzzlebot/ros2_packages_ws/install/localization:/home/puzzlebot/ros2_packages_ws/install/camera_viewer:/opt/ros/humble /usr/bin/cmake --build /home/puzzlebot/ros2_packages_ws/build/micro_ros_msgs -- -j4 -l4
[0.776s] [  2%] Built target micro_ros_msgs__cpp
[0.814s] [ 12%] Built target micro_ros_msgs__rosidl_generator_c
[0.966s] [ 12%] Built target ament_cmake_python_copy_micro_ros_msgs
[1.062s] [ 23%] Built target micro_ros_msgs__rosidl_typesupport_introspection_cpp
[1.085s] [ 34%] Built target micro_ros_msgs__rosidl_typesupport_fastrtps_cpp
[1.111s] [ 44%] Built target micro_ros_msgs__rosidl_typesupport_cpp
[1.237s] [ 55%] Built target micro_ros_msgs__rosidl_typesupport_fastrtps_c
[1.344s] [ 65%] Built target micro_ros_msgs__rosidl_typesupport_c
[1.386s] [ 76%] Built target micro_ros_msgs__rosidl_typesupport_introspection_c
[1.659s] [ 76%] Built target micro_ros_msgs
[1.913s] [ 78%] Built target micro_ros_msgs__py
[2.189s] [ 87%] Built target micro_ros_msgs__rosidl_generator_py
[2.537s] [ 91%] Built target micro_ros_msgs__rosidl_typesupport_introspection_c__pyext
[2.551s] [ 95%] Built target micro_ros_msgs__rosidl_typesupport_c__pyext
[2.721s] [100%] Built target micro_ros_msgs__rosidl_typesupport_fastrtps_c__pyext
[3.358s] running egg_info
[3.363s] writing micro_ros_msgs.egg-info/PKG-INFO
[3.366s] writing dependency_links to micro_ros_msgs.egg-info/dependency_links.txt
[3.369s] writing top-level names to micro_ros_msgs.egg-info/top_level.txt
[3.557s] reading manifest file 'micro_ros_msgs.egg-info/SOURCES.txt'
[3.563s] writing manifest file 'micro_ros_msgs.egg-info/SOURCES.txt'
[3.859s] [100%] Built target ament_cmake_python_build_micro_ros_msgs_egg
[4.972s] Invoked command in '/home/puzzlebot/ros2_packages_ws/build/micro_ros_msgs' returned '0': CMAKE_PREFIX_PATH=${CMAKE_PREFIX_PATH}:/home/puzzlebot/ros2_ws/install/puzzlebot_ros:/home/puzzlebot/ros2_packages_ws/install/localization:/home/puzzlebot/ros2_packages_ws/install/camera_viewer:/opt/ros/humble /usr/bin/cmake --build /home/puzzlebot/ros2_packages_ws/build/micro_ros_msgs -- -j4 -l4
[6.634s] Invoking command in '/home/puzzlebot/ros2_packages_ws/build/micro_ros_msgs': CMAKE_PREFIX_PATH=${CMAKE_PREFIX_PATH}:/home/puzzlebot/ros2_ws/install/puzzlebot_ros:/home/puzzlebot/ros2_packages_ws/install/localization:/home/puzzlebot/ros2_packages_ws/install/camera_viewer:/opt/ros/humble /usr/bin/cmake --install /home/puzzlebot/ros2_packages_ws/build/micro_ros_msgs
[6.899s] -- Install configuration: ""
[6.900s] -- Up-to-date: /home/puzzlebot/ros2_packages_ws/install/micro_ros_msgs/share/ament_index/resource_index/rosidl_interfaces/micro_ros_msgs
[6.901s] -- Up-to-date: /home/puzzlebot/ros2_packages_ws/install/micro_ros_msgs/include/micro_ros_msgs/micro_ros_msgs
[6.902s] -- Up-to-date: /home/puzzlebot/ros2_packages_ws/install/micro_ros_msgs/include/micro_ros_msgs/micro_ros_msgs/msg
[6.902s] -- Up-to-date: /home/puzzlebot/ros2_packages_ws/install/micro_ros_msgs/include/micro_ros_msgs/micro_ros_msgs/msg/rosidl_generator_c__visibility_control.h
[6.907s] -- Up-to-date: /home/puzzlebot/ros2_packages_ws/install/micro_ros_msgs/include/micro_ros_msgs/micro_ros_msgs/msg/entity.h
[6.908s] -- Up-to-date: /home/puzzlebot/ros2_packages_ws/install/micro_ros_msgs/include/micro_ros_msgs/micro_ros_msgs/msg/detail
[6.909s] -- Up-to-date: /home/puzzlebot/ros2_packages_ws/install/micro_ros_msgs/include/micro_ros_msgs/micro_ros_msgs/msg/detail/entity__functions.h
[6.910s] -- Up-to-date: /home/puzzlebot/ros2_packages_ws/install/micro_ros_msgs/include/micro_ros_msgs/micro_ros_msgs/msg/detail/node__type_support.h
[6.910s] -- Up-to-date: /home/puzzlebot/ros2_packages_ws/install/micro_ros_msgs/include/micro_ros_msgs/micro_ros_msgs/msg/detail/entity__struct.h
[6.911s] -- Up-to-date: /home/puzzlebot/ros2_packages_ws/install/micro_ros_msgs/include/micro_ros_msgs/micro_ros_msgs/msg/detail/graph__functions.h
[6.911s] -- Up-to-date: /home/puzzlebot/ros2_packages_ws/install/micro_ros_msgs/include/micro_ros_msgs/micro_ros_msgs/msg/detail/entity__type_support.h
[6.912s] -- Up-to-date: /home/puzzlebot/ros2_packages_ws/install/micro_ros_msgs/include/micro_ros_msgs/micro_ros_msgs/msg/detail/graph__struct.h
[6.912s] -- Up-to-date: /home/puzzlebot/ros2_packages_ws/install/micro_ros_msgs/include/micro_ros_msgs/micro_ros_msgs/msg/detail/node__struct.h
[6.913s] -- Up-to-date: /home/puzzlebot/ros2_packages_ws/install/micro_ros_msgs/include/micro_ros_msgs/micro_ros_msgs/msg/detail/graph__functions.c
[6.913s] -- Up-to-date: /home/puzzlebot/ros2_packages_ws/install/micro_ros_msgs/include/micro_ros_msgs/micro_ros_msgs/msg/detail/entity__functions.c
[6.913s] -- Up-to-date: /home/puzzlebot/ros2_packages_ws/install/micro_ros_msgs/include/micro_ros_msgs/micro_ros_msgs/msg/detail/node__functions.h
[6.914s] -- Up-to-date: /home/puzzlebot/ros2_packages_ws/install/micro_ros_msgs/include/micro_ros_msgs/micro_ros_msgs/msg/detail/node__functions.c
[6.914s] -- Up-to-date: /home/puzzlebot/ros2_packages_ws/install/micro_ros_msgs/include/micro_ros_msgs/micro_ros_msgs/msg/detail/graph__type_support.h
[6.915s] -- Up-to-date: /home/puzzlebot/ros2_packages_ws/install/micro_ros_msgs/include/micro_ros_msgs/micro_ros_msgs/msg/node.h
[6.933s] -- Up-to-date: /home/puzzlebot/ros2_packages_ws/install/micro_ros_msgs/include/micro_ros_msgs/micro_ros_msgs/msg/graph.h
[6.933s] -- Up-to-date: /home/puzzlebot/ros2_packages_ws/install/micro_ros_msgs/share/micro_ros_msgs/environment/library_path.sh
[6.934s] -- Up-to-date: /home/puzzlebot/ros2_packages_ws/install/micro_ros_msgs/share/micro_ros_msgs/environment/library_path.dsv
[6.934s] -- Up-to-date: /home/puzzlebot/ros2_packages_ws/install/micro_ros_msgs/lib/libmicro_ros_msgs__rosidl_generator_c.so
[6.934s] -- Up-to-date: /home/puzzlebot/ros2_packages_ws/install/micro_ros_msgs/include/micro_ros_msgs/micro_ros_msgs
[6.935s] -- Up-to-date: /home/puzzlebot/ros2_packages_ws/install/micro_ros_msgs/include/micro_ros_msgs/micro_ros_msgs/msg
[6.935s] -- Up-to-date: /home/puzzlebot/ros2_packages_ws/install/micro_ros_msgs/include/micro_ros_msgs/micro_ros_msgs/msg/rosidl_typesupport_fastrtps_c__visibility_control.h
[6.936s] -- Up-to-date: /home/puzzlebot/ros2_packages_ws/install/micro_ros_msgs/include/micro_ros_msgs/micro_ros_msgs/msg/detail
[6.936s] -- Up-to-date: /home/puzzlebot/ros2_packages_ws/install/micro_ros_msgs/include/micro_ros_msgs/micro_ros_msgs/msg/detail/entity__rosidl_typesupport_fastrtps_c.h
[6.937s] -- Up-to-date: /home/puzzlebot/ros2_packages_ws/install/micro_ros_msgs/include/micro_ros_msgs/micro_ros_msgs/msg/detail/graph__rosidl_typesupport_fastrtps_c.h
[6.937s] -- Up-to-date: /home/puzzlebot/ros2_packages_ws/install/micro_ros_msgs/include/micro_ros_msgs/micro_ros_msgs/msg/detail/node__rosidl_typesupport_fastrtps_c.h
[6.938s] -- Up-to-date: /home/puzzlebot/ros2_packages_ws/install/micro_ros_msgs/lib/libmicro_ros_msgs__rosidl_typesupport_fastrtps_c.so
[6.938s] -- Up-to-date: /home/puzzlebot/ros2_packages_ws/install/micro_ros_msgs/include/micro_ros_msgs/micro_ros_msgs
[6.938s] -- Up-to-date: /home/puzzlebot/ros2_packages_ws/install/micro_ros_msgs/include/micro_ros_msgs/micro_ros_msgs/msg
[6.939s] -- Up-to-date: /home/puzzlebot/ros2_packages_ws/install/micro_ros_msgs/include/micro_ros_msgs/micro_ros_msgs/msg/rosidl_typesupport_introspection_c__visibility_control.h
[6.940s] -- Up-to-date: /home/puzzlebot/ros2_packages_ws/install/micro_ros_msgs/include/micro_ros_msgs/micro_ros_msgs/msg/detail
[6.940s] -- Up-to-date: /home/puzzlebot/ros2_packages_ws/install/micro_ros_msgs/include/micro_ros_msgs/micro_ros_msgs/msg/detail/node__type_support.c
[6.940s] -- Up-to-date: /home/puzzlebot/ros2_packages_ws/install/micro_ros_msgs/include/micro_ros_msgs/micro_ros_msgs/msg/detail/graph__type_support.c
[6.941s] -- Up-to-date: /home/puzzlebot/ros2_packages_ws/install/micro_ros_msgs/include/micro_ros_msgs/micro_ros_msgs/msg/detail/entity__type_support.c
[6.941s] -- Up-to-date: /home/puzzlebot/ros2_packages_ws/install/micro_ros_msgs/include/micro_ros_msgs/micro_ros_msgs/msg/detail/graph__rosidl_typesupport_introspection_c.h
[6.953s] -- Up-to-date: /home/puzzlebot/ros2_packages_ws/install/micro_ros_msgs/include/micro_ros_msgs/micro_ros_msgs/msg/detail/node__rosidl_typesupport_introspection_c.h
[6.953s] -- Up-to-date: /home/puzzlebot/ros2_packages_ws/install/micro_ros_msgs/include/micro_ros_msgs/micro_ros_msgs/msg/detail/entity__rosidl_typesupport_introspection_c.h
[6.954s] -- Up-to-date: /home/puzzlebot/ros2_packages_ws/install/micro_ros_msgs/lib/libmicro_ros_msgs__rosidl_typesupport_introspection_c.so
[6.954s] -- Up-to-date: /home/puzzlebot/ros2_packages_ws/install/micro_ros_msgs/lib/libmicro_ros_msgs__rosidl_typesupport_c.so
[6.955s] -- Up-to-date: /home/puzzlebot/ros2_packages_ws/install/micro_ros_msgs/include/micro_ros_msgs/micro_ros_msgs
[6.955s] -- Up-to-date: /home/puzzlebot/ros2_packages_ws/install/micro_ros_msgs/include/micro_ros_msgs/micro_ros_msgs/msg
[6.956s] -- Up-to-date: /home/puzzlebot/ros2_packages_ws/install/micro_ros_msgs/include/micro_ros_msgs/micro_ros_msgs/msg/entity.hpp
[6.956s] -- Up-to-date: /home/puzzlebot/ros2_packages_ws/install/micro_ros_msgs/include/micro_ros_msgs/micro_ros_msgs/msg/node.hpp
[6.957s] -- Up-to-date: /home/puzzlebot/ros2_packages_ws/install/micro_ros_msgs/include/micro_ros_msgs/micro_ros_msgs/msg/detail
[6.958s] -- Up-to-date: /home/puzzlebot/ros2_packages_ws/install/micro_ros_msgs/include/micro_ros_msgs/micro_ros_msgs/msg/detail/graph__traits.hpp
[6.958s] -- Up-to-date: /home/puzzlebot/ros2_packages_ws/install/micro_ros_msgs/include/micro_ros_msgs/micro_ros_msgs/msg/detail/entity__builder.hpp
[6.959s] -- Up-to-date: /home/puzzlebot/ros2_packages_ws/install/micro_ros_msgs/include/micro_ros_msgs/micro_ros_msgs/msg/detail/node__traits.hpp
[6.960s] -- Up-to-date: /home/puzzlebot/ros2_packages_ws/install/micro_ros_msgs/include/micro_ros_msgs/micro_ros_msgs/msg/detail/entity__traits.hpp
[6.960s] -- Up-to-date: /home/puzzlebot/ros2_packages_ws/install/micro_ros_msgs/include/micro_ros_msgs/micro_ros_msgs/msg/detail/graph__builder.hpp
[6.960s] -- Up-to-date: /home/puzzlebot/ros2_packages_ws/install/micro_ros_msgs/include/micro_ros_msgs/micro_ros_msgs/msg/detail/node__builder.hpp
[6.961s] -- Up-to-date: /home/puzzlebot/ros2_packages_ws/install/micro_ros_msgs/include/micro_ros_msgs/micro_ros_msgs/msg/detail/graph__struct.hpp
[6.961s] -- Up-to-date: /home/puzzlebot/ros2_packages_ws/install/micro_ros_msgs/include/micro_ros_msgs/micro_ros_msgs/msg/detail/entity__struct.hpp
[6.967s] -- Up-to-date: /home/puzzlebot/ros2_packages_ws/install/micro_ros_msgs/include/micro_ros_msgs/micro_ros_msgs/msg/detail/node__struct.hpp
[6.968s] -- Up-to-date: /home/puzzlebot/ros2_packages_ws/install/micro_ros_msgs/include/micro_ros_msgs/micro_ros_msgs/msg/graph.hpp
[6.969s] -- Up-to-date: /home/puzzlebot/ros2_packages_ws/install/micro_ros_msgs/include/micro_ros_msgs/micro_ros_msgs
[6.969s] -- Up-to-date: /home/puzzlebot/ros2_packages_ws/install/micro_ros_msgs/include/micro_ros_msgs/micro_ros_msgs/msg
[6.970s] -- Up-to-date: /home/puzzlebot/ros2_packages_ws/install/micro_ros_msgs/include/micro_ros_msgs/micro_ros_msgs/msg/rosidl_typesupport_fastrtps_cpp__visibility_control.h
[6.970s] -- Up-to-date: /home/puzzlebot/ros2_packages_ws/install/micro_ros_msgs/include/micro_ros_msgs/micro_ros_msgs/msg/detail
[6.971s] -- Up-to-date: /home/puzzlebot/ros2_packages_ws/install/micro_ros_msgs/include/micro_ros_msgs/micro_ros_msgs/msg/detail/dds_fastrtps
[6.971s] -- Up-to-date: /home/puzzlebot/ros2_packages_ws/install/micro_ros_msgs/include/micro_ros_msgs/micro_ros_msgs/msg/detail/entity__rosidl_typesupport_fastrtps_cpp.hpp
[6.971s] -- Up-to-date: /home/puzzlebot/ros2_packages_ws/install/micro_ros_msgs/include/micro_ros_msgs/micro_ros_msgs/msg/detail/node__rosidl_typesupport_fastrtps_cpp.hpp
[6.972s] -- Up-to-date: /home/puzzlebot/ros2_packages_ws/install/micro_ros_msgs/include/micro_ros_msgs/micro_ros_msgs/msg/detail/graph__rosidl_typesupport_fastrtps_cpp.hpp
[6.972s] -- Up-to-date: /home/puzzlebot/ros2_packages_ws/install/micro_ros_msgs/lib/libmicro_ros_msgs__rosidl_typesupport_fastrtps_cpp.so
[6.973s] -- Up-to-date: /home/puzzlebot/ros2_packages_ws/install/micro_ros_msgs/include/micro_ros_msgs/micro_ros_msgs
[6.973s] -- Up-to-date: /home/puzzlebot/ros2_packages_ws/install/micro_ros_msgs/include/micro_ros_msgs/micro_ros_msgs/msg
[6.973s] -- Up-to-date: /home/puzzlebot/ros2_packages_ws/install/micro_ros_msgs/include/micro_ros_msgs/micro_ros_msgs/msg/detail
[6.974s] -- Up-to-date: /home/puzzlebot/ros2_packages_ws/install/micro_ros_msgs/include/micro_ros_msgs/micro_ros_msgs/msg/detail/graph__rosidl_typesupport_introspection_cpp.hpp
[6.974s] -- Up-to-date: /home/puzzlebot/ros2_packages_ws/install/micro_ros_msgs/include/micro_ros_msgs/micro_ros_msgs/msg/detail/entity__rosidl_typesupport_introspection_cpp.hpp
[6.975s] -- Up-to-date: /home/puzzlebot/ros2_packages_ws/install/micro_ros_msgs/include/micro_ros_msgs/micro_ros_msgs/msg/detail/graph__type_support.cpp
[6.983s] -- Up-to-date: /home/puzzlebot/ros2_packages_ws/install/micro_ros_msgs/include/micro_ros_msgs/micro_ros_msgs/msg/detail/entity__type_support.cpp
[6.984s] -- Up-to-date: /home/puzzlebot/ros2_packages_ws/install/micro_ros_msgs/include/micro_ros_msgs/micro_ros_msgs/msg/detail/node__type_support.cpp
[6.984s] -- Up-to-date: /home/puzzlebot/ros2_packages_ws/install/micro_ros_msgs/include/micro_ros_msgs/micro_ros_msgs/msg/detail/node__rosidl_typesupport_introspection_cpp.hpp
[6.985s] -- Up-to-date: /home/puzzlebot/ros2_packages_ws/install/micro_ros_msgs/lib/libmicro_ros_msgs__rosidl_typesupport_introspection_cpp.so
[6.985s] -- Up-to-date: /home/puzzlebot/ros2_packages_ws/install/micro_ros_msgs/lib/libmicro_ros_msgs__rosidl_typesupport_cpp.so
[6.985s] -- Up-to-date: /home/puzzlebot/ros2_packages_ws/install/micro_ros_msgs/share/micro_ros_msgs/environment/pythonpath.sh
[6.986s] -- Up-to-date: /home/puzzlebot/ros2_packages_ws/install/micro_ros_msgs/share/micro_ros_msgs/environment/pythonpath.dsv
[6.986s] -- Up-to-date: /home/puzzlebot/ros2_packages_ws/install/micro_ros_msgs/lib/python3.8/site-packages/micro_ros_msgs-3.0.0-py3.8.egg-info
[6.987s] -- Installing: /home/puzzlebot/ros2_packages_ws/install/micro_ros_msgs/lib/python3.8/site-packages/micro_ros_msgs-3.0.0-py3.8.egg-info/top_level.txt
[6.987s] -- Installing: /home/puzzlebot/ros2_packages_ws/install/micro_ros_msgs/lib/python3.8/site-packages/micro_ros_msgs-3.0.0-py3.8.egg-info/PKG-INFO
[6.987s] -- Installing: /home/puzzlebot/ros2_packages_ws/install/micro_ros_msgs/lib/python3.8/site-packages/micro_ros_msgs-3.0.0-py3.8.egg-info/SOURCES.txt
[6.988s] -- Installing: /home/puzzlebot/ros2_packages_ws/install/micro_ros_msgs/lib/python3.8/site-packages/micro_ros_msgs-3.0.0-py3.8.egg-info/dependency_links.txt
[6.988s] -- Up-to-date: /home/puzzlebot/ros2_packages_ws/install/micro_ros_msgs/lib/python3.8/site-packages/micro_ros_msgs
[6.989s] -- Up-to-date: /home/puzzlebot/ros2_packages_ws/install/micro_ros_msgs/lib/python3.8/site-packages/micro_ros_msgs/micro_ros_msgs_s__rosidl_typesupport_introspection_c.cpython-38-aarch64-linux-gnu.so
[6.989s] -- Up-to-date: /home/puzzlebot/ros2_packages_ws/install/micro_ros_msgs/lib/python3.8/site-packages/micro_ros_msgs/__init__.py
[6.989s] -- Up-to-date: /home/puzzlebot/ros2_packages_ws/install/micro_ros_msgs/lib/python3.8/site-packages/micro_ros_msgs/msg
[6.990s] -- Up-to-date: /home/puzzlebot/ros2_packages_ws/install/micro_ros_msgs/lib/python3.8/site-packages/micro_ros_msgs/msg/_graph_s.c
[6.990s] -- Up-to-date: /home/puzzlebot/ros2_packages_ws/install/micro_ros_msgs/lib/python3.8/site-packages/micro_ros_msgs/msg/_entity.py
[6.991s] -- Up-to-date: /home/puzzlebot/ros2_packages_ws/install/micro_ros_msgs/lib/python3.8/site-packages/micro_ros_msgs/msg/__init__.py
[6.999s] -- Up-to-date: /home/puzzlebot/ros2_packages_ws/install/micro_ros_msgs/lib/python3.8/site-packages/micro_ros_msgs/msg/_node_s.c
[7.000s] -- Up-to-date: /home/puzzlebot/ros2_packages_ws/install/micro_ros_msgs/lib/python3.8/site-packages/micro_ros_msgs/msg/_entity_s.c
[7.000s] -- Up-to-date: /home/puzzlebot/ros2_packages_ws/install/micro_ros_msgs/lib/python3.8/site-packages/micro_ros_msgs/msg/_node.py
[7.001s] -- Up-to-date: /home/puzzlebot/ros2_packages_ws/install/micro_ros_msgs/lib/python3.8/site-packages/micro_ros_msgs/msg/_graph.py
[7.002s] -- Up-to-date: /home/puzzlebot/ros2_packages_ws/install/micro_ros_msgs/lib/python3.8/site-packages/micro_ros_msgs/micro_ros_msgs_s__rosidl_typesupport_c.cpython-38-aarch64-linux-gnu.so
[7.002s] -- Up-to-date: /home/puzzlebot/ros2_packages_ws/install/micro_ros_msgs/lib/python3.8/site-packages/micro_ros_msgs/_micro_ros_msgs_s.ep.rosidl_typesupport_fastrtps_c.c
[7.003s] -- Up-to-date: /home/puzzlebot/ros2_packages_ws/install/micro_ros_msgs/lib/python3.8/site-packages/micro_ros_msgs/micro_ros_msgs_s__rosidl_typesupport_fastrtps_c.cpython-38-aarch64-linux-gnu.so
[7.003s] -- Up-to-date: /home/puzzlebot/ros2_packages_ws/install/micro_ros_msgs/lib/python3.8/site-packages/micro_ros_msgs/_micro_ros_msgs_s.ep.rosidl_typesupport_c.c
[7.004s] -- Up-to-date: /home/puzzlebot/ros2_packages_ws/install/micro_ros_msgs/lib/python3.8/site-packages/micro_ros_msgs/_micro_ros_msgs_s.ep.rosidl_typesupport_introspection_c.c
[7.004s] -- Up-to-date: /home/puzzlebot/ros2_packages_ws/install/micro_ros_msgs/lib/python3.8/site-packages/micro_ros_msgs/libmicro_ros_msgs__rosidl_generator_py.so
[7.168s] Listing '/home/puzzlebot/ros2_packages_ws/install/micro_ros_msgs/lib/python3.8/site-packages/micro_ros_msgs'...
[7.169s] Listing '/home/puzzlebot/ros2_packages_ws/install/micro_ros_msgs/lib/python3.8/site-packages/micro_ros_msgs/msg'...
[7.227s] -- Up-to-date: /home/puzzlebot/ros2_packages_ws/install/micro_ros_msgs/lib/python3.8/site-packages/micro_ros_msgs/micro_ros_msgs_s__rosidl_typesupport_fastrtps_c.cpython-38-aarch64-linux-gnu.so
[7.230s] -- Up-to-date: /home/puzzlebot/ros2_packages_ws/install/micro_ros_msgs/lib/python3.8/site-packages/micro_ros_msgs/micro_ros_msgs_s__rosidl_typesupport_introspection_c.cpython-38-aarch64-linux-gnu.so
[7.234s] -- Up-to-date: /home/puzzlebot/ros2_packages_ws/install/micro_ros_msgs/lib/python3.8/site-packages/micro_ros_msgs/micro_ros_msgs_s__rosidl_typesupport_c.cpython-38-aarch64-linux-gnu.so
[7.238s] -- Up-to-date: /home/puzzlebot/ros2_packages_ws/install/micro_ros_msgs/lib/libmicro_ros_msgs__rosidl_generator_py.so
[7.241s] -- Up-to-date: /home/puzzlebot/ros2_packages_ws/install/micro_ros_msgs/share/micro_ros_msgs/msg/Graph.idl
[7.243s] -- Up-to-date: /home/puzzlebot/ros2_packages_ws/install/micro_ros_msgs/share/micro_ros_msgs/msg/Node.idl
[7.245s] -- Up-to-date: /home/puzzlebot/ros2_packages_ws/install/micro_ros_msgs/share/micro_ros_msgs/msg/Entity.idl
[7.253s] -- Up-to-date: /home/puzzlebot/ros2_packages_ws/install/micro_ros_msgs/share/micro_ros_msgs/msg/Graph.msg
[7.254s] -- Up-to-date: /home/puzzlebot/ros2_packages_ws/install/micro_ros_msgs/share/micro_ros_msgs/msg/Node.msg
[7.256s] -- Up-to-date: /home/puzzlebot/ros2_packages_ws/install/micro_ros_msgs/share/micro_ros_msgs/msg/Entity.msg
[7.257s] -- Up-to-date: /home/puzzlebot/ros2_packages_ws/install/micro_ros_msgs/share/ament_index/resource_index/package_run_dependencies/micro_ros_msgs
[7.258s] -- Up-to-date: /home/puzzlebot/ros2_packages_ws/install/micro_ros_msgs/share/ament_index/resource_index/parent_prefix_path/micro_ros_msgs
[7.260s] -- Up-to-date: /home/puzzlebot/ros2_packages_ws/install/micro_ros_msgs/share/micro_ros_msgs/environment/ament_prefix_path.sh
[7.261s] -- Up-to-date: /home/puzzlebot/ros2_packages_ws/install/micro_ros_msgs/share/micro_ros_msgs/environment/ament_prefix_path.dsv
[7.265s] -- Up-to-date: /home/puzzlebot/ros2_packages_ws/install/micro_ros_msgs/share/micro_ros_msgs/environment/path.sh
[7.271s] -- Up-to-date: /home/puzzlebot/ros2_packages_ws/install/micro_ros_msgs/share/micro_ros_msgs/environment/path.dsv
[7.272s] -- Up-to-date: /home/puzzlebot/ros2_packages_ws/install/micro_ros_msgs/share/micro_ros_msgs/local_setup.bash
[7.273s] -- Up-to-date: /home/puzzlebot/ros2_packages_ws/install/micro_ros_msgs/share/micro_ros_msgs/local_setup.sh
[7.274s] -- Up-to-date: /home/puzzlebot/ros2_packages_ws/install/micro_ros_msgs/share/micro_ros_msgs/local_setup.zsh
[7.276s] -- Up-to-date: /home/puzzlebot/ros2_packages_ws/install/micro_ros_msgs/share/micro_ros_msgs/local_setup.dsv
[7.276s] -- Installing: /home/puzzlebot/ros2_packages_ws/install/micro_ros_msgs/share/micro_ros_msgs/package.dsv
[7.278s] -- Up-to-date: /home/puzzlebot/ros2_packages_ws/install/micro_ros_msgs/share/ament_index/resource_index/packages/micro_ros_msgs
[7.289s] -- Up-to-date: /home/puzzlebot/ros2_packages_ws/install/micro_ros_msgs/share/micro_ros_msgs/cmake/export_micro_ros_msgs__rosidl_generator_cExport.cmake
[7.290s] -- Up-to-date: /home/puzzlebot/ros2_packages_ws/install/micro_ros_msgs/share/micro_ros_msgs/cmake/export_micro_ros_msgs__rosidl_generator_cExport-noconfig.cmake
[7.292s] -- Up-to-date: /home/puzzlebot/ros2_packages_ws/install/micro_ros_msgs/share/micro_ros_msgs/cmake/export_micro_ros_msgs__rosidl_typesupport_fastrtps_cExport.cmake
[7.292s] -- Up-to-date: /home/puzzlebot/ros2_packages_ws/install/micro_ros_msgs/share/micro_ros_msgs/cmake/export_micro_ros_msgs__rosidl_typesupport_fastrtps_cExport-noconfig.cmake
[7.297s] -- Up-to-date: /home/puzzlebot/ros2_packages_ws/install/micro_ros_msgs/share/micro_ros_msgs/cmake/micro_ros_msgs__rosidl_typesupport_introspection_cExport.cmake
[7.303s] -- Up-to-date: /home/puzzlebot/ros2_packages_ws/install/micro_ros_msgs/share/micro_ros_msgs/cmake/micro_ros_msgs__rosidl_typesupport_introspection_cExport-noconfig.cmake
[7.306s] -- Up-to-date: /home/puzzlebot/ros2_packages_ws/install/micro_ros_msgs/share/micro_ros_msgs/cmake/micro_ros_msgs__rosidl_typesupport_cExport.cmake
[7.307s] -- Up-to-date: /home/puzzlebot/ros2_packages_ws/install/micro_ros_msgs/share/micro_ros_msgs/cmake/micro_ros_msgs__rosidl_typesupport_cExport-noconfig.cmake
[7.307s] -- Up-to-date: /home/puzzlebot/ros2_packages_ws/install/micro_ros_msgs/share/micro_ros_msgs/cmake/export_micro_ros_msgs__rosidl_generator_cppExport.cmake
[7.308s] -- Up-to-date: /home/puzzlebot/ros2_packages_ws/install/micro_ros_msgs/share/micro_ros_msgs/cmake/export_micro_ros_msgs__rosidl_typesupport_fastrtps_cppExport.cmake
[7.308s] -- Up-to-date: /home/puzzlebot/ros2_packages_ws/install/micro_ros_msgs/share/micro_ros_msgs/cmake/export_micro_ros_msgs__rosidl_typesupport_fastrtps_cppExport-noconfig.cmake
[7.309s] -- Up-to-date: /home/puzzlebot/ros2_packages_ws/install/micro_ros_msgs/share/micro_ros_msgs/cmake/micro_ros_msgs__rosidl_typesupport_introspection_cppExport.cmake
[7.309s] -- Up-to-date: /home/puzzlebot/ros2_packages_ws/install/micro_ros_msgs/share/micro_ros_msgs/cmake/micro_ros_msgs__rosidl_typesupport_introspection_cppExport-noconfig.cmake
[7.326s] -- Up-to-date: /home/puzzlebot/ros2_packages_ws/install/micro_ros_msgs/share/micro_ros_msgs/cmake/micro_ros_msgs__rosidl_typesupport_cppExport.cmake
[7.326s] -- Up-to-date: /home/puzzlebot/ros2_packages_ws/install/micro_ros_msgs/share/micro_ros_msgs/cmake/micro_ros_msgs__rosidl_typesupport_cppExport-noconfig.cmake
[7.327s] -- Up-to-date: /home/puzzlebot/ros2_packages_ws/install/micro_ros_msgs/share/micro_ros_msgs/cmake/export_micro_ros_msgs__rosidl_generator_pyExport.cmake
[7.327s] -- Up-to-date: /home/puzzlebot/ros2_packages_ws/install/micro_ros_msgs/share/micro_ros_msgs/cmake/export_micro_ros_msgs__rosidl_generator_pyExport-noconfig.cmake
[7.328s] -- Up-to-date: /home/puzzlebot/ros2_packages_ws/install/micro_ros_msgs/share/micro_ros_msgs/cmake/rosidl_cmake-extras.cmake
[7.328s] -- Up-to-date: /home/puzzlebot/ros2_packages_ws/install/micro_ros_msgs/share/micro_ros_msgs/cmake/ament_cmake_export_include_directories-extras.cmake
[7.329s] -- Up-to-date: /home/puzzlebot/ros2_packages_ws/install/micro_ros_msgs/share/micro_ros_msgs/cmake/ament_cmake_export_libraries-extras.cmake
[7.329s] -- Up-to-date: /home/puzzlebot/ros2_packages_ws/install/micro_ros_msgs/share/micro_ros_msgs/cmake/ament_cmake_export_targets-extras.cmake
[7.330s] -- Up-to-date: /home/puzzlebot/ros2_packages_ws/install/micro_ros_msgs/share/micro_ros_msgs/cmake/rosidl_cmake_export_typesupport_targets-extras.cmake
[7.331s] -- Up-to-date: /home/puzzlebot/ros2_packages_ws/install/micro_ros_msgs/share/micro_ros_msgs/cmake/ament_cmake_export_dependencies-extras.cmake
[7.331s] -- Up-to-date: /home/puzzlebot/ros2_packages_ws/install/micro_ros_msgs/share/micro_ros_msgs/cmake/rosidl_cmake_export_typesupport_libraries-extras.cmake
[7.332s] -- Up-to-date: /home/puzzlebot/ros2_packages_ws/install/micro_ros_msgs/share/micro_ros_msgs/cmake/micro_ros_msgsConfig.cmake
[7.333s] -- Up-to-date: /home/puzzlebot/ros2_packages_ws/install/micro_ros_msgs/share/micro_ros_msgs/cmake/micro_ros_msgsConfig-version.cmake
[7.334s] -- Up-to-date: /home/puzzlebot/ros2_packages_ws/install/micro_ros_msgs/share/micro_ros_msgs/package.xml
[7.474s] Invoked command in '/home/puzzlebot/ros2_packages_ws/build/micro_ros_msgs' returned '0': CMAKE_PREFIX_PATH=${CMAKE_PREFIX_PATH}:/home/puzzlebot/ros2_ws/install/puzzlebot_ros:/home/puzzlebot/ros2_packages_ws/install/localization:/home/puzzlebot/ros2_packages_ws/install/camera_viewer:/opt/ros/humble /usr/bin/cmake --install /home/puzzlebot/ros2_packages_ws/build/micro_ros_msgs
