[0.228s] Invoking command in '/home/puzzlebot/ros2_packages_ws/build/ros_deep_learning': CMAKE_PREFIX_PATH=${CMAKE_PREFIX_PATH}:/home/puzzlebot/ros2_ws/install/puzzlebot_ros:/home/puzzlebot/ros2_packages_ws/install/localization:/home/puzzlebot/ros2_packages_ws/install/camera_viewer:/opt/ros/humble /usr/bin/cmake --build /home/puzzlebot/ros2_packages_ws/build/ros_deep_learning -- -j4 -l4
[1.156s] [ 20%] Built target segnet
[1.164s] [ 40%] Built target imagenet
[1.219s] [ 60%] Built target detectnet
[1.243s] [ 80%] Built target video_source
[1.482s] [100%] Built target video_output
[1.573s] Invoked command in '/home/puzzlebot/ros2_packages_ws/build/ros_deep_learning' returned '0': CMAKE_PREFIX_PATH=${CMAKE_PREFIX_PATH}:/home/puzzlebot/ros2_ws/install/puzzlebot_ros:/home/puzzlebot/ros2_packages_ws/install/localization:/home/puzzlebot/ros2_packages_ws/install/camera_viewer:/opt/ros/humble /usr/bin/cmake --build /home/puzzlebot/ros2_packages_ws/build/ros_deep_learning -- -j4 -l4
[1.822s] Invoking command in '/home/puzzlebot/ros2_packages_ws/build/ros_deep_learning': CMAKE_PREFIX_PATH=${CMAKE_PREFIX_PATH}:/home/puzzlebot/ros2_ws/install/puzzlebot_ros:/home/puzzlebot/ros2_packages_ws/install/localization:/home/puzzlebot/ros2_packages_ws/install/camera_viewer:/opt/ros/humble /usr/bin/cmake --install /home/puzzlebot/ros2_packages_ws/build/ros_deep_learning
[1.899s] -- Install configuration: ""
[1.900s] -- Up-to-date: /home/puzzlebot/ros2_packages_ws/install/ros_deep_learning/lib/ros_deep_learning/imagenet
[1.900s] -- Up-to-date: /home/puzzlebot/ros2_packages_ws/install/ros_deep_learning/lib/ros_deep_learning/detectnet
[1.909s] -- Up-to-date: /home/puzzlebot/ros2_packages_ws/install/ros_deep_learning/lib/ros_deep_learning/segnet
[1.910s] -- Up-to-date: /home/puzzlebot/ros2_packages_ws/install/ros_deep_learning/lib/ros_deep_learning/video_source
[1.912s] -- Up-to-date: /home/puzzlebot/ros2_packages_ws/install/ros_deep_learning/lib/ros_deep_learning/video_output
[1.913s] -- Up-to-date: /home/puzzlebot/ros2_packages_ws/install/ros_deep_learning/share/ros_deep_learning//launch
[1.914s] -- Up-to-date: /home/puzzlebot/ros2_packages_ws/install/ros_deep_learning/share/ros_deep_learning//launch/video_output.ros2.launch
[1.916s] -- Up-to-date: /home/puzzlebot/ros2_packages_ws/install/ros_deep_learning/share/ros_deep_learning//launch/video_output.ros1.launch
[1.917s] -- Up-to-date: /home/puzzlebot/ros2_packages_ws/install/ros_deep_learning/share/ros_deep_learning//launch/segnet.ros1.launch
[1.917s] -- Up-to-date: /home/puzzlebot/ros2_packages_ws/install/ros_deep_learning/share/ros_deep_learning//launch/detectnet.ros1.launch
[1.918s] -- Up-to-date: /home/puzzlebot/ros2_packages_ws/install/ros_deep_learning/share/ros_deep_learning//launch/imagenet.ros1.launch
[1.919s] -- Up-to-date: /home/puzzlebot/ros2_packages_ws/install/ros_deep_learning/share/ros_deep_learning//launch/video_viewer.ros2.launch
[1.919s] -- Up-to-date: /home/puzzlebot/ros2_packages_ws/install/ros_deep_learning/share/ros_deep_learning//launch/imagenet.ros2.launch
[1.920s] -- Up-to-date: /home/puzzlebot/ros2_packages_ws/install/ros_deep_learning/share/ros_deep_learning//launch/video_source.ros1.launch
[1.920s] -- Up-to-date: /home/puzzlebot/ros2_packages_ws/install/ros_deep_learning/share/ros_deep_learning//launch/video_viewer.ros1.launch
[1.921s] -- Up-to-date: /home/puzzlebot/ros2_packages_ws/install/ros_deep_learning/share/ros_deep_learning//launch/detectnet.ros2.launch
[1.921s] -- Up-to-date: /home/puzzlebot/ros2_packages_ws/install/ros_deep_learning/share/ros_deep_learning//launch/video_source.ros2.launch
[1.921s] -- Up-to-date: /home/puzzlebot/ros2_packages_ws/install/ros_deep_learning/share/ros_deep_learning//launch/segnet.ros2.launch
[1.922s] -- Up-to-date: /home/puzzlebot/ros2_packages_ws/install/ros_deep_learning/share/ament_index/resource_index/package_run_dependencies/ros_deep_learning
[1.922s] -- Up-to-date: /home/puzzlebot/ros2_packages_ws/install/ros_deep_learning/share/ament_index/resource_index/parent_prefix_path/ros_deep_learning
[1.923s] -- Up-to-date: /home/puzzlebot/ros2_packages_ws/install/ros_deep_learning/share/ros_deep_learning/environment/ament_prefix_path.sh
[1.923s] -- Up-to-date: /home/puzzlebot/ros2_packages_ws/install/ros_deep_learning/share/ros_deep_learning/environment/ament_prefix_path.dsv
[1.924s] -- Up-to-date: /home/puzzlebot/ros2_packages_ws/install/ros_deep_learning/share/ros_deep_learning/environment/path.sh
[1.924s] -- Up-to-date: /home/puzzlebot/ros2_packages_ws/install/ros_deep_learning/share/ros_deep_learning/environment/path.dsv
[1.925s] -- Up-to-date: /home/puzzlebot/ros2_packages_ws/install/ros_deep_learning/share/ros_deep_learning/local_setup.bash
[1.925s] -- Up-to-date: /home/puzzlebot/ros2_packages_ws/install/ros_deep_learning/share/ros_deep_learning/local_setup.sh
[1.925s] -- Up-to-date: /home/puzzlebot/ros2_packages_ws/install/ros_deep_learning/share/ros_deep_learning/local_setup.zsh
[1.926s] -- Up-to-date: /home/puzzlebot/ros2_packages_ws/install/ros_deep_learning/share/ros_deep_learning/local_setup.dsv
[1.931s] -- Installing: /home/puzzlebot/ros2_packages_ws/install/ros_deep_learning/share/ros_deep_learning/package.dsv
[1.932s] -- Up-to-date: /home/puzzlebot/ros2_packages_ws/install/ros_deep_learning/share/ament_index/resource_index/packages/ros_deep_learning
[1.933s] -- Up-to-date: /home/puzzlebot/ros2_packages_ws/install/ros_deep_learning/share/ros_deep_learning/cmake/ros_deep_learningConfig.cmake
[1.933s] -- Up-to-date: /home/puzzlebot/ros2_packages_ws/install/ros_deep_learning/share/ros_deep_learning/cmake/ros_deep_learningConfig-version.cmake
[1.934s] -- Up-to-date: /home/puzzlebot/ros2_packages_ws/install/ros_deep_learning/share/ros_deep_learning/package.xml
[1.964s] Invoked command in '/home/puzzlebot/ros2_packages_ws/build/ros_deep_learning' returned '0': CMAKE_PREFIX_PATH=${CMAKE_PREFIX_PATH}:/home/puzzlebot/ros2_ws/install/puzzlebot_ros:/home/puzzlebot/ros2_packages_ws/install/localization:/home/puzzlebot/ros2_packages_ws/install/camera_viewer:/opt/ros/humble /usr/bin/cmake --install /home/puzzlebot/ros2_packages_ws/build/ros_deep_learning
