[0.149s] Invoking command in '/home/puzzlebot/Puzzlebot_Lidar_ROS1_ROS2/ros2_packages_ws/build/micro_ros_setup': CMAKE_PREFIX_PATH=${CMAKE_PREFIX_PATH}:/home/puzzlebot/Puzzlebot_Lidar_ROS1_ROS2/ros2_packages_ws/install/localization:/home/puzzlebot/Puzzlebot_Lidar_ROS1_ROS2/ros2_packages_ws/install/camera_viewer:/home/puzzlebot/ros2_ws/install/puzzlebot_ros:/opt/ros/humble /usr/bin/cmake --build /home/puzzlebot/Puzzlebot_Lidar_ROS1_ROS2/ros2_packages_ws/build/micro_ros_setup -- -j4 -l4
[0.538s] Invoked command in '/home/puzzlebot/Puzzlebot_Lidar_ROS1_ROS2/ros2_packages_ws/build/micro_ros_setup' returned '0': CMAKE_PREFIX_PATH=${CMAKE_PREFIX_PATH}:/home/puzzlebot/Puzzlebot_Lidar_ROS1_ROS2/ros2_packages_ws/install/localization:/home/puzzlebot/Puzzlebot_Lidar_ROS1_ROS2/ros2_packages_ws/install/camera_viewer:/home/puzzlebot/ros2_ws/install/puzzlebot_ros:/opt/ros/humble /usr/bin/cmake --build /home/puzzlebot/Puzzlebot_Lidar_ROS1_ROS2/ros2_packages_ws/build/micro_ros_setup -- -j4 -l4
[0.841s] Invoking command in '/home/puzzlebot/Puzzlebot_Lidar_ROS1_ROS2/ros2_packages_ws/build/micro_ros_setup': CMAKE_PREFIX_PATH=${CMAKE_PREFIX_PATH}:/home/puzzlebot/Puzzlebot_Lidar_ROS1_ROS2/ros2_packages_ws/install/localization:/home/puzzlebot/Puzzlebot_Lidar_ROS1_ROS2/ros2_packages_ws/install/camera_viewer:/home/puzzlebot/ros2_ws/install/puzzlebot_ros:/opt/ros/humble /usr/bin/cmake --install /home/puzzlebot/Puzzlebot_Lidar_ROS1_ROS2/ros2_packages_ws/build/micro_ros_setup
[0.982s] -- Install configuration: ""
[0.992s] -- Up-to-date: /home/puzzlebot/Puzzlebot_Lidar_ROS1_ROS2/ros2_packages_ws/install/micro_ros_setup/share/ament_index/resource_index/package_run_dependencies/micro_ros_setup
[0.998s] -- Up-to-date: /home/puzzlebot/Puzzlebot_Lidar_ROS1_ROS2/ros2_packages_ws/install/micro_ros_setup/share/ament_index/resource_index/parent_prefix_path/micro_ros_setup
[1.001s] -- Up-to-date: /home/puzzlebot/Puzzlebot_Lidar_ROS1_ROS2/ros2_packages_ws/install/micro_ros_setup/share/micro_ros_setup/environment/ament_prefix_path.sh
[1.004s] -- Up-to-date: /home/puzzlebot/Puzzlebot_Lidar_ROS1_ROS2/ros2_packages_ws/install/micro_ros_setup/share/micro_ros_setup/environment/ament_prefix_path.dsv
[1.006s] -- Up-to-date: /home/puzzlebot/Puzzlebot_Lidar_ROS1_ROS2/ros2_packages_ws/install/micro_ros_setup/share/micro_ros_setup/environment/path.sh
[1.009s] -- Up-to-date: /home/puzzlebot/Puzzlebot_Lidar_ROS1_ROS2/ros2_packages_ws/install/micro_ros_setup/share/micro_ros_setup/environment/path.dsv
[1.012s] -- Up-to-date: /home/puzzlebot/Puzzlebot_Lidar_ROS1_ROS2/ros2_packages_ws/install/micro_ros_setup/share/micro_ros_setup/local_setup.bash
[1.019s] -- Up-to-date: /home/puzzlebot/Puzzlebot_Lidar_ROS1_ROS2/ros2_packages_ws/install/micro_ros_setup/share/micro_ros_setup/local_setup.sh
[1.022s] -- Up-to-date: /home/puzzlebot/Puzzlebot_Lidar_ROS1_ROS2/ros2_packages_ws/install/micro_ros_setup/share/micro_ros_setup/local_setup.zsh
[1.025s] -- Up-to-date: /home/puzzlebot/Puzzlebot_Lidar_ROS1_ROS2/ros2_packages_ws/install/micro_ros_setup/share/micro_ros_setup/local_setup.dsv
[1.030s] -- Installing: /home/puzzlebot/Puzzlebot_Lidar_ROS1_ROS2/ros2_packages_ws/install/micro_ros_setup/share/micro_ros_setup/package.dsv
[1.036s] -- Up-to-date: /home/puzzlebot/Puzzlebot_Lidar_ROS1_ROS2/ros2_packages_ws/install/micro_ros_setup/share/ament_index/resource_index/packages/micro_ros_setup
[1.041s] -- Up-to-date: /home/puzzlebot/Puzzlebot_Lidar_ROS1_ROS2/ros2_packages_ws/install/micro_ros_setup/share/micro_ros_setup/cmake/micro_ros_setupConfig.cmake
[1.042s] -- Up-to-date: /home/puzzlebot/Puzzlebot_Lidar_ROS1_ROS2/ros2_packages_ws/install/micro_ros_setup/share/micro_ros_setup/cmake/micro_ros_setupConfig-version.cmake
[1.043s] -- Up-to-date: /home/puzzlebot/Puzzlebot_Lidar_ROS1_ROS2/ros2_packages_ws/install/micro_ros_setup/share/micro_ros_setup/package.xml
[1.045s] -- Up-to-date: /home/puzzlebot/Puzzlebot_Lidar_ROS1_ROS2/ros2_packages_ws/install/micro_ros_setup/./config
[1.048s] -- Up-to-date: /home/puzzlebot/Puzzlebot_Lidar_ROS1_ROS2/ros2_packages_ws/install/micro_ros_setup/./config/generate_lib
[1.050s] -- Up-to-date: /home/puzzlebot/Puzzlebot_Lidar_ROS1_ROS2/ros2_packages_ws/install/micro_ros_setup/./config/generate_lib/dev_uros_packages.repos
[1.051s] -- Up-to-date: /home/puzzlebot/Puzzlebot_Lidar_ROS1_ROS2/ros2_packages_ws/install/micro_ros_setup/./config/generate_lib/generic
[1.053s] -- Up-to-date: /home/puzzlebot/Puzzlebot_Lidar_ROS1_ROS2/ros2_packages_ws/install/micro_ros_setup/./config/generate_lib/generic/build.sh
[1.057s] -- Up-to-date: /home/puzzlebot/Puzzlebot_Lidar_ROS1_ROS2/ros2_packages_ws/install/micro_ros_setup/./config/generate_lib/generic/create.sh
[1.058s] -- Up-to-date: /home/puzzlebot/Puzzlebot_Lidar_ROS1_ROS2/ros2_packages_ws/install/micro_ros_setup/./config/generate_lib/generic/client_uros_packages.repos
[1.061s] -- Up-to-date: /home/puzzlebot/Puzzlebot_Lidar_ROS1_ROS2/ros2_packages_ws/install/micro_ros_setup/./config/generate_lib/generic/package.xml
[1.062s] -- Up-to-date: /home/puzzlebot/Puzzlebot_Lidar_ROS1_ROS2/ros2_packages_ws/install/micro_ros_setup/./config/generate_lib/generic/flash.sh
[1.063s] -- Up-to-date: /home/puzzlebot/Puzzlebot_Lidar_ROS1_ROS2/ros2_packages_ws/install/micro_ros_setup/./config/generate_lib/generic/demo_toolchain.cmake
[1.065s] -- Up-to-date: /home/puzzlebot/Puzzlebot_Lidar_ROS1_ROS2/ros2_packages_ws/install/micro_ros_setup/./config/generate_lib/generic/client-colcon.meta
[1.066s] -- Up-to-date: /home/puzzlebot/Puzzlebot_Lidar_ROS1_ROS2/ros2_packages_ws/install/micro_ros_setup/./config/generate_lib/dev_ros2_packages.txt
[1.075s] -- Up-to-date: /home/puzzlebot/Puzzlebot_Lidar_ROS1_ROS2/ros2_packages_ws/install/micro_ros_setup/./config/agent_ros2_packages.txt
[1.076s] -- Up-to-date: /home/puzzlebot/Puzzlebot_Lidar_ROS1_ROS2/ros2_packages_ws/install/micro_ros_setup/./config/renesas_ra
[1.077s] -- Up-to-date: /home/puzzlebot/Puzzlebot_Lidar_ROS1_ROS2/ros2_packages_ws/install/micro_ros_setup/./config/renesas_ra/dev_uros_packages.repos
[1.077s] -- Up-to-date: /home/puzzlebot/Puzzlebot_Lidar_ROS1_ROS2/ros2_packages_ws/install/micro_ros_setup/./config/renesas_ra/list_apps.sh
[1.078s] -- Up-to-date: /home/puzzlebot/Puzzlebot_Lidar_ROS1_ROS2/ros2_packages_ws/install/micro_ros_setup/./config/renesas_ra/dev_ros2_packages.txt
[1.079s] -- Up-to-date: /home/puzzlebot/Puzzlebot_Lidar_ROS1_ROS2/ros2_packages_ws/install/micro_ros_setup/./config/renesas_ra/ra6m5
[1.100s] -- Up-to-date: /home/puzzlebot/Puzzlebot_Lidar_ROS1_ROS2/ros2_packages_ws/install/micro_ros_setup/./config/renesas_ra/ra6m5/build.sh
[1.102s] -- Up-to-date: /home/puzzlebot/Puzzlebot_Lidar_ROS1_ROS2/ros2_packages_ws/install/micro_ros_setup/./config/renesas_ra/ra6m5/create.sh
[1.105s] -- Up-to-date: /home/puzzlebot/Puzzlebot_Lidar_ROS1_ROS2/ros2_packages_ws/install/micro_ros_setup/./config/renesas_ra/ra6m5/board.repos
[1.105s] -- Up-to-date: /home/puzzlebot/Puzzlebot_Lidar_ROS1_ROS2/ros2_packages_ws/install/micro_ros_setup/./config/renesas_ra/ra6m5/client_uros_packages.repos
[1.106s] -- Up-to-date: /home/puzzlebot/Puzzlebot_Lidar_ROS1_ROS2/ros2_packages_ws/install/micro_ros_setup/./config/renesas_ra/ra6m5/flash.sh
[1.106s] -- Up-to-date: /home/puzzlebot/Puzzlebot_Lidar_ROS1_ROS2/ros2_packages_ws/install/micro_ros_setup/./config/renesas_ra/ra6m5/configure.sh
[1.107s] -- Up-to-date: /home/puzzlebot/Puzzlebot_Lidar_ROS1_ROS2/ros2_packages_ws/install/micro_ros_setup/./config/renesas_ra/ra6m5/client-colcon.meta
[1.107s] -- Up-to-date: /home/puzzlebot/Puzzlebot_Lidar_ROS1_ROS2/ros2_packages_ws/install/micro_ros_setup/./config/agent_uros_packages.repos
[1.108s] -- Up-to-date: /home/puzzlebot/Puzzlebot_Lidar_ROS1_ROS2/ros2_packages_ws/install/micro_ros_setup/./config/utils.sh
[1.112s] -- Up-to-date: /home/puzzlebot/Puzzlebot_Lidar_ROS1_ROS2/ros2_packages_ws/install/micro_ros_setup/./config/freertos
[1.131s] -- Up-to-date: /home/puzzlebot/Puzzlebot_Lidar_ROS1_ROS2/ros2_packages_ws/install/micro_ros_setup/./config/freertos/nucleo_f446ze
[1.132s] -- Up-to-date: /home/puzzlebot/Puzzlebot_Lidar_ROS1_ROS2/ros2_packages_ws/install/micro_ros_setup/./config/freertos/nucleo_f446ze/build.sh
[1.133s] -- Up-to-date: /home/puzzlebot/Puzzlebot_Lidar_ROS1_ROS2/ros2_packages_ws/install/micro_ros_setup/./config/freertos/nucleo_f446ze/create.sh
[1.133s] -- Up-to-date: /home/puzzlebot/Puzzlebot_Lidar_ROS1_ROS2/ros2_packages_ws/install/micro_ros_setup/./config/freertos/nucleo_f446ze/board.repos
[1.134s] -- Up-to-date: /home/puzzlebot/Puzzlebot_Lidar_ROS1_ROS2/ros2_packages_ws/install/micro_ros_setup/./config/freertos/nucleo_f446ze/client_uros_packages.repos
[1.134s] -- Up-to-date: /home/puzzlebot/Puzzlebot_Lidar_ROS1_ROS2/ros2_packages_ws/install/micro_ros_setup/./config/freertos/nucleo_f446ze/package.xml
[1.135s] -- Up-to-date: /home/puzzlebot/Puzzlebot_Lidar_ROS1_ROS2/ros2_packages_ws/install/micro_ros_setup/./config/freertos/nucleo_f446ze/flash.sh
[1.135s] -- Up-to-date: /home/puzzlebot/Puzzlebot_Lidar_ROS1_ROS2/ros2_packages_ws/install/micro_ros_setup/./config/freertos/nucleo_f446ze/configure.sh
[1.136s] -- Up-to-date: /home/puzzlebot/Puzzlebot_Lidar_ROS1_ROS2/ros2_packages_ws/install/micro_ros_setup/./config/freertos/nucleo_f446ze/client-colcon.meta
[1.143s] -- Up-to-date: /home/puzzlebot/Puzzlebot_Lidar_ROS1_ROS2/ros2_packages_ws/install/micro_ros_setup/./config/freertos/nucleo_f446re
[1.143s] -- Up-to-date: /home/puzzlebot/Puzzlebot_Lidar_ROS1_ROS2/ros2_packages_ws/install/micro_ros_setup/./config/freertos/nucleo_f446re/build.sh
[1.165s] -- Up-to-date: /home/puzzlebot/Puzzlebot_Lidar_ROS1_ROS2/ros2_packages_ws/install/micro_ros_setup/./config/freertos/nucleo_f446re/create.sh
[1.166s] -- Up-to-date: /home/puzzlebot/Puzzlebot_Lidar_ROS1_ROS2/ros2_packages_ws/install/micro_ros_setup/./config/freertos/nucleo_f446re/board.repos
[1.166s] -- Up-to-date: /home/puzzlebot/Puzzlebot_Lidar_ROS1_ROS2/ros2_packages_ws/install/micro_ros_setup/./config/freertos/nucleo_f446re/client_uros_packages.repos
[1.167s] -- Up-to-date: /home/puzzlebot/Puzzlebot_Lidar_ROS1_ROS2/ros2_packages_ws/install/micro_ros_setup/./config/freertos/nucleo_f446re/package.xml
[1.167s] -- Up-to-date: /home/puzzlebot/Puzzlebot_Lidar_ROS1_ROS2/ros2_packages_ws/install/micro_ros_setup/./config/freertos/nucleo_f446re/flash.sh
[1.168s] -- Up-to-date: /home/puzzlebot/Puzzlebot_Lidar_ROS1_ROS2/ros2_packages_ws/install/micro_ros_setup/./config/freertos/nucleo_f446re/configure.sh
[1.176s] -- Up-to-date: /home/puzzlebot/Puzzlebot_Lidar_ROS1_ROS2/ros2_packages_ws/install/micro_ros_setup/./config/freertos/nucleo_f446re/client-colcon.meta
[1.176s] -- Up-to-date: /home/puzzlebot/Puzzlebot_Lidar_ROS1_ROS2/ros2_packages_ws/install/micro_ros_setup/./config/freertos/nucleo_f746zg
[1.179s] -- Up-to-date: /home/puzzlebot/Puzzlebot_Lidar_ROS1_ROS2/ros2_packages_ws/install/micro_ros_setup/./config/freertos/nucleo_f746zg/build.sh
[1.179s] -- Up-to-date: /home/puzzlebot/Puzzlebot_Lidar_ROS1_ROS2/ros2_packages_ws/install/micro_ros_setup/./config/freertos/nucleo_f746zg/create.sh
[1.180s] -- Up-to-date: /home/puzzlebot/Puzzlebot_Lidar_ROS1_ROS2/ros2_packages_ws/install/micro_ros_setup/./config/freertos/nucleo_f746zg/board.repos
[1.180s] -- Up-to-date: /home/puzzlebot/Puzzlebot_Lidar_ROS1_ROS2/ros2_packages_ws/install/micro_ros_setup/./config/freertos/nucleo_f746zg/client_uros_packages.repos
[1.181s] -- Up-to-date: /home/puzzlebot/Puzzlebot_Lidar_ROS1_ROS2/ros2_packages_ws/install/micro_ros_setup/./config/freertos/nucleo_f746zg/package.xml
[1.181s] -- Up-to-date: /home/puzzlebot/Puzzlebot_Lidar_ROS1_ROS2/ros2_packages_ws/install/micro_ros_setup/./config/freertos/nucleo_f746zg/flash.sh
[1.182s] -- Up-to-date: /home/puzzlebot/Puzzlebot_Lidar_ROS1_ROS2/ros2_packages_ws/install/micro_ros_setup/./config/freertos/nucleo_f746zg/configure.sh
[1.182s] -- Up-to-date: /home/puzzlebot/Puzzlebot_Lidar_ROS1_ROS2/ros2_packages_ws/install/micro_ros_setup/./config/freertos/nucleo_f746zg/client-colcon.meta
[1.183s] -- Up-to-date: /home/puzzlebot/Puzzlebot_Lidar_ROS1_ROS2/ros2_packages_ws/install/micro_ros_setup/./config/freertos/crazyflie21
[1.183s] -- Up-to-date: /home/puzzlebot/Puzzlebot_Lidar_ROS1_ROS2/ros2_packages_ws/install/micro_ros_setup/./config/freertos/crazyflie21/build.sh
[1.204s] -- Up-to-date: /home/puzzlebot/Puzzlebot_Lidar_ROS1_ROS2/ros2_packages_ws/install/micro_ros_setup/./config/freertos/crazyflie21/create.sh
[1.204s] -- Up-to-date: /home/puzzlebot/Puzzlebot_Lidar_ROS1_ROS2/ros2_packages_ws/install/micro_ros_setup/./config/freertos/crazyflie21/board.repos
[1.205s] -- Up-to-date: /home/puzzlebot/Puzzlebot_Lidar_ROS1_ROS2/ros2_packages_ws/install/micro_ros_setup/./config/freertos/crazyflie21/client_uros_packages.repos
[1.206s] -- Up-to-date: /home/puzzlebot/Puzzlebot_Lidar_ROS1_ROS2/ros2_packages_ws/install/micro_ros_setup/./config/freertos/crazyflie21/package.xml
[1.206s] -- Up-to-date: /home/puzzlebot/Puzzlebot_Lidar_ROS1_ROS2/ros2_packages_ws/install/micro_ros_setup/./config/freertos/crazyflie21/flash.sh
[1.206s] -- Up-to-date: /home/puzzlebot/Puzzlebot_Lidar_ROS1_ROS2/ros2_packages_ws/install/micro_ros_setup/./config/freertos/crazyflie21/configure.sh
[1.207s] -- Up-to-date: /home/puzzlebot/Puzzlebot_Lidar_ROS1_ROS2/ros2_packages_ws/install/micro_ros_setup/./config/freertos/crazyflie21/client-colcon.meta
[1.207s] -- Up-to-date: /home/puzzlebot/Puzzlebot_Lidar_ROS1_ROS2/ros2_packages_ws/install/micro_ros_setup/./config/freertos/dev_uros_packages.repos
[1.208s] -- Up-to-date: /home/puzzlebot/Puzzlebot_Lidar_ROS1_ROS2/ros2_packages_ws/install/micro_ros_setup/./config/freertos/nucleo_f767zi
[1.208s] -- Up-to-date: /home/puzzlebot/Puzzlebot_Lidar_ROS1_ROS2/ros2_packages_ws/install/micro_ros_setup/./config/freertos/nucleo_f767zi/build.sh
[1.209s] -- Up-to-date: /home/puzzlebot/Puzzlebot_Lidar_ROS1_ROS2/ros2_packages_ws/install/micro_ros_setup/./config/freertos/nucleo_f767zi/create.sh
[1.209s] -- Up-to-date: /home/puzzlebot/Puzzlebot_Lidar_ROS1_ROS2/ros2_packages_ws/install/micro_ros_setup/./config/freertos/nucleo_f767zi/board.repos
[1.209s] -- Up-to-date: /home/puzzlebot/Puzzlebot_Lidar_ROS1_ROS2/ros2_packages_ws/install/micro_ros_setup/./config/freertos/nucleo_f767zi/client_uros_packages.repos
[1.210s] -- Up-to-date: /home/puzzlebot/Puzzlebot_Lidar_ROS1_ROS2/ros2_packages_ws/install/micro_ros_setup/./config/freertos/nucleo_f767zi/package.xml
[1.210s] -- Up-to-date: /home/puzzlebot/Puzzlebot_Lidar_ROS1_ROS2/ros2_packages_ws/install/micro_ros_setup/./config/freertos/nucleo_f767zi/flash.sh
[1.211s] -- Up-to-date: /home/puzzlebot/Puzzlebot_Lidar_ROS1_ROS2/ros2_packages_ws/install/micro_ros_setup/./config/freertos/nucleo_f767zi/configure.sh
[1.227s] -- Up-to-date: /home/puzzlebot/Puzzlebot_Lidar_ROS1_ROS2/ros2_packages_ws/install/micro_ros_setup/./config/freertos/nucleo_f767zi/client-colcon.meta
[1.228s] -- Up-to-date: /home/puzzlebot/Puzzlebot_Lidar_ROS1_ROS2/ros2_packages_ws/install/micro_ros_setup/./config/freertos/esp32
[1.228s] -- Up-to-date: /home/puzzlebot/Puzzlebot_Lidar_ROS1_ROS2/ros2_packages_ws/install/micro_ros_setup/./config/freertos/esp32/build.sh
[1.229s] -- Up-to-date: /home/puzzlebot/Puzzlebot_Lidar_ROS1_ROS2/ros2_packages_ws/install/micro_ros_setup/./config/freertos/esp32/create.sh
[1.229s] -- Up-to-date: /home/puzzlebot/Puzzlebot_Lidar_ROS1_ROS2/ros2_packages_ws/install/micro_ros_setup/./config/freertos/esp32/README.md
[1.230s] -- Up-to-date: /home/puzzlebot/Puzzlebot_Lidar_ROS1_ROS2/ros2_packages_ws/install/micro_ros_setup/./config/freertos/esp32/board.repos
[1.231s] -- Up-to-date: /home/puzzlebot/Puzzlebot_Lidar_ROS1_ROS2/ros2_packages_ws/install/micro_ros_setup/./config/freertos/esp32/client_uros_packages.repos
[1.231s] -- Up-to-date: /home/puzzlebot/Puzzlebot_Lidar_ROS1_ROS2/ros2_packages_ws/install/micro_ros_setup/./config/freertos/esp32/package.xml
[1.232s] -- Up-to-date: /home/puzzlebot/Puzzlebot_Lidar_ROS1_ROS2/ros2_packages_ws/install/micro_ros_setup/./config/freertos/esp32/flash.sh
[1.232s] -- Up-to-date: /home/puzzlebot/Puzzlebot_Lidar_ROS1_ROS2/ros2_packages_ws/install/micro_ros_setup/./config/freertos/esp32/configure.sh
[1.233s] -- Up-to-date: /home/puzzlebot/Puzzlebot_Lidar_ROS1_ROS2/ros2_packages_ws/install/micro_ros_setup/./config/freertos/esp32/client-colcon.meta
[1.234s] -- Up-to-date: /home/puzzlebot/Puzzlebot_Lidar_ROS1_ROS2/ros2_packages_ws/install/micro_ros_setup/./config/freertos/olimex-stm32-e407
[1.234s] -- Up-to-date: /home/puzzlebot/Puzzlebot_Lidar_ROS1_ROS2/ros2_packages_ws/install/micro_ros_setup/./config/freertos/olimex-stm32-e407/build.sh
[1.235s] -- Up-to-date: /home/puzzlebot/Puzzlebot_Lidar_ROS1_ROS2/ros2_packages_ws/install/micro_ros_setup/./config/freertos/olimex-stm32-e407/create.sh
[1.235s] -- Up-to-date: /home/puzzlebot/Puzzlebot_Lidar_ROS1_ROS2/ros2_packages_ws/install/micro_ros_setup/./config/freertos/olimex-stm32-e407/board.repos
[1.236s] -- Up-to-date: /home/puzzlebot/Puzzlebot_Lidar_ROS1_ROS2/ros2_packages_ws/install/micro_ros_setup/./config/freertos/olimex-stm32-e407/client_uros_packages.repos
[1.236s] -- Up-to-date: /home/puzzlebot/Puzzlebot_Lidar_ROS1_ROS2/ros2_packages_ws/install/micro_ros_setup/./config/freertos/olimex-stm32-e407/package.xml
[1.237s] -- Up-to-date: /home/puzzlebot/Puzzlebot_Lidar_ROS1_ROS2/ros2_packages_ws/install/micro_ros_setup/./config/freertos/olimex-stm32-e407/flash.sh
[1.243s] -- Up-to-date: /home/puzzlebot/Puzzlebot_Lidar_ROS1_ROS2/ros2_packages_ws/install/micro_ros_setup/./config/freertos/olimex-stm32-e407/configure.sh
[1.244s] -- Up-to-date: /home/puzzlebot/Puzzlebot_Lidar_ROS1_ROS2/ros2_packages_ws/install/micro_ros_setup/./config/freertos/olimex-stm32-e407/client-colcon.meta
[1.267s] -- Up-to-date: /home/puzzlebot/Puzzlebot_Lidar_ROS1_ROS2/ros2_packages_ws/install/micro_ros_setup/./config/freertos/list_apps.sh
[1.268s] -- Up-to-date: /home/puzzlebot/Puzzlebot_Lidar_ROS1_ROS2/ros2_packages_ws/install/micro_ros_setup/./config/freertos/dev_ros2_packages.txt
[1.268s] -- Up-to-date: /home/puzzlebot/Puzzlebot_Lidar_ROS1_ROS2/ros2_packages_ws/install/micro_ros_setup/./config/mbed
[1.269s] -- Up-to-date: /home/puzzlebot/Puzzlebot_Lidar_ROS1_ROS2/ros2_packages_ws/install/micro_ros_setup/./config/mbed/dev_uros_packages.repos
[1.269s] -- Up-to-date: /home/puzzlebot/Puzzlebot_Lidar_ROS1_ROS2/ros2_packages_ws/install/micro_ros_setup/./config/mbed/generic
[1.270s] -- Up-to-date: /home/puzzlebot/Puzzlebot_Lidar_ROS1_ROS2/ros2_packages_ws/install/micro_ros_setup/./config/mbed/generic/build.sh
[1.270s] -- Up-to-date: /home/puzzlebot/Puzzlebot_Lidar_ROS1_ROS2/ros2_packages_ws/install/micro_ros_setup/./config/mbed/generic/create.sh
[1.271s] -- Up-to-date: /home/puzzlebot/Puzzlebot_Lidar_ROS1_ROS2/ros2_packages_ws/install/micro_ros_setup/./config/mbed/generic/board.repos
[1.271s] -- Up-to-date: /home/puzzlebot/Puzzlebot_Lidar_ROS1_ROS2/ros2_packages_ws/install/micro_ros_setup/./config/mbed/generic/client_uros_packages.repos
[1.271s] -- Up-to-date: /home/puzzlebot/Puzzlebot_Lidar_ROS1_ROS2/ros2_packages_ws/install/micro_ros_setup/./config/mbed/generic/package.xml
[1.272s] -- Up-to-date: /home/puzzlebot/Puzzlebot_Lidar_ROS1_ROS2/ros2_packages_ws/install/micro_ros_setup/./config/mbed/generic/flash.sh
[1.272s] -- Up-to-date: /home/puzzlebot/Puzzlebot_Lidar_ROS1_ROS2/ros2_packages_ws/install/micro_ros_setup/./config/mbed/generic/supported_platforms
[1.273s] -- Up-to-date: /home/puzzlebot/Puzzlebot_Lidar_ROS1_ROS2/ros2_packages_ws/install/micro_ros_setup/./config/mbed/list_apps.sh
[1.273s] -- Up-to-date: /home/puzzlebot/Puzzlebot_Lidar_ROS1_ROS2/ros2_packages_ws/install/micro_ros_setup/./config/mbed/dev_ros2_packages.txt
[1.274s] -- Up-to-date: /home/puzzlebot/Puzzlebot_Lidar_ROS1_ROS2/ros2_packages_ws/install/micro_ros_setup/./config/android
[1.274s] -- Up-to-date: /home/puzzlebot/Puzzlebot_Lidar_ROS1_ROS2/ros2_packages_ws/install/micro_ros_setup/./config/android/dev_uros_packages.repos
[1.274s] -- Up-to-date: /home/puzzlebot/Puzzlebot_Lidar_ROS1_ROS2/ros2_packages_ws/install/micro_ros_setup/./config/android/generic
[1.275s] -- Up-to-date: /home/puzzlebot/Puzzlebot_Lidar_ROS1_ROS2/ros2_packages_ws/install/micro_ros_setup/./config/android/generic/build.sh
[1.275s] -- Up-to-date: /home/puzzlebot/Puzzlebot_Lidar_ROS1_ROS2/ros2_packages_ws/install/micro_ros_setup/./config/android/generic/create.sh
[1.276s] -- Up-to-date: /home/puzzlebot/Puzzlebot_Lidar_ROS1_ROS2/ros2_packages_ws/install/micro_ros_setup/./config/android/generic/client_uros_packages.repos
[1.276s] -- Up-to-date: /home/puzzlebot/Puzzlebot_Lidar_ROS1_ROS2/ros2_packages_ws/install/micro_ros_setup/./config/android/generic/package.xml
[1.277s] -- Up-to-date: /home/puzzlebot/Puzzlebot_Lidar_ROS1_ROS2/ros2_packages_ws/install/micro_ros_setup/./config/android/generic/flash.sh
[1.277s] -- Up-to-date: /home/puzzlebot/Puzzlebot_Lidar_ROS1_ROS2/ros2_packages_ws/install/micro_ros_setup/./config/android/generic/client-colcon.meta
[1.283s] -- Up-to-date: /home/puzzlebot/Puzzlebot_Lidar_ROS1_ROS2/ros2_packages_ws/install/micro_ros_setup/./config/android/dev_ros2_packages.txt
[1.284s] -- Up-to-date: /home/puzzlebot/Puzzlebot_Lidar_ROS1_ROS2/ros2_packages_ws/install/micro_ros_setup/./config/client_uros_packages.repos
[1.285s] -- Up-to-date: /home/puzzlebot/Puzzlebot_Lidar_ROS1_ROS2/ros2_packages_ws/install/micro_ros_setup/./config/host
[1.287s] -- Up-to-date: /home/puzzlebot/Puzzlebot_Lidar_ROS1_ROS2/ros2_packages_ws/install/micro_ros_setup/./config/host/dev_uros_packages.repos
[1.291s] -- Up-to-date: /home/puzzlebot/Puzzlebot_Lidar_ROS1_ROS2/ros2_packages_ws/install/micro_ros_setup/./config/host/client_ros2_packages.txt
[1.296s] -- Up-to-date: /home/puzzlebot/Puzzlebot_Lidar_ROS1_ROS2/ros2_packages_ws/install/micro_ros_setup/./config/host/generic
[1.297s] -- Up-to-date: /home/puzzlebot/Puzzlebot_Lidar_ROS1_ROS2/ros2_packages_ws/install/micro_ros_setup/./config/host/generic/client-host-colcon.meta
[1.298s] -- Up-to-date: /home/puzzlebot/Puzzlebot_Lidar_ROS1_ROS2/ros2_packages_ws/install/micro_ros_setup/./config/host/generic/build.sh
[1.308s] -- Up-to-date: /home/puzzlebot/Puzzlebot_Lidar_ROS1_ROS2/ros2_packages_ws/install/micro_ros_setup/./config/host/generic/create.sh
[1.309s] -- Up-to-date: /home/puzzlebot/Puzzlebot_Lidar_ROS1_ROS2/ros2_packages_ws/install/micro_ros_setup/./config/host/generic/package.xml
[1.310s] -- Up-to-date: /home/puzzlebot/Puzzlebot_Lidar_ROS1_ROS2/ros2_packages_ws/install/micro_ros_setup/./config/host/generic/flash.sh
[1.310s] -- Up-to-date: /home/puzzlebot/Puzzlebot_Lidar_ROS1_ROS2/ros2_packages_ws/install/micro_ros_setup/./config/host/generic/client_host_packages.repos
[1.311s] -- Up-to-date: /home/puzzlebot/Puzzlebot_Lidar_ROS1_ROS2/ros2_packages_ws/install/micro_ros_setup/./config/host/dev_ros2_packages.txt
[1.311s] -- Up-to-date: /home/puzzlebot/Puzzlebot_Lidar_ROS1_ROS2/ros2_packages_ws/install/micro_ros_setup/./config/client_ros2_packages.txt
[1.312s] -- Up-to-date: /home/puzzlebot/Puzzlebot_Lidar_ROS1_ROS2/ros2_packages_ws/install/micro_ros_setup/./config/zephyr
[1.312s] -- Up-to-date: /home/puzzlebot/Puzzlebot_Lidar_ROS1_ROS2/ros2_packages_ws/install/micro_ros_setup/./config/zephyr/dev_uros_packages.repos
[1.313s] -- Up-to-date: /home/puzzlebot/Puzzlebot_Lidar_ROS1_ROS2/ros2_packages_ws/install/micro_ros_setup/./config/zephyr/generic
[1.316s] -- Up-to-date: /home/puzzlebot/Puzzlebot_Lidar_ROS1_ROS2/ros2_packages_ws/install/micro_ros_setup/./config/zephyr/generic/build.sh
[1.316s] -- Up-to-date: /home/puzzlebot/Puzzlebot_Lidar_ROS1_ROS2/ros2_packages_ws/install/micro_ros_setup/./config/zephyr/generic/create.sh
[1.317s] -- Up-to-date: /home/puzzlebot/Puzzlebot_Lidar_ROS1_ROS2/ros2_packages_ws/install/micro_ros_setup/./config/zephyr/generic/board.repos
[1.317s] -- Up-to-date: /home/puzzlebot/Puzzlebot_Lidar_ROS1_ROS2/ros2_packages_ws/install/micro_ros_setup/./config/zephyr/generic/client_uros_packages.repos
[1.318s] -- Up-to-date: /home/puzzlebot/Puzzlebot_Lidar_ROS1_ROS2/ros2_packages_ws/install/micro_ros_setup/./config/zephyr/generic/package.xml
[1.318s] -- Up-to-date: /home/puzzlebot/Puzzlebot_Lidar_ROS1_ROS2/ros2_packages_ws/install/micro_ros_setup/./config/zephyr/generic/flash.sh
[1.319s] -- Up-to-date: /home/puzzlebot/Puzzlebot_Lidar_ROS1_ROS2/ros2_packages_ws/install/micro_ros_setup/./config/zephyr/generic/configure.sh
[1.319s] -- Up-to-date: /home/puzzlebot/Puzzlebot_Lidar_ROS1_ROS2/ros2_packages_ws/install/micro_ros_setup/./config/zephyr/generic/client-colcon.meta
[1.319s] -- Up-to-date: /home/puzzlebot/Puzzlebot_Lidar_ROS1_ROS2/ros2_packages_ws/install/micro_ros_setup/./config/zephyr/generic/supported_platforms
[1.320s] -- Up-to-date: /home/puzzlebot/Puzzlebot_Lidar_ROS1_ROS2/ros2_packages_ws/install/micro_ros_setup/./config/zephyr/list_apps.sh
[1.333s] -- Up-to-date: /home/puzzlebot/Puzzlebot_Lidar_ROS1_ROS2/ros2_packages_ws/install/micro_ros_setup/./config/zephyr/dev_ros2_packages.txt
[1.334s] -- Up-to-date: /home/puzzlebot/Puzzlebot_Lidar_ROS1_ROS2/ros2_packages_ws/install/micro_ros_setup/./config/raspbian
[1.334s] -- Up-to-date: /home/puzzlebot/Puzzlebot_Lidar_ROS1_ROS2/ros2_packages_ws/install/micro_ros_setup/./config/raspbian/dev_uros_packages.repos
[1.334s] -- Up-to-date: /home/puzzlebot/Puzzlebot_Lidar_ROS1_ROS2/ros2_packages_ws/install/micro_ros_setup/./config/raspbian/generic
[1.335s] -- Up-to-date: /home/puzzlebot/Puzzlebot_Lidar_ROS1_ROS2/ros2_packages_ws/install/micro_ros_setup/./config/raspbian/generic/build.sh
[1.335s] -- Up-to-date: /home/puzzlebot/Puzzlebot_Lidar_ROS1_ROS2/ros2_packages_ws/install/micro_ros_setup/./config/raspbian/generic/create.sh
[1.336s] -- Up-to-date: /home/puzzlebot/Puzzlebot_Lidar_ROS1_ROS2/ros2_packages_ws/install/micro_ros_setup/./config/raspbian/generic/client_uros_packages.repos
[1.336s] -- Up-to-date: /home/puzzlebot/Puzzlebot_Lidar_ROS1_ROS2/ros2_packages_ws/install/micro_ros_setup/./config/raspbian/generic/flash.sh
[1.337s] -- Up-to-date: /home/puzzlebot/Puzzlebot_Lidar_ROS1_ROS2/ros2_packages_ws/install/micro_ros_setup/./config/raspbian/generic/configure.sh
[1.337s] -- Up-to-date: /home/puzzlebot/Puzzlebot_Lidar_ROS1_ROS2/ros2_packages_ws/install/micro_ros_setup/./config/raspbian/generic/client-colcon.meta
[1.337s] -- Up-to-date: /home/puzzlebot/Puzzlebot_Lidar_ROS1_ROS2/ros2_packages_ws/install/micro_ros_setup/./config/raspbian/generic/supported_platforms
[1.338s] -- Up-to-date: /home/puzzlebot/Puzzlebot_Lidar_ROS1_ROS2/ros2_packages_ws/install/micro_ros_setup/./config/raspbian/dev_ros2_packages.txt
[1.338s] -- Up-to-date: /home/puzzlebot/Puzzlebot_Lidar_ROS1_ROS2/ros2_packages_ws/install/micro_ros_setup/lib/micro_ros_setup/create_ws.sh
[1.339s] -- Up-to-date: /home/puzzlebot/Puzzlebot_Lidar_ROS1_ROS2/ros2_packages_ws/install/micro_ros_setup/lib/micro_ros_setup/create_agent_ws.sh
[1.358s] -- Up-to-date: /home/puzzlebot/Puzzlebot_Lidar_ROS1_ROS2/ros2_packages_ws/install/micro_ros_setup/lib/micro_ros_setup/create_firmware_ws.sh
[1.359s] -- Up-to-date: /home/puzzlebot/Puzzlebot_Lidar_ROS1_ROS2/ros2_packages_ws/install/micro_ros_setup/lib/micro_ros_setup/configure_firmware.sh
[1.360s] -- Up-to-date: /home/puzzlebot/Puzzlebot_Lidar_ROS1_ROS2/ros2_packages_ws/install/micro_ros_setup/lib/micro_ros_setup/flash_firmware.sh
[1.360s] -- Up-to-date: /home/puzzlebot/Puzzlebot_Lidar_ROS1_ROS2/ros2_packages_ws/install/micro_ros_setup/lib/micro_ros_setup/build_firmware.sh
[1.361s] -- Up-to-date: /home/puzzlebot/Puzzlebot_Lidar_ROS1_ROS2/ros2_packages_ws/install/micro_ros_setup/lib/micro_ros_setup/build_agent.sh
[1.361s] -- Up-to-date: /home/puzzlebot/Puzzlebot_Lidar_ROS1_ROS2/ros2_packages_ws/install/micro_ros_setup/lib/micro_ros_setup/yaml_filter.py
[1.362s] -- Up-to-date: /home/puzzlebot/Puzzlebot_Lidar_ROS1_ROS2/ros2_packages_ws/install/micro_ros_setup/lib/micro_ros_setup/clean_env.sh
[1.362s] -- Up-to-date: /home/puzzlebot/Puzzlebot_Lidar_ROS1_ROS2/ros2_packages_ws/install/micro_ros_setup/lib/micro_ros_setup/component
[1.363s] Invoked command in '/home/puzzlebot/Puzzlebot_Lidar_ROS1_ROS2/ros2_packages_ws/build/micro_ros_setup' returned '0': CMAKE_PREFIX_PATH=${CMAKE_PREFIX_PATH}:/home/puzzlebot/Puzzlebot_Lidar_ROS1_ROS2/ros2_packages_ws/install/localization:/home/puzzlebot/Puzzlebot_Lidar_ROS1_ROS2/ros2_packages_ws/install/camera_viewer:/home/puzzlebot/ros2_ws/install/puzzlebot_ros:/opt/ros/humble /usr/bin/cmake --install /home/puzzlebot/Puzzlebot_Lidar_ROS1_ROS2/ros2_packages_ws/build/micro_ros_setup
