[0.156s] Invoking command in '/home/puzzlebot/ros2_packages_ws/build/ros_deep_learning': CMAKE_PREFIX_PATH=${CMAKE_PREFIX_PATH}:/home/puzzlebot/ros2_ws/install/puzzlebot_ros:/home/puzzlebot/ros2_packages_ws/install/localization:/home/puzzlebot/ros2_packages_ws/install/camera_viewer:/opt/ros/humble /usr/bin/cmake --build /home/puzzlebot/ros2_packages_ws/build/ros_deep_learning -- -j4 -l4
[0.706s] [ 20%] Built target video_source
[0.974s] [ 40%] Built target detectnet
[1.090s] [ 60%] Built target segnet
[1.128s] [ 80%] Built target imagenet
[1.228s] [100%] Built target video_output
[1.373s] Invoked command in '/home/puzzlebot/ros2_packages_ws/build/ros_deep_learning' returned '0': CMAKE_PREFIX_PATH=${CMAKE_PREFIX_PATH}:/home/puzzlebot/ros2_ws/install/puzzlebot_ros:/home/puzzlebot/ros2_packages_ws/install/localization:/home/puzzlebot/ros2_packages_ws/install/camera_viewer:/opt/ros/humble /usr/bin/cmake --build /home/puzzlebot/ros2_packages_ws/build/ros_deep_learning -- -j4 -l4
[2.174s] Invoking command in '/home/puzzlebot/ros2_packages_ws/build/ros_deep_learning': CMAKE_PREFIX_PATH=${CMAKE_PREFIX_PATH}:/home/puzzlebot/ros2_ws/install/puzzlebot_ros:/home/puzzlebot/ros2_packages_ws/install/localization:/home/puzzlebot/ros2_packages_ws/install/camera_viewer:/opt/ros/humble /usr/bin/cmake --install /home/puzzlebot/ros2_packages_ws/build/ros_deep_learning
[2.318s] -- Install configuration: ""
[2.319s] -- Up-to-date: /home/puzzlebot/ros2_packages_ws/install/ros_deep_learning/lib/ros_deep_learning/imagenet
[2.321s] -- Up-to-date: /home/puzzlebot/ros2_packages_ws/install/ros_deep_learning/lib/ros_deep_learning/detectnet
[2.322s] -- Up-to-date: /home/puzzlebot/ros2_packages_ws/install/ros_deep_learning/lib/ros_deep_learning/segnet
[2.322s] -- Up-to-date: /home/puzzlebot/ros2_packages_ws/install/ros_deep_learning/lib/ros_deep_learning/video_source
[2.323s] -- Up-to-date: /home/puzzlebot/ros2_packages_ws/install/ros_deep_learning/lib/ros_deep_learning/video_output
[2.323s] -- Up-to-date: /home/puzzlebot/ros2_packages_ws/install/ros_deep_learning/share/ros_deep_learning//launch
[2.324s] -- Up-to-date: /home/puzzlebot/ros2_packages_ws/install/ros_deep_learning/share/ros_deep_learning//launch/video_output.ros2.launch
[2.324s] -- Up-to-date: /home/puzzlebot/ros2_packages_ws/install/ros_deep_learning/share/ros_deep_learning//launch/video_output.ros1.launch
[2.324s] -- Up-to-date: /home/puzzlebot/ros2_packages_ws/install/ros_deep_learning/share/ros_deep_learning//launch/segnet.ros1.launch
[2.325s] -- Up-to-date: /home/puzzlebot/ros2_packages_ws/install/ros_deep_learning/share/ros_deep_learning//launch/detectnet.ros1.launch
[2.325s] -- Up-to-date: /home/puzzlebot/ros2_packages_ws/install/ros_deep_learning/share/ros_deep_learning//launch/imagenet.ros1.launch
[2.348s] -- Up-to-date: /home/puzzlebot/ros2_packages_ws/install/ros_deep_learning/share/ros_deep_learning//launch/video_viewer.ros2.launch
[2.349s] -- Up-to-date: /home/puzzlebot/ros2_packages_ws/install/ros_deep_learning/share/ros_deep_learning//launch/imagenet.ros2.launch
[2.349s] -- Up-to-date: /home/puzzlebot/ros2_packages_ws/install/ros_deep_learning/share/ros_deep_learning//launch/video_source.ros1.launch
[2.350s] -- Up-to-date: /home/puzzlebot/ros2_packages_ws/install/ros_deep_learning/share/ros_deep_learning//launch/video_viewer.ros1.launch
[2.350s] -- Up-to-date: /home/puzzlebot/ros2_packages_ws/install/ros_deep_learning/share/ros_deep_learning//launch/detectnet.ros2.launch
[2.351s] -- Up-to-date: /home/puzzlebot/ros2_packages_ws/install/ros_deep_learning/share/ros_deep_learning//launch/video_source.ros2.launch
[2.351s] -- Up-to-date: /home/puzzlebot/ros2_packages_ws/install/ros_deep_learning/share/ros_deep_learning//launch/segnet.ros2.launch
[2.351s] -- Up-to-date: /home/puzzlebot/ros2_packages_ws/install/ros_deep_learning/share/ament_index/resource_index/package_run_dependencies/ros_deep_learning
[2.352s] -- Up-to-date: /home/puzzlebot/ros2_packages_ws/install/ros_deep_learning/share/ament_index/resource_index/parent_prefix_path/ros_deep_learning
[2.352s] -- Up-to-date: /home/puzzlebot/ros2_packages_ws/install/ros_deep_learning/share/ros_deep_learning/environment/ament_prefix_path.sh
[2.353s] -- Up-to-date: /home/puzzlebot/ros2_packages_ws/install/ros_deep_learning/share/ros_deep_learning/environment/ament_prefix_path.dsv
[2.353s] -- Up-to-date: /home/puzzlebot/ros2_packages_ws/install/ros_deep_learning/share/ros_deep_learning/environment/path.sh
[2.354s] -- Up-to-date: /home/puzzlebot/ros2_packages_ws/install/ros_deep_learning/share/ros_deep_learning/environment/path.dsv
[2.355s] -- Up-to-date: /home/puzzlebot/ros2_packages_ws/install/ros_deep_learning/share/ros_deep_learning/local_setup.bash
[2.355s] -- Up-to-date: /home/puzzlebot/ros2_packages_ws/install/ros_deep_learning/share/ros_deep_learning/local_setup.sh
[2.356s] -- Up-to-date: /home/puzzlebot/ros2_packages_ws/install/ros_deep_learning/share/ros_deep_learning/local_setup.zsh
[2.356s] -- Up-to-date: /home/puzzlebot/ros2_packages_ws/install/ros_deep_learning/share/ros_deep_learning/local_setup.dsv
[2.357s] -- Installing: /home/puzzlebot/ros2_packages_ws/install/ros_deep_learning/share/ros_deep_learning/package.dsv
[2.357s] -- Up-to-date: /home/puzzlebot/ros2_packages_ws/install/ros_deep_learning/share/ament_index/resource_index/packages/ros_deep_learning
[2.358s] -- Up-to-date: /home/puzzlebot/ros2_packages_ws/install/ros_deep_learning/share/ros_deep_learning/cmake/ros_deep_learningConfig.cmake
[2.358s] -- Up-to-date: /home/puzzlebot/ros2_packages_ws/install/ros_deep_learning/share/ros_deep_learning/cmake/ros_deep_learningConfig-version.cmake
[2.359s] -- Up-to-date: /home/puzzlebot/ros2_packages_ws/install/ros_deep_learning/share/ros_deep_learning/package.xml
[2.413s] Invoked command in '/home/puzzlebot/ros2_packages_ws/build/ros_deep_learning' returned '0': CMAKE_PREFIX_PATH=${CMAKE_PREFIX_PATH}:/home/puzzlebot/ros2_ws/install/puzzlebot_ros:/home/puzzlebot/ros2_packages_ws/install/localization:/home/puzzlebot/ros2_packages_ws/install/camera_viewer:/opt/ros/humble /usr/bin/cmake --install /home/puzzlebot/ros2_packages_ws/build/ros_deep_learning
