[0.158s] Invoking command in '/home/puzzlebot/ros2_packages_ws/build/aruco_opencv': CMAKE_PREFIX_PATH=/home/puzzlebot/ros2_packages_ws/install/aruco_opencv_msgs:/home/puzzlebot/ros2_packages_ws/install/sllidar_ros2:/home/puzzlebot/ros2_packages_ws/install/ros_deep_learning:/home/puzzlebot/ros2_packages_ws/install/micro_ros_setup:/home/puzzlebot/ros2_packages_ws/install/micro_ros_agent:/home/puzzlebot/ros2_packages_ws/install/micro_ros_msgs:/home/puzzlebot/ros2_packages_ws/install/camera_info_publisher:/home/puzzlebot/ros2_packages_ws/install/aruco_opencv:/home/puzzlebot/ros2_ws/install/puzzlebot_ros:/home/puzzlebot/ros2_packages_ws/install/localization:/home/puzzlebot/ros2_packages_ws/install/camera_viewer:/opt/ros/humble LD_LIBRARY_PATH=/home/puzzlebot/ros2_packages_ws/install/aruco_opencv_msgs/lib:/home/puzzlebot/ros2_packages_ws/install/micro_ros_agent/lib:/home/puzzlebot/ros2_packages_ws/install/micro_ros_msgs/lib:/home/puzzlebot/ros2_packages_ws/install/aruco_opencv/lib:/opt/ros/humble/opt/rviz_ogre_vendor/lib:/opt/ros/humble/lib/aarch64-linux-gnu:/opt/ros/humble/lib PYTHONPATH=/home/puzzlebot/ros2_packages_ws/install/aruco_opencv_msgs/lib/python3.8/site-packages:/home/puzzlebot/ros2_ws/build/puzzlebot_ros:/home/puzzlebot/ros2_ws/install/puzzlebot_ros/lib/python3.8/site-packages:/home/puzzlebot/ros2_packages_ws/install/micro_ros_msgs/lib/python3.8/site-packages:/home/puzzlebot/ros2_packages_ws/install/localization/lib/python3.8/site-packages:/home/puzzlebot/ros2_packages_ws/install/camera_viewer/lib/python3.8/site-packages:/opt/ros/humble/lib/python3.8/site-packages /usr/bin/cmake --build /home/puzzlebot/ros2_packages_ws/build/aruco_opencv -- -j4 -l4
[1.046s] [ 28%] Built target aruco_tracker_autostart
[1.062s] [ 57%] Built target aruco_tracker
[1.125s] [100%] Built target aruco_opencv
[1.336s] Invoked command in '/home/puzzlebot/ros2_packages_ws/build/aruco_opencv' returned '0': CMAKE_PREFIX_PATH=/home/puzzlebot/ros2_packages_ws/install/aruco_opencv_msgs:/home/puzzlebot/ros2_packages_ws/install/sllidar_ros2:/home/puzzlebot/ros2_packages_ws/install/ros_deep_learning:/home/puzzlebot/ros2_packages_ws/install/micro_ros_setup:/home/puzzlebot/ros2_packages_ws/install/micro_ros_agent:/home/puzzlebot/ros2_packages_ws/install/micro_ros_msgs:/home/puzzlebot/ros2_packages_ws/install/camera_info_publisher:/home/puzzlebot/ros2_packages_ws/install/aruco_opencv:/home/puzzlebot/ros2_ws/install/puzzlebot_ros:/home/puzzlebot/ros2_packages_ws/install/localization:/home/puzzlebot/ros2_packages_ws/install/camera_viewer:/opt/ros/humble LD_LIBRARY_PATH=/home/puzzlebot/ros2_packages_ws/install/aruco_opencv_msgs/lib:/home/puzzlebot/ros2_packages_ws/install/micro_ros_agent/lib:/home/puzzlebot/ros2_packages_ws/install/micro_ros_msgs/lib:/home/puzzlebot/ros2_packages_ws/install/aruco_opencv/lib:/opt/ros/humble/opt/rviz_ogre_vendor/lib:/opt/ros/humble/lib/aarch64-linux-gnu:/opt/ros/humble/lib PYTHONPATH=/home/puzzlebot/ros2_packages_ws/install/aruco_opencv_msgs/lib/python3.8/site-packages:/home/puzzlebot/ros2_ws/build/puzzlebot_ros:/home/puzzlebot/ros2_ws/install/puzzlebot_ros/lib/python3.8/site-packages:/home/puzzlebot/ros2_packages_ws/install/micro_ros_msgs/lib/python3.8/site-packages:/home/puzzlebot/ros2_packages_ws/install/localization/lib/python3.8/site-packages:/home/puzzlebot/ros2_packages_ws/install/camera_viewer/lib/python3.8/site-packages:/opt/ros/humble/lib/python3.8/site-packages /usr/bin/cmake --build /home/puzzlebot/ros2_packages_ws/build/aruco_opencv -- -j4 -l4
[1.851s] Invoking command in '/home/puzzlebot/ros2_packages_ws/build/aruco_opencv': CMAKE_PREFIX_PATH=/home/puzzlebot/ros2_packages_ws/install/aruco_opencv_msgs:/home/puzzlebot/ros2_packages_ws/install/sllidar_ros2:/home/puzzlebot/ros2_packages_ws/install/ros_deep_learning:/home/puzzlebot/ros2_packages_ws/install/micro_ros_setup:/home/puzzlebot/ros2_packages_ws/install/micro_ros_agent:/home/puzzlebot/ros2_packages_ws/install/micro_ros_msgs:/home/puzzlebot/ros2_packages_ws/install/camera_info_publisher:/home/puzzlebot/ros2_packages_ws/install/aruco_opencv:/home/puzzlebot/ros2_ws/install/puzzlebot_ros:/home/puzzlebot/ros2_packages_ws/install/localization:/home/puzzlebot/ros2_packages_ws/install/camera_viewer:/opt/ros/humble LD_LIBRARY_PATH=/home/puzzlebot/ros2_packages_ws/install/aruco_opencv_msgs/lib:/home/puzzlebot/ros2_packages_ws/install/micro_ros_agent/lib:/home/puzzlebot/ros2_packages_ws/install/micro_ros_msgs/lib:/home/puzzlebot/ros2_packages_ws/install/aruco_opencv/lib:/opt/ros/humble/opt/rviz_ogre_vendor/lib:/opt/ros/humble/lib/aarch64-linux-gnu:/opt/ros/humble/lib PYTHONPATH=/home/puzzlebot/ros2_packages_ws/install/aruco_opencv_msgs/lib/python3.8/site-packages:/home/puzzlebot/ros2_ws/build/puzzlebot_ros:/home/puzzlebot/ros2_ws/install/puzzlebot_ros/lib/python3.8/site-packages:/home/puzzlebot/ros2_packages_ws/install/micro_ros_msgs/lib/python3.8/site-packages:/home/puzzlebot/ros2_packages_ws/install/localization/lib/python3.8/site-packages:/home/puzzlebot/ros2_packages_ws/install/camera_viewer/lib/python3.8/site-packages:/opt/ros/humble/lib/python3.8/site-packages /usr/bin/cmake --install /home/puzzlebot/ros2_packages_ws/build/aruco_opencv
[1.916s] -- Install configuration: ""
[1.917s] -- Up-to-date: /home/puzzlebot/ros2_packages_ws/install/aruco_opencv/lib/aruco_opencv/aruco_tracker
[1.921s] -- Up-to-date: /home/puzzlebot/ros2_packages_ws/install/aruco_opencv/lib/aruco_opencv/aruco_tracker_autostart
[1.924s] -- Up-to-date: /home/puzzlebot/ros2_packages_ws/install/aruco_opencv/lib/libaruco_opencv.so
[1.927s] -- Up-to-date: /home/puzzlebot/ros2_packages_ws/install/aruco_opencv/share/aruco_opencv/config
[1.929s] -- Up-to-date: /home/puzzlebot/ros2_packages_ws/install/aruco_opencv/share/aruco_opencv/config/aruco_tracker.yaml
[1.930s] -- Up-to-date: /home/puzzlebot/ros2_packages_ws/install/aruco_opencv/share/aruco_opencv/config/board_descriptions.yaml
[1.932s] -- Up-to-date: /home/puzzlebot/ros2_packages_ws/install/aruco_opencv/share/aruco_opencv/launch
[1.934s] -- Up-to-date: /home/puzzlebot/ros2_packages_ws/install/aruco_opencv/share/aruco_opencv/launch/aruco_tracker.launch.xml
[1.935s] -- Up-to-date: /home/puzzlebot/ros2_packages_ws/install/aruco_opencv/lib/aruco_opencv/create_board
[1.937s] -- Up-to-date: /home/puzzlebot/ros2_packages_ws/install/aruco_opencv/lib/aruco_opencv/create_marker
[1.938s] -- Up-to-date: /home/puzzlebot/ros2_packages_ws/install/aruco_opencv/share/ament_index/resource_index/package_run_dependencies/aruco_opencv
[1.940s] -- Up-to-date: /home/puzzlebot/ros2_packages_ws/install/aruco_opencv/share/ament_index/resource_index/parent_prefix_path/aruco_opencv
[1.942s] -- Up-to-date: /home/puzzlebot/ros2_packages_ws/install/aruco_opencv/share/aruco_opencv/environment/ament_prefix_path.sh
[1.944s] -- Up-to-date: /home/puzzlebot/ros2_packages_ws/install/aruco_opencv/share/aruco_opencv/environment/ament_prefix_path.dsv
[1.945s] -- Up-to-date: /home/puzzlebot/ros2_packages_ws/install/aruco_opencv/share/aruco_opencv/environment/path.sh
[1.947s] -- Up-to-date: /home/puzzlebot/ros2_packages_ws/install/aruco_opencv/share/aruco_opencv/environment/path.dsv
[1.948s] -- Up-to-date: /home/puzzlebot/ros2_packages_ws/install/aruco_opencv/share/aruco_opencv/local_setup.bash
[1.950s] -- Up-to-date: /home/puzzlebot/ros2_packages_ws/install/aruco_opencv/share/aruco_opencv/local_setup.sh
[1.950s] -- Up-to-date: /home/puzzlebot/ros2_packages_ws/install/aruco_opencv/share/aruco_opencv/local_setup.zsh
[1.951s] -- Up-to-date: /home/puzzlebot/ros2_packages_ws/install/aruco_opencv/share/aruco_opencv/local_setup.dsv
[1.951s] -- Installing: /home/puzzlebot/ros2_packages_ws/install/aruco_opencv/share/aruco_opencv/package.dsv
[1.953s] -- Up-to-date: /home/puzzlebot/ros2_packages_ws/install/aruco_opencv/share/ament_index/resource_index/packages/aruco_opencv
[1.954s] -- Up-to-date: /home/puzzlebot/ros2_packages_ws/install/aruco_opencv/share/ament_index/resource_index/rclcpp_components/aruco_opencv
[1.955s] -- Up-to-date: /home/puzzlebot/ros2_packages_ws/install/aruco_opencv/share/aruco_opencv/cmake/aruco_opencvConfig.cmake
[1.955s] -- Up-to-date: /home/puzzlebot/ros2_packages_ws/install/aruco_opencv/share/aruco_opencv/cmake/aruco_opencvConfig-version.cmake
[1.955s] -- Up-to-date: /home/puzzlebot/ros2_packages_ws/install/aruco_opencv/share/aruco_opencv/package.xml
[1.966s] Invoked command in '/home/puzzlebot/ros2_packages_ws/build/aruco_opencv' returned '0': CMAKE_PREFIX_PATH=/home/puzzlebot/ros2_packages_ws/install/aruco_opencv_msgs:/home/puzzlebot/ros2_packages_ws/install/sllidar_ros2:/home/puzzlebot/ros2_packages_ws/install/ros_deep_learning:/home/puzzlebot/ros2_packages_ws/install/micro_ros_setup:/home/puzzlebot/ros2_packages_ws/install/micro_ros_agent:/home/puzzlebot/ros2_packages_ws/install/micro_ros_msgs:/home/puzzlebot/ros2_packages_ws/install/camera_info_publisher:/home/puzzlebot/ros2_packages_ws/install/aruco_opencv:/home/puzzlebot/ros2_ws/install/puzzlebot_ros:/home/puzzlebot/ros2_packages_ws/install/localization:/home/puzzlebot/ros2_packages_ws/install/camera_viewer:/opt/ros/humble LD_LIBRARY_PATH=/home/puzzlebot/ros2_packages_ws/install/aruco_opencv_msgs/lib:/home/puzzlebot/ros2_packages_ws/install/micro_ros_agent/lib:/home/puzzlebot/ros2_packages_ws/install/micro_ros_msgs/lib:/home/puzzlebot/ros2_packages_ws/install/aruco_opencv/lib:/opt/ros/humble/opt/rviz_ogre_vendor/lib:/opt/ros/humble/lib/aarch64-linux-gnu:/opt/ros/humble/lib PYTHONPATH=/home/puzzlebot/ros2_packages_ws/install/aruco_opencv_msgs/lib/python3.8/site-packages:/home/puzzlebot/ros2_ws/build/puzzlebot_ros:/home/puzzlebot/ros2_ws/install/puzzlebot_ros/lib/python3.8/site-packages:/home/puzzlebot/ros2_packages_ws/install/micro_ros_msgs/lib/python3.8/site-packages:/home/puzzlebot/ros2_packages_ws/install/localization/lib/python3.8/site-packages:/home/puzzlebot/ros2_packages_ws/install/camera_viewer/lib/python3.8/site-packages:/opt/ros/humble/lib/python3.8/site-packages /usr/bin/cmake --install /home/puzzlebot/ros2_packages_ws/build/aruco_opencv
