[3.931s] Invoking command in '/home/puzzlebot/ros2_packages_ws/src/localization': PYTHONPATH=/home/puzzlebot/ros2_packages_ws/build/localization/prefix_override:/home/puzzlebot/ros2_packages_ws/install/localization/lib/python3.8/site-packages:${PYTHONPATH} /usr/bin/python3 -W ignore:setup.py install is deprecated setup.py egg_info --egg-base ../../build/localization build --build-base /home/puzzlebot/ros2_packages_ws/build/localization/build install --record /home/puzzlebot/ros2_packages_ws/build/localization/install.log --single-version-externally-managed install_data
[5.777s] running egg_info
[5.801s] writing ../../build/localization/localization.egg-info/PKG-INFO
[5.802s] writing dependency_links to ../../build/localization/localization.egg-info/dependency_links.txt
[5.802s] writing entry points to ../../build/localization/localization.egg-info/entry_points.txt
[5.803s] writing requirements to ../../build/localization/localization.egg-info/requires.txt
[5.803s] writing top-level names to ../../build/localization/localization.egg-info/top_level.txt
[6.026s] reading manifest file '../../build/localization/localization.egg-info/SOURCES.txt'
[6.032s] writing manifest file '../../build/localization/localization.egg-info/SOURCES.txt'
[6.038s] running build
[6.039s] running build_py
[6.047s] copying localization/aruco_controller.py -> /home/puzzlebot/ros2_packages_ws/build/localization/build/lib/localization
[6.051s] running install
[6.055s] running install_lib
[6.063s] copying /home/puzzlebot/ros2_packages_ws/build/localization/build/lib/localization/aruco_controller.py -> /home/puzzlebot/ros2_packages_ws/install/localization/lib/python3.8/site-packages/localization
[6.068s] byte-compiling /home/puzzlebot/ros2_packages_ws/install/localization/lib/python3.8/site-packages/localization/aruco_controller.py to aruco_controller.cpython-38.pyc
[6.086s] running install_data
[6.089s] running install_egg_info
[6.106s] removing '/home/puzzlebot/ros2_packages_ws/install/localization/lib/python3.8/site-packages/localization-0.0.0-py3.8.egg-info' (and everything under it)
[6.120s] Copying ../../build/localization/localization.egg-info to /home/puzzlebot/ros2_packages_ws/install/localization/lib/python3.8/site-packages/localization-0.0.0-py3.8.egg-info
[6.129s] running install_scripts
[6.216s] Installing aruco_controller script to /home/puzzlebot/ros2_packages_ws/install/localization/lib/localization
[6.217s] Installing bug0 script to /home/puzzlebot/ros2_packages_ws/install/localization/lib/localization
[6.218s] Installing controller script to /home/puzzlebot/ros2_packages_ws/install/localization/lib/localization
[6.218s] Installing coordinate_transform script to /home/puzzlebot/ros2_packages_ws/install/localization/lib/localization
[6.219s] Installing joint_state script to /home/puzzlebot/ros2_packages_ws/install/localization/lib/localization
[6.219s] Installing kinematic_model script to /home/puzzlebot/ros2_packages_ws/install/localization/lib/localization
[6.220s] Installing localization script to /home/puzzlebot/ros2_packages_ws/install/localization/lib/localization
[6.220s] Installing test_lidar script to /home/puzzlebot/ros2_packages_ws/install/localization/lib/localization
[6.221s] Installing to_goal script to /home/puzzlebot/ros2_packages_ws/install/localization/lib/localization
[6.221s] Installing to_goal_bug_2 script to /home/puzzlebot/ros2_packages_ws/install/localization/lib/localization
[6.222s] Installing transform_listener script to /home/puzzlebot/ros2_packages_ws/install/localization/lib/localization
[6.227s] writing list of installed files to '/home/puzzlebot/ros2_packages_ws/build/localization/install.log'
[6.381s] Invoked command in '/home/puzzlebot/ros2_packages_ws/src/localization' returned '0': PYTHONPATH=/home/puzzlebot/ros2_packages_ws/build/localization/prefix_override:/home/puzzlebot/ros2_packages_ws/install/localization/lib/python3.8/site-packages:${PYTHONPATH} /usr/bin/python3 -W ignore:setup.py install is deprecated setup.py egg_info --egg-base ../../build/localization build --build-base /home/puzzlebot/ros2_packages_ws/build/localization/build install --record /home/puzzlebot/ros2_packages_ws/build/localization/install.log --single-version-externally-managed install_data
