[3.669s] Invoking command in '/home/puzzlebot/ros2_packages_ws/src/localization': PYTHONPATH=/home/puzzlebot/ros2_packages_ws/build/localization/prefix_override:/home/puzzlebot/ros2_packages_ws/install/localization/lib/python3.8/site-packages:${PYTHONPATH} /usr/bin/python3 -W ignore:setup.py install is deprecated setup.py egg_info --egg-base ../../build/localization build --build-base /home/puzzlebot/ros2_packages_ws/build/localization/build install --record /home/puzzlebot/ros2_packages_ws/build/localization/install.log --single-version-externally-managed install_data
[5.040s] running egg_info
[5.043s] writing ../../build/localization/localization.egg-info/PKG-INFO
[5.044s] writing dependency_links to ../../build/localization/localization.egg-info/dependency_links.txt
[5.045s] writing entry points to ../../build/localization/localization.egg-info/entry_points.txt
[5.046s] writing requirements to ../../build/localization/localization.egg-info/requires.txt
[5.046s] writing top-level names to ../../build/localization/localization.egg-info/top_level.txt
[5.227s] reading manifest file '../../build/localization/localization.egg-info/SOURCES.txt'
[5.232s] writing manifest file '../../build/localization/localization.egg-info/SOURCES.txt'
[5.233s] running build
[5.234s] running build_py
[5.235s] copying localization/to_goal.py -> /home/puzzlebot/ros2_packages_ws/build/localization/build/lib/localization
[5.239s] running install
[5.243s] running install_lib
[5.249s] copying /home/puzzlebot/ros2_packages_ws/build/localization/build/lib/localization/to_goal.py -> /home/puzzlebot/ros2_packages_ws/install/localization/lib/python3.8/site-packages/localization
[5.254s] byte-compiling /home/puzzlebot/ros2_packages_ws/install/localization/lib/python3.8/site-packages/localization/to_goal.py to to_goal.cpython-38.pyc
[5.264s] running install_data
[5.264s] running install_egg_info
[5.273s] removing '/home/puzzlebot/ros2_packages_ws/install/localization/lib/python3.8/site-packages/localization-0.0.0-py3.8.egg-info' (and everything under it)
[5.276s] Copying ../../build/localization/localization.egg-info to /home/puzzlebot/ros2_packages_ws/install/localization/lib/python3.8/site-packages/localization-0.0.0-py3.8.egg-info
[5.282s] running install_scripts
[5.375s] Installing controller script to /home/puzzlebot/ros2_packages_ws/install/localization/lib/localization
[5.376s] Installing coordinate_transform script to /home/puzzlebot/ros2_packages_ws/install/localization/lib/localization
[5.377s] Installing joint_state script to /home/puzzlebot/ros2_packages_ws/install/localization/lib/localization
[5.377s] Installing kinematic_model script to /home/puzzlebot/ros2_packages_ws/install/localization/lib/localization
[5.378s] Installing localization script to /home/puzzlebot/ros2_packages_ws/install/localization/lib/localization
[5.379s] Installing test_lidar script to /home/puzzlebot/ros2_packages_ws/install/localization/lib/localization
[5.379s] Installing to_goal script to /home/puzzlebot/ros2_packages_ws/install/localization/lib/localization
[5.380s] Installing to_goal_bug_2 script to /home/puzzlebot/ros2_packages_ws/install/localization/lib/localization
[5.381s] writing list of installed files to '/home/puzzlebot/ros2_packages_ws/build/localization/install.log'
[5.463s] Invoked command in '/home/puzzlebot/ros2_packages_ws/src/localization' returned '0': PYTHONPATH=/home/puzzlebot/ros2_packages_ws/build/localization/prefix_override:/home/puzzlebot/ros2_packages_ws/install/localization/lib/python3.8/site-packages:${PYTHONPATH} /usr/bin/python3 -W ignore:setup.py install is deprecated setup.py egg_info --egg-base ../../build/localization build --build-base /home/puzzlebot/ros2_packages_ws/build/localization/build install --record /home/puzzlebot/ros2_packages_ws/build/localization/install.log --single-version-externally-managed install_data
