[3.999s] Invoking command in '/home/puzzlebot/ros2_packages_ws/src/camera_viewer': PYTHONPATH=/home/puzzlebot/ros2_packages_ws/build/camera_viewer/prefix_override:/home/puzzlebot/ros2_packages_ws/install/camera_viewer/lib/python3.8/site-packages:${PYTHONPATH} /usr/bin/python3 -W ignore:setup.py install is deprecated setup.py egg_info --egg-base ../../build/camera_viewer build --build-base /home/puzzlebot/ros2_packages_ws/build/camera_viewer/build install --record /home/puzzlebot/ros2_packages_ws/build/camera_viewer/install.log --single-version-externally-managed install_data
[5.355s] running egg_info
[5.358s] writing ../../build/camera_viewer/camera_viewer.egg-info/PKG-INFO
[5.362s] writing dependency_links to ../../build/camera_viewer/camera_viewer.egg-info/dependency_links.txt
[5.375s] writing entry points to ../../build/camera_viewer/camera_viewer.egg-info/entry_points.txt
[5.376s] writing requirements to ../../build/camera_viewer/camera_viewer.egg-info/requires.txt
[5.376s] writing top-level names to ../../build/camera_viewer/camera_viewer.egg-info/top_level.txt
[5.704s] reading manifest file '../../build/camera_viewer/camera_viewer.egg-info/SOURCES.txt'
[5.714s] writing manifest file '../../build/camera_viewer/camera_viewer.egg-info/SOURCES.txt'
[5.714s] running build
[5.714s] running build_py
[5.715s] running install
[5.732s] running install_lib
[5.732s] running install_data
[5.733s] running install_egg_info
[5.733s] removing '/home/puzzlebot/ros2_packages_ws/install/camera_viewer/lib/python3.8/site-packages/camera_viewer-0.0.0-py3.8.egg-info' (and everything under it)
[5.734s] Copying ../../build/camera_viewer/camera_viewer.egg-info to /home/puzzlebot/ros2_packages_ws/install/camera_viewer/lib/python3.8/site-packages/camera_viewer-0.0.0-py3.8.egg-info
[5.734s] running install_scripts
[5.735s] Installing camera_viewer script to /home/puzzlebot/ros2_packages_ws/install/camera_viewer/lib/camera_viewer
[5.735s] writing list of installed files to '/home/puzzlebot/ros2_packages_ws/build/camera_viewer/install.log'
[5.821s] Invoked command in '/home/puzzlebot/ros2_packages_ws/src/camera_viewer' returned '0': PYTHONPATH=/home/puzzlebot/ros2_packages_ws/build/camera_viewer/prefix_override:/home/puzzlebot/ros2_packages_ws/install/camera_viewer/lib/python3.8/site-packages:${PYTHONPATH} /usr/bin/python3 -W ignore:setup.py install is deprecated setup.py egg_info --egg-base ../../build/camera_viewer build --build-base /home/puzzlebot/ros2_packages_ws/build/camera_viewer/build install --record /home/puzzlebot/ros2_packages_ws/build/camera_viewer/install.log --single-version-externally-managed install_data
