[0.194s] Invoking command in '/home/puzzlebot/ros2_packages_ws/build/aruco_opencv': CMAKE_PREFIX_PATH=/home/puzzlebot/ros2_packages_ws/install/aruco_opencv_msgs:/home/puzzlebot/ros2_packages_ws/install/sllidar_ros2:/home/puzzlebot/ros2_packages_ws/install/ros_deep_learning:/home/puzzlebot/ros2_packages_ws/install/micro_ros_setup:/home/puzzlebot/ros2_packages_ws/install/micro_ros_agent:/home/puzzlebot/ros2_packages_ws/install/micro_ros_msgs:/home/puzzlebot/ros2_packages_ws/install/camera_info_publisher:/home/puzzlebot/ros2_packages_ws/install/aruco_opencv:/home/puzzlebot/ros2_ws/install/puzzlebot_ros:/home/puzzlebot/ros2_packages_ws/install/localization:/home/puzzlebot/ros2_packages_ws/install/camera_viewer:/opt/ros/humble LD_LIBRARY_PATH=/home/puzzlebot/ros2_packages_ws/install/aruco_opencv_msgs/lib:/home/puzzlebot/ros2_packages_ws/install/micro_ros_agent/lib:/home/puzzlebot/ros2_packages_ws/install/micro_ros_msgs/lib:/home/puzzlebot/ros2_packages_ws/install/aruco_opencv/lib:/opt/ros/humble/opt/rviz_ogre_vendor/lib:/opt/ros/humble/lib/aarch64-linux-gnu:/opt/ros/humble/lib PYTHONPATH=/home/puzzlebot/ros2_packages_ws/install/aruco_opencv_msgs/lib/python3.8/site-packages:/home/puzzlebot/ros2_ws/build/puzzlebot_ros:/home/puzzlebot/ros2_ws/install/puzzlebot_ros/lib/python3.8/site-packages:/home/puzzlebot/ros2_packages_ws/install/micro_ros_msgs/lib/python3.8/site-packages:/home/puzzlebot/ros2_packages_ws/install/localization/lib/python3.8/site-packages:/home/puzzlebot/ros2_packages_ws/install/camera_viewer/lib/python3.8/site-packages:/opt/ros/humble/lib/python3.8/site-packages /usr/bin/cmake --build /home/puzzlebot/ros2_packages_ws/build/aruco_opencv -- -j4 -l4
[1.118s] [ 28%] Built target aruco_tracker
[1.125s] [ 57%] Built target aruco_tracker_autostart
[1.343s] [100%] Built target aruco_opencv
[1.600s] Invoked command in '/home/puzzlebot/ros2_packages_ws/build/aruco_opencv' returned '0': CMAKE_PREFIX_PATH=/home/puzzlebot/ros2_packages_ws/install/aruco_opencv_msgs:/home/puzzlebot/ros2_packages_ws/install/sllidar_ros2:/home/puzzlebot/ros2_packages_ws/install/ros_deep_learning:/home/puzzlebot/ros2_packages_ws/install/micro_ros_setup:/home/puzzlebot/ros2_packages_ws/install/micro_ros_agent:/home/puzzlebot/ros2_packages_ws/install/micro_ros_msgs:/home/puzzlebot/ros2_packages_ws/install/camera_info_publisher:/home/puzzlebot/ros2_packages_ws/install/aruco_opencv:/home/puzzlebot/ros2_ws/install/puzzlebot_ros:/home/puzzlebot/ros2_packages_ws/install/localization:/home/puzzlebot/ros2_packages_ws/install/camera_viewer:/opt/ros/humble LD_LIBRARY_PATH=/home/puzzlebot/ros2_packages_ws/install/aruco_opencv_msgs/lib:/home/puzzlebot/ros2_packages_ws/install/micro_ros_agent/lib:/home/puzzlebot/ros2_packages_ws/install/micro_ros_msgs/lib:/home/puzzlebot/ros2_packages_ws/install/aruco_opencv/lib:/opt/ros/humble/opt/rviz_ogre_vendor/lib:/opt/ros/humble/lib/aarch64-linux-gnu:/opt/ros/humble/lib PYTHONPATH=/home/puzzlebot/ros2_packages_ws/install/aruco_opencv_msgs/lib/python3.8/site-packages:/home/puzzlebot/ros2_ws/build/puzzlebot_ros:/home/puzzlebot/ros2_ws/install/puzzlebot_ros/lib/python3.8/site-packages:/home/puzzlebot/ros2_packages_ws/install/micro_ros_msgs/lib/python3.8/site-packages:/home/puzzlebot/ros2_packages_ws/install/localization/lib/python3.8/site-packages:/home/puzzlebot/ros2_packages_ws/install/camera_viewer/lib/python3.8/site-packages:/opt/ros/humble/lib/python3.8/site-packages /usr/bin/cmake --build /home/puzzlebot/ros2_packages_ws/build/aruco_opencv -- -j4 -l4
[1.985s] Invoking command in '/home/puzzlebot/ros2_packages_ws/build/aruco_opencv': CMAKE_PREFIX_PATH=/home/puzzlebot/ros2_packages_ws/install/aruco_opencv_msgs:/home/puzzlebot/ros2_packages_ws/install/sllidar_ros2:/home/puzzlebot/ros2_packages_ws/install/ros_deep_learning:/home/puzzlebot/ros2_packages_ws/install/micro_ros_setup:/home/puzzlebot/ros2_packages_ws/install/micro_ros_agent:/home/puzzlebot/ros2_packages_ws/install/micro_ros_msgs:/home/puzzlebot/ros2_packages_ws/install/camera_info_publisher:/home/puzzlebot/ros2_packages_ws/install/aruco_opencv:/home/puzzlebot/ros2_ws/install/puzzlebot_ros:/home/puzzlebot/ros2_packages_ws/install/localization:/home/puzzlebot/ros2_packages_ws/install/camera_viewer:/opt/ros/humble LD_LIBRARY_PATH=/home/puzzlebot/ros2_packages_ws/install/aruco_opencv_msgs/lib:/home/puzzlebot/ros2_packages_ws/install/micro_ros_agent/lib:/home/puzzlebot/ros2_packages_ws/install/micro_ros_msgs/lib:/home/puzzlebot/ros2_packages_ws/install/aruco_opencv/lib:/opt/ros/humble/opt/rviz_ogre_vendor/lib:/opt/ros/humble/lib/aarch64-linux-gnu:/opt/ros/humble/lib PYTHONPATH=/home/puzzlebot/ros2_packages_ws/install/aruco_opencv_msgs/lib/python3.8/site-packages:/home/puzzlebot/ros2_ws/build/puzzlebot_ros:/home/puzzlebot/ros2_ws/install/puzzlebot_ros/lib/python3.8/site-packages:/home/puzzlebot/ros2_packages_ws/install/micro_ros_msgs/lib/python3.8/site-packages:/home/puzzlebot/ros2_packages_ws/install/localization/lib/python3.8/site-packages:/home/puzzlebot/ros2_packages_ws/install/camera_viewer/lib/python3.8/site-packages:/opt/ros/humble/lib/python3.8/site-packages /usr/bin/cmake --install /home/puzzlebot/ros2_packages_ws/build/aruco_opencv
[2.087s] -- Install configuration: ""
[2.094s] -- Up-to-date: /home/puzzlebot/ros2_packages_ws/install/aruco_opencv/lib/aruco_opencv/aruco_tracker
[2.098s] -- Up-to-date: /home/puzzlebot/ros2_packages_ws/install/aruco_opencv/lib/aruco_opencv/aruco_tracker_autostart
[2.103s] -- Up-to-date: /home/puzzlebot/ros2_packages_ws/install/aruco_opencv/lib/libaruco_opencv.so
[2.110s] -- Up-to-date: /home/puzzlebot/ros2_packages_ws/install/aruco_opencv/share/aruco_opencv/config
[2.112s] -- Up-to-date: /home/puzzlebot/ros2_packages_ws/install/aruco_opencv/share/aruco_opencv/config/aruco_tracker.yaml
[2.116s] -- Up-to-date: /home/puzzlebot/ros2_packages_ws/install/aruco_opencv/share/aruco_opencv/config/board_descriptions.yaml
[2.119s] -- Up-to-date: /home/puzzlebot/ros2_packages_ws/install/aruco_opencv/share/aruco_opencv/launch
[2.122s] -- Up-to-date: /home/puzzlebot/ros2_packages_ws/install/aruco_opencv/share/aruco_opencv/launch/aruco_tracker.launch.xml
[2.134s] -- Up-to-date: /home/puzzlebot/ros2_packages_ws/install/aruco_opencv/lib/aruco_opencv/create_board
[2.136s] -- Up-to-date: /home/puzzlebot/ros2_packages_ws/install/aruco_opencv/lib/aruco_opencv/create_marker
[2.140s] -- Up-to-date: /home/puzzlebot/ros2_packages_ws/install/aruco_opencv/share/ament_index/resource_index/package_run_dependencies/aruco_opencv
[2.142s] -- Up-to-date: /home/puzzlebot/ros2_packages_ws/install/aruco_opencv/share/ament_index/resource_index/parent_prefix_path/aruco_opencv
[2.146s] -- Up-to-date: /home/puzzlebot/ros2_packages_ws/install/aruco_opencv/share/aruco_opencv/environment/ament_prefix_path.sh
[2.148s] -- Up-to-date: /home/puzzlebot/ros2_packages_ws/install/aruco_opencv/share/aruco_opencv/environment/ament_prefix_path.dsv
[2.149s] -- Up-to-date: /home/puzzlebot/ros2_packages_ws/install/aruco_opencv/share/aruco_opencv/environment/path.sh
[2.151s] -- Up-to-date: /home/puzzlebot/ros2_packages_ws/install/aruco_opencv/share/aruco_opencv/environment/path.dsv
[2.155s] -- Up-to-date: /home/puzzlebot/ros2_packages_ws/install/aruco_opencv/share/aruco_opencv/local_setup.bash
[2.160s] -- Up-to-date: /home/puzzlebot/ros2_packages_ws/install/aruco_opencv/share/aruco_opencv/local_setup.sh
[2.162s] -- Up-to-date: /home/puzzlebot/ros2_packages_ws/install/aruco_opencv/share/aruco_opencv/local_setup.zsh
[2.162s] -- Up-to-date: /home/puzzlebot/ros2_packages_ws/install/aruco_opencv/share/aruco_opencv/local_setup.dsv
[2.163s] -- Installing: /home/puzzlebot/ros2_packages_ws/install/aruco_opencv/share/aruco_opencv/package.dsv
[2.165s] -- Up-to-date: /home/puzzlebot/ros2_packages_ws/install/aruco_opencv/share/ament_index/resource_index/packages/aruco_opencv
[2.167s] -- Up-to-date: /home/puzzlebot/ros2_packages_ws/install/aruco_opencv/share/ament_index/resource_index/rclcpp_components/aruco_opencv
[2.168s] -- Up-to-date: /home/puzzlebot/ros2_packages_ws/install/aruco_opencv/share/aruco_opencv/cmake/aruco_opencvConfig.cmake
[2.171s] -- Up-to-date: /home/puzzlebot/ros2_packages_ws/install/aruco_opencv/share/aruco_opencv/cmake/aruco_opencvConfig-version.cmake
[2.172s] -- Up-to-date: /home/puzzlebot/ros2_packages_ws/install/aruco_opencv/share/aruco_opencv/package.xml
[2.197s] Invoked command in '/home/puzzlebot/ros2_packages_ws/build/aruco_opencv' returned '0': CMAKE_PREFIX_PATH=/home/puzzlebot/ros2_packages_ws/install/aruco_opencv_msgs:/home/puzzlebot/ros2_packages_ws/install/sllidar_ros2:/home/puzzlebot/ros2_packages_ws/install/ros_deep_learning:/home/puzzlebot/ros2_packages_ws/install/micro_ros_setup:/home/puzzlebot/ros2_packages_ws/install/micro_ros_agent:/home/puzzlebot/ros2_packages_ws/install/micro_ros_msgs:/home/puzzlebot/ros2_packages_ws/install/camera_info_publisher:/home/puzzlebot/ros2_packages_ws/install/aruco_opencv:/home/puzzlebot/ros2_ws/install/puzzlebot_ros:/home/puzzlebot/ros2_packages_ws/install/localization:/home/puzzlebot/ros2_packages_ws/install/camera_viewer:/opt/ros/humble LD_LIBRARY_PATH=/home/puzzlebot/ros2_packages_ws/install/aruco_opencv_msgs/lib:/home/puzzlebot/ros2_packages_ws/install/micro_ros_agent/lib:/home/puzzlebot/ros2_packages_ws/install/micro_ros_msgs/lib:/home/puzzlebot/ros2_packages_ws/install/aruco_opencv/lib:/opt/ros/humble/opt/rviz_ogre_vendor/lib:/opt/ros/humble/lib/aarch64-linux-gnu:/opt/ros/humble/lib PYTHONPATH=/home/puzzlebot/ros2_packages_ws/install/aruco_opencv_msgs/lib/python3.8/site-packages:/home/puzzlebot/ros2_ws/build/puzzlebot_ros:/home/puzzlebot/ros2_ws/install/puzzlebot_ros/lib/python3.8/site-packages:/home/puzzlebot/ros2_packages_ws/install/micro_ros_msgs/lib/python3.8/site-packages:/home/puzzlebot/ros2_packages_ws/install/localization/lib/python3.8/site-packages:/home/puzzlebot/ros2_packages_ws/install/camera_viewer/lib/python3.8/site-packages:/opt/ros/humble/lib/python3.8/site-packages /usr/bin/cmake --install /home/puzzlebot/ros2_packages_ws/build/aruco_opencv
