[4.397s] Invoking command in '/home/puzzlebot/ros2_packages_ws/src/camera_viewer': PYTHONPATH=/home/puzzlebot/ros2_packages_ws/build/camera_viewer/prefix_override:/home/puzzlebot/ros2_packages_ws/install/camera_viewer/lib/python3.8/site-packages:${PYTHONPATH} /usr/bin/python3 -W ignore:setup.py install is deprecated setup.py egg_info --egg-base ../../build/camera_viewer build --build-base /home/puzzlebot/ros2_packages_ws/build/camera_viewer/build install --record /home/puzzlebot/ros2_packages_ws/build/camera_viewer/install.log --single-version-externally-managed install_data
[5.749s] running egg_info
[5.751s] writing ../../build/camera_viewer/camera_viewer.egg-info/PKG-INFO
[5.754s] writing dependency_links to ../../build/camera_viewer/camera_viewer.egg-info/dependency_links.txt
[5.756s] writing entry points to ../../build/camera_viewer/camera_viewer.egg-info/entry_points.txt
[5.758s] writing requirements to ../../build/camera_viewer/camera_viewer.egg-info/requires.txt
[5.760s] writing top-level names to ../../build/camera_viewer/camera_viewer.egg-info/top_level.txt
[5.941s] reading manifest file '../../build/camera_viewer/camera_viewer.egg-info/SOURCES.txt'
[5.948s] writing manifest file '../../build/camera_viewer/camera_viewer.egg-info/SOURCES.txt'
[5.951s] running build
[5.952s] running build_py
[5.954s] running install
[5.959s] running install_lib
[5.968s] running install_data
[5.971s] running install_egg_info
[5.982s] removing '/home/puzzlebot/ros2_packages_ws/install/camera_viewer/lib/python3.8/site-packages/camera_viewer-0.0.0-py3.8.egg-info' (and everything under it)
[5.985s] Copying ../../build/camera_viewer/camera_viewer.egg-info to /home/puzzlebot/ros2_packages_ws/install/camera_viewer/lib/python3.8/site-packages/camera_viewer-0.0.0-py3.8.egg-info
[5.991s] running install_scripts
[6.078s] Installing camera_viewer script to /home/puzzlebot/ros2_packages_ws/install/camera_viewer/lib/camera_viewer
[6.081s] writing list of installed files to '/home/puzzlebot/ros2_packages_ws/build/camera_viewer/install.log'
[6.194s] Invoked command in '/home/puzzlebot/ros2_packages_ws/src/camera_viewer' returned '0': PYTHONPATH=/home/puzzlebot/ros2_packages_ws/build/camera_viewer/prefix_override:/home/puzzlebot/ros2_packages_ws/install/camera_viewer/lib/python3.8/site-packages:${PYTHONPATH} /usr/bin/python3 -W ignore:setup.py install is deprecated setup.py egg_info --egg-base ../../build/camera_viewer build --build-base /home/puzzlebot/ros2_packages_ws/build/camera_viewer/build install --record /home/puzzlebot/ros2_packages_ws/build/camera_viewer/install.log --single-version-externally-managed install_data
