[0.167s] Invoking command in '/home/puzzlebot/ros2_packages_ws/build/aruco_opencv_msgs': CMAKE_PREFIX_PATH=${CMAKE_PREFIX_PATH}:/home/puzzlebot/ros2_ws/install/puzzlebot_ros:/home/puzzlebot/ros2_packages_ws/install/localization:/home/puzzlebot/ros2_packages_ws/install/camera_viewer:/opt/ros/humble /usr/bin/cmake --build /home/puzzlebot/ros2_packages_ws/build/aruco_opencv_msgs -- -j4 -l4
[0.889s] [  2%] Built target aruco_opencv_msgs__cpp
[0.965s] [  2%] Built target ament_cmake_python_copy_aruco_opencv_msgs
[1.012s] [ 12%] Built target aruco_opencv_msgs__rosidl_generator_c
[1.181s] [ 23%] Built target aruco_opencv_msgs__rosidl_typesupport_cpp
[1.237s] [ 34%] Built target aruco_opencv_msgs__rosidl_typesupport_introspection_cpp
[1.288s] [ 44%] Built target aruco_opencv_msgs__rosidl_typesupport_fastrtps_cpp
[1.487s] [ 55%] Built target aruco_opencv_msgs__rosidl_typesupport_fastrtps_c
[1.533s] [ 65%] Built target aruco_opencv_msgs__rosidl_typesupport_c
[1.555s] [ 76%] Built target aruco_opencv_msgs__rosidl_typesupport_introspection_c
[1.722s] [ 76%] Built target aruco_opencv_msgs
[1.915s] [ 78%] Built target aruco_opencv_msgs__py
[2.115s] [ 87%] Built target aruco_opencv_msgs__rosidl_generator_py
[2.494s] [ 91%] Built target aruco_opencv_msgs__rosidl_typesupport_introspection_c__pyext
[2.588s] [ 95%] Built target aruco_opencv_msgs__rosidl_typesupport_fastrtps_c__pyext
[2.606s] [100%] Built target aruco_opencv_msgs__rosidl_typesupport_c__pyext
[2.967s] running egg_info
[2.974s] writing aruco_opencv_msgs.egg-info/PKG-INFO
[2.979s] writing dependency_links to aruco_opencv_msgs.egg-info/dependency_links.txt
[2.983s] writing top-level names to aruco_opencv_msgs.egg-info/top_level.txt
[3.237s] reading manifest file 'aruco_opencv_msgs.egg-info/SOURCES.txt'
[3.243s] writing manifest file 'aruco_opencv_msgs.egg-info/SOURCES.txt'
[3.398s] [100%] Built target ament_cmake_python_build_aruco_opencv_msgs_egg
[4.431s] Invoked command in '/home/puzzlebot/ros2_packages_ws/build/aruco_opencv_msgs' returned '0': CMAKE_PREFIX_PATH=${CMAKE_PREFIX_PATH}:/home/puzzlebot/ros2_ws/install/puzzlebot_ros:/home/puzzlebot/ros2_packages_ws/install/localization:/home/puzzlebot/ros2_packages_ws/install/camera_viewer:/opt/ros/humble /usr/bin/cmake --build /home/puzzlebot/ros2_packages_ws/build/aruco_opencv_msgs -- -j4 -l4
[6.241s] Invoking command in '/home/puzzlebot/ros2_packages_ws/build/aruco_opencv_msgs': CMAKE_PREFIX_PATH=${CMAKE_PREFIX_PATH}:/home/puzzlebot/ros2_ws/install/puzzlebot_ros:/home/puzzlebot/ros2_packages_ws/install/localization:/home/puzzlebot/ros2_packages_ws/install/camera_viewer:/opt/ros/humble /usr/bin/cmake --install /home/puzzlebot/ros2_packages_ws/build/aruco_opencv_msgs
[6.354s] -- Install configuration: ""
[6.355s] -- Up-to-date: /home/puzzlebot/ros2_packages_ws/install/aruco_opencv_msgs/share/ament_index/resource_index/rosidl_interfaces/aruco_opencv_msgs
[6.366s] -- Up-to-date: /home/puzzlebot/ros2_packages_ws/install/aruco_opencv_msgs/include/aruco_opencv_msgs/aruco_opencv_msgs
[6.367s] -- Up-to-date: /home/puzzlebot/ros2_packages_ws/install/aruco_opencv_msgs/include/aruco_opencv_msgs/aruco_opencv_msgs/msg
[6.368s] -- Up-to-date: /home/puzzlebot/ros2_packages_ws/install/aruco_opencv_msgs/include/aruco_opencv_msgs/aruco_opencv_msgs/msg/aruco_detection.h
[6.368s] -- Up-to-date: /home/puzzlebot/ros2_packages_ws/install/aruco_opencv_msgs/include/aruco_opencv_msgs/aruco_opencv_msgs/msg/rosidl_generator_c__visibility_control.h
[6.369s] -- Up-to-date: /home/puzzlebot/ros2_packages_ws/install/aruco_opencv_msgs/include/aruco_opencv_msgs/aruco_opencv_msgs/msg/detail
[6.369s] -- Up-to-date: /home/puzzlebot/ros2_packages_ws/install/aruco_opencv_msgs/include/aruco_opencv_msgs/aruco_opencv_msgs/msg/detail/board_pose__functions.c
[6.369s] -- Up-to-date: /home/puzzlebot/ros2_packages_ws/install/aruco_opencv_msgs/include/aruco_opencv_msgs/aruco_opencv_msgs/msg/detail/aruco_detection__functions.c
[6.370s] -- Up-to-date: /home/puzzlebot/ros2_packages_ws/install/aruco_opencv_msgs/include/aruco_opencv_msgs/aruco_opencv_msgs/msg/detail/board_pose__type_support.h
[6.373s] -- Up-to-date: /home/puzzlebot/ros2_packages_ws/install/aruco_opencv_msgs/include/aruco_opencv_msgs/aruco_opencv_msgs/msg/detail/marker_pose__functions.c
[6.373s] -- Up-to-date: /home/puzzlebot/ros2_packages_ws/install/aruco_opencv_msgs/include/aruco_opencv_msgs/aruco_opencv_msgs/msg/detail/aruco_detection__type_support.h
[6.374s] -- Up-to-date: /home/puzzlebot/ros2_packages_ws/install/aruco_opencv_msgs/include/aruco_opencv_msgs/aruco_opencv_msgs/msg/detail/aruco_detection__struct.h
[6.377s] -- Up-to-date: /home/puzzlebot/ros2_packages_ws/install/aruco_opencv_msgs/include/aruco_opencv_msgs/aruco_opencv_msgs/msg/detail/marker_pose__type_support.h
[6.380s] -- Up-to-date: /home/puzzlebot/ros2_packages_ws/install/aruco_opencv_msgs/include/aruco_opencv_msgs/aruco_opencv_msgs/msg/detail/board_pose__functions.h
[6.380s] -- Up-to-date: /home/puzzlebot/ros2_packages_ws/install/aruco_opencv_msgs/include/aruco_opencv_msgs/aruco_opencv_msgs/msg/detail/marker_pose__struct.h
[6.387s] -- Up-to-date: /home/puzzlebot/ros2_packages_ws/install/aruco_opencv_msgs/include/aruco_opencv_msgs/aruco_opencv_msgs/msg/detail/aruco_detection__functions.h
[6.388s] -- Up-to-date: /home/puzzlebot/ros2_packages_ws/install/aruco_opencv_msgs/include/aruco_opencv_msgs/aruco_opencv_msgs/msg/detail/board_pose__struct.h
[6.389s] -- Up-to-date: /home/puzzlebot/ros2_packages_ws/install/aruco_opencv_msgs/include/aruco_opencv_msgs/aruco_opencv_msgs/msg/detail/marker_pose__functions.h
[6.390s] -- Up-to-date: /home/puzzlebot/ros2_packages_ws/install/aruco_opencv_msgs/include/aruco_opencv_msgs/aruco_opencv_msgs/msg/board_pose.h
[6.390s] -- Up-to-date: /home/puzzlebot/ros2_packages_ws/install/aruco_opencv_msgs/include/aruco_opencv_msgs/aruco_opencv_msgs/msg/marker_pose.h
[6.390s] -- Up-to-date: /home/puzzlebot/ros2_packages_ws/install/aruco_opencv_msgs/share/aruco_opencv_msgs/environment/library_path.sh
[6.391s] -- Up-to-date: /home/puzzlebot/ros2_packages_ws/install/aruco_opencv_msgs/share/aruco_opencv_msgs/environment/library_path.dsv
[6.391s] -- Up-to-date: /home/puzzlebot/ros2_packages_ws/install/aruco_opencv_msgs/lib/libaruco_opencv_msgs__rosidl_generator_c.so
[6.394s] -- Up-to-date: /home/puzzlebot/ros2_packages_ws/install/aruco_opencv_msgs/include/aruco_opencv_msgs/aruco_opencv_msgs
[6.395s] -- Up-to-date: /home/puzzlebot/ros2_packages_ws/install/aruco_opencv_msgs/include/aruco_opencv_msgs/aruco_opencv_msgs/msg
[6.395s] -- Up-to-date: /home/puzzlebot/ros2_packages_ws/install/aruco_opencv_msgs/include/aruco_opencv_msgs/aruco_opencv_msgs/msg/rosidl_typesupport_fastrtps_c__visibility_control.h
[6.396s] -- Up-to-date: /home/puzzlebot/ros2_packages_ws/install/aruco_opencv_msgs/include/aruco_opencv_msgs/aruco_opencv_msgs/msg/detail
[6.396s] -- Up-to-date: /home/puzzlebot/ros2_packages_ws/install/aruco_opencv_msgs/include/aruco_opencv_msgs/aruco_opencv_msgs/msg/detail/board_pose__rosidl_typesupport_fastrtps_c.h
[6.396s] -- Up-to-date: /home/puzzlebot/ros2_packages_ws/install/aruco_opencv_msgs/include/aruco_opencv_msgs/aruco_opencv_msgs/msg/detail/aruco_detection__rosidl_typesupport_fastrtps_c.h
[6.397s] -- Up-to-date: /home/puzzlebot/ros2_packages_ws/install/aruco_opencv_msgs/include/aruco_opencv_msgs/aruco_opencv_msgs/msg/detail/marker_pose__rosidl_typesupport_fastrtps_c.h
[6.413s] -- Up-to-date: /home/puzzlebot/ros2_packages_ws/install/aruco_opencv_msgs/lib/libaruco_opencv_msgs__rosidl_typesupport_fastrtps_c.so
[6.414s] -- Up-to-date: /home/puzzlebot/ros2_packages_ws/install/aruco_opencv_msgs/include/aruco_opencv_msgs/aruco_opencv_msgs
[6.420s] -- Up-to-date: /home/puzzlebot/ros2_packages_ws/install/aruco_opencv_msgs/include/aruco_opencv_msgs/aruco_opencv_msgs/msg
[6.420s] -- Up-to-date: /home/puzzlebot/ros2_packages_ws/install/aruco_opencv_msgs/include/aruco_opencv_msgs/aruco_opencv_msgs/msg/rosidl_typesupport_introspection_c__visibility_control.h
[6.421s] -- Up-to-date: /home/puzzlebot/ros2_packages_ws/install/aruco_opencv_msgs/include/aruco_opencv_msgs/aruco_opencv_msgs/msg/detail
[6.421s] -- Up-to-date: /home/puzzlebot/ros2_packages_ws/install/aruco_opencv_msgs/include/aruco_opencv_msgs/aruco_opencv_msgs/msg/detail/marker_pose__type_support.c
[6.422s] -- Up-to-date: /home/puzzlebot/ros2_packages_ws/install/aruco_opencv_msgs/include/aruco_opencv_msgs/aruco_opencv_msgs/msg/detail/marker_pose__rosidl_typesupport_introspection_c.h
[6.422s] -- Up-to-date: /home/puzzlebot/ros2_packages_ws/install/aruco_opencv_msgs/include/aruco_opencv_msgs/aruco_opencv_msgs/msg/detail/board_pose__type_support.c
[6.422s] -- Up-to-date: /home/puzzlebot/ros2_packages_ws/install/aruco_opencv_msgs/include/aruco_opencv_msgs/aruco_opencv_msgs/msg/detail/board_pose__rosidl_typesupport_introspection_c.h
[6.423s] -- Up-to-date: /home/puzzlebot/ros2_packages_ws/install/aruco_opencv_msgs/include/aruco_opencv_msgs/aruco_opencv_msgs/msg/detail/aruco_detection__type_support.c
[6.423s] -- Up-to-date: /home/puzzlebot/ros2_packages_ws/install/aruco_opencv_msgs/include/aruco_opencv_msgs/aruco_opencv_msgs/msg/detail/aruco_detection__rosidl_typesupport_introspection_c.h
[6.424s] -- Up-to-date: /home/puzzlebot/ros2_packages_ws/install/aruco_opencv_msgs/lib/libaruco_opencv_msgs__rosidl_typesupport_introspection_c.so
[6.424s] -- Up-to-date: /home/puzzlebot/ros2_packages_ws/install/aruco_opencv_msgs/lib/libaruco_opencv_msgs__rosidl_typesupport_c.so
[6.425s] -- Up-to-date: /home/puzzlebot/ros2_packages_ws/install/aruco_opencv_msgs/include/aruco_opencv_msgs/aruco_opencv_msgs
[6.425s] -- Up-to-date: /home/puzzlebot/ros2_packages_ws/install/aruco_opencv_msgs/include/aruco_opencv_msgs/aruco_opencv_msgs/msg
[6.426s] -- Up-to-date: /home/puzzlebot/ros2_packages_ws/install/aruco_opencv_msgs/include/aruco_opencv_msgs/aruco_opencv_msgs/msg/board_pose.hpp
[6.442s] -- Up-to-date: /home/puzzlebot/ros2_packages_ws/install/aruco_opencv_msgs/include/aruco_opencv_msgs/aruco_opencv_msgs/msg/marker_pose.hpp
[6.443s] -- Up-to-date: /home/puzzlebot/ros2_packages_ws/install/aruco_opencv_msgs/include/aruco_opencv_msgs/aruco_opencv_msgs/msg/detail
[6.443s] -- Up-to-date: /home/puzzlebot/ros2_packages_ws/install/aruco_opencv_msgs/include/aruco_opencv_msgs/aruco_opencv_msgs/msg/detail/aruco_detection__builder.hpp
[6.444s] -- Up-to-date: /home/puzzlebot/ros2_packages_ws/install/aruco_opencv_msgs/include/aruco_opencv_msgs/aruco_opencv_msgs/msg/detail/aruco_detection__traits.hpp
[6.444s] -- Up-to-date: /home/puzzlebot/ros2_packages_ws/install/aruco_opencv_msgs/include/aruco_opencv_msgs/aruco_opencv_msgs/msg/detail/board_pose__builder.hpp
[6.445s] -- Up-to-date: /home/puzzlebot/ros2_packages_ws/install/aruco_opencv_msgs/include/aruco_opencv_msgs/aruco_opencv_msgs/msg/detail/marker_pose__builder.hpp
[6.445s] -- Up-to-date: /home/puzzlebot/ros2_packages_ws/install/aruco_opencv_msgs/include/aruco_opencv_msgs/aruco_opencv_msgs/msg/detail/aruco_detection__struct.hpp
[6.446s] -- Up-to-date: /home/puzzlebot/ros2_packages_ws/install/aruco_opencv_msgs/include/aruco_opencv_msgs/aruco_opencv_msgs/msg/detail/marker_pose__struct.hpp
[6.446s] -- Up-to-date: /home/puzzlebot/ros2_packages_ws/install/aruco_opencv_msgs/include/aruco_opencv_msgs/aruco_opencv_msgs/msg/detail/board_pose__struct.hpp
[6.447s] -- Up-to-date: /home/puzzlebot/ros2_packages_ws/install/aruco_opencv_msgs/include/aruco_opencv_msgs/aruco_opencv_msgs/msg/detail/marker_pose__traits.hpp
[6.447s] -- Up-to-date: /home/puzzlebot/ros2_packages_ws/install/aruco_opencv_msgs/include/aruco_opencv_msgs/aruco_opencv_msgs/msg/detail/board_pose__traits.hpp
[6.448s] -- Up-to-date: /home/puzzlebot/ros2_packages_ws/install/aruco_opencv_msgs/include/aruco_opencv_msgs/aruco_opencv_msgs/msg/aruco_detection.hpp
[6.448s] -- Up-to-date: /home/puzzlebot/ros2_packages_ws/install/aruco_opencv_msgs/include/aruco_opencv_msgs/aruco_opencv_msgs
[6.449s] -- Up-to-date: /home/puzzlebot/ros2_packages_ws/install/aruco_opencv_msgs/include/aruco_opencv_msgs/aruco_opencv_msgs/msg
[6.449s] -- Up-to-date: /home/puzzlebot/ros2_packages_ws/install/aruco_opencv_msgs/include/aruco_opencv_msgs/aruco_opencv_msgs/msg/rosidl_typesupport_fastrtps_cpp__visibility_control.h
[6.449s] -- Up-to-date: /home/puzzlebot/ros2_packages_ws/install/aruco_opencv_msgs/include/aruco_opencv_msgs/aruco_opencv_msgs/msg/detail
[6.450s] -- Up-to-date: /home/puzzlebot/ros2_packages_ws/install/aruco_opencv_msgs/include/aruco_opencv_msgs/aruco_opencv_msgs/msg/detail/dds_fastrtps
[6.451s] -- Up-to-date: /home/puzzlebot/ros2_packages_ws/install/aruco_opencv_msgs/include/aruco_opencv_msgs/aruco_opencv_msgs/msg/detail/board_pose__rosidl_typesupport_fastrtps_cpp.hpp
[6.451s] -- Up-to-date: /home/puzzlebot/ros2_packages_ws/install/aruco_opencv_msgs/include/aruco_opencv_msgs/aruco_opencv_msgs/msg/detail/marker_pose__rosidl_typesupport_fastrtps_cpp.hpp
[6.451s] -- Up-to-date: /home/puzzlebot/ros2_packages_ws/install/aruco_opencv_msgs/include/aruco_opencv_msgs/aruco_opencv_msgs/msg/detail/aruco_detection__rosidl_typesupport_fastrtps_cpp.hpp
[6.452s] -- Up-to-date: /home/puzzlebot/ros2_packages_ws/install/aruco_opencv_msgs/lib/libaruco_opencv_msgs__rosidl_typesupport_fastrtps_cpp.so
[6.452s] -- Up-to-date: /home/puzzlebot/ros2_packages_ws/install/aruco_opencv_msgs/include/aruco_opencv_msgs/aruco_opencv_msgs
[6.453s] -- Up-to-date: /home/puzzlebot/ros2_packages_ws/install/aruco_opencv_msgs/include/aruco_opencv_msgs/aruco_opencv_msgs/msg
[6.453s] -- Up-to-date: /home/puzzlebot/ros2_packages_ws/install/aruco_opencv_msgs/include/aruco_opencv_msgs/aruco_opencv_msgs/msg/detail
[6.466s] -- Up-to-date: /home/puzzlebot/ros2_packages_ws/install/aruco_opencv_msgs/include/aruco_opencv_msgs/aruco_opencv_msgs/msg/detail/board_pose__rosidl_typesupport_introspection_cpp.hpp
[6.466s] -- Up-to-date: /home/puzzlebot/ros2_packages_ws/install/aruco_opencv_msgs/include/aruco_opencv_msgs/aruco_opencv_msgs/msg/detail/aruco_detection__type_support.cpp
[6.468s] -- Up-to-date: /home/puzzlebot/ros2_packages_ws/install/aruco_opencv_msgs/include/aruco_opencv_msgs/aruco_opencv_msgs/msg/detail/marker_pose__rosidl_typesupport_introspection_cpp.hpp
[6.469s] -- Up-to-date: /home/puzzlebot/ros2_packages_ws/install/aruco_opencv_msgs/include/aruco_opencv_msgs/aruco_opencv_msgs/msg/detail/aruco_detection__rosidl_typesupport_introspection_cpp.hpp
[6.469s] -- Up-to-date: /home/puzzlebot/ros2_packages_ws/install/aruco_opencv_msgs/include/aruco_opencv_msgs/aruco_opencv_msgs/msg/detail/board_pose__type_support.cpp
[6.469s] -- Up-to-date: /home/puzzlebot/ros2_packages_ws/install/aruco_opencv_msgs/include/aruco_opencv_msgs/aruco_opencv_msgs/msg/detail/marker_pose__type_support.cpp
[6.470s] -- Up-to-date: /home/puzzlebot/ros2_packages_ws/install/aruco_opencv_msgs/lib/libaruco_opencv_msgs__rosidl_typesupport_introspection_cpp.so
[6.470s] -- Up-to-date: /home/puzzlebot/ros2_packages_ws/install/aruco_opencv_msgs/lib/libaruco_opencv_msgs__rosidl_typesupport_cpp.so
[6.471s] -- Up-to-date: /home/puzzlebot/ros2_packages_ws/install/aruco_opencv_msgs/share/aruco_opencv_msgs/environment/pythonpath.sh
[6.471s] -- Up-to-date: /home/puzzlebot/ros2_packages_ws/install/aruco_opencv_msgs/share/aruco_opencv_msgs/environment/pythonpath.dsv
[6.472s] -- Up-to-date: /home/puzzlebot/ros2_packages_ws/install/aruco_opencv_msgs/lib/python3.8/site-packages/aruco_opencv_msgs-2.2.0-py3.8.egg-info
[6.472s] -- Installing: /home/puzzlebot/ros2_packages_ws/install/aruco_opencv_msgs/lib/python3.8/site-packages/aruco_opencv_msgs-2.2.0-py3.8.egg-info/top_level.txt
[6.473s] -- Installing: /home/puzzlebot/ros2_packages_ws/install/aruco_opencv_msgs/lib/python3.8/site-packages/aruco_opencv_msgs-2.2.0-py3.8.egg-info/PKG-INFO
[6.486s] -- Installing: /home/puzzlebot/ros2_packages_ws/install/aruco_opencv_msgs/lib/python3.8/site-packages/aruco_opencv_msgs-2.2.0-py3.8.egg-info/SOURCES.txt
[6.487s] -- Installing: /home/puzzlebot/ros2_packages_ws/install/aruco_opencv_msgs/lib/python3.8/site-packages/aruco_opencv_msgs-2.2.0-py3.8.egg-info/dependency_links.txt
[6.487s] -- Up-to-date: /home/puzzlebot/ros2_packages_ws/install/aruco_opencv_msgs/lib/python3.8/site-packages/aruco_opencv_msgs
[6.488s] -- Up-to-date: /home/puzzlebot/ros2_packages_ws/install/aruco_opencv_msgs/lib/python3.8/site-packages/aruco_opencv_msgs/aruco_opencv_msgs_s__rosidl_typesupport_c.cpython-38-aarch64-linux-gnu.so
[6.488s] -- Up-to-date: /home/puzzlebot/ros2_packages_ws/install/aruco_opencv_msgs/lib/python3.8/site-packages/aruco_opencv_msgs/__init__.py
[6.489s] -- Up-to-date: /home/puzzlebot/ros2_packages_ws/install/aruco_opencv_msgs/lib/python3.8/site-packages/aruco_opencv_msgs/_aruco_opencv_msgs_s.ep.rosidl_typesupport_fastrtps_c.c
[6.489s] -- Up-to-date: /home/puzzlebot/ros2_packages_ws/install/aruco_opencv_msgs/lib/python3.8/site-packages/aruco_opencv_msgs/msg
[6.490s] -- Up-to-date: /home/puzzlebot/ros2_packages_ws/install/aruco_opencv_msgs/lib/python3.8/site-packages/aruco_opencv_msgs/msg/_marker_pose_s.c
[6.490s] -- Up-to-date: /home/puzzlebot/ros2_packages_ws/install/aruco_opencv_msgs/lib/python3.8/site-packages/aruco_opencv_msgs/msg/__init__.py
[6.491s] -- Up-to-date: /home/puzzlebot/ros2_packages_ws/install/aruco_opencv_msgs/lib/python3.8/site-packages/aruco_opencv_msgs/msg/_board_pose.py
[6.491s] -- Up-to-date: /home/puzzlebot/ros2_packages_ws/install/aruco_opencv_msgs/lib/python3.8/site-packages/aruco_opencv_msgs/msg/_aruco_detection_s.c
[6.492s] -- Up-to-date: /home/puzzlebot/ros2_packages_ws/install/aruco_opencv_msgs/lib/python3.8/site-packages/aruco_opencv_msgs/msg/_marker_pose.py
[6.492s] -- Up-to-date: /home/puzzlebot/ros2_packages_ws/install/aruco_opencv_msgs/lib/python3.8/site-packages/aruco_opencv_msgs/msg/_aruco_detection.py
[6.493s] -- Up-to-date: /home/puzzlebot/ros2_packages_ws/install/aruco_opencv_msgs/lib/python3.8/site-packages/aruco_opencv_msgs/msg/_board_pose_s.c
[6.493s] -- Up-to-date: /home/puzzlebot/ros2_packages_ws/install/aruco_opencv_msgs/lib/python3.8/site-packages/aruco_opencv_msgs/_aruco_opencv_msgs_s.ep.rosidl_typesupport_c.c
[6.494s] -- Up-to-date: /home/puzzlebot/ros2_packages_ws/install/aruco_opencv_msgs/lib/python3.8/site-packages/aruco_opencv_msgs/aruco_opencv_msgs_s__rosidl_typesupport_fastrtps_c.cpython-38-aarch64-linux-gnu.so
[6.494s] -- Up-to-date: /home/puzzlebot/ros2_packages_ws/install/aruco_opencv_msgs/lib/python3.8/site-packages/aruco_opencv_msgs/_aruco_opencv_msgs_s.ep.rosidl_typesupport_introspection_c.c
[6.495s] -- Up-to-date: /home/puzzlebot/ros2_packages_ws/install/aruco_opencv_msgs/lib/python3.8/site-packages/aruco_opencv_msgs/libaruco_opencv_msgs__rosidl_generator_py.so
[6.495s] -- Up-to-date: /home/puzzlebot/ros2_packages_ws/install/aruco_opencv_msgs/lib/python3.8/site-packages/aruco_opencv_msgs/aruco_opencv_msgs_s__rosidl_typesupport_introspection_c.cpython-38-aarch64-linux-gnu.so
[6.750s] Listing '/home/puzzlebot/ros2_packages_ws/install/aruco_opencv_msgs/lib/python3.8/site-packages/aruco_opencv_msgs'...
[6.751s] Listing '/home/puzzlebot/ros2_packages_ws/install/aruco_opencv_msgs/lib/python3.8/site-packages/aruco_opencv_msgs/msg'...
[6.805s] -- Up-to-date: /home/puzzlebot/ros2_packages_ws/install/aruco_opencv_msgs/lib/python3.8/site-packages/aruco_opencv_msgs/aruco_opencv_msgs_s__rosidl_typesupport_fastrtps_c.cpython-38-aarch64-linux-gnu.so
[6.817s] -- Up-to-date: /home/puzzlebot/ros2_packages_ws/install/aruco_opencv_msgs/lib/python3.8/site-packages/aruco_opencv_msgs/aruco_opencv_msgs_s__rosidl_typesupport_introspection_c.cpython-38-aarch64-linux-gnu.so
[6.821s] -- Up-to-date: /home/puzzlebot/ros2_packages_ws/install/aruco_opencv_msgs/lib/python3.8/site-packages/aruco_opencv_msgs/aruco_opencv_msgs_s__rosidl_typesupport_c.cpython-38-aarch64-linux-gnu.so
[6.827s] -- Up-to-date: /home/puzzlebot/ros2_packages_ws/install/aruco_opencv_msgs/lib/libaruco_opencv_msgs__rosidl_generator_py.so
[6.832s] -- Up-to-date: /home/puzzlebot/ros2_packages_ws/install/aruco_opencv_msgs/share/aruco_opencv_msgs/msg/ArucoDetection.idl
[6.833s] -- Up-to-date: /home/puzzlebot/ros2_packages_ws/install/aruco_opencv_msgs/share/aruco_opencv_msgs/msg/BoardPose.idl
[6.834s] -- Up-to-date: /home/puzzlebot/ros2_packages_ws/install/aruco_opencv_msgs/share/aruco_opencv_msgs/msg/MarkerPose.idl
[6.845s] -- Up-to-date: /home/puzzlebot/ros2_packages_ws/install/aruco_opencv_msgs/share/aruco_opencv_msgs/msg/ArucoDetection.msg
[6.847s] -- Up-to-date: /home/puzzlebot/ros2_packages_ws/install/aruco_opencv_msgs/share/aruco_opencv_msgs/msg/BoardPose.msg
[6.848s] -- Up-to-date: /home/puzzlebot/ros2_packages_ws/install/aruco_opencv_msgs/share/aruco_opencv_msgs/msg/MarkerPose.msg
[6.848s] -- Up-to-date: /home/puzzlebot/ros2_packages_ws/install/aruco_opencv_msgs/share/ament_index/resource_index/package_run_dependencies/aruco_opencv_msgs
[6.849s] -- Up-to-date: /home/puzzlebot/ros2_packages_ws/install/aruco_opencv_msgs/share/ament_index/resource_index/parent_prefix_path/aruco_opencv_msgs
[6.849s] -- Up-to-date: /home/puzzlebot/ros2_packages_ws/install/aruco_opencv_msgs/share/aruco_opencv_msgs/environment/ament_prefix_path.sh
[6.850s] -- Up-to-date: /home/puzzlebot/ros2_packages_ws/install/aruco_opencv_msgs/share/aruco_opencv_msgs/environment/ament_prefix_path.dsv
[6.855s] -- Up-to-date: /home/puzzlebot/ros2_packages_ws/install/aruco_opencv_msgs/share/aruco_opencv_msgs/environment/path.sh
[6.856s] -- Up-to-date: /home/puzzlebot/ros2_packages_ws/install/aruco_opencv_msgs/share/aruco_opencv_msgs/environment/path.dsv
[6.857s] -- Up-to-date: /home/puzzlebot/ros2_packages_ws/install/aruco_opencv_msgs/share/aruco_opencv_msgs/local_setup.bash
[6.870s] -- Up-to-date: /home/puzzlebot/ros2_packages_ws/install/aruco_opencv_msgs/share/aruco_opencv_msgs/local_setup.sh
[6.871s] -- Up-to-date: /home/puzzlebot/ros2_packages_ws/install/aruco_opencv_msgs/share/aruco_opencv_msgs/local_setup.zsh
[6.871s] -- Up-to-date: /home/puzzlebot/ros2_packages_ws/install/aruco_opencv_msgs/share/aruco_opencv_msgs/local_setup.dsv
[6.872s] -- Installing: /home/puzzlebot/ros2_packages_ws/install/aruco_opencv_msgs/share/aruco_opencv_msgs/package.dsv
[6.872s] -- Up-to-date: /home/puzzlebot/ros2_packages_ws/install/aruco_opencv_msgs/share/ament_index/resource_index/packages/aruco_opencv_msgs
[6.873s] -- Up-to-date: /home/puzzlebot/ros2_packages_ws/install/aruco_opencv_msgs/share/aruco_opencv_msgs/cmake/export_aruco_opencv_msgs__rosidl_generator_cExport.cmake
[6.873s] -- Up-to-date: /home/puzzlebot/ros2_packages_ws/install/aruco_opencv_msgs/share/aruco_opencv_msgs/cmake/export_aruco_opencv_msgs__rosidl_generator_cExport-noconfig.cmake
[6.880s] -- Up-to-date: /home/puzzlebot/ros2_packages_ws/install/aruco_opencv_msgs/share/aruco_opencv_msgs/cmake/export_aruco_opencv_msgs__rosidl_typesupport_fastrtps_cExport.cmake
[6.881s] -- Up-to-date: /home/puzzlebot/ros2_packages_ws/install/aruco_opencv_msgs/share/aruco_opencv_msgs/cmake/export_aruco_opencv_msgs__rosidl_typesupport_fastrtps_cExport-noconfig.cmake
[6.887s] -- Up-to-date: /home/puzzlebot/ros2_packages_ws/install/aruco_opencv_msgs/share/aruco_opencv_msgs/cmake/aruco_opencv_msgs__rosidl_typesupport_introspection_cExport.cmake
[6.889s] -- Up-to-date: /home/puzzlebot/ros2_packages_ws/install/aruco_opencv_msgs/share/aruco_opencv_msgs/cmake/aruco_opencv_msgs__rosidl_typesupport_introspection_cExport-noconfig.cmake
[6.890s] -- Up-to-date: /home/puzzlebot/ros2_packages_ws/install/aruco_opencv_msgs/share/aruco_opencv_msgs/cmake/aruco_opencv_msgs__rosidl_typesupport_cExport.cmake
[6.891s] -- Up-to-date: /home/puzzlebot/ros2_packages_ws/install/aruco_opencv_msgs/share/aruco_opencv_msgs/cmake/aruco_opencv_msgs__rosidl_typesupport_cExport-noconfig.cmake
[6.892s] -- Up-to-date: /home/puzzlebot/ros2_packages_ws/install/aruco_opencv_msgs/share/aruco_opencv_msgs/cmake/export_aruco_opencv_msgs__rosidl_generator_cppExport.cmake
[6.894s] -- Up-to-date: /home/puzzlebot/ros2_packages_ws/install/aruco_opencv_msgs/share/aruco_opencv_msgs/cmake/export_aruco_opencv_msgs__rosidl_typesupport_fastrtps_cppExport.cmake
[6.894s] -- Up-to-date: /home/puzzlebot/ros2_packages_ws/install/aruco_opencv_msgs/share/aruco_opencv_msgs/cmake/export_aruco_opencv_msgs__rosidl_typesupport_fastrtps_cppExport-noconfig.cmake
[6.895s] -- Up-to-date: /home/puzzlebot/ros2_packages_ws/install/aruco_opencv_msgs/share/aruco_opencv_msgs/cmake/aruco_opencv_msgs__rosidl_typesupport_introspection_cppExport.cmake
[6.895s] -- Up-to-date: /home/puzzlebot/ros2_packages_ws/install/aruco_opencv_msgs/share/aruco_opencv_msgs/cmake/aruco_opencv_msgs__rosidl_typesupport_introspection_cppExport-noconfig.cmake
[6.896s] -- Up-to-date: /home/puzzlebot/ros2_packages_ws/install/aruco_opencv_msgs/share/aruco_opencv_msgs/cmake/aruco_opencv_msgs__rosidl_typesupport_cppExport.cmake
[6.896s] -- Up-to-date: /home/puzzlebot/ros2_packages_ws/install/aruco_opencv_msgs/share/aruco_opencv_msgs/cmake/aruco_opencv_msgs__rosidl_typesupport_cppExport-noconfig.cmake
[6.896s] -- Up-to-date: /home/puzzlebot/ros2_packages_ws/install/aruco_opencv_msgs/share/aruco_opencv_msgs/cmake/export_aruco_opencv_msgs__rosidl_generator_pyExport.cmake
[6.897s] -- Up-to-date: /home/puzzlebot/ros2_packages_ws/install/aruco_opencv_msgs/share/aruco_opencv_msgs/cmake/export_aruco_opencv_msgs__rosidl_generator_pyExport-noconfig.cmake
[6.897s] -- Up-to-date: /home/puzzlebot/ros2_packages_ws/install/aruco_opencv_msgs/share/aruco_opencv_msgs/cmake/rosidl_cmake-extras.cmake
[6.898s] -- Up-to-date: /home/puzzlebot/ros2_packages_ws/install/aruco_opencv_msgs/share/aruco_opencv_msgs/cmake/ament_cmake_export_dependencies-extras.cmake
[6.898s] -- Up-to-date: /home/puzzlebot/ros2_packages_ws/install/aruco_opencv_msgs/share/aruco_opencv_msgs/cmake/ament_cmake_export_include_directories-extras.cmake
[6.899s] -- Up-to-date: /home/puzzlebot/ros2_packages_ws/install/aruco_opencv_msgs/share/aruco_opencv_msgs/cmake/ament_cmake_export_libraries-extras.cmake
[6.899s] -- Up-to-date: /home/puzzlebot/ros2_packages_ws/install/aruco_opencv_msgs/share/aruco_opencv_msgs/cmake/ament_cmake_export_targets-extras.cmake
[6.899s] -- Up-to-date: /home/puzzlebot/ros2_packages_ws/install/aruco_opencv_msgs/share/aruco_opencv_msgs/cmake/rosidl_cmake_export_typesupport_targets-extras.cmake
[6.900s] -- Up-to-date: /home/puzzlebot/ros2_packages_ws/install/aruco_opencv_msgs/share/aruco_opencv_msgs/cmake/rosidl_cmake_export_typesupport_libraries-extras.cmake
[6.900s] -- Up-to-date: /home/puzzlebot/ros2_packages_ws/install/aruco_opencv_msgs/share/aruco_opencv_msgs/cmake/aruco_opencv_msgsConfig.cmake
[6.901s] -- Up-to-date: /home/puzzlebot/ros2_packages_ws/install/aruco_opencv_msgs/share/aruco_opencv_msgs/cmake/aruco_opencv_msgsConfig-version.cmake
[6.901s] -- Up-to-date: /home/puzzlebot/ros2_packages_ws/install/aruco_opencv_msgs/share/aruco_opencv_msgs/package.xml
[6.985s] Invoked command in '/home/puzzlebot/ros2_packages_ws/build/aruco_opencv_msgs' returned '0': CMAKE_PREFIX_PATH=${CMAKE_PREFIX_PATH}:/home/puzzlebot/ros2_ws/install/puzzlebot_ros:/home/puzzlebot/ros2_packages_ws/install/localization:/home/puzzlebot/ros2_packages_ws/install/camera_viewer:/opt/ros/humble /usr/bin/cmake --install /home/puzzlebot/ros2_packages_ws/build/aruco_opencv_msgs
