[0.217s] Invoking command in '/home/puzzlebot/ros2_packages_ws/build/micro_ros_setup': CMAKE_PREFIX_PATH=${CMAKE_PREFIX_PATH}:/home/puzzlebot/ros2_ws/install/puzzlebot_ros:/home/puzzlebot/ros2_packages_ws/install/localization:/home/puzzlebot/ros2_packages_ws/install/camera_viewer:/opt/ros/humble /usr/bin/cmake --build /home/puzzlebot/ros2_packages_ws/build/micro_ros_setup -- -j4 -l4
[0.500s] Invoked command in '/home/puzzlebot/ros2_packages_ws/build/micro_ros_setup' returned '0': CMAKE_PREFIX_PATH=${CMAKE_PREFIX_PATH}:/home/puzzlebot/ros2_ws/install/puzzlebot_ros:/home/puzzlebot/ros2_packages_ws/install/localization:/home/puzzlebot/ros2_packages_ws/install/camera_viewer:/opt/ros/humble /usr/bin/cmake --build /home/puzzlebot/ros2_packages_ws/build/micro_ros_setup -- -j4 -l4
[0.818s] Invoking command in '/home/puzzlebot/ros2_packages_ws/build/micro_ros_setup': CMAKE_PREFIX_PATH=${CMAKE_PREFIX_PATH}:/home/puzzlebot/ros2_ws/install/puzzlebot_ros:/home/puzzlebot/ros2_packages_ws/install/localization:/home/puzzlebot/ros2_packages_ws/install/camera_viewer:/opt/ros/humble /usr/bin/cmake --install /home/puzzlebot/ros2_packages_ws/build/micro_ros_setup
[0.955s] -- Install configuration: ""
[0.956s] -- Up-to-date: /home/puzzlebot/ros2_packages_ws/install/micro_ros_setup/share/ament_index/resource_index/package_run_dependencies/micro_ros_setup
[0.956s] -- Up-to-date: /home/puzzlebot/ros2_packages_ws/install/micro_ros_setup/share/ament_index/resource_index/parent_prefix_path/micro_ros_setup
[0.957s] -- Up-to-date: /home/puzzlebot/ros2_packages_ws/install/micro_ros_setup/share/micro_ros_setup/environment/ament_prefix_path.sh
[0.958s] -- Up-to-date: /home/puzzlebot/ros2_packages_ws/install/micro_ros_setup/share/micro_ros_setup/environment/ament_prefix_path.dsv
[0.960s] -- Up-to-date: /home/puzzlebot/ros2_packages_ws/install/micro_ros_setup/share/micro_ros_setup/environment/path.sh
[0.963s] -- Up-to-date: /home/puzzlebot/ros2_packages_ws/install/micro_ros_setup/share/micro_ros_setup/environment/path.dsv
[0.974s] -- Up-to-date: /home/puzzlebot/ros2_packages_ws/install/micro_ros_setup/share/micro_ros_setup/local_setup.bash
[0.975s] -- Up-to-date: /home/puzzlebot/ros2_packages_ws/install/micro_ros_setup/share/micro_ros_setup/local_setup.sh
[0.976s] -- Up-to-date: /home/puzzlebot/ros2_packages_ws/install/micro_ros_setup/share/micro_ros_setup/local_setup.zsh
[0.978s] -- Up-to-date: /home/puzzlebot/ros2_packages_ws/install/micro_ros_setup/share/micro_ros_setup/local_setup.dsv
[0.984s] -- Installing: /home/puzzlebot/ros2_packages_ws/install/micro_ros_setup/share/micro_ros_setup/package.dsv
[0.986s] -- Up-to-date: /home/puzzlebot/ros2_packages_ws/install/micro_ros_setup/share/ament_index/resource_index/packages/micro_ros_setup
[0.987s] -- Up-to-date: /home/puzzlebot/ros2_packages_ws/install/micro_ros_setup/share/micro_ros_setup/cmake/micro_ros_setupConfig.cmake
[0.988s] -- Up-to-date: /home/puzzlebot/ros2_packages_ws/install/micro_ros_setup/share/micro_ros_setup/cmake/micro_ros_setupConfig-version.cmake
[0.988s] -- Up-to-date: /home/puzzlebot/ros2_packages_ws/install/micro_ros_setup/share/micro_ros_setup/package.xml
[0.989s] -- Up-to-date: /home/puzzlebot/ros2_packages_ws/install/micro_ros_setup/./config
[0.989s] -- Up-to-date: /home/puzzlebot/ros2_packages_ws/install/micro_ros_setup/./config/generate_lib
[0.989s] -- Up-to-date: /home/puzzlebot/ros2_packages_ws/install/micro_ros_setup/./config/generate_lib/dev_uros_packages.repos
[0.990s] -- Up-to-date: /home/puzzlebot/ros2_packages_ws/install/micro_ros_setup/./config/generate_lib/generic
[0.990s] -- Up-to-date: /home/puzzlebot/ros2_packages_ws/install/micro_ros_setup/./config/generate_lib/generic/build.sh
[0.991s] -- Up-to-date: /home/puzzlebot/ros2_packages_ws/install/micro_ros_setup/./config/generate_lib/generic/create.sh
[0.991s] -- Up-to-date: /home/puzzlebot/ros2_packages_ws/install/micro_ros_setup/./config/generate_lib/generic/client_uros_packages.repos
[0.992s] -- Up-to-date: /home/puzzlebot/ros2_packages_ws/install/micro_ros_setup/./config/generate_lib/generic/package.xml
[0.992s] -- Up-to-date: /home/puzzlebot/ros2_packages_ws/install/micro_ros_setup/./config/generate_lib/generic/flash.sh
[0.992s] -- Up-to-date: /home/puzzlebot/ros2_packages_ws/install/micro_ros_setup/./config/generate_lib/generic/demo_toolchain.cmake
[1.005s] -- Up-to-date: /home/puzzlebot/ros2_packages_ws/install/micro_ros_setup/./config/generate_lib/generic/client-colcon.meta
[1.007s] -- Up-to-date: /home/puzzlebot/ros2_packages_ws/install/micro_ros_setup/./config/generate_lib/dev_ros2_packages.txt
[1.007s] -- Up-to-date: /home/puzzlebot/ros2_packages_ws/install/micro_ros_setup/./config/agent_ros2_packages.txt
[1.008s] -- Up-to-date: /home/puzzlebot/ros2_packages_ws/install/micro_ros_setup/./config/renesas_ra
[1.008s] -- Up-to-date: /home/puzzlebot/ros2_packages_ws/install/micro_ros_setup/./config/renesas_ra/dev_uros_packages.repos
[1.009s] -- Up-to-date: /home/puzzlebot/ros2_packages_ws/install/micro_ros_setup/./config/renesas_ra/list_apps.sh
[1.009s] -- Up-to-date: /home/puzzlebot/ros2_packages_ws/install/micro_ros_setup/./config/renesas_ra/dev_ros2_packages.txt
[1.010s] -- Up-to-date: /home/puzzlebot/ros2_packages_ws/install/micro_ros_setup/./config/renesas_ra/ra6m5
[1.010s] -- Up-to-date: /home/puzzlebot/ros2_packages_ws/install/micro_ros_setup/./config/renesas_ra/ra6m5/build.sh
[1.010s] -- Up-to-date: /home/puzzlebot/ros2_packages_ws/install/micro_ros_setup/./config/renesas_ra/ra6m5/create.sh
[1.011s] -- Up-to-date: /home/puzzlebot/ros2_packages_ws/install/micro_ros_setup/./config/renesas_ra/ra6m5/board.repos
[1.016s] -- Up-to-date: /home/puzzlebot/ros2_packages_ws/install/micro_ros_setup/./config/renesas_ra/ra6m5/client_uros_packages.repos
[1.017s] -- Up-to-date: /home/puzzlebot/ros2_packages_ws/install/micro_ros_setup/./config/renesas_ra/ra6m5/flash.sh
[1.019s] -- Up-to-date: /home/puzzlebot/ros2_packages_ws/install/micro_ros_setup/./config/renesas_ra/ra6m5/configure.sh
[1.020s] -- Up-to-date: /home/puzzlebot/ros2_packages_ws/install/micro_ros_setup/./config/renesas_ra/ra6m5/client-colcon.meta
[1.020s] -- Up-to-date: /home/puzzlebot/ros2_packages_ws/install/micro_ros_setup/./config/agent_uros_packages.repos
[1.020s] -- Up-to-date: /home/puzzlebot/ros2_packages_ws/install/micro_ros_setup/./config/utils.sh
[1.021s] -- Up-to-date: /home/puzzlebot/ros2_packages_ws/install/micro_ros_setup/./config/freertos
[1.021s] -- Up-to-date: /home/puzzlebot/ros2_packages_ws/install/micro_ros_setup/./config/freertos/nucleo_f446ze
[1.022s] -- Up-to-date: /home/puzzlebot/ros2_packages_ws/install/micro_ros_setup/./config/freertos/nucleo_f446ze/build.sh
[1.022s] -- Up-to-date: /home/puzzlebot/ros2_packages_ws/install/micro_ros_setup/./config/freertos/nucleo_f446ze/create.sh
[1.023s] -- Up-to-date: /home/puzzlebot/ros2_packages_ws/install/micro_ros_setup/./config/freertos/nucleo_f446ze/board.repos
[1.024s] -- Up-to-date: /home/puzzlebot/ros2_packages_ws/install/micro_ros_setup/./config/freertos/nucleo_f446ze/client_uros_packages.repos
[1.025s] -- Up-to-date: /home/puzzlebot/ros2_packages_ws/install/micro_ros_setup/./config/freertos/nucleo_f446ze/package.xml
[1.025s] -- Up-to-date: /home/puzzlebot/ros2_packages_ws/install/micro_ros_setup/./config/freertos/nucleo_f446ze/flash.sh
[1.026s] -- Up-to-date: /home/puzzlebot/ros2_packages_ws/install/micro_ros_setup/./config/freertos/nucleo_f446ze/configure.sh
[1.026s] -- Up-to-date: /home/puzzlebot/ros2_packages_ws/install/micro_ros_setup/./config/freertos/nucleo_f446ze/client-colcon.meta
[1.027s] -- Up-to-date: /home/puzzlebot/ros2_packages_ws/install/micro_ros_setup/./config/freertos/nucleo_f446re
[1.027s] -- Up-to-date: /home/puzzlebot/ros2_packages_ws/install/micro_ros_setup/./config/freertos/nucleo_f446re/build.sh
[1.028s] -- Up-to-date: /home/puzzlebot/ros2_packages_ws/install/micro_ros_setup/./config/freertos/nucleo_f446re/create.sh
[1.028s] -- Up-to-date: /home/puzzlebot/ros2_packages_ws/install/micro_ros_setup/./config/freertos/nucleo_f446re/board.repos
[1.028s] -- Up-to-date: /home/puzzlebot/ros2_packages_ws/install/micro_ros_setup/./config/freertos/nucleo_f446re/client_uros_packages.repos
[1.029s] -- Up-to-date: /home/puzzlebot/ros2_packages_ws/install/micro_ros_setup/./config/freertos/nucleo_f446re/package.xml
[1.029s] -- Up-to-date: /home/puzzlebot/ros2_packages_ws/install/micro_ros_setup/./config/freertos/nucleo_f446re/flash.sh
[1.030s] -- Up-to-date: /home/puzzlebot/ros2_packages_ws/install/micro_ros_setup/./config/freertos/nucleo_f446re/configure.sh
[1.030s] -- Up-to-date: /home/puzzlebot/ros2_packages_ws/install/micro_ros_setup/./config/freertos/nucleo_f446re/client-colcon.meta
[1.031s] -- Up-to-date: /home/puzzlebot/ros2_packages_ws/install/micro_ros_setup/./config/freertos/nucleo_f746zg
[1.031s] -- Up-to-date: /home/puzzlebot/ros2_packages_ws/install/micro_ros_setup/./config/freertos/nucleo_f746zg/build.sh
[1.032s] -- Up-to-date: /home/puzzlebot/ros2_packages_ws/install/micro_ros_setup/./config/freertos/nucleo_f746zg/create.sh
[1.032s] -- Up-to-date: /home/puzzlebot/ros2_packages_ws/install/micro_ros_setup/./config/freertos/nucleo_f746zg/board.repos
[1.033s] -- Up-to-date: /home/puzzlebot/ros2_packages_ws/install/micro_ros_setup/./config/freertos/nucleo_f746zg/client_uros_packages.repos
[1.033s] -- Up-to-date: /home/puzzlebot/ros2_packages_ws/install/micro_ros_setup/./config/freertos/nucleo_f746zg/package.xml
[1.033s] -- Up-to-date: /home/puzzlebot/ros2_packages_ws/install/micro_ros_setup/./config/freertos/nucleo_f746zg/flash.sh
[1.034s] -- Up-to-date: /home/puzzlebot/ros2_packages_ws/install/micro_ros_setup/./config/freertos/nucleo_f746zg/configure.sh
[1.034s] -- Up-to-date: /home/puzzlebot/ros2_packages_ws/install/micro_ros_setup/./config/freertos/nucleo_f746zg/client-colcon.meta
[1.035s] -- Up-to-date: /home/puzzlebot/ros2_packages_ws/install/micro_ros_setup/./config/freertos/crazyflie21
[1.046s] -- Up-to-date: /home/puzzlebot/ros2_packages_ws/install/micro_ros_setup/./config/freertos/crazyflie21/build.sh
[1.046s] -- Up-to-date: /home/puzzlebot/ros2_packages_ws/install/micro_ros_setup/./config/freertos/crazyflie21/create.sh
[1.047s] -- Up-to-date: /home/puzzlebot/ros2_packages_ws/install/micro_ros_setup/./config/freertos/crazyflie21/board.repos
[1.052s] -- Up-to-date: /home/puzzlebot/ros2_packages_ws/install/micro_ros_setup/./config/freertos/crazyflie21/client_uros_packages.repos
[1.052s] -- Up-to-date: /home/puzzlebot/ros2_packages_ws/install/micro_ros_setup/./config/freertos/crazyflie21/package.xml
[1.053s] -- Up-to-date: /home/puzzlebot/ros2_packages_ws/install/micro_ros_setup/./config/freertos/crazyflie21/flash.sh
[1.054s] -- Up-to-date: /home/puzzlebot/ros2_packages_ws/install/micro_ros_setup/./config/freertos/crazyflie21/configure.sh
[1.056s] -- Up-to-date: /home/puzzlebot/ros2_packages_ws/install/micro_ros_setup/./config/freertos/crazyflie21/client-colcon.meta
[1.056s] -- Up-to-date: /home/puzzlebot/ros2_packages_ws/install/micro_ros_setup/./config/freertos/dev_uros_packages.repos
[1.057s] -- Up-to-date: /home/puzzlebot/ros2_packages_ws/install/micro_ros_setup/./config/freertos/nucleo_f767zi
[1.057s] -- Up-to-date: /home/puzzlebot/ros2_packages_ws/install/micro_ros_setup/./config/freertos/nucleo_f767zi/build.sh
[1.057s] -- Up-to-date: /home/puzzlebot/ros2_packages_ws/install/micro_ros_setup/./config/freertos/nucleo_f767zi/create.sh
[1.058s] -- Up-to-date: /home/puzzlebot/ros2_packages_ws/install/micro_ros_setup/./config/freertos/nucleo_f767zi/board.repos
[1.058s] -- Up-to-date: /home/puzzlebot/ros2_packages_ws/install/micro_ros_setup/./config/freertos/nucleo_f767zi/client_uros_packages.repos
[1.058s] -- Up-to-date: /home/puzzlebot/ros2_packages_ws/install/micro_ros_setup/./config/freertos/nucleo_f767zi/package.xml
[1.059s] -- Up-to-date: /home/puzzlebot/ros2_packages_ws/install/micro_ros_setup/./config/freertos/nucleo_f767zi/flash.sh
[1.066s] -- Up-to-date: /home/puzzlebot/ros2_packages_ws/install/micro_ros_setup/./config/freertos/nucleo_f767zi/configure.sh
[1.067s] -- Up-to-date: /home/puzzlebot/ros2_packages_ws/install/micro_ros_setup/./config/freertos/nucleo_f767zi/client-colcon.meta
[1.067s] -- Up-to-date: /home/puzzlebot/ros2_packages_ws/install/micro_ros_setup/./config/freertos/esp32
[1.068s] -- Up-to-date: /home/puzzlebot/ros2_packages_ws/install/micro_ros_setup/./config/freertos/esp32/build.sh
[1.069s] -- Up-to-date: /home/puzzlebot/ros2_packages_ws/install/micro_ros_setup/./config/freertos/esp32/create.sh
[1.070s] -- Up-to-date: /home/puzzlebot/ros2_packages_ws/install/micro_ros_setup/./config/freertos/esp32/README.md
[1.080s] -- Up-to-date: /home/puzzlebot/ros2_packages_ws/install/micro_ros_setup/./config/freertos/esp32/board.repos
[1.080s] -- Up-to-date: /home/puzzlebot/ros2_packages_ws/install/micro_ros_setup/./config/freertos/esp32/client_uros_packages.repos
[1.081s] -- Up-to-date: /home/puzzlebot/ros2_packages_ws/install/micro_ros_setup/./config/freertos/esp32/package.xml
[1.081s] -- Up-to-date: /home/puzzlebot/ros2_packages_ws/install/micro_ros_setup/./config/freertos/esp32/flash.sh
[1.082s] -- Up-to-date: /home/puzzlebot/ros2_packages_ws/install/micro_ros_setup/./config/freertos/esp32/configure.sh
[1.082s] -- Up-to-date: /home/puzzlebot/ros2_packages_ws/install/micro_ros_setup/./config/freertos/esp32/client-colcon.meta
[1.082s] -- Up-to-date: /home/puzzlebot/ros2_packages_ws/install/micro_ros_setup/./config/freertos/olimex-stm32-e407
[1.083s] -- Up-to-date: /home/puzzlebot/ros2_packages_ws/install/micro_ros_setup/./config/freertos/olimex-stm32-e407/build.sh
[1.083s] -- Up-to-date: /home/puzzlebot/ros2_packages_ws/install/micro_ros_setup/./config/freertos/olimex-stm32-e407/create.sh
[1.084s] -- Up-to-date: /home/puzzlebot/ros2_packages_ws/install/micro_ros_setup/./config/freertos/olimex-stm32-e407/board.repos
[1.084s] -- Up-to-date: /home/puzzlebot/ros2_packages_ws/install/micro_ros_setup/./config/freertos/olimex-stm32-e407/client_uros_packages.repos
[1.085s] -- Up-to-date: /home/puzzlebot/ros2_packages_ws/install/micro_ros_setup/./config/freertos/olimex-stm32-e407/package.xml
[1.086s] -- Up-to-date: /home/puzzlebot/ros2_packages_ws/install/micro_ros_setup/./config/freertos/olimex-stm32-e407/flash.sh
[1.086s] -- Up-to-date: /home/puzzlebot/ros2_packages_ws/install/micro_ros_setup/./config/freertos/olimex-stm32-e407/configure.sh
[1.087s] -- Up-to-date: /home/puzzlebot/ros2_packages_ws/install/micro_ros_setup/./config/freertos/olimex-stm32-e407/client-colcon.meta
[1.087s] -- Up-to-date: /home/puzzlebot/ros2_packages_ws/install/micro_ros_setup/./config/freertos/list_apps.sh
[1.088s] -- Up-to-date: /home/puzzlebot/ros2_packages_ws/install/micro_ros_setup/./config/freertos/dev_ros2_packages.txt
[1.088s] -- Up-to-date: /home/puzzlebot/ros2_packages_ws/install/micro_ros_setup/./config/mbed
[1.089s] -- Up-to-date: /home/puzzlebot/ros2_packages_ws/install/micro_ros_setup/./config/mbed/dev_uros_packages.repos
[1.089s] -- Up-to-date: /home/puzzlebot/ros2_packages_ws/install/micro_ros_setup/./config/mbed/generic
[1.090s] -- Up-to-date: /home/puzzlebot/ros2_packages_ws/install/micro_ros_setup/./config/mbed/generic/build.sh
[1.090s] -- Up-to-date: /home/puzzlebot/ros2_packages_ws/install/micro_ros_setup/./config/mbed/generic/create.sh
[1.091s] -- Up-to-date: /home/puzzlebot/ros2_packages_ws/install/micro_ros_setup/./config/mbed/generic/board.repos
[1.091s] -- Up-to-date: /home/puzzlebot/ros2_packages_ws/install/micro_ros_setup/./config/mbed/generic/client_uros_packages.repos
[1.091s] -- Up-to-date: /home/puzzlebot/ros2_packages_ws/install/micro_ros_setup/./config/mbed/generic/package.xml
[1.092s] -- Up-to-date: /home/puzzlebot/ros2_packages_ws/install/micro_ros_setup/./config/mbed/generic/flash.sh
[1.092s] -- Up-to-date: /home/puzzlebot/ros2_packages_ws/install/micro_ros_setup/./config/mbed/generic/supported_platforms
[1.093s] -- Up-to-date: /home/puzzlebot/ros2_packages_ws/install/micro_ros_setup/./config/mbed/list_apps.sh
[1.093s] -- Up-to-date: /home/puzzlebot/ros2_packages_ws/install/micro_ros_setup/./config/mbed/dev_ros2_packages.txt
[1.094s] -- Up-to-date: /home/puzzlebot/ros2_packages_ws/install/micro_ros_setup/./config/android
[1.094s] -- Up-to-date: /home/puzzlebot/ros2_packages_ws/install/micro_ros_setup/./config/android/dev_uros_packages.repos
[1.095s] -- Up-to-date: /home/puzzlebot/ros2_packages_ws/install/micro_ros_setup/./config/android/generic
[1.095s] -- Up-to-date: /home/puzzlebot/ros2_packages_ws/install/micro_ros_setup/./config/android/generic/build.sh
[1.107s] -- Up-to-date: /home/puzzlebot/ros2_packages_ws/install/micro_ros_setup/./config/android/generic/create.sh
[1.135s] -- Up-to-date: /home/puzzlebot/ros2_packages_ws/install/micro_ros_setup/./config/android/generic/client_uros_packages.repos
[1.136s] -- Up-to-date: /home/puzzlebot/ros2_packages_ws/install/micro_ros_setup/./config/android/generic/package.xml
[1.136s] -- Up-to-date: /home/puzzlebot/ros2_packages_ws/install/micro_ros_setup/./config/android/generic/flash.sh
[1.137s] -- Up-to-date: /home/puzzlebot/ros2_packages_ws/install/micro_ros_setup/./config/android/generic/client-colcon.meta
[1.137s] -- Up-to-date: /home/puzzlebot/ros2_packages_ws/install/micro_ros_setup/./config/android/dev_ros2_packages.txt
[1.138s] -- Up-to-date: /home/puzzlebot/ros2_packages_ws/install/micro_ros_setup/./config/client_uros_packages.repos
[1.138s] -- Up-to-date: /home/puzzlebot/ros2_packages_ws/install/micro_ros_setup/./config/host
[1.139s] -- Up-to-date: /home/puzzlebot/ros2_packages_ws/install/micro_ros_setup/./config/host/dev_uros_packages.repos
[1.139s] -- Up-to-date: /home/puzzlebot/ros2_packages_ws/install/micro_ros_setup/./config/host/client_ros2_packages.txt
[1.140s] -- Up-to-date: /home/puzzlebot/ros2_packages_ws/install/micro_ros_setup/./config/host/generic
[1.140s] -- Up-to-date: /home/puzzlebot/ros2_packages_ws/install/micro_ros_setup/./config/host/generic/client-host-colcon.meta
[1.141s] -- Up-to-date: /home/puzzlebot/ros2_packages_ws/install/micro_ros_setup/./config/host/generic/build.sh
[1.141s] -- Up-to-date: /home/puzzlebot/ros2_packages_ws/install/micro_ros_setup/./config/host/generic/create.sh
[1.141s] -- Up-to-date: /home/puzzlebot/ros2_packages_ws/install/micro_ros_setup/./config/host/generic/package.xml
[1.142s] -- Up-to-date: /home/puzzlebot/ros2_packages_ws/install/micro_ros_setup/./config/host/generic/flash.sh
[1.142s] -- Up-to-date: /home/puzzlebot/ros2_packages_ws/install/micro_ros_setup/./config/host/generic/client_host_packages.repos
[1.143s] -- Up-to-date: /home/puzzlebot/ros2_packages_ws/install/micro_ros_setup/./config/host/dev_ros2_packages.txt
[1.143s] -- Up-to-date: /home/puzzlebot/ros2_packages_ws/install/micro_ros_setup/./config/client_ros2_packages.txt
[1.144s] -- Up-to-date: /home/puzzlebot/ros2_packages_ws/install/micro_ros_setup/./config/zephyr
[1.144s] -- Up-to-date: /home/puzzlebot/ros2_packages_ws/install/micro_ros_setup/./config/zephyr/dev_uros_packages.repos
[1.144s] -- Up-to-date: /home/puzzlebot/ros2_packages_ws/install/micro_ros_setup/./config/zephyr/generic
[1.145s] -- Up-to-date: /home/puzzlebot/ros2_packages_ws/install/micro_ros_setup/./config/zephyr/generic/build.sh
[1.145s] -- Up-to-date: /home/puzzlebot/ros2_packages_ws/install/micro_ros_setup/./config/zephyr/generic/create.sh
[1.146s] -- Up-to-date: /home/puzzlebot/ros2_packages_ws/install/micro_ros_setup/./config/zephyr/generic/board.repos
[1.146s] -- Up-to-date: /home/puzzlebot/ros2_packages_ws/install/micro_ros_setup/./config/zephyr/generic/client_uros_packages.repos
[1.147s] -- Up-to-date: /home/puzzlebot/ros2_packages_ws/install/micro_ros_setup/./config/zephyr/generic/package.xml
[1.147s] -- Up-to-date: /home/puzzlebot/ros2_packages_ws/install/micro_ros_setup/./config/zephyr/generic/flash.sh
[1.165s] -- Up-to-date: /home/puzzlebot/ros2_packages_ws/install/micro_ros_setup/./config/zephyr/generic/configure.sh
[1.166s] -- Up-to-date: /home/puzzlebot/ros2_packages_ws/install/micro_ros_setup/./config/zephyr/generic/client-colcon.meta
[1.166s] -- Up-to-date: /home/puzzlebot/ros2_packages_ws/install/micro_ros_setup/./config/zephyr/generic/supported_platforms
[1.167s] -- Up-to-date: /home/puzzlebot/ros2_packages_ws/install/micro_ros_setup/./config/zephyr/list_apps.sh
[1.167s] -- Up-to-date: /home/puzzlebot/ros2_packages_ws/install/micro_ros_setup/./config/zephyr/dev_ros2_packages.txt
[1.167s] -- Up-to-date: /home/puzzlebot/ros2_packages_ws/install/micro_ros_setup/./config/raspbian
[1.168s] -- Up-to-date: /home/puzzlebot/ros2_packages_ws/install/micro_ros_setup/./config/raspbian/dev_uros_packages.repos
[1.168s] -- Up-to-date: /home/puzzlebot/ros2_packages_ws/install/micro_ros_setup/./config/raspbian/generic
[1.169s] -- Up-to-date: /home/puzzlebot/ros2_packages_ws/install/micro_ros_setup/./config/raspbian/generic/build.sh
[1.169s] -- Up-to-date: /home/puzzlebot/ros2_packages_ws/install/micro_ros_setup/./config/raspbian/generic/create.sh
[1.169s] -- Up-to-date: /home/puzzlebot/ros2_packages_ws/install/micro_ros_setup/./config/raspbian/generic/client_uros_packages.repos
[1.170s] -- Up-to-date: /home/puzzlebot/ros2_packages_ws/install/micro_ros_setup/./config/raspbian/generic/flash.sh
[1.170s] -- Up-to-date: /home/puzzlebot/ros2_packages_ws/install/micro_ros_setup/./config/raspbian/generic/configure.sh
[1.171s] -- Up-to-date: /home/puzzlebot/ros2_packages_ws/install/micro_ros_setup/./config/raspbian/generic/client-colcon.meta
[1.188s] -- Up-to-date: /home/puzzlebot/ros2_packages_ws/install/micro_ros_setup/./config/raspbian/generic/supported_platforms
[1.189s] -- Up-to-date: /home/puzzlebot/ros2_packages_ws/install/micro_ros_setup/./config/raspbian/dev_ros2_packages.txt
[1.189s] -- Up-to-date: /home/puzzlebot/ros2_packages_ws/install/micro_ros_setup/lib/micro_ros_setup/create_ws.sh
[1.190s] -- Up-to-date: /home/puzzlebot/ros2_packages_ws/install/micro_ros_setup/lib/micro_ros_setup/create_agent_ws.sh
[1.190s] -- Up-to-date: /home/puzzlebot/ros2_packages_ws/install/micro_ros_setup/lib/micro_ros_setup/create_firmware_ws.sh
[1.190s] -- Up-to-date: /home/puzzlebot/ros2_packages_ws/install/micro_ros_setup/lib/micro_ros_setup/configure_firmware.sh
[1.191s] -- Up-to-date: /home/puzzlebot/ros2_packages_ws/install/micro_ros_setup/lib/micro_ros_setup/flash_firmware.sh
[1.191s] -- Up-to-date: /home/puzzlebot/ros2_packages_ws/install/micro_ros_setup/lib/micro_ros_setup/build_firmware.sh
[1.192s] -- Up-to-date: /home/puzzlebot/ros2_packages_ws/install/micro_ros_setup/lib/micro_ros_setup/build_agent.sh
[1.192s] -- Up-to-date: /home/puzzlebot/ros2_packages_ws/install/micro_ros_setup/lib/micro_ros_setup/yaml_filter.py
[1.192s] -- Up-to-date: /home/puzzlebot/ros2_packages_ws/install/micro_ros_setup/lib/micro_ros_setup/clean_env.sh
[1.193s] -- Up-to-date: /home/puzzlebot/ros2_packages_ws/install/micro_ros_setup/lib/micro_ros_setup/component
[1.194s] Invoked command in '/home/puzzlebot/ros2_packages_ws/build/micro_ros_setup' returned '0': CMAKE_PREFIX_PATH=${CMAKE_PREFIX_PATH}:/home/puzzlebot/ros2_ws/install/puzzlebot_ros:/home/puzzlebot/ros2_packages_ws/install/localization:/home/puzzlebot/ros2_packages_ws/install/camera_viewer:/opt/ros/humble /usr/bin/cmake --install /home/puzzlebot/ros2_packages_ws/build/micro_ros_setup
