[0.154s] Invoking command in '/home/puzzlebot/ros2_packages_ws/build/aruco_opencv_msgs': CMAKE_PREFIX_PATH=${CMAKE_PREFIX_PATH}:/home/puzzlebot/ros2_ws/install/puzzlebot_ros:/home/puzzlebot/ros2_packages_ws/install/localization:/home/puzzlebot/ros2_packages_ws/install/camera_viewer:/opt/ros/humble /usr/bin/cmake --build /home/puzzlebot/ros2_packages_ws/build/aruco_opencv_msgs -- -j4 -l4
[0.633s] [  2%] Built target aruco_opencv_msgs__cpp
[0.704s] [  2%] Built target ament_cmake_python_copy_aruco_opencv_msgs
[0.714s] [ 12%] Built target aruco_opencv_msgs__rosidl_generator_c
[0.899s] [ 23%] Built target aruco_opencv_msgs__rosidl_typesupport_cpp
[0.944s] [ 34%] Built target aruco_opencv_msgs__rosidl_typesupport_introspection_cpp
[0.987s] [ 44%] Built target aruco_opencv_msgs__rosidl_typesupport_fastrtps_cpp
[1.218s] [ 55%] Built target aruco_opencv_msgs__rosidl_typesupport_fastrtps_c
[1.248s] [ 65%] Built target aruco_opencv_msgs__rosidl_typesupport_c
[1.311s] [ 76%] Built target aruco_opencv_msgs__rosidl_typesupport_introspection_c
[1.584s] [ 76%] Built target aruco_opencv_msgs
[1.962s] [ 78%] Built target aruco_opencv_msgs__py
[2.330s] [ 87%] Built target aruco_opencv_msgs__rosidl_generator_py
[2.706s] running egg_info
[2.711s] writing aruco_opencv_msgs.egg-info/PKG-INFO
[2.714s] writing dependency_links to aruco_opencv_msgs.egg-info/dependency_links.txt
[2.716s] writing top-level names to aruco_opencv_msgs.egg-info/top_level.txt
[2.909s] [ 91%] Built target aruco_opencv_msgs__rosidl_typesupport_introspection_c__pyext
[2.926s] reading manifest file 'aruco_opencv_msgs.egg-info/SOURCES.txt'
[2.930s] writing manifest file 'aruco_opencv_msgs.egg-info/SOURCES.txt'
[2.946s] [ 95%] Built target aruco_opencv_msgs__rosidl_typesupport_fastrtps_c__pyext
[2.960s] [100%] Built target aruco_opencv_msgs__rosidl_typesupport_c__pyext
[3.073s] [100%] Built target ament_cmake_python_build_aruco_opencv_msgs_egg
[3.198s] Invoked command in '/home/puzzlebot/ros2_packages_ws/build/aruco_opencv_msgs' returned '0': CMAKE_PREFIX_PATH=${CMAKE_PREFIX_PATH}:/home/puzzlebot/ros2_ws/install/puzzlebot_ros:/home/puzzlebot/ros2_packages_ws/install/localization:/home/puzzlebot/ros2_packages_ws/install/camera_viewer:/opt/ros/humble /usr/bin/cmake --build /home/puzzlebot/ros2_packages_ws/build/aruco_opencv_msgs -- -j4 -l4
[4.557s] Invoking command in '/home/puzzlebot/ros2_packages_ws/build/aruco_opencv_msgs': CMAKE_PREFIX_PATH=${CMAKE_PREFIX_PATH}:/home/puzzlebot/ros2_ws/install/puzzlebot_ros:/home/puzzlebot/ros2_packages_ws/install/localization:/home/puzzlebot/ros2_packages_ws/install/camera_viewer:/opt/ros/humble /usr/bin/cmake --install /home/puzzlebot/ros2_packages_ws/build/aruco_opencv_msgs
[4.626s] -- Install configuration: ""
[4.628s] -- Up-to-date: /home/puzzlebot/ros2_packages_ws/install/aruco_opencv_msgs/share/ament_index/resource_index/rosidl_interfaces/aruco_opencv_msgs
[4.632s] -- Up-to-date: /home/puzzlebot/ros2_packages_ws/install/aruco_opencv_msgs/include/aruco_opencv_msgs/aruco_opencv_msgs
[4.636s] -- Up-to-date: /home/puzzlebot/ros2_packages_ws/install/aruco_opencv_msgs/include/aruco_opencv_msgs/aruco_opencv_msgs/msg
[4.640s] -- Up-to-date: /home/puzzlebot/ros2_packages_ws/install/aruco_opencv_msgs/include/aruco_opencv_msgs/aruco_opencv_msgs/msg/aruco_detection.h
[4.643s] -- Up-to-date: /home/puzzlebot/ros2_packages_ws/install/aruco_opencv_msgs/include/aruco_opencv_msgs/aruco_opencv_msgs/msg/rosidl_generator_c__visibility_control.h
[4.647s] -- Up-to-date: /home/puzzlebot/ros2_packages_ws/install/aruco_opencv_msgs/include/aruco_opencv_msgs/aruco_opencv_msgs/msg/detail
[4.649s] -- Up-to-date: /home/puzzlebot/ros2_packages_ws/install/aruco_opencv_msgs/include/aruco_opencv_msgs/aruco_opencv_msgs/msg/detail/board_pose__functions.c
[4.655s] -- Up-to-date: /home/puzzlebot/ros2_packages_ws/install/aruco_opencv_msgs/include/aruco_opencv_msgs/aruco_opencv_msgs/msg/detail/aruco_detection__functions.c
[4.655s] -- Up-to-date: /home/puzzlebot/ros2_packages_ws/install/aruco_opencv_msgs/include/aruco_opencv_msgs/aruco_opencv_msgs/msg/detail/board_pose__type_support.h
[4.656s] -- Up-to-date: /home/puzzlebot/ros2_packages_ws/install/aruco_opencv_msgs/include/aruco_opencv_msgs/aruco_opencv_msgs/msg/detail/marker_pose__functions.c
[4.656s] -- Up-to-date: /home/puzzlebot/ros2_packages_ws/install/aruco_opencv_msgs/include/aruco_opencv_msgs/aruco_opencv_msgs/msg/detail/aruco_detection__type_support.h
[4.657s] -- Up-to-date: /home/puzzlebot/ros2_packages_ws/install/aruco_opencv_msgs/include/aruco_opencv_msgs/aruco_opencv_msgs/msg/detail/aruco_detection__struct.h
[4.658s] -- Up-to-date: /home/puzzlebot/ros2_packages_ws/install/aruco_opencv_msgs/include/aruco_opencv_msgs/aruco_opencv_msgs/msg/detail/marker_pose__type_support.h
[4.658s] -- Up-to-date: /home/puzzlebot/ros2_packages_ws/install/aruco_opencv_msgs/include/aruco_opencv_msgs/aruco_opencv_msgs/msg/detail/board_pose__functions.h
[4.659s] -- Up-to-date: /home/puzzlebot/ros2_packages_ws/install/aruco_opencv_msgs/include/aruco_opencv_msgs/aruco_opencv_msgs/msg/detail/marker_pose__struct.h
[4.659s] -- Up-to-date: /home/puzzlebot/ros2_packages_ws/install/aruco_opencv_msgs/include/aruco_opencv_msgs/aruco_opencv_msgs/msg/detail/aruco_detection__functions.h
[4.660s] -- Up-to-date: /home/puzzlebot/ros2_packages_ws/install/aruco_opencv_msgs/include/aruco_opencv_msgs/aruco_opencv_msgs/msg/detail/board_pose__struct.h
[4.663s] -- Up-to-date: /home/puzzlebot/ros2_packages_ws/install/aruco_opencv_msgs/include/aruco_opencv_msgs/aruco_opencv_msgs/msg/detail/marker_pose__functions.h
[4.664s] -- Up-to-date: /home/puzzlebot/ros2_packages_ws/install/aruco_opencv_msgs/include/aruco_opencv_msgs/aruco_opencv_msgs/msg/board_pose.h
[4.664s] -- Up-to-date: /home/puzzlebot/ros2_packages_ws/install/aruco_opencv_msgs/include/aruco_opencv_msgs/aruco_opencv_msgs/msg/marker_pose.h
[4.665s] -- Up-to-date: /home/puzzlebot/ros2_packages_ws/install/aruco_opencv_msgs/share/aruco_opencv_msgs/environment/library_path.sh
[4.668s] -- Up-to-date: /home/puzzlebot/ros2_packages_ws/install/aruco_opencv_msgs/share/aruco_opencv_msgs/environment/library_path.dsv
[4.670s] -- Up-to-date: /home/puzzlebot/ros2_packages_ws/install/aruco_opencv_msgs/lib/libaruco_opencv_msgs__rosidl_generator_c.so
[4.671s] -- Up-to-date: /home/puzzlebot/ros2_packages_ws/install/aruco_opencv_msgs/include/aruco_opencv_msgs/aruco_opencv_msgs
[4.674s] -- Up-to-date: /home/puzzlebot/ros2_packages_ws/install/aruco_opencv_msgs/include/aruco_opencv_msgs/aruco_opencv_msgs/msg
[4.686s] -- Up-to-date: /home/puzzlebot/ros2_packages_ws/install/aruco_opencv_msgs/include/aruco_opencv_msgs/aruco_opencv_msgs/msg/rosidl_typesupport_fastrtps_c__visibility_control.h
[4.694s] -- Up-to-date: /home/puzzlebot/ros2_packages_ws/install/aruco_opencv_msgs/include/aruco_opencv_msgs/aruco_opencv_msgs/msg/detail
[4.695s] -- Up-to-date: /home/puzzlebot/ros2_packages_ws/install/aruco_opencv_msgs/include/aruco_opencv_msgs/aruco_opencv_msgs/msg/detail/board_pose__rosidl_typesupport_fastrtps_c.h
[4.695s] -- Up-to-date: /home/puzzlebot/ros2_packages_ws/install/aruco_opencv_msgs/include/aruco_opencv_msgs/aruco_opencv_msgs/msg/detail/aruco_detection__rosidl_typesupport_fastrtps_c.h
[4.696s] -- Up-to-date: /home/puzzlebot/ros2_packages_ws/install/aruco_opencv_msgs/include/aruco_opencv_msgs/aruco_opencv_msgs/msg/detail/marker_pose__rosidl_typesupport_fastrtps_c.h
[4.696s] -- Up-to-date: /home/puzzlebot/ros2_packages_ws/install/aruco_opencv_msgs/lib/libaruco_opencv_msgs__rosidl_typesupport_fastrtps_c.so
[4.696s] -- Up-to-date: /home/puzzlebot/ros2_packages_ws/install/aruco_opencv_msgs/include/aruco_opencv_msgs/aruco_opencv_msgs
[4.697s] -- Up-to-date: /home/puzzlebot/ros2_packages_ws/install/aruco_opencv_msgs/include/aruco_opencv_msgs/aruco_opencv_msgs/msg
[4.697s] -- Up-to-date: /home/puzzlebot/ros2_packages_ws/install/aruco_opencv_msgs/include/aruco_opencv_msgs/aruco_opencv_msgs/msg/rosidl_typesupport_introspection_c__visibility_control.h
[4.698s] -- Up-to-date: /home/puzzlebot/ros2_packages_ws/install/aruco_opencv_msgs/include/aruco_opencv_msgs/aruco_opencv_msgs/msg/detail
[4.698s] -- Up-to-date: /home/puzzlebot/ros2_packages_ws/install/aruco_opencv_msgs/include/aruco_opencv_msgs/aruco_opencv_msgs/msg/detail/marker_pose__type_support.c
[4.699s] -- Up-to-date: /home/puzzlebot/ros2_packages_ws/install/aruco_opencv_msgs/include/aruco_opencv_msgs/aruco_opencv_msgs/msg/detail/marker_pose__rosidl_typesupport_introspection_c.h
[4.699s] -- Up-to-date: /home/puzzlebot/ros2_packages_ws/install/aruco_opencv_msgs/include/aruco_opencv_msgs/aruco_opencv_msgs/msg/detail/board_pose__type_support.c
[4.700s] -- Up-to-date: /home/puzzlebot/ros2_packages_ws/install/aruco_opencv_msgs/include/aruco_opencv_msgs/aruco_opencv_msgs/msg/detail/board_pose__rosidl_typesupport_introspection_c.h
[4.700s] -- Up-to-date: /home/puzzlebot/ros2_packages_ws/install/aruco_opencv_msgs/include/aruco_opencv_msgs/aruco_opencv_msgs/msg/detail/aruco_detection__type_support.c
[4.701s] -- Up-to-date: /home/puzzlebot/ros2_packages_ws/install/aruco_opencv_msgs/include/aruco_opencv_msgs/aruco_opencv_msgs/msg/detail/aruco_detection__rosidl_typesupport_introspection_c.h
[4.701s] -- Up-to-date: /home/puzzlebot/ros2_packages_ws/install/aruco_opencv_msgs/lib/libaruco_opencv_msgs__rosidl_typesupport_introspection_c.so
[4.702s] -- Up-to-date: /home/puzzlebot/ros2_packages_ws/install/aruco_opencv_msgs/lib/libaruco_opencv_msgs__rosidl_typesupport_c.so
[4.702s] -- Up-to-date: /home/puzzlebot/ros2_packages_ws/install/aruco_opencv_msgs/include/aruco_opencv_msgs/aruco_opencv_msgs
[4.703s] -- Up-to-date: /home/puzzlebot/ros2_packages_ws/install/aruco_opencv_msgs/include/aruco_opencv_msgs/aruco_opencv_msgs/msg
[4.703s] -- Up-to-date: /home/puzzlebot/ros2_packages_ws/install/aruco_opencv_msgs/include/aruco_opencv_msgs/aruco_opencv_msgs/msg/board_pose.hpp
[4.703s] -- Up-to-date: /home/puzzlebot/ros2_packages_ws/install/aruco_opencv_msgs/include/aruco_opencv_msgs/aruco_opencv_msgs/msg/marker_pose.hpp
[4.704s] -- Up-to-date: /home/puzzlebot/ros2_packages_ws/install/aruco_opencv_msgs/include/aruco_opencv_msgs/aruco_opencv_msgs/msg/detail
[4.704s] -- Up-to-date: /home/puzzlebot/ros2_packages_ws/install/aruco_opencv_msgs/include/aruco_opencv_msgs/aruco_opencv_msgs/msg/detail/aruco_detection__builder.hpp
[4.705s] -- Up-to-date: /home/puzzlebot/ros2_packages_ws/install/aruco_opencv_msgs/include/aruco_opencv_msgs/aruco_opencv_msgs/msg/detail/aruco_detection__traits.hpp
[4.727s] -- Up-to-date: /home/puzzlebot/ros2_packages_ws/install/aruco_opencv_msgs/include/aruco_opencv_msgs/aruco_opencv_msgs/msg/detail/board_pose__builder.hpp
[4.728s] -- Up-to-date: /home/puzzlebot/ros2_packages_ws/install/aruco_opencv_msgs/include/aruco_opencv_msgs/aruco_opencv_msgs/msg/detail/marker_pose__builder.hpp
[4.728s] -- Up-to-date: /home/puzzlebot/ros2_packages_ws/install/aruco_opencv_msgs/include/aruco_opencv_msgs/aruco_opencv_msgs/msg/detail/aruco_detection__struct.hpp
[4.729s] -- Up-to-date: /home/puzzlebot/ros2_packages_ws/install/aruco_opencv_msgs/include/aruco_opencv_msgs/aruco_opencv_msgs/msg/detail/marker_pose__struct.hpp
[4.736s] -- Up-to-date: /home/puzzlebot/ros2_packages_ws/install/aruco_opencv_msgs/include/aruco_opencv_msgs/aruco_opencv_msgs/msg/detail/board_pose__struct.hpp
[4.736s] -- Up-to-date: /home/puzzlebot/ros2_packages_ws/install/aruco_opencv_msgs/include/aruco_opencv_msgs/aruco_opencv_msgs/msg/detail/marker_pose__traits.hpp
[4.737s] -- Up-to-date: /home/puzzlebot/ros2_packages_ws/install/aruco_opencv_msgs/include/aruco_opencv_msgs/aruco_opencv_msgs/msg/detail/board_pose__traits.hpp
[4.738s] -- Up-to-date: /home/puzzlebot/ros2_packages_ws/install/aruco_opencv_msgs/include/aruco_opencv_msgs/aruco_opencv_msgs/msg/aruco_detection.hpp
[4.738s] -- Up-to-date: /home/puzzlebot/ros2_packages_ws/install/aruco_opencv_msgs/include/aruco_opencv_msgs/aruco_opencv_msgs
[4.739s] -- Up-to-date: /home/puzzlebot/ros2_packages_ws/install/aruco_opencv_msgs/include/aruco_opencv_msgs/aruco_opencv_msgs/msg
[4.739s] -- Up-to-date: /home/puzzlebot/ros2_packages_ws/install/aruco_opencv_msgs/include/aruco_opencv_msgs/aruco_opencv_msgs/msg/rosidl_typesupport_fastrtps_cpp__visibility_control.h
[4.739s] -- Up-to-date: /home/puzzlebot/ros2_packages_ws/install/aruco_opencv_msgs/include/aruco_opencv_msgs/aruco_opencv_msgs/msg/detail
[4.740s] -- Up-to-date: /home/puzzlebot/ros2_packages_ws/install/aruco_opencv_msgs/include/aruco_opencv_msgs/aruco_opencv_msgs/msg/detail/dds_fastrtps
[4.740s] -- Up-to-date: /home/puzzlebot/ros2_packages_ws/install/aruco_opencv_msgs/include/aruco_opencv_msgs/aruco_opencv_msgs/msg/detail/board_pose__rosidl_typesupport_fastrtps_cpp.hpp
[4.740s] -- Up-to-date: /home/puzzlebot/ros2_packages_ws/install/aruco_opencv_msgs/include/aruco_opencv_msgs/aruco_opencv_msgs/msg/detail/marker_pose__rosidl_typesupport_fastrtps_cpp.hpp
[4.741s] -- Up-to-date: /home/puzzlebot/ros2_packages_ws/install/aruco_opencv_msgs/include/aruco_opencv_msgs/aruco_opencv_msgs/msg/detail/aruco_detection__rosidl_typesupport_fastrtps_cpp.hpp
[4.741s] -- Up-to-date: /home/puzzlebot/ros2_packages_ws/install/aruco_opencv_msgs/lib/libaruco_opencv_msgs__rosidl_typesupport_fastrtps_cpp.so
[4.742s] -- Up-to-date: /home/puzzlebot/ros2_packages_ws/install/aruco_opencv_msgs/include/aruco_opencv_msgs/aruco_opencv_msgs
[4.742s] -- Up-to-date: /home/puzzlebot/ros2_packages_ws/install/aruco_opencv_msgs/include/aruco_opencv_msgs/aruco_opencv_msgs/msg
[4.743s] -- Up-to-date: /home/puzzlebot/ros2_packages_ws/install/aruco_opencv_msgs/include/aruco_opencv_msgs/aruco_opencv_msgs/msg/detail
[4.743s] -- Up-to-date: /home/puzzlebot/ros2_packages_ws/install/aruco_opencv_msgs/include/aruco_opencv_msgs/aruco_opencv_msgs/msg/detail/board_pose__rosidl_typesupport_introspection_cpp.hpp
[4.743s] -- Up-to-date: /home/puzzlebot/ros2_packages_ws/install/aruco_opencv_msgs/include/aruco_opencv_msgs/aruco_opencv_msgs/msg/detail/aruco_detection__type_support.cpp
[4.744s] -- Up-to-date: /home/puzzlebot/ros2_packages_ws/install/aruco_opencv_msgs/include/aruco_opencv_msgs/aruco_opencv_msgs/msg/detail/marker_pose__rosidl_typesupport_introspection_cpp.hpp
[4.745s] -- Up-to-date: /home/puzzlebot/ros2_packages_ws/install/aruco_opencv_msgs/include/aruco_opencv_msgs/aruco_opencv_msgs/msg/detail/aruco_detection__rosidl_typesupport_introspection_cpp.hpp
[4.758s] -- Up-to-date: /home/puzzlebot/ros2_packages_ws/install/aruco_opencv_msgs/include/aruco_opencv_msgs/aruco_opencv_msgs/msg/detail/board_pose__type_support.cpp
[4.759s] -- Up-to-date: /home/puzzlebot/ros2_packages_ws/install/aruco_opencv_msgs/include/aruco_opencv_msgs/aruco_opencv_msgs/msg/detail/marker_pose__type_support.cpp
[4.760s] -- Up-to-date: /home/puzzlebot/ros2_packages_ws/install/aruco_opencv_msgs/lib/libaruco_opencv_msgs__rosidl_typesupport_introspection_cpp.so
[4.760s] -- Up-to-date: /home/puzzlebot/ros2_packages_ws/install/aruco_opencv_msgs/lib/libaruco_opencv_msgs__rosidl_typesupport_cpp.so
[4.760s] -- Up-to-date: /home/puzzlebot/ros2_packages_ws/install/aruco_opencv_msgs/share/aruco_opencv_msgs/environment/pythonpath.sh
[4.761s] -- Up-to-date: /home/puzzlebot/ros2_packages_ws/install/aruco_opencv_msgs/share/aruco_opencv_msgs/environment/pythonpath.dsv
[4.761s] -- Up-to-date: /home/puzzlebot/ros2_packages_ws/install/aruco_opencv_msgs/lib/python3.8/site-packages/aruco_opencv_msgs-2.2.0-py3.8.egg-info
[4.762s] -- Installing: /home/puzzlebot/ros2_packages_ws/install/aruco_opencv_msgs/lib/python3.8/site-packages/aruco_opencv_msgs-2.2.0-py3.8.egg-info/top_level.txt
[4.762s] -- Installing: /home/puzzlebot/ros2_packages_ws/install/aruco_opencv_msgs/lib/python3.8/site-packages/aruco_opencv_msgs-2.2.0-py3.8.egg-info/PKG-INFO
[4.763s] -- Installing: /home/puzzlebot/ros2_packages_ws/install/aruco_opencv_msgs/lib/python3.8/site-packages/aruco_opencv_msgs-2.2.0-py3.8.egg-info/SOURCES.txt
[4.763s] -- Installing: /home/puzzlebot/ros2_packages_ws/install/aruco_opencv_msgs/lib/python3.8/site-packages/aruco_opencv_msgs-2.2.0-py3.8.egg-info/dependency_links.txt
[4.764s] -- Up-to-date: /home/puzzlebot/ros2_packages_ws/install/aruco_opencv_msgs/lib/python3.8/site-packages/aruco_opencv_msgs
[4.764s] -- Up-to-date: /home/puzzlebot/ros2_packages_ws/install/aruco_opencv_msgs/lib/python3.8/site-packages/aruco_opencv_msgs/aruco_opencv_msgs_s__rosidl_typesupport_c.cpython-38-aarch64-linux-gnu.so
[4.765s] -- Up-to-date: /home/puzzlebot/ros2_packages_ws/install/aruco_opencv_msgs/lib/python3.8/site-packages/aruco_opencv_msgs/__init__.py
[4.765s] -- Up-to-date: /home/puzzlebot/ros2_packages_ws/install/aruco_opencv_msgs/lib/python3.8/site-packages/aruco_opencv_msgs/_aruco_opencv_msgs_s.ep.rosidl_typesupport_fastrtps_c.c
[4.765s] -- Up-to-date: /home/puzzlebot/ros2_packages_ws/install/aruco_opencv_msgs/lib/python3.8/site-packages/aruco_opencv_msgs/msg
[4.766s] -- Up-to-date: /home/puzzlebot/ros2_packages_ws/install/aruco_opencv_msgs/lib/python3.8/site-packages/aruco_opencv_msgs/msg/_marker_pose_s.c
[4.766s] -- Up-to-date: /home/puzzlebot/ros2_packages_ws/install/aruco_opencv_msgs/lib/python3.8/site-packages/aruco_opencv_msgs/msg/__init__.py
[4.767s] -- Up-to-date: /home/puzzlebot/ros2_packages_ws/install/aruco_opencv_msgs/lib/python3.8/site-packages/aruco_opencv_msgs/msg/_board_pose.py
[4.767s] -- Up-to-date: /home/puzzlebot/ros2_packages_ws/install/aruco_opencv_msgs/lib/python3.8/site-packages/aruco_opencv_msgs/msg/_aruco_detection_s.c
[4.768s] -- Up-to-date: /home/puzzlebot/ros2_packages_ws/install/aruco_opencv_msgs/lib/python3.8/site-packages/aruco_opencv_msgs/msg/_marker_pose.py
[4.768s] -- Up-to-date: /home/puzzlebot/ros2_packages_ws/install/aruco_opencv_msgs/lib/python3.8/site-packages/aruco_opencv_msgs/msg/_aruco_detection.py
[4.769s] -- Up-to-date: /home/puzzlebot/ros2_packages_ws/install/aruco_opencv_msgs/lib/python3.8/site-packages/aruco_opencv_msgs/msg/_board_pose_s.c
[4.769s] -- Up-to-date: /home/puzzlebot/ros2_packages_ws/install/aruco_opencv_msgs/lib/python3.8/site-packages/aruco_opencv_msgs/_aruco_opencv_msgs_s.ep.rosidl_typesupport_c.c
[4.781s] -- Up-to-date: /home/puzzlebot/ros2_packages_ws/install/aruco_opencv_msgs/lib/python3.8/site-packages/aruco_opencv_msgs/aruco_opencv_msgs_s__rosidl_typesupport_fastrtps_c.cpython-38-aarch64-linux-gnu.so
[4.781s] -- Up-to-date: /home/puzzlebot/ros2_packages_ws/install/aruco_opencv_msgs/lib/python3.8/site-packages/aruco_opencv_msgs/_aruco_opencv_msgs_s.ep.rosidl_typesupport_introspection_c.c
[4.782s] -- Up-to-date: /home/puzzlebot/ros2_packages_ws/install/aruco_opencv_msgs/lib/python3.8/site-packages/aruco_opencv_msgs/libaruco_opencv_msgs__rosidl_generator_py.so
[4.783s] -- Up-to-date: /home/puzzlebot/ros2_packages_ws/install/aruco_opencv_msgs/lib/python3.8/site-packages/aruco_opencv_msgs/aruco_opencv_msgs_s__rosidl_typesupport_introspection_c.cpython-38-aarch64-linux-gnu.so
[4.900s] Listing '/home/puzzlebot/ros2_packages_ws/install/aruco_opencv_msgs/lib/python3.8/site-packages/aruco_opencv_msgs'...
[4.901s] Listing '/home/puzzlebot/ros2_packages_ws/install/aruco_opencv_msgs/lib/python3.8/site-packages/aruco_opencv_msgs/msg'...
[4.931s] -- Up-to-date: /home/puzzlebot/ros2_packages_ws/install/aruco_opencv_msgs/lib/python3.8/site-packages/aruco_opencv_msgs/aruco_opencv_msgs_s__rosidl_typesupport_fastrtps_c.cpython-38-aarch64-linux-gnu.so
[4.937s] -- Up-to-date: /home/puzzlebot/ros2_packages_ws/install/aruco_opencv_msgs/lib/python3.8/site-packages/aruco_opencv_msgs/aruco_opencv_msgs_s__rosidl_typesupport_introspection_c.cpython-38-aarch64-linux-gnu.so
[4.942s] -- Up-to-date: /home/puzzlebot/ros2_packages_ws/install/aruco_opencv_msgs/lib/python3.8/site-packages/aruco_opencv_msgs/aruco_opencv_msgs_s__rosidl_typesupport_c.cpython-38-aarch64-linux-gnu.so
[4.944s] -- Up-to-date: /home/puzzlebot/ros2_packages_ws/install/aruco_opencv_msgs/lib/libaruco_opencv_msgs__rosidl_generator_py.so
[4.945s] -- Up-to-date: /home/puzzlebot/ros2_packages_ws/install/aruco_opencv_msgs/share/aruco_opencv_msgs/msg/ArucoDetection.idl
[4.946s] -- Up-to-date: /home/puzzlebot/ros2_packages_ws/install/aruco_opencv_msgs/share/aruco_opencv_msgs/msg/BoardPose.idl
[4.947s] -- Up-to-date: /home/puzzlebot/ros2_packages_ws/install/aruco_opencv_msgs/share/aruco_opencv_msgs/msg/MarkerPose.idl
[4.947s] -- Up-to-date: /home/puzzlebot/ros2_packages_ws/install/aruco_opencv_msgs/share/aruco_opencv_msgs/msg/ArucoDetection.msg
[4.948s] -- Up-to-date: /home/puzzlebot/ros2_packages_ws/install/aruco_opencv_msgs/share/aruco_opencv_msgs/msg/BoardPose.msg
[4.951s] -- Up-to-date: /home/puzzlebot/ros2_packages_ws/install/aruco_opencv_msgs/share/aruco_opencv_msgs/msg/MarkerPose.msg
[4.953s] -- Up-to-date: /home/puzzlebot/ros2_packages_ws/install/aruco_opencv_msgs/share/ament_index/resource_index/package_run_dependencies/aruco_opencv_msgs
[4.955s] -- Up-to-date: /home/puzzlebot/ros2_packages_ws/install/aruco_opencv_msgs/share/ament_index/resource_index/parent_prefix_path/aruco_opencv_msgs
[4.956s] -- Up-to-date: /home/puzzlebot/ros2_packages_ws/install/aruco_opencv_msgs/share/aruco_opencv_msgs/environment/ament_prefix_path.sh
[4.956s] -- Up-to-date: /home/puzzlebot/ros2_packages_ws/install/aruco_opencv_msgs/share/aruco_opencv_msgs/environment/ament_prefix_path.dsv
[4.957s] -- Up-to-date: /home/puzzlebot/ros2_packages_ws/install/aruco_opencv_msgs/share/aruco_opencv_msgs/environment/path.sh
[4.957s] -- Up-to-date: /home/puzzlebot/ros2_packages_ws/install/aruco_opencv_msgs/share/aruco_opencv_msgs/environment/path.dsv
[4.958s] -- Up-to-date: /home/puzzlebot/ros2_packages_ws/install/aruco_opencv_msgs/share/aruco_opencv_msgs/local_setup.bash
[4.959s] -- Up-to-date: /home/puzzlebot/ros2_packages_ws/install/aruco_opencv_msgs/share/aruco_opencv_msgs/local_setup.sh
[4.960s] -- Up-to-date: /home/puzzlebot/ros2_packages_ws/install/aruco_opencv_msgs/share/aruco_opencv_msgs/local_setup.zsh
[4.961s] -- Up-to-date: /home/puzzlebot/ros2_packages_ws/install/aruco_opencv_msgs/share/aruco_opencv_msgs/local_setup.dsv
[4.962s] -- Installing: /home/puzzlebot/ros2_packages_ws/install/aruco_opencv_msgs/share/aruco_opencv_msgs/package.dsv
[4.963s] -- Up-to-date: /home/puzzlebot/ros2_packages_ws/install/aruco_opencv_msgs/share/ament_index/resource_index/packages/aruco_opencv_msgs
[4.964s] -- Up-to-date: /home/puzzlebot/ros2_packages_ws/install/aruco_opencv_msgs/share/aruco_opencv_msgs/cmake/export_aruco_opencv_msgs__rosidl_generator_cExport.cmake
[4.965s] -- Up-to-date: /home/puzzlebot/ros2_packages_ws/install/aruco_opencv_msgs/share/aruco_opencv_msgs/cmake/export_aruco_opencv_msgs__rosidl_generator_cExport-noconfig.cmake
[4.967s] -- Up-to-date: /home/puzzlebot/ros2_packages_ws/install/aruco_opencv_msgs/share/aruco_opencv_msgs/cmake/export_aruco_opencv_msgs__rosidl_typesupport_fastrtps_cExport.cmake
[4.970s] -- Up-to-date: /home/puzzlebot/ros2_packages_ws/install/aruco_opencv_msgs/share/aruco_opencv_msgs/cmake/export_aruco_opencv_msgs__rosidl_typesupport_fastrtps_cExport-noconfig.cmake
[4.970s] -- Up-to-date: /home/puzzlebot/ros2_packages_ws/install/aruco_opencv_msgs/share/aruco_opencv_msgs/cmake/aruco_opencv_msgs__rosidl_typesupport_introspection_cExport.cmake
[4.971s] -- Up-to-date: /home/puzzlebot/ros2_packages_ws/install/aruco_opencv_msgs/share/aruco_opencv_msgs/cmake/aruco_opencv_msgs__rosidl_typesupport_introspection_cExport-noconfig.cmake
[4.971s] -- Up-to-date: /home/puzzlebot/ros2_packages_ws/install/aruco_opencv_msgs/share/aruco_opencv_msgs/cmake/aruco_opencv_msgs__rosidl_typesupport_cExport.cmake
[4.972s] -- Up-to-date: /home/puzzlebot/ros2_packages_ws/install/aruco_opencv_msgs/share/aruco_opencv_msgs/cmake/aruco_opencv_msgs__rosidl_typesupport_cExport-noconfig.cmake
[4.972s] -- Up-to-date: /home/puzzlebot/ros2_packages_ws/install/aruco_opencv_msgs/share/aruco_opencv_msgs/cmake/export_aruco_opencv_msgs__rosidl_generator_cppExport.cmake
[4.973s] -- Up-to-date: /home/puzzlebot/ros2_packages_ws/install/aruco_opencv_msgs/share/aruco_opencv_msgs/cmake/export_aruco_opencv_msgs__rosidl_typesupport_fastrtps_cppExport.cmake
[4.974s] -- Up-to-date: /home/puzzlebot/ros2_packages_ws/install/aruco_opencv_msgs/share/aruco_opencv_msgs/cmake/export_aruco_opencv_msgs__rosidl_typesupport_fastrtps_cppExport-noconfig.cmake
[4.975s] -- Up-to-date: /home/puzzlebot/ros2_packages_ws/install/aruco_opencv_msgs/share/aruco_opencv_msgs/cmake/aruco_opencv_msgs__rosidl_typesupport_introspection_cppExport.cmake
[4.975s] -- Up-to-date: /home/puzzlebot/ros2_packages_ws/install/aruco_opencv_msgs/share/aruco_opencv_msgs/cmake/aruco_opencv_msgs__rosidl_typesupport_introspection_cppExport-noconfig.cmake
[4.982s] -- Up-to-date: /home/puzzlebot/ros2_packages_ws/install/aruco_opencv_msgs/share/aruco_opencv_msgs/cmake/aruco_opencv_msgs__rosidl_typesupport_cppExport.cmake
[4.983s] -- Up-to-date: /home/puzzlebot/ros2_packages_ws/install/aruco_opencv_msgs/share/aruco_opencv_msgs/cmake/aruco_opencv_msgs__rosidl_typesupport_cppExport-noconfig.cmake
[4.984s] -- Up-to-date: /home/puzzlebot/ros2_packages_ws/install/aruco_opencv_msgs/share/aruco_opencv_msgs/cmake/export_aruco_opencv_msgs__rosidl_generator_pyExport.cmake
[4.985s] -- Up-to-date: /home/puzzlebot/ros2_packages_ws/install/aruco_opencv_msgs/share/aruco_opencv_msgs/cmake/export_aruco_opencv_msgs__rosidl_generator_pyExport-noconfig.cmake
[4.985s] -- Up-to-date: /home/puzzlebot/ros2_packages_ws/install/aruco_opencv_msgs/share/aruco_opencv_msgs/cmake/rosidl_cmake-extras.cmake
[4.986s] -- Up-to-date: /home/puzzlebot/ros2_packages_ws/install/aruco_opencv_msgs/share/aruco_opencv_msgs/cmake/ament_cmake_export_dependencies-extras.cmake
[4.986s] -- Up-to-date: /home/puzzlebot/ros2_packages_ws/install/aruco_opencv_msgs/share/aruco_opencv_msgs/cmake/ament_cmake_export_include_directories-extras.cmake
[4.986s] -- Up-to-date: /home/puzzlebot/ros2_packages_ws/install/aruco_opencv_msgs/share/aruco_opencv_msgs/cmake/ament_cmake_export_libraries-extras.cmake
[4.987s] -- Up-to-date: /home/puzzlebot/ros2_packages_ws/install/aruco_opencv_msgs/share/aruco_opencv_msgs/cmake/ament_cmake_export_targets-extras.cmake
[4.987s] -- Up-to-date: /home/puzzlebot/ros2_packages_ws/install/aruco_opencv_msgs/share/aruco_opencv_msgs/cmake/rosidl_cmake_export_typesupport_targets-extras.cmake
[4.988s] -- Up-to-date: /home/puzzlebot/ros2_packages_ws/install/aruco_opencv_msgs/share/aruco_opencv_msgs/cmake/rosidl_cmake_export_typesupport_libraries-extras.cmake
[4.988s] -- Up-to-date: /home/puzzlebot/ros2_packages_ws/install/aruco_opencv_msgs/share/aruco_opencv_msgs/cmake/aruco_opencv_msgsConfig.cmake
[4.999s] -- Up-to-date: /home/puzzlebot/ros2_packages_ws/install/aruco_opencv_msgs/share/aruco_opencv_msgs/cmake/aruco_opencv_msgsConfig-version.cmake
[4.999s] -- Up-to-date: /home/puzzlebot/ros2_packages_ws/install/aruco_opencv_msgs/share/aruco_opencv_msgs/package.xml
[5.001s] Invoked command in '/home/puzzlebot/ros2_packages_ws/build/aruco_opencv_msgs' returned '0': CMAKE_PREFIX_PATH=${CMAKE_PREFIX_PATH}:/home/puzzlebot/ros2_ws/install/puzzlebot_ros:/home/puzzlebot/ros2_packages_ws/install/localization:/home/puzzlebot/ros2_packages_ws/install/camera_viewer:/opt/ros/humble /usr/bin/cmake --install /home/puzzlebot/ros2_packages_ws/build/aruco_opencv_msgs
