[0.123s] Invoking command in '/home/puzzlebot/ros2_packages_ws/build/sllidar_ros2': CMAKE_PREFIX_PATH=${CMAKE_PREFIX_PATH}:/home/puzzlebot/ros2_ws/install/puzzlebot_ros:/home/puzzlebot/ros2_packages_ws/install/localization:/home/puzzlebot/ros2_packages_ws/install/camera_viewer:/opt/ros/humble /usr/bin/cmake --build /home/puzzlebot/ros2_packages_ws/build/sllidar_ros2 -- -j4 -l4
[0.806s] [ 10%] Built target sllidar_client
[0.839s] [100%] Built target sllidar_node
[1.119s] Invoked command in '/home/puzzlebot/ros2_packages_ws/build/sllidar_ros2' returned '0': CMAKE_PREFIX_PATH=${CMAKE_PREFIX_PATH}:/home/puzzlebot/ros2_ws/install/puzzlebot_ros:/home/puzzlebot/ros2_packages_ws/install/localization:/home/puzzlebot/ros2_packages_ws/install/camera_viewer:/opt/ros/humble /usr/bin/cmake --build /home/puzzlebot/ros2_packages_ws/build/sllidar_ros2 -- -j4 -l4
[2.272s] Invoking command in '/home/puzzlebot/ros2_packages_ws/build/sllidar_ros2': CMAKE_PREFIX_PATH=${CMAKE_PREFIX_PATH}:/home/puzzlebot/ros2_ws/install/puzzlebot_ros:/home/puzzlebot/ros2_packages_ws/install/localization:/home/puzzlebot/ros2_packages_ws/install/camera_viewer:/opt/ros/humble /usr/bin/cmake --install /home/puzzlebot/ros2_packages_ws/build/sllidar_ros2
[2.338s] -- Install configuration: ""
[2.343s] -- Up-to-date: /home/puzzlebot/ros2_packages_ws/install/sllidar_ros2/share/sllidar_ros2/launch
[2.346s] -- Up-to-date: /home/puzzlebot/ros2_packages_ws/install/sllidar_ros2/share/sllidar_ros2/launch/sllidar_a1_launch.py
[2.347s] -- Up-to-date: /home/puzzlebot/ros2_packages_ws/install/sllidar_ros2/share/sllidar_ros2/launch/sllidar_a2m8_launch.py
[2.348s] -- Up-to-date: /home/puzzlebot/ros2_packages_ws/install/sllidar_ros2/share/sllidar_ros2/launch/view_sllidar_s2e_launch.py
[2.348s] -- Up-to-date: /home/puzzlebot/ros2_packages_ws/install/sllidar_ros2/share/sllidar_ros2/launch/view_sllidar_s3_launch.py
[2.349s] -- Up-to-date: /home/puzzlebot/ros2_packages_ws/install/sllidar_ros2/share/sllidar_ros2/launch/sllidar_t1_launch.py
[2.350s] -- Up-to-date: /home/puzzlebot/ros2_packages_ws/install/sllidar_ros2/share/sllidar_ros2/launch/sllidar_s2e_launch.py
[2.353s] -- Up-to-date: /home/puzzlebot/ros2_packages_ws/install/sllidar_ros2/share/sllidar_ros2/launch/view_sllidar_a2m7_launch.py
[2.354s] -- Up-to-date: /home/puzzlebot/ros2_packages_ws/install/sllidar_ros2/share/sllidar_ros2/launch/sllidar_a2m7_launch.py
[2.355s] -- Up-to-date: /home/puzzlebot/ros2_packages_ws/install/sllidar_ros2/share/sllidar_ros2/launch/view_sllidar_c1_launch.py
[2.356s] -- Up-to-date: /home/puzzlebot/ros2_packages_ws/install/sllidar_ros2/share/sllidar_ros2/launch/view_sllidar_a2m8_launch.py
[2.357s] -- Up-to-date: /home/puzzlebot/ros2_packages_ws/install/sllidar_ros2/share/sllidar_ros2/launch/view_sllidar_s1_launch.py
[2.359s] -- Up-to-date: /home/puzzlebot/ros2_packages_ws/install/sllidar_ros2/share/sllidar_ros2/launch/view_sllidar_a1_launch.py
[2.360s] -- Up-to-date: /home/puzzlebot/ros2_packages_ws/install/sllidar_ros2/share/sllidar_ros2/launch/sllidar_s3_launch.py
[2.361s] -- Up-to-date: /home/puzzlebot/ros2_packages_ws/install/sllidar_ros2/share/sllidar_ros2/launch/sllidar_s1_launch.py
[2.366s] -- Up-to-date: /home/puzzlebot/ros2_packages_ws/install/sllidar_ros2/share/sllidar_ros2/launch/view_sllidar_s1_tcp_launch.py
[2.386s] -- Up-to-date: /home/puzzlebot/ros2_packages_ws/install/sllidar_ros2/share/sllidar_ros2/launch/sllidar_s2_launch.py
[2.386s] -- Up-to-date: /home/puzzlebot/ros2_packages_ws/install/sllidar_ros2/share/sllidar_ros2/launch/sllidar_a3_launch.py
[2.387s] -- Up-to-date: /home/puzzlebot/ros2_packages_ws/install/sllidar_ros2/share/sllidar_ros2/launch/view_sllidar_t1_launch.py
[2.387s] -- Up-to-date: /home/puzzlebot/ros2_packages_ws/install/sllidar_ros2/share/sllidar_ros2/launch/view_sllidar_s2_launch.py
[2.388s] -- Up-to-date: /home/puzzlebot/ros2_packages_ws/install/sllidar_ros2/share/sllidar_ros2/launch/sllidar_a2m12_launch .py
[2.389s] -- Up-to-date: /home/puzzlebot/ros2_packages_ws/install/sllidar_ros2/share/sllidar_ros2/launch/view_sllidar_a2m12_launch.py
[2.389s] -- Up-to-date: /home/puzzlebot/ros2_packages_ws/install/sllidar_ros2/share/sllidar_ros2/launch/sllidar_s1_tcp_launch.py
[2.393s] -- Up-to-date: /home/puzzlebot/ros2_packages_ws/install/sllidar_ros2/share/sllidar_ros2/launch/view_sllidar_a3_launch.py
[2.394s] -- Up-to-date: /home/puzzlebot/ros2_packages_ws/install/sllidar_ros2/share/sllidar_ros2/launch/sllidar_c1_launch.py
[2.394s] -- Up-to-date: /home/puzzlebot/ros2_packages_ws/install/sllidar_ros2/share/sllidar_ros2/rviz
[2.395s] -- Up-to-date: /home/puzzlebot/ros2_packages_ws/install/sllidar_ros2/share/sllidar_ros2/rviz/sllidar_ros2.rviz
[2.396s] -- Up-to-date: /home/puzzlebot/ros2_packages_ws/install/sllidar_ros2/lib/sllidar_ros2/sllidar_node
[2.396s] -- Up-to-date: /home/puzzlebot/ros2_packages_ws/install/sllidar_ros2/lib/sllidar_ros2/sllidar_client
[2.397s] -- Up-to-date: /home/puzzlebot/ros2_packages_ws/install/sllidar_ros2/share/ament_index/resource_index/package_run_dependencies/sllidar_ros2
[2.397s] -- Up-to-date: /home/puzzlebot/ros2_packages_ws/install/sllidar_ros2/share/ament_index/resource_index/parent_prefix_path/sllidar_ros2
[2.407s] -- Up-to-date: /home/puzzlebot/ros2_packages_ws/install/sllidar_ros2/share/sllidar_ros2/environment/ament_prefix_path.sh
[2.408s] -- Up-to-date: /home/puzzlebot/ros2_packages_ws/install/sllidar_ros2/share/sllidar_ros2/environment/ament_prefix_path.dsv
[2.408s] -- Up-to-date: /home/puzzlebot/ros2_packages_ws/install/sllidar_ros2/share/sllidar_ros2/environment/path.sh
[2.409s] -- Up-to-date: /home/puzzlebot/ros2_packages_ws/install/sllidar_ros2/share/sllidar_ros2/environment/path.dsv
[2.409s] -- Up-to-date: /home/puzzlebot/ros2_packages_ws/install/sllidar_ros2/share/sllidar_ros2/local_setup.bash
[2.410s] -- Up-to-date: /home/puzzlebot/ros2_packages_ws/install/sllidar_ros2/share/sllidar_ros2/local_setup.sh
[2.411s] -- Up-to-date: /home/puzzlebot/ros2_packages_ws/install/sllidar_ros2/share/sllidar_ros2/local_setup.zsh
[2.411s] -- Up-to-date: /home/puzzlebot/ros2_packages_ws/install/sllidar_ros2/share/sllidar_ros2/local_setup.dsv
[2.412s] -- Installing: /home/puzzlebot/ros2_packages_ws/install/sllidar_ros2/share/sllidar_ros2/package.dsv
[2.412s] -- Up-to-date: /home/puzzlebot/ros2_packages_ws/install/sllidar_ros2/share/ament_index/resource_index/packages/sllidar_ros2
[2.413s] -- Up-to-date: /home/puzzlebot/ros2_packages_ws/install/sllidar_ros2/share/sllidar_ros2/cmake/ament_cmake_export_dependencies-extras.cmake
[2.426s] -- Up-to-date: /home/puzzlebot/ros2_packages_ws/install/sllidar_ros2/share/sllidar_ros2/cmake/ament_cmake_export_include_directories-extras.cmake
[2.443s] -- Up-to-date: /home/puzzlebot/ros2_packages_ws/install/sllidar_ros2/share/sllidar_ros2/cmake/sllidar_ros2Config.cmake
[2.444s] -- Up-to-date: /home/puzzlebot/ros2_packages_ws/install/sllidar_ros2/share/sllidar_ros2/cmake/sllidar_ros2Config-version.cmake
[2.444s] -- Up-to-date: /home/puzzlebot/ros2_packages_ws/install/sllidar_ros2/share/sllidar_ros2/package.xml
[2.445s] Invoked command in '/home/puzzlebot/ros2_packages_ws/build/sllidar_ros2' returned '0': CMAKE_PREFIX_PATH=${CMAKE_PREFIX_PATH}:/home/puzzlebot/ros2_ws/install/puzzlebot_ros:/home/puzzlebot/ros2_packages_ws/install/localization:/home/puzzlebot/ros2_packages_ws/install/camera_viewer:/opt/ros/humble /usr/bin/cmake --install /home/puzzlebot/ros2_packages_ws/build/sllidar_ros2
