[0.241s] Invoking command in '/home/puzzlebot/ros2_packages_ws/build/aruco_opencv': CMAKE_PREFIX_PATH=/home/puzzlebot/ros2_packages_ws/install/aruco_opencv_msgs:/home/puzzlebot/ros2_packages_ws/install/sllidar_ros2:/home/puzzlebot/ros2_packages_ws/install/ros_deep_learning:/home/puzzlebot/ros2_packages_ws/install/micro_ros_setup:/home/puzzlebot/ros2_packages_ws/install/micro_ros_agent:/home/puzzlebot/ros2_packages_ws/install/micro_ros_msgs:/home/puzzlebot/ros2_packages_ws/install/camera_info_publisher:/home/puzzlebot/ros2_packages_ws/install/aruco_opencv:/home/puzzlebot/ros2_ws/install/puzzlebot_ros:/home/puzzlebot/ros2_packages_ws/install/localization:/home/puzzlebot/ros2_packages_ws/install/camera_viewer:/opt/ros/humble LD_LIBRARY_PATH=/home/puzzlebot/ros2_packages_ws/install/aruco_opencv_msgs/lib:/home/puzzlebot/ros2_packages_ws/install/micro_ros_agent/lib:/home/puzzlebot/ros2_packages_ws/install/micro_ros_msgs/lib:/home/puzzlebot/ros2_packages_ws/install/aruco_opencv/lib:/opt/ros/humble/opt/rviz_ogre_vendor/lib:/opt/ros/humble/lib/aarch64-linux-gnu:/opt/ros/humble/lib PYTHONPATH=/home/puzzlebot/ros2_packages_ws/install/aruco_opencv_msgs/lib/python3.8/site-packages:/home/puzzlebot/ros2_ws/build/puzzlebot_ros:/home/puzzlebot/ros2_ws/install/puzzlebot_ros/lib/python3.8/site-packages:/home/puzzlebot/ros2_packages_ws/install/micro_ros_msgs/lib/python3.8/site-packages:/home/puzzlebot/ros2_packages_ws/install/localization/lib/python3.8/site-packages:/home/puzzlebot/ros2_packages_ws/install/camera_viewer/lib/python3.8/site-packages:/opt/ros/humble/lib/python3.8/site-packages /usr/bin/cmake --build /home/puzzlebot/ros2_packages_ws/build/aruco_opencv -- -j4 -l4
[1.042s] [ 28%] Built target aruco_tracker_autostart
[1.071s] [ 57%] Built target aruco_tracker
[1.152s] [100%] Built target aruco_opencv
[1.276s] Invoked command in '/home/puzzlebot/ros2_packages_ws/build/aruco_opencv' returned '0': CMAKE_PREFIX_PATH=/home/puzzlebot/ros2_packages_ws/install/aruco_opencv_msgs:/home/puzzlebot/ros2_packages_ws/install/sllidar_ros2:/home/puzzlebot/ros2_packages_ws/install/ros_deep_learning:/home/puzzlebot/ros2_packages_ws/install/micro_ros_setup:/home/puzzlebot/ros2_packages_ws/install/micro_ros_agent:/home/puzzlebot/ros2_packages_ws/install/micro_ros_msgs:/home/puzzlebot/ros2_packages_ws/install/camera_info_publisher:/home/puzzlebot/ros2_packages_ws/install/aruco_opencv:/home/puzzlebot/ros2_ws/install/puzzlebot_ros:/home/puzzlebot/ros2_packages_ws/install/localization:/home/puzzlebot/ros2_packages_ws/install/camera_viewer:/opt/ros/humble LD_LIBRARY_PATH=/home/puzzlebot/ros2_packages_ws/install/aruco_opencv_msgs/lib:/home/puzzlebot/ros2_packages_ws/install/micro_ros_agent/lib:/home/puzzlebot/ros2_packages_ws/install/micro_ros_msgs/lib:/home/puzzlebot/ros2_packages_ws/install/aruco_opencv/lib:/opt/ros/humble/opt/rviz_ogre_vendor/lib:/opt/ros/humble/lib/aarch64-linux-gnu:/opt/ros/humble/lib PYTHONPATH=/home/puzzlebot/ros2_packages_ws/install/aruco_opencv_msgs/lib/python3.8/site-packages:/home/puzzlebot/ros2_ws/build/puzzlebot_ros:/home/puzzlebot/ros2_ws/install/puzzlebot_ros/lib/python3.8/site-packages:/home/puzzlebot/ros2_packages_ws/install/micro_ros_msgs/lib/python3.8/site-packages:/home/puzzlebot/ros2_packages_ws/install/localization/lib/python3.8/site-packages:/home/puzzlebot/ros2_packages_ws/install/camera_viewer/lib/python3.8/site-packages:/opt/ros/humble/lib/python3.8/site-packages /usr/bin/cmake --build /home/puzzlebot/ros2_packages_ws/build/aruco_opencv -- -j4 -l4
[1.700s] Invoking command in '/home/puzzlebot/ros2_packages_ws/build/aruco_opencv': CMAKE_PREFIX_PATH=/home/puzzlebot/ros2_packages_ws/install/aruco_opencv_msgs:/home/puzzlebot/ros2_packages_ws/install/sllidar_ros2:/home/puzzlebot/ros2_packages_ws/install/ros_deep_learning:/home/puzzlebot/ros2_packages_ws/install/micro_ros_setup:/home/puzzlebot/ros2_packages_ws/install/micro_ros_agent:/home/puzzlebot/ros2_packages_ws/install/micro_ros_msgs:/home/puzzlebot/ros2_packages_ws/install/camera_info_publisher:/home/puzzlebot/ros2_packages_ws/install/aruco_opencv:/home/puzzlebot/ros2_ws/install/puzzlebot_ros:/home/puzzlebot/ros2_packages_ws/install/localization:/home/puzzlebot/ros2_packages_ws/install/camera_viewer:/opt/ros/humble LD_LIBRARY_PATH=/home/puzzlebot/ros2_packages_ws/install/aruco_opencv_msgs/lib:/home/puzzlebot/ros2_packages_ws/install/micro_ros_agent/lib:/home/puzzlebot/ros2_packages_ws/install/micro_ros_msgs/lib:/home/puzzlebot/ros2_packages_ws/install/aruco_opencv/lib:/opt/ros/humble/opt/rviz_ogre_vendor/lib:/opt/ros/humble/lib/aarch64-linux-gnu:/opt/ros/humble/lib PYTHONPATH=/home/puzzlebot/ros2_packages_ws/install/aruco_opencv_msgs/lib/python3.8/site-packages:/home/puzzlebot/ros2_ws/build/puzzlebot_ros:/home/puzzlebot/ros2_ws/install/puzzlebot_ros/lib/python3.8/site-packages:/home/puzzlebot/ros2_packages_ws/install/micro_ros_msgs/lib/python3.8/site-packages:/home/puzzlebot/ros2_packages_ws/install/localization/lib/python3.8/site-packages:/home/puzzlebot/ros2_packages_ws/install/camera_viewer/lib/python3.8/site-packages:/opt/ros/humble/lib/python3.8/site-packages /usr/bin/cmake --install /home/puzzlebot/ros2_packages_ws/build/aruco_opencv
[1.778s] -- Install configuration: ""
[1.788s] -- Up-to-date: /home/puzzlebot/ros2_packages_ws/install/aruco_opencv/lib/aruco_opencv/aruco_tracker
[1.800s] -- Up-to-date: /home/puzzlebot/ros2_packages_ws/install/aruco_opencv/lib/aruco_opencv/aruco_tracker_autostart
[1.804s] -- Up-to-date: /home/puzzlebot/ros2_packages_ws/install/aruco_opencv/lib/libaruco_opencv.so
[1.805s] -- Up-to-date: /home/puzzlebot/ros2_packages_ws/install/aruco_opencv/share/aruco_opencv/config
[1.806s] -- Up-to-date: /home/puzzlebot/ros2_packages_ws/install/aruco_opencv/share/aruco_opencv/config/aruco_tracker.yaml
[1.807s] -- Up-to-date: /home/puzzlebot/ros2_packages_ws/install/aruco_opencv/share/aruco_opencv/config/board_descriptions.yaml
[1.808s] -- Up-to-date: /home/puzzlebot/ros2_packages_ws/install/aruco_opencv/share/aruco_opencv/launch
[1.809s] -- Up-to-date: /home/puzzlebot/ros2_packages_ws/install/aruco_opencv/share/aruco_opencv/launch/aruco_tracker.launch.xml
[1.810s] -- Up-to-date: /home/puzzlebot/ros2_packages_ws/install/aruco_opencv/lib/aruco_opencv/create_board
[1.810s] -- Up-to-date: /home/puzzlebot/ros2_packages_ws/install/aruco_opencv/lib/aruco_opencv/create_marker
[1.811s] -- Up-to-date: /home/puzzlebot/ros2_packages_ws/install/aruco_opencv/share/ament_index/resource_index/package_run_dependencies/aruco_opencv
[1.811s] -- Up-to-date: /home/puzzlebot/ros2_packages_ws/install/aruco_opencv/share/ament_index/resource_index/parent_prefix_path/aruco_opencv
[1.829s] -- Up-to-date: /home/puzzlebot/ros2_packages_ws/install/aruco_opencv/share/aruco_opencv/environment/ament_prefix_path.sh
[1.831s] -- Up-to-date: /home/puzzlebot/ros2_packages_ws/install/aruco_opencv/share/aruco_opencv/environment/ament_prefix_path.dsv
[1.831s] -- Up-to-date: /home/puzzlebot/ros2_packages_ws/install/aruco_opencv/share/aruco_opencv/environment/path.sh
[1.832s] -- Up-to-date: /home/puzzlebot/ros2_packages_ws/install/aruco_opencv/share/aruco_opencv/environment/path.dsv
[1.832s] -- Up-to-date: /home/puzzlebot/ros2_packages_ws/install/aruco_opencv/share/aruco_opencv/local_setup.bash
[1.833s] -- Up-to-date: /home/puzzlebot/ros2_packages_ws/install/aruco_opencv/share/aruco_opencv/local_setup.sh
[1.833s] -- Up-to-date: /home/puzzlebot/ros2_packages_ws/install/aruco_opencv/share/aruco_opencv/local_setup.zsh
[1.833s] -- Up-to-date: /home/puzzlebot/ros2_packages_ws/install/aruco_opencv/share/aruco_opencv/local_setup.dsv
[1.834s] -- Installing: /home/puzzlebot/ros2_packages_ws/install/aruco_opencv/share/aruco_opencv/package.dsv
[1.834s] -- Up-to-date: /home/puzzlebot/ros2_packages_ws/install/aruco_opencv/share/ament_index/resource_index/packages/aruco_opencv
[1.834s] -- Up-to-date: /home/puzzlebot/ros2_packages_ws/install/aruco_opencv/share/ament_index/resource_index/rclcpp_components/aruco_opencv
[1.838s] -- Up-to-date: /home/puzzlebot/ros2_packages_ws/install/aruco_opencv/share/aruco_opencv/cmake/aruco_opencvConfig.cmake
[1.839s] -- Up-to-date: /home/puzzlebot/ros2_packages_ws/install/aruco_opencv/share/aruco_opencv/cmake/aruco_opencvConfig-version.cmake
[1.839s] -- Up-to-date: /home/puzzlebot/ros2_packages_ws/install/aruco_opencv/share/aruco_opencv/package.xml
[1.840s] Invoked command in '/home/puzzlebot/ros2_packages_ws/build/aruco_opencv' returned '0': CMAKE_PREFIX_PATH=/home/puzzlebot/ros2_packages_ws/install/aruco_opencv_msgs:/home/puzzlebot/ros2_packages_ws/install/sllidar_ros2:/home/puzzlebot/ros2_packages_ws/install/ros_deep_learning:/home/puzzlebot/ros2_packages_ws/install/micro_ros_setup:/home/puzzlebot/ros2_packages_ws/install/micro_ros_agent:/home/puzzlebot/ros2_packages_ws/install/micro_ros_msgs:/home/puzzlebot/ros2_packages_ws/install/camera_info_publisher:/home/puzzlebot/ros2_packages_ws/install/aruco_opencv:/home/puzzlebot/ros2_ws/install/puzzlebot_ros:/home/puzzlebot/ros2_packages_ws/install/localization:/home/puzzlebot/ros2_packages_ws/install/camera_viewer:/opt/ros/humble LD_LIBRARY_PATH=/home/puzzlebot/ros2_packages_ws/install/aruco_opencv_msgs/lib:/home/puzzlebot/ros2_packages_ws/install/micro_ros_agent/lib:/home/puzzlebot/ros2_packages_ws/install/micro_ros_msgs/lib:/home/puzzlebot/ros2_packages_ws/install/aruco_opencv/lib:/opt/ros/humble/opt/rviz_ogre_vendor/lib:/opt/ros/humble/lib/aarch64-linux-gnu:/opt/ros/humble/lib PYTHONPATH=/home/puzzlebot/ros2_packages_ws/install/aruco_opencv_msgs/lib/python3.8/site-packages:/home/puzzlebot/ros2_ws/build/puzzlebot_ros:/home/puzzlebot/ros2_ws/install/puzzlebot_ros/lib/python3.8/site-packages:/home/puzzlebot/ros2_packages_ws/install/micro_ros_msgs/lib/python3.8/site-packages:/home/puzzlebot/ros2_packages_ws/install/localization/lib/python3.8/site-packages:/home/puzzlebot/ros2_packages_ws/install/camera_viewer/lib/python3.8/site-packages:/opt/ros/humble/lib/python3.8/site-packages /usr/bin/cmake --install /home/puzzlebot/ros2_packages_ws/build/aruco_opencv
