[0.140s] Invoking command in '/home/puzzlebot/ros2_packages_ws/build/micro_ros_msgs': CMAKE_PREFIX_PATH=${CMAKE_PREFIX_PATH}:/home/puzzlebot/ros2_ws/install/puzzlebot_ros:/home/puzzlebot/ros2_packages_ws/install/localization:/home/puzzlebot/ros2_packages_ws/install/camera_viewer:/opt/ros/humble /usr/bin/cmake --build /home/puzzlebot/ros2_packages_ws/build/micro_ros_msgs -- -j4 -l4
[0.443s] [  2%] Built target micro_ros_msgs__cpp
[0.699s] [ 12%] Built target micro_ros_msgs__rosidl_typesupport_introspection_cpp
[0.711s] [ 23%] Built target micro_ros_msgs__rosidl_generator_c
[0.738s] [ 23%] Built target ament_cmake_python_copy_micro_ros_msgs
[0.762s] [ 34%] Built target micro_ros_msgs__rosidl_typesupport_cpp
[0.837s] [ 44%] Built target micro_ros_msgs__rosidl_typesupport_fastrtps_cpp
[0.990s] [ 55%] Built target micro_ros_msgs__rosidl_typesupport_fastrtps_c
[1.035s] [ 65%] Built target micro_ros_msgs__rosidl_typesupport_c
[1.106s] [ 76%] Built target micro_ros_msgs__rosidl_typesupport_introspection_c
[1.420s] [ 76%] Built target micro_ros_msgs
[1.623s] [ 78%] Built target micro_ros_msgs__py
[1.879s] [ 87%] Built target micro_ros_msgs__rosidl_generator_py
[2.336s] [ 91%] Built target micro_ros_msgs__rosidl_typesupport_introspection_c__pyext
[2.398s] [ 95%] Built target micro_ros_msgs__rosidl_typesupport_c__pyext
[2.408s] [100%] Built target micro_ros_msgs__rosidl_typesupport_fastrtps_c__pyext
[2.494s] running egg_info
[2.497s] writing micro_ros_msgs.egg-info/PKG-INFO
[2.498s] writing dependency_links to micro_ros_msgs.egg-info/dependency_links.txt
[2.499s] writing top-level names to micro_ros_msgs.egg-info/top_level.txt
[2.736s] reading manifest file 'micro_ros_msgs.egg-info/SOURCES.txt'
[2.740s] writing manifest file 'micro_ros_msgs.egg-info/SOURCES.txt'
[2.883s] [100%] Built target ament_cmake_python_build_micro_ros_msgs_egg
[3.035s] Invoked command in '/home/puzzlebot/ros2_packages_ws/build/micro_ros_msgs' returned '0': CMAKE_PREFIX_PATH=${CMAKE_PREFIX_PATH}:/home/puzzlebot/ros2_ws/install/puzzlebot_ros:/home/puzzlebot/ros2_packages_ws/install/localization:/home/puzzlebot/ros2_packages_ws/install/camera_viewer:/opt/ros/humble /usr/bin/cmake --build /home/puzzlebot/ros2_packages_ws/build/micro_ros_msgs -- -j4 -l4
[4.351s] Invoking command in '/home/puzzlebot/ros2_packages_ws/build/micro_ros_msgs': CMAKE_PREFIX_PATH=${CMAKE_PREFIX_PATH}:/home/puzzlebot/ros2_ws/install/puzzlebot_ros:/home/puzzlebot/ros2_packages_ws/install/localization:/home/puzzlebot/ros2_packages_ws/install/camera_viewer:/opt/ros/humble /usr/bin/cmake --install /home/puzzlebot/ros2_packages_ws/build/micro_ros_msgs
[4.406s] -- Install configuration: ""
[4.407s] -- Up-to-date: /home/puzzlebot/ros2_packages_ws/install/micro_ros_msgs/share/ament_index/resource_index/rosidl_interfaces/micro_ros_msgs
[4.408s] -- Up-to-date: /home/puzzlebot/ros2_packages_ws/install/micro_ros_msgs/include/micro_ros_msgs/micro_ros_msgs
[4.408s] -- Up-to-date: /home/puzzlebot/ros2_packages_ws/install/micro_ros_msgs/include/micro_ros_msgs/micro_ros_msgs/msg
[4.409s] -- Up-to-date: /home/puzzlebot/ros2_packages_ws/install/micro_ros_msgs/include/micro_ros_msgs/micro_ros_msgs/msg/rosidl_generator_c__visibility_control.h
[4.409s] -- Up-to-date: /home/puzzlebot/ros2_packages_ws/install/micro_ros_msgs/include/micro_ros_msgs/micro_ros_msgs/msg/entity.h
[4.410s] -- Up-to-date: /home/puzzlebot/ros2_packages_ws/install/micro_ros_msgs/include/micro_ros_msgs/micro_ros_msgs/msg/detail
[4.410s] -- Up-to-date: /home/puzzlebot/ros2_packages_ws/install/micro_ros_msgs/include/micro_ros_msgs/micro_ros_msgs/msg/detail/entity__functions.h
[4.411s] -- Up-to-date: /home/puzzlebot/ros2_packages_ws/install/micro_ros_msgs/include/micro_ros_msgs/micro_ros_msgs/msg/detail/node__type_support.h
[4.411s] -- Up-to-date: /home/puzzlebot/ros2_packages_ws/install/micro_ros_msgs/include/micro_ros_msgs/micro_ros_msgs/msg/detail/entity__struct.h
[4.412s] -- Up-to-date: /home/puzzlebot/ros2_packages_ws/install/micro_ros_msgs/include/micro_ros_msgs/micro_ros_msgs/msg/detail/graph__functions.h
[4.413s] -- Up-to-date: /home/puzzlebot/ros2_packages_ws/install/micro_ros_msgs/include/micro_ros_msgs/micro_ros_msgs/msg/detail/entity__type_support.h
[4.413s] -- Up-to-date: /home/puzzlebot/ros2_packages_ws/install/micro_ros_msgs/include/micro_ros_msgs/micro_ros_msgs/msg/detail/graph__struct.h
[4.413s] -- Up-to-date: /home/puzzlebot/ros2_packages_ws/install/micro_ros_msgs/include/micro_ros_msgs/micro_ros_msgs/msg/detail/node__struct.h
[4.414s] -- Up-to-date: /home/puzzlebot/ros2_packages_ws/install/micro_ros_msgs/include/micro_ros_msgs/micro_ros_msgs/msg/detail/graph__functions.c
[4.415s] -- Up-to-date: /home/puzzlebot/ros2_packages_ws/install/micro_ros_msgs/include/micro_ros_msgs/micro_ros_msgs/msg/detail/entity__functions.c
[4.415s] -- Up-to-date: /home/puzzlebot/ros2_packages_ws/install/micro_ros_msgs/include/micro_ros_msgs/micro_ros_msgs/msg/detail/node__functions.h
[4.416s] -- Up-to-date: /home/puzzlebot/ros2_packages_ws/install/micro_ros_msgs/include/micro_ros_msgs/micro_ros_msgs/msg/detail/node__functions.c
[4.416s] -- Up-to-date: /home/puzzlebot/ros2_packages_ws/install/micro_ros_msgs/include/micro_ros_msgs/micro_ros_msgs/msg/detail/graph__type_support.h
[4.416s] -- Up-to-date: /home/puzzlebot/ros2_packages_ws/install/micro_ros_msgs/include/micro_ros_msgs/micro_ros_msgs/msg/node.h
[4.417s] -- Up-to-date: /home/puzzlebot/ros2_packages_ws/install/micro_ros_msgs/include/micro_ros_msgs/micro_ros_msgs/msg/graph.h
[4.417s] -- Up-to-date: /home/puzzlebot/ros2_packages_ws/install/micro_ros_msgs/share/micro_ros_msgs/environment/library_path.sh
[4.418s] -- Up-to-date: /home/puzzlebot/ros2_packages_ws/install/micro_ros_msgs/share/micro_ros_msgs/environment/library_path.dsv
[4.418s] -- Up-to-date: /home/puzzlebot/ros2_packages_ws/install/micro_ros_msgs/lib/libmicro_ros_msgs__rosidl_generator_c.so
[4.419s] -- Up-to-date: /home/puzzlebot/ros2_packages_ws/install/micro_ros_msgs/include/micro_ros_msgs/micro_ros_msgs
[4.419s] -- Up-to-date: /home/puzzlebot/ros2_packages_ws/install/micro_ros_msgs/include/micro_ros_msgs/micro_ros_msgs/msg
[4.420s] -- Up-to-date: /home/puzzlebot/ros2_packages_ws/install/micro_ros_msgs/include/micro_ros_msgs/micro_ros_msgs/msg/rosidl_typesupport_fastrtps_c__visibility_control.h
[4.421s] -- Up-to-date: /home/puzzlebot/ros2_packages_ws/install/micro_ros_msgs/include/micro_ros_msgs/micro_ros_msgs/msg/detail
[4.422s] -- Up-to-date: /home/puzzlebot/ros2_packages_ws/install/micro_ros_msgs/include/micro_ros_msgs/micro_ros_msgs/msg/detail/entity__rosidl_typesupport_fastrtps_c.h
[4.423s] -- Up-to-date: /home/puzzlebot/ros2_packages_ws/install/micro_ros_msgs/include/micro_ros_msgs/micro_ros_msgs/msg/detail/graph__rosidl_typesupport_fastrtps_c.h
[4.424s] -- Up-to-date: /home/puzzlebot/ros2_packages_ws/install/micro_ros_msgs/include/micro_ros_msgs/micro_ros_msgs/msg/detail/node__rosidl_typesupport_fastrtps_c.h
[4.424s] -- Up-to-date: /home/puzzlebot/ros2_packages_ws/install/micro_ros_msgs/lib/libmicro_ros_msgs__rosidl_typesupport_fastrtps_c.so
[4.425s] -- Up-to-date: /home/puzzlebot/ros2_packages_ws/install/micro_ros_msgs/include/micro_ros_msgs/micro_ros_msgs
[4.425s] -- Up-to-date: /home/puzzlebot/ros2_packages_ws/install/micro_ros_msgs/include/micro_ros_msgs/micro_ros_msgs/msg
[4.425s] -- Up-to-date: /home/puzzlebot/ros2_packages_ws/install/micro_ros_msgs/include/micro_ros_msgs/micro_ros_msgs/msg/rosidl_typesupport_introspection_c__visibility_control.h
[4.426s] -- Up-to-date: /home/puzzlebot/ros2_packages_ws/install/micro_ros_msgs/include/micro_ros_msgs/micro_ros_msgs/msg/detail
[4.427s] -- Up-to-date: /home/puzzlebot/ros2_packages_ws/install/micro_ros_msgs/include/micro_ros_msgs/micro_ros_msgs/msg/detail/node__type_support.c
[4.427s] -- Up-to-date: /home/puzzlebot/ros2_packages_ws/install/micro_ros_msgs/include/micro_ros_msgs/micro_ros_msgs/msg/detail/graph__type_support.c
[4.428s] -- Up-to-date: /home/puzzlebot/ros2_packages_ws/install/micro_ros_msgs/include/micro_ros_msgs/micro_ros_msgs/msg/detail/entity__type_support.c
[4.428s] -- Up-to-date: /home/puzzlebot/ros2_packages_ws/install/micro_ros_msgs/include/micro_ros_msgs/micro_ros_msgs/msg/detail/graph__rosidl_typesupport_introspection_c.h
[4.428s] -- Up-to-date: /home/puzzlebot/ros2_packages_ws/install/micro_ros_msgs/include/micro_ros_msgs/micro_ros_msgs/msg/detail/node__rosidl_typesupport_introspection_c.h
[4.429s] -- Up-to-date: /home/puzzlebot/ros2_packages_ws/install/micro_ros_msgs/include/micro_ros_msgs/micro_ros_msgs/msg/detail/entity__rosidl_typesupport_introspection_c.h
[4.429s] -- Up-to-date: /home/puzzlebot/ros2_packages_ws/install/micro_ros_msgs/lib/libmicro_ros_msgs__rosidl_typesupport_introspection_c.so
[4.430s] -- Up-to-date: /home/puzzlebot/ros2_packages_ws/install/micro_ros_msgs/lib/libmicro_ros_msgs__rosidl_typesupport_c.so
[4.431s] -- Up-to-date: /home/puzzlebot/ros2_packages_ws/install/micro_ros_msgs/include/micro_ros_msgs/micro_ros_msgs
[4.431s] -- Up-to-date: /home/puzzlebot/ros2_packages_ws/install/micro_ros_msgs/include/micro_ros_msgs/micro_ros_msgs/msg
[4.432s] -- Up-to-date: /home/puzzlebot/ros2_packages_ws/install/micro_ros_msgs/include/micro_ros_msgs/micro_ros_msgs/msg/entity.hpp
[4.432s] -- Up-to-date: /home/puzzlebot/ros2_packages_ws/install/micro_ros_msgs/include/micro_ros_msgs/micro_ros_msgs/msg/node.hpp
[4.434s] -- Up-to-date: /home/puzzlebot/ros2_packages_ws/install/micro_ros_msgs/include/micro_ros_msgs/micro_ros_msgs/msg/detail
[4.434s] -- Up-to-date: /home/puzzlebot/ros2_packages_ws/install/micro_ros_msgs/include/micro_ros_msgs/micro_ros_msgs/msg/detail/graph__traits.hpp
[4.435s] -- Up-to-date: /home/puzzlebot/ros2_packages_ws/install/micro_ros_msgs/include/micro_ros_msgs/micro_ros_msgs/msg/detail/entity__builder.hpp
[4.436s] -- Up-to-date: /home/puzzlebot/ros2_packages_ws/install/micro_ros_msgs/include/micro_ros_msgs/micro_ros_msgs/msg/detail/node__traits.hpp
[4.437s] -- Up-to-date: /home/puzzlebot/ros2_packages_ws/install/micro_ros_msgs/include/micro_ros_msgs/micro_ros_msgs/msg/detail/entity__traits.hpp
[4.437s] -- Up-to-date: /home/puzzlebot/ros2_packages_ws/install/micro_ros_msgs/include/micro_ros_msgs/micro_ros_msgs/msg/detail/graph__builder.hpp
[4.438s] -- Up-to-date: /home/puzzlebot/ros2_packages_ws/install/micro_ros_msgs/include/micro_ros_msgs/micro_ros_msgs/msg/detail/node__builder.hpp
[4.439s] -- Up-to-date: /home/puzzlebot/ros2_packages_ws/install/micro_ros_msgs/include/micro_ros_msgs/micro_ros_msgs/msg/detail/graph__struct.hpp
[4.439s] -- Up-to-date: /home/puzzlebot/ros2_packages_ws/install/micro_ros_msgs/include/micro_ros_msgs/micro_ros_msgs/msg/detail/entity__struct.hpp
[4.440s] -- Up-to-date: /home/puzzlebot/ros2_packages_ws/install/micro_ros_msgs/include/micro_ros_msgs/micro_ros_msgs/msg/detail/node__struct.hpp
[4.440s] -- Up-to-date: /home/puzzlebot/ros2_packages_ws/install/micro_ros_msgs/include/micro_ros_msgs/micro_ros_msgs/msg/graph.hpp
[4.441s] -- Up-to-date: /home/puzzlebot/ros2_packages_ws/install/micro_ros_msgs/include/micro_ros_msgs/micro_ros_msgs
[4.441s] -- Up-to-date: /home/puzzlebot/ros2_packages_ws/install/micro_ros_msgs/include/micro_ros_msgs/micro_ros_msgs/msg
[4.442s] -- Up-to-date: /home/puzzlebot/ros2_packages_ws/install/micro_ros_msgs/include/micro_ros_msgs/micro_ros_msgs/msg/rosidl_typesupport_fastrtps_cpp__visibility_control.h
[4.442s] -- Up-to-date: /home/puzzlebot/ros2_packages_ws/install/micro_ros_msgs/include/micro_ros_msgs/micro_ros_msgs/msg/detail
[4.443s] -- Up-to-date: /home/puzzlebot/ros2_packages_ws/install/micro_ros_msgs/include/micro_ros_msgs/micro_ros_msgs/msg/detail/dds_fastrtps
[4.444s] -- Up-to-date: /home/puzzlebot/ros2_packages_ws/install/micro_ros_msgs/include/micro_ros_msgs/micro_ros_msgs/msg/detail/entity__rosidl_typesupport_fastrtps_cpp.hpp
[4.444s] -- Up-to-date: /home/puzzlebot/ros2_packages_ws/install/micro_ros_msgs/include/micro_ros_msgs/micro_ros_msgs/msg/detail/node__rosidl_typesupport_fastrtps_cpp.hpp
[4.445s] -- Up-to-date: /home/puzzlebot/ros2_packages_ws/install/micro_ros_msgs/include/micro_ros_msgs/micro_ros_msgs/msg/detail/graph__rosidl_typesupport_fastrtps_cpp.hpp
[4.446s] -- Up-to-date: /home/puzzlebot/ros2_packages_ws/install/micro_ros_msgs/lib/libmicro_ros_msgs__rosidl_typesupport_fastrtps_cpp.so
[4.446s] -- Up-to-date: /home/puzzlebot/ros2_packages_ws/install/micro_ros_msgs/include/micro_ros_msgs/micro_ros_msgs
[4.447s] -- Up-to-date: /home/puzzlebot/ros2_packages_ws/install/micro_ros_msgs/include/micro_ros_msgs/micro_ros_msgs/msg
[4.447s] -- Up-to-date: /home/puzzlebot/ros2_packages_ws/install/micro_ros_msgs/include/micro_ros_msgs/micro_ros_msgs/msg/detail
[4.448s] -- Up-to-date: /home/puzzlebot/ros2_packages_ws/install/micro_ros_msgs/include/micro_ros_msgs/micro_ros_msgs/msg/detail/graph__rosidl_typesupport_introspection_cpp.hpp
[4.448s] -- Up-to-date: /home/puzzlebot/ros2_packages_ws/install/micro_ros_msgs/include/micro_ros_msgs/micro_ros_msgs/msg/detail/entity__rosidl_typesupport_introspection_cpp.hpp
[4.449s] -- Up-to-date: /home/puzzlebot/ros2_packages_ws/install/micro_ros_msgs/include/micro_ros_msgs/micro_ros_msgs/msg/detail/graph__type_support.cpp
[4.450s] -- Up-to-date: /home/puzzlebot/ros2_packages_ws/install/micro_ros_msgs/include/micro_ros_msgs/micro_ros_msgs/msg/detail/entity__type_support.cpp
[4.450s] -- Up-to-date: /home/puzzlebot/ros2_packages_ws/install/micro_ros_msgs/include/micro_ros_msgs/micro_ros_msgs/msg/detail/node__type_support.cpp
[4.451s] -- Up-to-date: /home/puzzlebot/ros2_packages_ws/install/micro_ros_msgs/include/micro_ros_msgs/micro_ros_msgs/msg/detail/node__rosidl_typesupport_introspection_cpp.hpp
[4.451s] -- Up-to-date: /home/puzzlebot/ros2_packages_ws/install/micro_ros_msgs/lib/libmicro_ros_msgs__rosidl_typesupport_introspection_cpp.so
[4.452s] -- Up-to-date: /home/puzzlebot/ros2_packages_ws/install/micro_ros_msgs/lib/libmicro_ros_msgs__rosidl_typesupport_cpp.so
[4.452s] -- Up-to-date: /home/puzzlebot/ros2_packages_ws/install/micro_ros_msgs/share/micro_ros_msgs/environment/pythonpath.sh
[4.453s] -- Up-to-date: /home/puzzlebot/ros2_packages_ws/install/micro_ros_msgs/share/micro_ros_msgs/environment/pythonpath.dsv
[4.453s] -- Up-to-date: /home/puzzlebot/ros2_packages_ws/install/micro_ros_msgs/lib/python3.8/site-packages/micro_ros_msgs-3.0.0-py3.8.egg-info
[4.454s] -- Installing: /home/puzzlebot/ros2_packages_ws/install/micro_ros_msgs/lib/python3.8/site-packages/micro_ros_msgs-3.0.0-py3.8.egg-info/top_level.txt
[4.455s] -- Installing: /home/puzzlebot/ros2_packages_ws/install/micro_ros_msgs/lib/python3.8/site-packages/micro_ros_msgs-3.0.0-py3.8.egg-info/PKG-INFO
[4.455s] -- Installing: /home/puzzlebot/ros2_packages_ws/install/micro_ros_msgs/lib/python3.8/site-packages/micro_ros_msgs-3.0.0-py3.8.egg-info/SOURCES.txt
[4.456s] -- Installing: /home/puzzlebot/ros2_packages_ws/install/micro_ros_msgs/lib/python3.8/site-packages/micro_ros_msgs-3.0.0-py3.8.egg-info/dependency_links.txt
[4.456s] -- Up-to-date: /home/puzzlebot/ros2_packages_ws/install/micro_ros_msgs/lib/python3.8/site-packages/micro_ros_msgs
[4.457s] -- Up-to-date: /home/puzzlebot/ros2_packages_ws/install/micro_ros_msgs/lib/python3.8/site-packages/micro_ros_msgs/micro_ros_msgs_s__rosidl_typesupport_introspection_c.cpython-38-aarch64-linux-gnu.so
[4.457s] -- Up-to-date: /home/puzzlebot/ros2_packages_ws/install/micro_ros_msgs/lib/python3.8/site-packages/micro_ros_msgs/__init__.py
[4.458s] -- Up-to-date: /home/puzzlebot/ros2_packages_ws/install/micro_ros_msgs/lib/python3.8/site-packages/micro_ros_msgs/msg
[4.458s] -- Up-to-date: /home/puzzlebot/ros2_packages_ws/install/micro_ros_msgs/lib/python3.8/site-packages/micro_ros_msgs/msg/_graph_s.c
[4.459s] -- Up-to-date: /home/puzzlebot/ros2_packages_ws/install/micro_ros_msgs/lib/python3.8/site-packages/micro_ros_msgs/msg/_entity.py
[4.460s] -- Up-to-date: /home/puzzlebot/ros2_packages_ws/install/micro_ros_msgs/lib/python3.8/site-packages/micro_ros_msgs/msg/__init__.py
[4.460s] -- Up-to-date: /home/puzzlebot/ros2_packages_ws/install/micro_ros_msgs/lib/python3.8/site-packages/micro_ros_msgs/msg/_node_s.c
[4.461s] -- Up-to-date: /home/puzzlebot/ros2_packages_ws/install/micro_ros_msgs/lib/python3.8/site-packages/micro_ros_msgs/msg/_entity_s.c
[4.462s] -- Up-to-date: /home/puzzlebot/ros2_packages_ws/install/micro_ros_msgs/lib/python3.8/site-packages/micro_ros_msgs/msg/_node.py
[4.462s] -- Up-to-date: /home/puzzlebot/ros2_packages_ws/install/micro_ros_msgs/lib/python3.8/site-packages/micro_ros_msgs/msg/_graph.py
[4.463s] -- Up-to-date: /home/puzzlebot/ros2_packages_ws/install/micro_ros_msgs/lib/python3.8/site-packages/micro_ros_msgs/micro_ros_msgs_s__rosidl_typesupport_c.cpython-38-aarch64-linux-gnu.so
[4.464s] -- Up-to-date: /home/puzzlebot/ros2_packages_ws/install/micro_ros_msgs/lib/python3.8/site-packages/micro_ros_msgs/_micro_ros_msgs_s.ep.rosidl_typesupport_fastrtps_c.c
[4.464s] -- Up-to-date: /home/puzzlebot/ros2_packages_ws/install/micro_ros_msgs/lib/python3.8/site-packages/micro_ros_msgs/micro_ros_msgs_s__rosidl_typesupport_fastrtps_c.cpython-38-aarch64-linux-gnu.so
[4.465s] -- Up-to-date: /home/puzzlebot/ros2_packages_ws/install/micro_ros_msgs/lib/python3.8/site-packages/micro_ros_msgs/_micro_ros_msgs_s.ep.rosidl_typesupport_c.c
[4.465s] -- Up-to-date: /home/puzzlebot/ros2_packages_ws/install/micro_ros_msgs/lib/python3.8/site-packages/micro_ros_msgs/_micro_ros_msgs_s.ep.rosidl_typesupport_introspection_c.c
[4.466s] -- Up-to-date: /home/puzzlebot/ros2_packages_ws/install/micro_ros_msgs/lib/python3.8/site-packages/micro_ros_msgs/libmicro_ros_msgs__rosidl_generator_py.so
[4.627s] Listing '/home/puzzlebot/ros2_packages_ws/install/micro_ros_msgs/lib/python3.8/site-packages/micro_ros_msgs'...
[4.628s] Listing '/home/puzzlebot/ros2_packages_ws/install/micro_ros_msgs/lib/python3.8/site-packages/micro_ros_msgs/msg'...
[4.650s] -- Up-to-date: /home/puzzlebot/ros2_packages_ws/install/micro_ros_msgs/lib/python3.8/site-packages/micro_ros_msgs/micro_ros_msgs_s__rosidl_typesupport_fastrtps_c.cpython-38-aarch64-linux-gnu.so
[4.652s] -- Up-to-date: /home/puzzlebot/ros2_packages_ws/install/micro_ros_msgs/lib/python3.8/site-packages/micro_ros_msgs/micro_ros_msgs_s__rosidl_typesupport_introspection_c.cpython-38-aarch64-linux-gnu.so
[4.656s] -- Up-to-date: /home/puzzlebot/ros2_packages_ws/install/micro_ros_msgs/lib/python3.8/site-packages/micro_ros_msgs/micro_ros_msgs_s__rosidl_typesupport_c.cpython-38-aarch64-linux-gnu.so
[4.658s] -- Up-to-date: /home/puzzlebot/ros2_packages_ws/install/micro_ros_msgs/lib/libmicro_ros_msgs__rosidl_generator_py.so
[4.659s] -- Up-to-date: /home/puzzlebot/ros2_packages_ws/install/micro_ros_msgs/share/micro_ros_msgs/msg/Graph.idl
[4.660s] -- Up-to-date: /home/puzzlebot/ros2_packages_ws/install/micro_ros_msgs/share/micro_ros_msgs/msg/Node.idl
[4.661s] -- Up-to-date: /home/puzzlebot/ros2_packages_ws/install/micro_ros_msgs/share/micro_ros_msgs/msg/Entity.idl
[4.661s] -- Up-to-date: /home/puzzlebot/ros2_packages_ws/install/micro_ros_msgs/share/micro_ros_msgs/msg/Graph.msg
[4.666s] -- Up-to-date: /home/puzzlebot/ros2_packages_ws/install/micro_ros_msgs/share/micro_ros_msgs/msg/Node.msg
[4.667s] -- Up-to-date: /home/puzzlebot/ros2_packages_ws/install/micro_ros_msgs/share/micro_ros_msgs/msg/Entity.msg
[4.667s] -- Up-to-date: /home/puzzlebot/ros2_packages_ws/install/micro_ros_msgs/share/ament_index/resource_index/package_run_dependencies/micro_ros_msgs
[4.668s] -- Up-to-date: /home/puzzlebot/ros2_packages_ws/install/micro_ros_msgs/share/ament_index/resource_index/parent_prefix_path/micro_ros_msgs
[4.668s] -- Up-to-date: /home/puzzlebot/ros2_packages_ws/install/micro_ros_msgs/share/micro_ros_msgs/environment/ament_prefix_path.sh
[4.669s] -- Up-to-date: /home/puzzlebot/ros2_packages_ws/install/micro_ros_msgs/share/micro_ros_msgs/environment/ament_prefix_path.dsv
[4.671s] -- Up-to-date: /home/puzzlebot/ros2_packages_ws/install/micro_ros_msgs/share/micro_ros_msgs/environment/path.sh
[4.671s] -- Up-to-date: /home/puzzlebot/ros2_packages_ws/install/micro_ros_msgs/share/micro_ros_msgs/environment/path.dsv
[4.672s] -- Up-to-date: /home/puzzlebot/ros2_packages_ws/install/micro_ros_msgs/share/micro_ros_msgs/local_setup.bash
[4.672s] -- Up-to-date: /home/puzzlebot/ros2_packages_ws/install/micro_ros_msgs/share/micro_ros_msgs/local_setup.sh
[4.678s] -- Up-to-date: /home/puzzlebot/ros2_packages_ws/install/micro_ros_msgs/share/micro_ros_msgs/local_setup.zsh
[4.679s] -- Up-to-date: /home/puzzlebot/ros2_packages_ws/install/micro_ros_msgs/share/micro_ros_msgs/local_setup.dsv
[4.679s] -- Installing: /home/puzzlebot/ros2_packages_ws/install/micro_ros_msgs/share/micro_ros_msgs/package.dsv
[4.680s] -- Up-to-date: /home/puzzlebot/ros2_packages_ws/install/micro_ros_msgs/share/ament_index/resource_index/packages/micro_ros_msgs
[4.681s] -- Up-to-date: /home/puzzlebot/ros2_packages_ws/install/micro_ros_msgs/share/micro_ros_msgs/cmake/export_micro_ros_msgs__rosidl_generator_cExport.cmake
[4.682s] -- Up-to-date: /home/puzzlebot/ros2_packages_ws/install/micro_ros_msgs/share/micro_ros_msgs/cmake/export_micro_ros_msgs__rosidl_generator_cExport-noconfig.cmake
[4.682s] -- Up-to-date: /home/puzzlebot/ros2_packages_ws/install/micro_ros_msgs/share/micro_ros_msgs/cmake/export_micro_ros_msgs__rosidl_typesupport_fastrtps_cExport.cmake
[4.683s] -- Up-to-date: /home/puzzlebot/ros2_packages_ws/install/micro_ros_msgs/share/micro_ros_msgs/cmake/export_micro_ros_msgs__rosidl_typesupport_fastrtps_cExport-noconfig.cmake
[4.686s] -- Up-to-date: /home/puzzlebot/ros2_packages_ws/install/micro_ros_msgs/share/micro_ros_msgs/cmake/micro_ros_msgs__rosidl_typesupport_introspection_cExport.cmake
[4.687s] -- Up-to-date: /home/puzzlebot/ros2_packages_ws/install/micro_ros_msgs/share/micro_ros_msgs/cmake/micro_ros_msgs__rosidl_typesupport_introspection_cExport-noconfig.cmake
[4.687s] -- Up-to-date: /home/puzzlebot/ros2_packages_ws/install/micro_ros_msgs/share/micro_ros_msgs/cmake/micro_ros_msgs__rosidl_typesupport_cExport.cmake
[4.688s] -- Up-to-date: /home/puzzlebot/ros2_packages_ws/install/micro_ros_msgs/share/micro_ros_msgs/cmake/micro_ros_msgs__rosidl_typesupport_cExport-noconfig.cmake
[4.694s] -- Up-to-date: /home/puzzlebot/ros2_packages_ws/install/micro_ros_msgs/share/micro_ros_msgs/cmake/export_micro_ros_msgs__rosidl_generator_cppExport.cmake
[4.694s] -- Up-to-date: /home/puzzlebot/ros2_packages_ws/install/micro_ros_msgs/share/micro_ros_msgs/cmake/export_micro_ros_msgs__rosidl_typesupport_fastrtps_cppExport.cmake
[4.695s] -- Up-to-date: /home/puzzlebot/ros2_packages_ws/install/micro_ros_msgs/share/micro_ros_msgs/cmake/export_micro_ros_msgs__rosidl_typesupport_fastrtps_cppExport-noconfig.cmake
[4.695s] -- Up-to-date: /home/puzzlebot/ros2_packages_ws/install/micro_ros_msgs/share/micro_ros_msgs/cmake/micro_ros_msgs__rosidl_typesupport_introspection_cppExport.cmake
[4.696s] -- Up-to-date: /home/puzzlebot/ros2_packages_ws/install/micro_ros_msgs/share/micro_ros_msgs/cmake/micro_ros_msgs__rosidl_typesupport_introspection_cppExport-noconfig.cmake
[4.719s] -- Up-to-date: /home/puzzlebot/ros2_packages_ws/install/micro_ros_msgs/share/micro_ros_msgs/cmake/micro_ros_msgs__rosidl_typesupport_cppExport.cmake
[4.720s] -- Up-to-date: /home/puzzlebot/ros2_packages_ws/install/micro_ros_msgs/share/micro_ros_msgs/cmake/micro_ros_msgs__rosidl_typesupport_cppExport-noconfig.cmake
[4.720s] -- Up-to-date: /home/puzzlebot/ros2_packages_ws/install/micro_ros_msgs/share/micro_ros_msgs/cmake/export_micro_ros_msgs__rosidl_generator_pyExport.cmake
[4.721s] -- Up-to-date: /home/puzzlebot/ros2_packages_ws/install/micro_ros_msgs/share/micro_ros_msgs/cmake/export_micro_ros_msgs__rosidl_generator_pyExport-noconfig.cmake
[4.721s] -- Up-to-date: /home/puzzlebot/ros2_packages_ws/install/micro_ros_msgs/share/micro_ros_msgs/cmake/rosidl_cmake-extras.cmake
[4.722s] -- Up-to-date: /home/puzzlebot/ros2_packages_ws/install/micro_ros_msgs/share/micro_ros_msgs/cmake/ament_cmake_export_include_directories-extras.cmake
[4.722s] -- Up-to-date: /home/puzzlebot/ros2_packages_ws/install/micro_ros_msgs/share/micro_ros_msgs/cmake/ament_cmake_export_libraries-extras.cmake
[4.723s] -- Up-to-date: /home/puzzlebot/ros2_packages_ws/install/micro_ros_msgs/share/micro_ros_msgs/cmake/ament_cmake_export_targets-extras.cmake
[4.723s] -- Up-to-date: /home/puzzlebot/ros2_packages_ws/install/micro_ros_msgs/share/micro_ros_msgs/cmake/rosidl_cmake_export_typesupport_targets-extras.cmake
[4.724s] -- Up-to-date: /home/puzzlebot/ros2_packages_ws/install/micro_ros_msgs/share/micro_ros_msgs/cmake/ament_cmake_export_dependencies-extras.cmake
[4.724s] -- Up-to-date: /home/puzzlebot/ros2_packages_ws/install/micro_ros_msgs/share/micro_ros_msgs/cmake/rosidl_cmake_export_typesupport_libraries-extras.cmake
[4.725s] -- Up-to-date: /home/puzzlebot/ros2_packages_ws/install/micro_ros_msgs/share/micro_ros_msgs/cmake/micro_ros_msgsConfig.cmake
[4.725s] -- Up-to-date: /home/puzzlebot/ros2_packages_ws/install/micro_ros_msgs/share/micro_ros_msgs/cmake/micro_ros_msgsConfig-version.cmake
[4.734s] -- Up-to-date: /home/puzzlebot/ros2_packages_ws/install/micro_ros_msgs/share/micro_ros_msgs/package.xml
[4.735s] Invoked command in '/home/puzzlebot/ros2_packages_ws/build/micro_ros_msgs' returned '0': CMAKE_PREFIX_PATH=${CMAKE_PREFIX_PATH}:/home/puzzlebot/ros2_ws/install/puzzlebot_ros:/home/puzzlebot/ros2_packages_ws/install/localization:/home/puzzlebot/ros2_packages_ws/install/camera_viewer:/opt/ros/humble /usr/bin/cmake --install /home/puzzlebot/ros2_packages_ws/build/micro_ros_msgs
