[0.199s] Invoking command in '/home/puzzlebot/ros2_packages_ws/build/micro_ros_msgs': CMAKE_PREFIX_PATH=${CMAKE_PREFIX_PATH}:/home/puzzlebot/ros2_ws/install/puzzlebot_ros:/home/puzzlebot/ros2_packages_ws/install/localization:/home/puzzlebot/ros2_packages_ws/install/camera_viewer:/opt/ros/humble /usr/bin/cmake --build /home/puzzlebot/ros2_packages_ws/build/micro_ros_msgs -- -j4 -l4
[0.673s] [  2%] Built target micro_ros_msgs__cpp
[0.728s] [ 12%] Built target micro_ros_msgs__rosidl_generator_c
[0.896s] [ 23%] Built target micro_ros_msgs__rosidl_typesupport_cpp
[0.916s] [ 23%] Built target ament_cmake_python_copy_micro_ros_msgs
[1.092s] [ 34%] Built target micro_ros_msgs__rosidl_typesupport_fastrtps_cpp
[1.128s] [ 44%] Built target micro_ros_msgs__rosidl_typesupport_c
[1.141s] [ 55%] Built target micro_ros_msgs__rosidl_typesupport_fastrtps_c
[1.281s] [ 65%] Built target micro_ros_msgs__rosidl_typesupport_introspection_c
[1.440s] [ 76%] Built target micro_ros_msgs__rosidl_typesupport_introspection_cpp
[1.621s] [ 76%] Built target micro_ros_msgs
[1.786s] [ 78%] Built target micro_ros_msgs__py
[2.150s] [ 87%] Built target micro_ros_msgs__rosidl_generator_py
[2.527s] [ 91%] Built target micro_ros_msgs__rosidl_typesupport_introspection_c__pyext
[2.815s] running egg_info
[2.818s] writing micro_ros_msgs.egg-info/PKG-INFO
[2.819s] writing dependency_links to micro_ros_msgs.egg-info/dependency_links.txt
[2.820s] writing top-level names to micro_ros_msgs.egg-info/top_level.txt
[2.959s] [ 95%] Built target micro_ros_msgs__rosidl_typesupport_c__pyext
[3.035s] reading manifest file 'micro_ros_msgs.egg-info/SOURCES.txt'
[3.040s] writing manifest file 'micro_ros_msgs.egg-info/SOURCES.txt'
[3.231s] [ 95%] Built target ament_cmake_python_build_micro_ros_msgs_egg
[3.335s] [100%] Built target micro_ros_msgs__rosidl_typesupport_fastrtps_c__pyext
[4.954s] Invoked command in '/home/puzzlebot/ros2_packages_ws/build/micro_ros_msgs' returned '0': CMAKE_PREFIX_PATH=${CMAKE_PREFIX_PATH}:/home/puzzlebot/ros2_ws/install/puzzlebot_ros:/home/puzzlebot/ros2_packages_ws/install/localization:/home/puzzlebot/ros2_packages_ws/install/camera_viewer:/opt/ros/humble /usr/bin/cmake --build /home/puzzlebot/ros2_packages_ws/build/micro_ros_msgs -- -j4 -l4
[6.450s] Invoking command in '/home/puzzlebot/ros2_packages_ws/build/micro_ros_msgs': CMAKE_PREFIX_PATH=${CMAKE_PREFIX_PATH}:/home/puzzlebot/ros2_ws/install/puzzlebot_ros:/home/puzzlebot/ros2_packages_ws/install/localization:/home/puzzlebot/ros2_packages_ws/install/camera_viewer:/opt/ros/humble /usr/bin/cmake --install /home/puzzlebot/ros2_packages_ws/build/micro_ros_msgs
[6.519s] -- Install configuration: ""
[6.529s] -- Up-to-date: /home/puzzlebot/ros2_packages_ws/install/micro_ros_msgs/share/ament_index/resource_index/rosidl_interfaces/micro_ros_msgs
[6.531s] -- Up-to-date: /home/puzzlebot/ros2_packages_ws/install/micro_ros_msgs/include/micro_ros_msgs/micro_ros_msgs
[6.532s] -- Up-to-date: /home/puzzlebot/ros2_packages_ws/install/micro_ros_msgs/include/micro_ros_msgs/micro_ros_msgs/msg
[6.533s] -- Up-to-date: /home/puzzlebot/ros2_packages_ws/install/micro_ros_msgs/include/micro_ros_msgs/micro_ros_msgs/msg/rosidl_generator_c__visibility_control.h
[6.533s] -- Up-to-date: /home/puzzlebot/ros2_packages_ws/install/micro_ros_msgs/include/micro_ros_msgs/micro_ros_msgs/msg/entity.h
[6.534s] -- Up-to-date: /home/puzzlebot/ros2_packages_ws/install/micro_ros_msgs/include/micro_ros_msgs/micro_ros_msgs/msg/detail
[6.535s] -- Up-to-date: /home/puzzlebot/ros2_packages_ws/install/micro_ros_msgs/include/micro_ros_msgs/micro_ros_msgs/msg/detail/entity__functions.h
[6.535s] -- Up-to-date: /home/puzzlebot/ros2_packages_ws/install/micro_ros_msgs/include/micro_ros_msgs/micro_ros_msgs/msg/detail/node__type_support.h
[6.536s] -- Up-to-date: /home/puzzlebot/ros2_packages_ws/install/micro_ros_msgs/include/micro_ros_msgs/micro_ros_msgs/msg/detail/entity__struct.h
[6.537s] -- Up-to-date: /home/puzzlebot/ros2_packages_ws/install/micro_ros_msgs/include/micro_ros_msgs/micro_ros_msgs/msg/detail/graph__functions.h
[6.537s] -- Up-to-date: /home/puzzlebot/ros2_packages_ws/install/micro_ros_msgs/include/micro_ros_msgs/micro_ros_msgs/msg/detail/entity__type_support.h
[6.538s] -- Up-to-date: /home/puzzlebot/ros2_packages_ws/install/micro_ros_msgs/include/micro_ros_msgs/micro_ros_msgs/msg/detail/graph__struct.h
[6.539s] -- Up-to-date: /home/puzzlebot/ros2_packages_ws/install/micro_ros_msgs/include/micro_ros_msgs/micro_ros_msgs/msg/detail/node__struct.h
[6.539s] -- Up-to-date: /home/puzzlebot/ros2_packages_ws/install/micro_ros_msgs/include/micro_ros_msgs/micro_ros_msgs/msg/detail/graph__functions.c
[6.540s] -- Up-to-date: /home/puzzlebot/ros2_packages_ws/install/micro_ros_msgs/include/micro_ros_msgs/micro_ros_msgs/msg/detail/entity__functions.c
[6.541s] -- Up-to-date: /home/puzzlebot/ros2_packages_ws/install/micro_ros_msgs/include/micro_ros_msgs/micro_ros_msgs/msg/detail/node__functions.h
[6.541s] -- Up-to-date: /home/puzzlebot/ros2_packages_ws/install/micro_ros_msgs/include/micro_ros_msgs/micro_ros_msgs/msg/detail/node__functions.c
[6.552s] -- Up-to-date: /home/puzzlebot/ros2_packages_ws/install/micro_ros_msgs/include/micro_ros_msgs/micro_ros_msgs/msg/detail/graph__type_support.h
[6.553s] -- Up-to-date: /home/puzzlebot/ros2_packages_ws/install/micro_ros_msgs/include/micro_ros_msgs/micro_ros_msgs/msg/node.h
[6.553s] -- Up-to-date: /home/puzzlebot/ros2_packages_ws/install/micro_ros_msgs/include/micro_ros_msgs/micro_ros_msgs/msg/graph.h
[6.554s] -- Up-to-date: /home/puzzlebot/ros2_packages_ws/install/micro_ros_msgs/share/micro_ros_msgs/environment/library_path.sh
[6.554s] -- Up-to-date: /home/puzzlebot/ros2_packages_ws/install/micro_ros_msgs/share/micro_ros_msgs/environment/library_path.dsv
[6.554s] -- Up-to-date: /home/puzzlebot/ros2_packages_ws/install/micro_ros_msgs/lib/libmicro_ros_msgs__rosidl_generator_c.so
[6.555s] -- Up-to-date: /home/puzzlebot/ros2_packages_ws/install/micro_ros_msgs/include/micro_ros_msgs/micro_ros_msgs
[6.555s] -- Up-to-date: /home/puzzlebot/ros2_packages_ws/install/micro_ros_msgs/include/micro_ros_msgs/micro_ros_msgs/msg
[6.556s] -- Up-to-date: /home/puzzlebot/ros2_packages_ws/install/micro_ros_msgs/include/micro_ros_msgs/micro_ros_msgs/msg/rosidl_typesupport_fastrtps_c__visibility_control.h
[6.556s] -- Up-to-date: /home/puzzlebot/ros2_packages_ws/install/micro_ros_msgs/include/micro_ros_msgs/micro_ros_msgs/msg/detail
[6.556s] -- Up-to-date: /home/puzzlebot/ros2_packages_ws/install/micro_ros_msgs/include/micro_ros_msgs/micro_ros_msgs/msg/detail/entity__rosidl_typesupport_fastrtps_c.h
[6.557s] -- Up-to-date: /home/puzzlebot/ros2_packages_ws/install/micro_ros_msgs/include/micro_ros_msgs/micro_ros_msgs/msg/detail/graph__rosidl_typesupport_fastrtps_c.h
[6.557s] -- Up-to-date: /home/puzzlebot/ros2_packages_ws/install/micro_ros_msgs/include/micro_ros_msgs/micro_ros_msgs/msg/detail/node__rosidl_typesupport_fastrtps_c.h
[6.558s] -- Up-to-date: /home/puzzlebot/ros2_packages_ws/install/micro_ros_msgs/lib/libmicro_ros_msgs__rosidl_typesupport_fastrtps_c.so
[6.558s] -- Up-to-date: /home/puzzlebot/ros2_packages_ws/install/micro_ros_msgs/include/micro_ros_msgs/micro_ros_msgs
[6.559s] -- Up-to-date: /home/puzzlebot/ros2_packages_ws/install/micro_ros_msgs/include/micro_ros_msgs/micro_ros_msgs/msg
[6.559s] -- Up-to-date: /home/puzzlebot/ros2_packages_ws/install/micro_ros_msgs/include/micro_ros_msgs/micro_ros_msgs/msg/rosidl_typesupport_introspection_c__visibility_control.h
[6.560s] -- Up-to-date: /home/puzzlebot/ros2_packages_ws/install/micro_ros_msgs/include/micro_ros_msgs/micro_ros_msgs/msg/detail
[6.560s] -- Up-to-date: /home/puzzlebot/ros2_packages_ws/install/micro_ros_msgs/include/micro_ros_msgs/micro_ros_msgs/msg/detail/node__type_support.c
[6.561s] -- Up-to-date: /home/puzzlebot/ros2_packages_ws/install/micro_ros_msgs/include/micro_ros_msgs/micro_ros_msgs/msg/detail/graph__type_support.c
[6.562s] -- Up-to-date: /home/puzzlebot/ros2_packages_ws/install/micro_ros_msgs/include/micro_ros_msgs/micro_ros_msgs/msg/detail/entity__type_support.c
[6.564s] -- Up-to-date: /home/puzzlebot/ros2_packages_ws/install/micro_ros_msgs/include/micro_ros_msgs/micro_ros_msgs/msg/detail/graph__rosidl_typesupport_introspection_c.h
[6.573s] -- Up-to-date: /home/puzzlebot/ros2_packages_ws/install/micro_ros_msgs/include/micro_ros_msgs/micro_ros_msgs/msg/detail/node__rosidl_typesupport_introspection_c.h
[6.573s] -- Up-to-date: /home/puzzlebot/ros2_packages_ws/install/micro_ros_msgs/include/micro_ros_msgs/micro_ros_msgs/msg/detail/entity__rosidl_typesupport_introspection_c.h
[6.574s] -- Up-to-date: /home/puzzlebot/ros2_packages_ws/install/micro_ros_msgs/lib/libmicro_ros_msgs__rosidl_typesupport_introspection_c.so
[6.574s] -- Up-to-date: /home/puzzlebot/ros2_packages_ws/install/micro_ros_msgs/lib/libmicro_ros_msgs__rosidl_typesupport_c.so
[6.575s] -- Up-to-date: /home/puzzlebot/ros2_packages_ws/install/micro_ros_msgs/include/micro_ros_msgs/micro_ros_msgs
[6.575s] -- Up-to-date: /home/puzzlebot/ros2_packages_ws/install/micro_ros_msgs/include/micro_ros_msgs/micro_ros_msgs/msg
[6.576s] -- Up-to-date: /home/puzzlebot/ros2_packages_ws/install/micro_ros_msgs/include/micro_ros_msgs/micro_ros_msgs/msg/entity.hpp
[6.576s] -- Up-to-date: /home/puzzlebot/ros2_packages_ws/install/micro_ros_msgs/include/micro_ros_msgs/micro_ros_msgs/msg/node.hpp
[6.576s] -- Up-to-date: /home/puzzlebot/ros2_packages_ws/install/micro_ros_msgs/include/micro_ros_msgs/micro_ros_msgs/msg/detail
[6.577s] -- Up-to-date: /home/puzzlebot/ros2_packages_ws/install/micro_ros_msgs/include/micro_ros_msgs/micro_ros_msgs/msg/detail/graph__traits.hpp
[6.577s] -- Up-to-date: /home/puzzlebot/ros2_packages_ws/install/micro_ros_msgs/include/micro_ros_msgs/micro_ros_msgs/msg/detail/entity__builder.hpp
[6.581s] -- Up-to-date: /home/puzzlebot/ros2_packages_ws/install/micro_ros_msgs/include/micro_ros_msgs/micro_ros_msgs/msg/detail/node__traits.hpp
[6.582s] -- Up-to-date: /home/puzzlebot/ros2_packages_ws/install/micro_ros_msgs/include/micro_ros_msgs/micro_ros_msgs/msg/detail/entity__traits.hpp
[6.582s] -- Up-to-date: /home/puzzlebot/ros2_packages_ws/install/micro_ros_msgs/include/micro_ros_msgs/micro_ros_msgs/msg/detail/graph__builder.hpp
[6.588s] -- Up-to-date: /home/puzzlebot/ros2_packages_ws/install/micro_ros_msgs/include/micro_ros_msgs/micro_ros_msgs/msg/detail/node__builder.hpp
[6.589s] -- Up-to-date: /home/puzzlebot/ros2_packages_ws/install/micro_ros_msgs/include/micro_ros_msgs/micro_ros_msgs/msg/detail/graph__struct.hpp
[6.589s] -- Up-to-date: /home/puzzlebot/ros2_packages_ws/install/micro_ros_msgs/include/micro_ros_msgs/micro_ros_msgs/msg/detail/entity__struct.hpp
[6.590s] -- Up-to-date: /home/puzzlebot/ros2_packages_ws/install/micro_ros_msgs/include/micro_ros_msgs/micro_ros_msgs/msg/detail/node__struct.hpp
[6.590s] -- Up-to-date: /home/puzzlebot/ros2_packages_ws/install/micro_ros_msgs/include/micro_ros_msgs/micro_ros_msgs/msg/graph.hpp
[6.591s] -- Up-to-date: /home/puzzlebot/ros2_packages_ws/install/micro_ros_msgs/include/micro_ros_msgs/micro_ros_msgs
[6.591s] -- Up-to-date: /home/puzzlebot/ros2_packages_ws/install/micro_ros_msgs/include/micro_ros_msgs/micro_ros_msgs/msg
[6.592s] -- Up-to-date: /home/puzzlebot/ros2_packages_ws/install/micro_ros_msgs/include/micro_ros_msgs/micro_ros_msgs/msg/rosidl_typesupport_fastrtps_cpp__visibility_control.h
[6.592s] -- Up-to-date: /home/puzzlebot/ros2_packages_ws/install/micro_ros_msgs/include/micro_ros_msgs/micro_ros_msgs/msg/detail
[6.593s] -- Up-to-date: /home/puzzlebot/ros2_packages_ws/install/micro_ros_msgs/include/micro_ros_msgs/micro_ros_msgs/msg/detail/dds_fastrtps
[6.593s] -- Up-to-date: /home/puzzlebot/ros2_packages_ws/install/micro_ros_msgs/include/micro_ros_msgs/micro_ros_msgs/msg/detail/entity__rosidl_typesupport_fastrtps_cpp.hpp
[6.594s] -- Up-to-date: /home/puzzlebot/ros2_packages_ws/install/micro_ros_msgs/include/micro_ros_msgs/micro_ros_msgs/msg/detail/node__rosidl_typesupport_fastrtps_cpp.hpp
[6.594s] -- Up-to-date: /home/puzzlebot/ros2_packages_ws/install/micro_ros_msgs/include/micro_ros_msgs/micro_ros_msgs/msg/detail/graph__rosidl_typesupport_fastrtps_cpp.hpp
[6.594s] -- Up-to-date: /home/puzzlebot/ros2_packages_ws/install/micro_ros_msgs/lib/libmicro_ros_msgs__rosidl_typesupport_fastrtps_cpp.so
[6.595s] -- Up-to-date: /home/puzzlebot/ros2_packages_ws/install/micro_ros_msgs/include/micro_ros_msgs/micro_ros_msgs
[6.595s] -- Up-to-date: /home/puzzlebot/ros2_packages_ws/install/micro_ros_msgs/include/micro_ros_msgs/micro_ros_msgs/msg
[6.595s] -- Up-to-date: /home/puzzlebot/ros2_packages_ws/install/micro_ros_msgs/include/micro_ros_msgs/micro_ros_msgs/msg/detail
[6.596s] -- Up-to-date: /home/puzzlebot/ros2_packages_ws/install/micro_ros_msgs/include/micro_ros_msgs/micro_ros_msgs/msg/detail/graph__rosidl_typesupport_introspection_cpp.hpp
[6.596s] -- Up-to-date: /home/puzzlebot/ros2_packages_ws/install/micro_ros_msgs/include/micro_ros_msgs/micro_ros_msgs/msg/detail/entity__rosidl_typesupport_introspection_cpp.hpp
[6.601s] -- Up-to-date: /home/puzzlebot/ros2_packages_ws/install/micro_ros_msgs/include/micro_ros_msgs/micro_ros_msgs/msg/detail/graph__type_support.cpp
[6.601s] -- Up-to-date: /home/puzzlebot/ros2_packages_ws/install/micro_ros_msgs/include/micro_ros_msgs/micro_ros_msgs/msg/detail/entity__type_support.cpp
[6.602s] -- Up-to-date: /home/puzzlebot/ros2_packages_ws/install/micro_ros_msgs/include/micro_ros_msgs/micro_ros_msgs/msg/detail/node__type_support.cpp
[6.602s] -- Up-to-date: /home/puzzlebot/ros2_packages_ws/install/micro_ros_msgs/include/micro_ros_msgs/micro_ros_msgs/msg/detail/node__rosidl_typesupport_introspection_cpp.hpp
[6.603s] -- Up-to-date: /home/puzzlebot/ros2_packages_ws/install/micro_ros_msgs/lib/libmicro_ros_msgs__rosidl_typesupport_introspection_cpp.so
[6.603s] -- Up-to-date: /home/puzzlebot/ros2_packages_ws/install/micro_ros_msgs/lib/libmicro_ros_msgs__rosidl_typesupport_cpp.so
[6.603s] -- Up-to-date: /home/puzzlebot/ros2_packages_ws/install/micro_ros_msgs/share/micro_ros_msgs/environment/pythonpath.sh
[6.604s] -- Up-to-date: /home/puzzlebot/ros2_packages_ws/install/micro_ros_msgs/share/micro_ros_msgs/environment/pythonpath.dsv
[6.604s] -- Up-to-date: /home/puzzlebot/ros2_packages_ws/install/micro_ros_msgs/lib/python3.8/site-packages/micro_ros_msgs-3.0.0-py3.8.egg-info
[6.605s] -- Installing: /home/puzzlebot/ros2_packages_ws/install/micro_ros_msgs/lib/python3.8/site-packages/micro_ros_msgs-3.0.0-py3.8.egg-info/top_level.txt
[6.605s] -- Installing: /home/puzzlebot/ros2_packages_ws/install/micro_ros_msgs/lib/python3.8/site-packages/micro_ros_msgs-3.0.0-py3.8.egg-info/PKG-INFO
[6.606s] -- Installing: /home/puzzlebot/ros2_packages_ws/install/micro_ros_msgs/lib/python3.8/site-packages/micro_ros_msgs-3.0.0-py3.8.egg-info/SOURCES.txt
[6.606s] -- Installing: /home/puzzlebot/ros2_packages_ws/install/micro_ros_msgs/lib/python3.8/site-packages/micro_ros_msgs-3.0.0-py3.8.egg-info/dependency_links.txt
[6.606s] -- Up-to-date: /home/puzzlebot/ros2_packages_ws/install/micro_ros_msgs/lib/python3.8/site-packages/micro_ros_msgs
[6.607s] -- Up-to-date: /home/puzzlebot/ros2_packages_ws/install/micro_ros_msgs/lib/python3.8/site-packages/micro_ros_msgs/micro_ros_msgs_s__rosidl_typesupport_introspection_c.cpython-38-aarch64-linux-gnu.so
[6.607s] -- Up-to-date: /home/puzzlebot/ros2_packages_ws/install/micro_ros_msgs/lib/python3.8/site-packages/micro_ros_msgs/__init__.py
[6.616s] -- Up-to-date: /home/puzzlebot/ros2_packages_ws/install/micro_ros_msgs/lib/python3.8/site-packages/micro_ros_msgs/msg
[6.617s] -- Up-to-date: /home/puzzlebot/ros2_packages_ws/install/micro_ros_msgs/lib/python3.8/site-packages/micro_ros_msgs/msg/_graph_s.c
[6.617s] -- Up-to-date: /home/puzzlebot/ros2_packages_ws/install/micro_ros_msgs/lib/python3.8/site-packages/micro_ros_msgs/msg/_entity.py
[6.618s] -- Up-to-date: /home/puzzlebot/ros2_packages_ws/install/micro_ros_msgs/lib/python3.8/site-packages/micro_ros_msgs/msg/__init__.py
[6.618s] -- Up-to-date: /home/puzzlebot/ros2_packages_ws/install/micro_ros_msgs/lib/python3.8/site-packages/micro_ros_msgs/msg/_node_s.c
[6.619s] -- Up-to-date: /home/puzzlebot/ros2_packages_ws/install/micro_ros_msgs/lib/python3.8/site-packages/micro_ros_msgs/msg/_entity_s.c
[6.619s] -- Up-to-date: /home/puzzlebot/ros2_packages_ws/install/micro_ros_msgs/lib/python3.8/site-packages/micro_ros_msgs/msg/_node.py
[6.620s] -- Up-to-date: /home/puzzlebot/ros2_packages_ws/install/micro_ros_msgs/lib/python3.8/site-packages/micro_ros_msgs/msg/_graph.py
[6.620s] -- Up-to-date: /home/puzzlebot/ros2_packages_ws/install/micro_ros_msgs/lib/python3.8/site-packages/micro_ros_msgs/micro_ros_msgs_s__rosidl_typesupport_c.cpython-38-aarch64-linux-gnu.so
[6.621s] -- Up-to-date: /home/puzzlebot/ros2_packages_ws/install/micro_ros_msgs/lib/python3.8/site-packages/micro_ros_msgs/_micro_ros_msgs_s.ep.rosidl_typesupport_fastrtps_c.c
[6.621s] -- Up-to-date: /home/puzzlebot/ros2_packages_ws/install/micro_ros_msgs/lib/python3.8/site-packages/micro_ros_msgs/micro_ros_msgs_s__rosidl_typesupport_fastrtps_c.cpython-38-aarch64-linux-gnu.so
[6.622s] -- Up-to-date: /home/puzzlebot/ros2_packages_ws/install/micro_ros_msgs/lib/python3.8/site-packages/micro_ros_msgs/_micro_ros_msgs_s.ep.rosidl_typesupport_c.c
[6.622s] -- Up-to-date: /home/puzzlebot/ros2_packages_ws/install/micro_ros_msgs/lib/python3.8/site-packages/micro_ros_msgs/_micro_ros_msgs_s.ep.rosidl_typesupport_introspection_c.c
[6.623s] -- Up-to-date: /home/puzzlebot/ros2_packages_ws/install/micro_ros_msgs/lib/python3.8/site-packages/micro_ros_msgs/libmicro_ros_msgs__rosidl_generator_py.so
[6.788s] Listing '/home/puzzlebot/ros2_packages_ws/install/micro_ros_msgs/lib/python3.8/site-packages/micro_ros_msgs'...
[6.789s] Listing '/home/puzzlebot/ros2_packages_ws/install/micro_ros_msgs/lib/python3.8/site-packages/micro_ros_msgs/msg'...
[6.827s] -- Up-to-date: /home/puzzlebot/ros2_packages_ws/install/micro_ros_msgs/lib/python3.8/site-packages/micro_ros_msgs/micro_ros_msgs_s__rosidl_typesupport_fastrtps_c.cpython-38-aarch64-linux-gnu.so
[6.831s] -- Up-to-date: /home/puzzlebot/ros2_packages_ws/install/micro_ros_msgs/lib/python3.8/site-packages/micro_ros_msgs/micro_ros_msgs_s__rosidl_typesupport_introspection_c.cpython-38-aarch64-linux-gnu.so
[6.834s] -- Up-to-date: /home/puzzlebot/ros2_packages_ws/install/micro_ros_msgs/lib/python3.8/site-packages/micro_ros_msgs/micro_ros_msgs_s__rosidl_typesupport_c.cpython-38-aarch64-linux-gnu.so
[6.837s] -- Up-to-date: /home/puzzlebot/ros2_packages_ws/install/micro_ros_msgs/lib/libmicro_ros_msgs__rosidl_generator_py.so
[6.843s] -- Up-to-date: /home/puzzlebot/ros2_packages_ws/install/micro_ros_msgs/share/micro_ros_msgs/msg/Graph.idl
[6.845s] -- Up-to-date: /home/puzzlebot/ros2_packages_ws/install/micro_ros_msgs/share/micro_ros_msgs/msg/Node.idl
[6.846s] -- Up-to-date: /home/puzzlebot/ros2_packages_ws/install/micro_ros_msgs/share/micro_ros_msgs/msg/Entity.idl
[6.846s] -- Up-to-date: /home/puzzlebot/ros2_packages_ws/install/micro_ros_msgs/share/micro_ros_msgs/msg/Graph.msg
[6.847s] -- Up-to-date: /home/puzzlebot/ros2_packages_ws/install/micro_ros_msgs/share/micro_ros_msgs/msg/Node.msg
[6.847s] -- Up-to-date: /home/puzzlebot/ros2_packages_ws/install/micro_ros_msgs/share/micro_ros_msgs/msg/Entity.msg
[6.848s] -- Up-to-date: /home/puzzlebot/ros2_packages_ws/install/micro_ros_msgs/share/ament_index/resource_index/package_run_dependencies/micro_ros_msgs
[6.848s] -- Up-to-date: /home/puzzlebot/ros2_packages_ws/install/micro_ros_msgs/share/ament_index/resource_index/parent_prefix_path/micro_ros_msgs
[6.850s] -- Up-to-date: /home/puzzlebot/ros2_packages_ws/install/micro_ros_msgs/share/micro_ros_msgs/environment/ament_prefix_path.sh
[6.852s] -- Up-to-date: /home/puzzlebot/ros2_packages_ws/install/micro_ros_msgs/share/micro_ros_msgs/environment/ament_prefix_path.dsv
[6.854s] -- Up-to-date: /home/puzzlebot/ros2_packages_ws/install/micro_ros_msgs/share/micro_ros_msgs/environment/path.sh
[6.854s] -- Up-to-date: /home/puzzlebot/ros2_packages_ws/install/micro_ros_msgs/share/micro_ros_msgs/environment/path.dsv
[6.855s] -- Up-to-date: /home/puzzlebot/ros2_packages_ws/install/micro_ros_msgs/share/micro_ros_msgs/local_setup.bash
[6.855s] -- Up-to-date: /home/puzzlebot/ros2_packages_ws/install/micro_ros_msgs/share/micro_ros_msgs/local_setup.sh
[6.856s] -- Up-to-date: /home/puzzlebot/ros2_packages_ws/install/micro_ros_msgs/share/micro_ros_msgs/local_setup.zsh
[6.856s] -- Up-to-date: /home/puzzlebot/ros2_packages_ws/install/micro_ros_msgs/share/micro_ros_msgs/local_setup.dsv
[6.857s] -- Installing: /home/puzzlebot/ros2_packages_ws/install/micro_ros_msgs/share/micro_ros_msgs/package.dsv
[6.874s] -- Up-to-date: /home/puzzlebot/ros2_packages_ws/install/micro_ros_msgs/share/ament_index/resource_index/packages/micro_ros_msgs
[6.874s] -- Up-to-date: /home/puzzlebot/ros2_packages_ws/install/micro_ros_msgs/share/micro_ros_msgs/cmake/export_micro_ros_msgs__rosidl_generator_cExport.cmake
[6.875s] -- Up-to-date: /home/puzzlebot/ros2_packages_ws/install/micro_ros_msgs/share/micro_ros_msgs/cmake/export_micro_ros_msgs__rosidl_generator_cExport-noconfig.cmake
[6.875s] -- Up-to-date: /home/puzzlebot/ros2_packages_ws/install/micro_ros_msgs/share/micro_ros_msgs/cmake/export_micro_ros_msgs__rosidl_typesupport_fastrtps_cExport.cmake
[6.875s] -- Up-to-date: /home/puzzlebot/ros2_packages_ws/install/micro_ros_msgs/share/micro_ros_msgs/cmake/export_micro_ros_msgs__rosidl_typesupport_fastrtps_cExport-noconfig.cmake
[6.876s] -- Up-to-date: /home/puzzlebot/ros2_packages_ws/install/micro_ros_msgs/share/micro_ros_msgs/cmake/micro_ros_msgs__rosidl_typesupport_introspection_cExport.cmake
[6.876s] -- Up-to-date: /home/puzzlebot/ros2_packages_ws/install/micro_ros_msgs/share/micro_ros_msgs/cmake/micro_ros_msgs__rosidl_typesupport_introspection_cExport-noconfig.cmake
[6.891s] -- Up-to-date: /home/puzzlebot/ros2_packages_ws/install/micro_ros_msgs/share/micro_ros_msgs/cmake/micro_ros_msgs__rosidl_typesupport_cExport.cmake
[6.893s] -- Up-to-date: /home/puzzlebot/ros2_packages_ws/install/micro_ros_msgs/share/micro_ros_msgs/cmake/micro_ros_msgs__rosidl_typesupport_cExport-noconfig.cmake
[6.895s] -- Up-to-date: /home/puzzlebot/ros2_packages_ws/install/micro_ros_msgs/share/micro_ros_msgs/cmake/export_micro_ros_msgs__rosidl_generator_cppExport.cmake
[6.897s] -- Up-to-date: /home/puzzlebot/ros2_packages_ws/install/micro_ros_msgs/share/micro_ros_msgs/cmake/export_micro_ros_msgs__rosidl_typesupport_fastrtps_cppExport.cmake
[6.898s] -- Up-to-date: /home/puzzlebot/ros2_packages_ws/install/micro_ros_msgs/share/micro_ros_msgs/cmake/export_micro_ros_msgs__rosidl_typesupport_fastrtps_cppExport-noconfig.cmake
[6.899s] -- Up-to-date: /home/puzzlebot/ros2_packages_ws/install/micro_ros_msgs/share/micro_ros_msgs/cmake/micro_ros_msgs__rosidl_typesupport_introspection_cppExport.cmake
[6.899s] -- Up-to-date: /home/puzzlebot/ros2_packages_ws/install/micro_ros_msgs/share/micro_ros_msgs/cmake/micro_ros_msgs__rosidl_typesupport_introspection_cppExport-noconfig.cmake
[6.900s] -- Up-to-date: /home/puzzlebot/ros2_packages_ws/install/micro_ros_msgs/share/micro_ros_msgs/cmake/micro_ros_msgs__rosidl_typesupport_cppExport.cmake
[6.901s] -- Up-to-date: /home/puzzlebot/ros2_packages_ws/install/micro_ros_msgs/share/micro_ros_msgs/cmake/micro_ros_msgs__rosidl_typesupport_cppExport-noconfig.cmake
[6.903s] -- Up-to-date: /home/puzzlebot/ros2_packages_ws/install/micro_ros_msgs/share/micro_ros_msgs/cmake/export_micro_ros_msgs__rosidl_generator_pyExport.cmake
[6.904s] -- Up-to-date: /home/puzzlebot/ros2_packages_ws/install/micro_ros_msgs/share/micro_ros_msgs/cmake/export_micro_ros_msgs__rosidl_generator_pyExport-noconfig.cmake
[6.904s] -- Up-to-date: /home/puzzlebot/ros2_packages_ws/install/micro_ros_msgs/share/micro_ros_msgs/cmake/rosidl_cmake-extras.cmake
[6.904s] -- Up-to-date: /home/puzzlebot/ros2_packages_ws/install/micro_ros_msgs/share/micro_ros_msgs/cmake/ament_cmake_export_include_directories-extras.cmake
[6.906s] -- Up-to-date: /home/puzzlebot/ros2_packages_ws/install/micro_ros_msgs/share/micro_ros_msgs/cmake/ament_cmake_export_libraries-extras.cmake
[6.906s] -- Up-to-date: /home/puzzlebot/ros2_packages_ws/install/micro_ros_msgs/share/micro_ros_msgs/cmake/ament_cmake_export_targets-extras.cmake
[6.907s] -- Up-to-date: /home/puzzlebot/ros2_packages_ws/install/micro_ros_msgs/share/micro_ros_msgs/cmake/rosidl_cmake_export_typesupport_targets-extras.cmake
[6.909s] -- Up-to-date: /home/puzzlebot/ros2_packages_ws/install/micro_ros_msgs/share/micro_ros_msgs/cmake/ament_cmake_export_dependencies-extras.cmake
[6.909s] -- Up-to-date: /home/puzzlebot/ros2_packages_ws/install/micro_ros_msgs/share/micro_ros_msgs/cmake/rosidl_cmake_export_typesupport_libraries-extras.cmake
[6.910s] -- Up-to-date: /home/puzzlebot/ros2_packages_ws/install/micro_ros_msgs/share/micro_ros_msgs/cmake/micro_ros_msgsConfig.cmake
[6.937s] -- Up-to-date: /home/puzzlebot/ros2_packages_ws/install/micro_ros_msgs/share/micro_ros_msgs/cmake/micro_ros_msgsConfig-version.cmake
[6.942s] -- Up-to-date: /home/puzzlebot/ros2_packages_ws/install/micro_ros_msgs/share/micro_ros_msgs/package.xml
[6.991s] Invoked command in '/home/puzzlebot/ros2_packages_ws/build/micro_ros_msgs' returned '0': CMAKE_PREFIX_PATH=${CMAKE_PREFIX_PATH}:/home/puzzlebot/ros2_ws/install/puzzlebot_ros:/home/puzzlebot/ros2_packages_ws/install/localization:/home/puzzlebot/ros2_packages_ws/install/camera_viewer:/opt/ros/humble /usr/bin/cmake --install /home/puzzlebot/ros2_packages_ws/build/micro_ros_msgs
