[5.708s] Invoking command in '/home/puzzlebot/Puzzlebot_Lidar_ROS1_ROS2/ros2_packages_ws/src/localization': PYTHONPATH=/home/puzzlebot/Puzzlebot_Lidar_ROS1_ROS2/ros2_packages_ws/build/localization/prefix_override:/home/puzzlebot/Puzzlebot_Lidar_ROS1_ROS2/ros2_packages_ws/install/localization/lib/python3.8/site-packages:${PYTHONPATH} /usr/bin/python3 -W ignore:setup.py install is deprecated setup.py egg_info --egg-base ../../build/localization build --build-base /home/puzzlebot/Puzzlebot_Lidar_ROS1_ROS2/ros2_packages_ws/build/localization/build install --record /home/puzzlebot/Puzzlebot_Lidar_ROS1_ROS2/ros2_packages_ws/build/localization/install.log --single-version-externally-managed install_data
[7.984s] running egg_info
[7.987s] writing ../../build/localization/localization.egg-info/PKG-INFO
[7.991s] writing dependency_links to ../../build/localization/localization.egg-info/dependency_links.txt
[7.994s] writing entry points to ../../build/localization/localization.egg-info/entry_points.txt
[7.996s] writing requirements to ../../build/localization/localization.egg-info/requires.txt
[7.999s] writing top-level names to ../../build/localization/localization.egg-info/top_level.txt
[8.195s] reading manifest file '../../build/localization/localization.egg-info/SOURCES.txt'
[8.203s] writing manifest file '../../build/localization/localization.egg-info/SOURCES.txt'
[8.205s] running build
[8.206s] running build_py
[8.209s] copying localization/localization.py -> /home/puzzlebot/Puzzlebot_Lidar_ROS1_ROS2/ros2_packages_ws/build/localization/build/lib/localization
[8.210s] running install
[8.213s] running install_lib
[8.220s] copying /home/puzzlebot/Puzzlebot_Lidar_ROS1_ROS2/ros2_packages_ws/build/localization/build/lib/localization/localization.py -> /home/puzzlebot/Puzzlebot_Lidar_ROS1_ROS2/ros2_packages_ws/install/localization/lib/python3.8/site-packages/localization
[8.228s] byte-compiling /home/puzzlebot/Puzzlebot_Lidar_ROS1_ROS2/ros2_packages_ws/install/localization/lib/python3.8/site-packages/localization/localization.py to localization.cpython-38.pyc
[8.248s] running install_data
[8.251s] running install_egg_info
[8.262s] removing '/home/puzzlebot/Puzzlebot_Lidar_ROS1_ROS2/ros2_packages_ws/install/localization/lib/python3.8/site-packages/localization-0.0.0-py3.8.egg-info' (and everything under it)
[8.273s] Copying ../../build/localization/localization.egg-info to /home/puzzlebot/Puzzlebot_Lidar_ROS1_ROS2/ros2_packages_ws/install/localization/lib/python3.8/site-packages/localization-0.0.0-py3.8.egg-info
[8.279s] running install_scripts
[8.370s] Installing controller script to /home/puzzlebot/Puzzlebot_Lidar_ROS1_ROS2/ros2_packages_ws/install/localization/lib/localization
[8.374s] Installing coordinate_transform script to /home/puzzlebot/Puzzlebot_Lidar_ROS1_ROS2/ros2_packages_ws/install/localization/lib/localization
[8.378s] Installing localization script to /home/puzzlebot/Puzzlebot_Lidar_ROS1_ROS2/ros2_packages_ws/install/localization/lib/localization
[8.380s] Installing test_lidar script to /home/puzzlebot/Puzzlebot_Lidar_ROS1_ROS2/ros2_packages_ws/install/localization/lib/localization
[8.383s] Installing to_goal_aruco script to /home/puzzlebot/Puzzlebot_Lidar_ROS1_ROS2/ros2_packages_ws/install/localization/lib/localization
[8.388s] writing list of installed files to '/home/puzzlebot/Puzzlebot_Lidar_ROS1_ROS2/ros2_packages_ws/build/localization/install.log'
[8.502s] Invoked command in '/home/puzzlebot/Puzzlebot_Lidar_ROS1_ROS2/ros2_packages_ws/src/localization' returned '0': PYTHONPATH=/home/puzzlebot/Puzzlebot_Lidar_ROS1_ROS2/ros2_packages_ws/build/localization/prefix_override:/home/puzzlebot/Puzzlebot_Lidar_ROS1_ROS2/ros2_packages_ws/install/localization/lib/python3.8/site-packages:${PYTHONPATH} /usr/bin/python3 -W ignore:setup.py install is deprecated setup.py egg_info --egg-base ../../build/localization build --build-base /home/puzzlebot/Puzzlebot_Lidar_ROS1_ROS2/ros2_packages_ws/build/localization/build install --record /home/puzzlebot/Puzzlebot_Lidar_ROS1_ROS2/ros2_packages_ws/build/localization/install.log --single-version-externally-managed install_data
