[0.232s] Invoking command in '/home/puzzlebot/ros2_packages_ws/build/camera_info_publisher': CMAKE_PREFIX_PATH=${CMAKE_PREFIX_PATH}:/home/puzzlebot/ros2_ws/install/puzzlebot_ros:/home/puzzlebot/ros2_packages_ws/install/localization:/home/puzzlebot/ros2_packages_ws/install/camera_viewer:/opt/ros/humble /usr/bin/cmake --build /home/puzzlebot/ros2_packages_ws/build/camera_info_publisher -- -j4 -l4
[1.163s] [100%] Built target camera_info_publisher
[1.881s] Invoked command in '/home/puzzlebot/ros2_packages_ws/build/camera_info_publisher' returned '0': CMAKE_PREFIX_PATH=${CMAKE_PREFIX_PATH}:/home/puzzlebot/ros2_ws/install/puzzlebot_ros:/home/puzzlebot/ros2_packages_ws/install/localization:/home/puzzlebot/ros2_packages_ws/install/camera_viewer:/opt/ros/humble /usr/bin/cmake --build /home/puzzlebot/ros2_packages_ws/build/camera_info_publisher -- -j4 -l4
[2.494s] Invoking command in '/home/puzzlebot/ros2_packages_ws/build/camera_info_publisher': CMAKE_PREFIX_PATH=${CMAKE_PREFIX_PATH}:/home/puzzlebot/ros2_ws/install/puzzlebot_ros:/home/puzzlebot/ros2_packages_ws/install/localization:/home/puzzlebot/ros2_packages_ws/install/camera_viewer:/opt/ros/humble /usr/bin/cmake --install /home/puzzlebot/ros2_packages_ws/build/camera_info_publisher
[2.587s] -- Install configuration: ""
[2.590s] -- Up-to-date: /home/puzzlebot/ros2_packages_ws/install/camera_info_publisher/lib/camera_info_publisher/camera_info_publisher
[2.591s] -- Up-to-date: /home/puzzlebot/ros2_packages_ws/install/camera_info_publisher/share/camera_info_publisher//launch
[2.592s] -- Up-to-date: /home/puzzlebot/ros2_packages_ws/install/camera_info_publisher/share/camera_info_publisher//launch/camera_info.launch.py
[2.592s] -- Up-to-date: /home/puzzlebot/ros2_packages_ws/install/camera_info_publisher/share/ament_index/resource_index/package_run_dependencies/camera_info_publisher
[2.593s] -- Up-to-date: /home/puzzlebot/ros2_packages_ws/install/camera_info_publisher/share/ament_index/resource_index/parent_prefix_path/camera_info_publisher
[2.594s] -- Up-to-date: /home/puzzlebot/ros2_packages_ws/install/camera_info_publisher/share/camera_info_publisher/environment/ament_prefix_path.sh
[2.594s] -- Up-to-date: /home/puzzlebot/ros2_packages_ws/install/camera_info_publisher/share/camera_info_publisher/environment/ament_prefix_path.dsv
[2.594s] -- Up-to-date: /home/puzzlebot/ros2_packages_ws/install/camera_info_publisher/share/camera_info_publisher/environment/path.sh
[2.595s] -- Up-to-date: /home/puzzlebot/ros2_packages_ws/install/camera_info_publisher/share/camera_info_publisher/environment/path.dsv
[2.595s] -- Up-to-date: /home/puzzlebot/ros2_packages_ws/install/camera_info_publisher/share/camera_info_publisher/local_setup.bash
[2.602s] -- Up-to-date: /home/puzzlebot/ros2_packages_ws/install/camera_info_publisher/share/camera_info_publisher/local_setup.sh
[2.602s] -- Up-to-date: /home/puzzlebot/ros2_packages_ws/install/camera_info_publisher/share/camera_info_publisher/local_setup.zsh
[2.603s] -- Up-to-date: /home/puzzlebot/ros2_packages_ws/install/camera_info_publisher/share/camera_info_publisher/local_setup.dsv
[2.604s] -- Installing: /home/puzzlebot/ros2_packages_ws/install/camera_info_publisher/share/camera_info_publisher/package.dsv
[2.605s] -- Up-to-date: /home/puzzlebot/ros2_packages_ws/install/camera_info_publisher/share/ament_index/resource_index/packages/camera_info_publisher
[2.613s] -- Up-to-date: /home/puzzlebot/ros2_packages_ws/install/camera_info_publisher/share/camera_info_publisher/cmake/camera_info_publisherConfig.cmake
[2.614s] -- Up-to-date: /home/puzzlebot/ros2_packages_ws/install/camera_info_publisher/share/camera_info_publisher/cmake/camera_info_publisherConfig-version.cmake
[2.615s] -- Up-to-date: /home/puzzlebot/ros2_packages_ws/install/camera_info_publisher/share/camera_info_publisher/package.xml
[2.622s] Invoked command in '/home/puzzlebot/ros2_packages_ws/build/camera_info_publisher' returned '0': CMAKE_PREFIX_PATH=${CMAKE_PREFIX_PATH}:/home/puzzlebot/ros2_ws/install/puzzlebot_ros:/home/puzzlebot/ros2_packages_ws/install/localization:/home/puzzlebot/ros2_packages_ws/install/camera_viewer:/opt/ros/humble /usr/bin/cmake --install /home/puzzlebot/ros2_packages_ws/build/camera_info_publisher
