[0.192s] Invoking command in '/home/puzzlebot/ros2_packages_ws/build/camera_info_publisher': CMAKE_PREFIX_PATH=${CMAKE_PREFIX_PATH}:/home/puzzlebot/ros2_ws/install/puzzlebot_ros:/home/puzzlebot/ros2_packages_ws/install/localization:/home/puzzlebot/ros2_packages_ws/install/camera_viewer:/opt/ros/humble /usr/bin/cmake --build /home/puzzlebot/ros2_packages_ws/build/camera_info_publisher -- -j4 -l4
[0.865s] [100%] Built target camera_info_publisher
[1.787s] Invoked command in '/home/puzzlebot/ros2_packages_ws/build/camera_info_publisher' returned '0': CMAKE_PREFIX_PATH=${CMAKE_PREFIX_PATH}:/home/puzzlebot/ros2_ws/install/puzzlebot_ros:/home/puzzlebot/ros2_packages_ws/install/localization:/home/puzzlebot/ros2_packages_ws/install/camera_viewer:/opt/ros/humble /usr/bin/cmake --build /home/puzzlebot/ros2_packages_ws/build/camera_info_publisher -- -j4 -l4
[2.390s] Invoking command in '/home/puzzlebot/ros2_packages_ws/build/camera_info_publisher': CMAKE_PREFIX_PATH=${CMAKE_PREFIX_PATH}:/home/puzzlebot/ros2_ws/install/puzzlebot_ros:/home/puzzlebot/ros2_packages_ws/install/localization:/home/puzzlebot/ros2_packages_ws/install/camera_viewer:/opt/ros/humble /usr/bin/cmake --install /home/puzzlebot/ros2_packages_ws/build/camera_info_publisher
[2.512s] -- Install configuration: ""
[2.514s] -- Up-to-date: /home/puzzlebot/ros2_packages_ws/install/camera_info_publisher/lib/camera_info_publisher/camera_info_publisher
[2.520s] -- Up-to-date: /home/puzzlebot/ros2_packages_ws/install/camera_info_publisher/share/camera_info_publisher//launch
[2.520s] -- Up-to-date: /home/puzzlebot/ros2_packages_ws/install/camera_info_publisher/share/camera_info_publisher//launch/camera_info.launch.py
[2.521s] -- Up-to-date: /home/puzzlebot/ros2_packages_ws/install/camera_info_publisher/share/ament_index/resource_index/package_run_dependencies/camera_info_publisher
[2.522s] -- Up-to-date: /home/puzzlebot/ros2_packages_ws/install/camera_info_publisher/share/ament_index/resource_index/parent_prefix_path/camera_info_publisher
[2.522s] -- Up-to-date: /home/puzzlebot/ros2_packages_ws/install/camera_info_publisher/share/camera_info_publisher/environment/ament_prefix_path.sh
[2.523s] -- Up-to-date: /home/puzzlebot/ros2_packages_ws/install/camera_info_publisher/share/camera_info_publisher/environment/ament_prefix_path.dsv
[2.523s] -- Up-to-date: /home/puzzlebot/ros2_packages_ws/install/camera_info_publisher/share/camera_info_publisher/environment/path.sh
[2.524s] -- Up-to-date: /home/puzzlebot/ros2_packages_ws/install/camera_info_publisher/share/camera_info_publisher/environment/path.dsv
[2.524s] -- Up-to-date: /home/puzzlebot/ros2_packages_ws/install/camera_info_publisher/share/camera_info_publisher/local_setup.bash
[2.524s] -- Up-to-date: /home/puzzlebot/ros2_packages_ws/install/camera_info_publisher/share/camera_info_publisher/local_setup.sh
[2.525s] -- Up-to-date: /home/puzzlebot/ros2_packages_ws/install/camera_info_publisher/share/camera_info_publisher/local_setup.zsh
[2.525s] -- Up-to-date: /home/puzzlebot/ros2_packages_ws/install/camera_info_publisher/share/camera_info_publisher/local_setup.dsv
[2.532s] -- Installing: /home/puzzlebot/ros2_packages_ws/install/camera_info_publisher/share/camera_info_publisher/package.dsv
[2.535s] -- Up-to-date: /home/puzzlebot/ros2_packages_ws/install/camera_info_publisher/share/ament_index/resource_index/packages/camera_info_publisher
[2.537s] -- Up-to-date: /home/puzzlebot/ros2_packages_ws/install/camera_info_publisher/share/camera_info_publisher/cmake/camera_info_publisherConfig.cmake
[2.538s] -- Up-to-date: /home/puzzlebot/ros2_packages_ws/install/camera_info_publisher/share/camera_info_publisher/cmake/camera_info_publisherConfig-version.cmake
[2.547s] -- Up-to-date: /home/puzzlebot/ros2_packages_ws/install/camera_info_publisher/share/camera_info_publisher/package.xml
[2.548s] Invoked command in '/home/puzzlebot/ros2_packages_ws/build/camera_info_publisher' returned '0': CMAKE_PREFIX_PATH=${CMAKE_PREFIX_PATH}:/home/puzzlebot/ros2_ws/install/puzzlebot_ros:/home/puzzlebot/ros2_packages_ws/install/localization:/home/puzzlebot/ros2_packages_ws/install/camera_viewer:/opt/ros/humble /usr/bin/cmake --install /home/puzzlebot/ros2_packages_ws/build/camera_info_publisher
