[0.069s] Invoking command in '/home/puzzlebot/Puzzlebot_Lidar_ROS1_ROS2/ros2_packages_ws/build/micro_ros_setup': CMAKE_PREFIX_PATH=${CMAKE_PREFIX_PATH}:/home/puzzlebot/Puzzlebot_Lidar_ROS1_ROS2/ros2_packages_ws/install/localization:/home/puzzlebot/Puzzlebot_Lidar_ROS1_ROS2/ros2_packages_ws/install/camera_viewer:/home/puzzlebot/ros2_ws/install/puzzlebot_ros:/opt/ros/humble /usr/bin/cmake --build /home/puzzlebot/Puzzlebot_Lidar_ROS1_ROS2/ros2_packages_ws/build/micro_ros_setup -- -j4 -l4
[0.386s] Invoked command in '/home/puzzlebot/Puzzlebot_Lidar_ROS1_ROS2/ros2_packages_ws/build/micro_ros_setup' returned '0': CMAKE_PREFIX_PATH=${CMAKE_PREFIX_PATH}:/home/puzzlebot/Puzzlebot_Lidar_ROS1_ROS2/ros2_packages_ws/install/localization:/home/puzzlebot/Puzzlebot_Lidar_ROS1_ROS2/ros2_packages_ws/install/camera_viewer:/home/puzzlebot/ros2_ws/install/puzzlebot_ros:/opt/ros/humble /usr/bin/cmake --build /home/puzzlebot/Puzzlebot_Lidar_ROS1_ROS2/ros2_packages_ws/build/micro_ros_setup -- -j4 -l4
[0.566s] Invoking command in '/home/puzzlebot/Puzzlebot_Lidar_ROS1_ROS2/ros2_packages_ws/build/micro_ros_setup': CMAKE_PREFIX_PATH=${CMAKE_PREFIX_PATH}:/home/puzzlebot/Puzzlebot_Lidar_ROS1_ROS2/ros2_packages_ws/install/localization:/home/puzzlebot/Puzzlebot_Lidar_ROS1_ROS2/ros2_packages_ws/install/camera_viewer:/home/puzzlebot/ros2_ws/install/puzzlebot_ros:/opt/ros/humble /usr/bin/cmake --install /home/puzzlebot/Puzzlebot_Lidar_ROS1_ROS2/ros2_packages_ws/build/micro_ros_setup
[0.613s] -- Install configuration: ""
[0.615s] -- Up-to-date: /home/puzzlebot/Puzzlebot_Lidar_ROS1_ROS2/ros2_packages_ws/install/micro_ros_setup/share/ament_index/resource_index/package_run_dependencies/micro_ros_setup
[0.616s] -- Up-to-date: /home/puzzlebot/Puzzlebot_Lidar_ROS1_ROS2/ros2_packages_ws/install/micro_ros_setup/share/ament_index/resource_index/parent_prefix_path/micro_ros_setup
[0.616s] -- Up-to-date: /home/puzzlebot/Puzzlebot_Lidar_ROS1_ROS2/ros2_packages_ws/install/micro_ros_setup/share/micro_ros_setup/environment/ament_prefix_path.sh
[0.617s] -- Up-to-date: /home/puzzlebot/Puzzlebot_Lidar_ROS1_ROS2/ros2_packages_ws/install/micro_ros_setup/share/micro_ros_setup/environment/ament_prefix_path.dsv
[0.626s] -- Up-to-date: /home/puzzlebot/Puzzlebot_Lidar_ROS1_ROS2/ros2_packages_ws/install/micro_ros_setup/share/micro_ros_setup/environment/path.sh
[0.627s] -- Up-to-date: /home/puzzlebot/Puzzlebot_Lidar_ROS1_ROS2/ros2_packages_ws/install/micro_ros_setup/share/micro_ros_setup/environment/path.dsv
[0.627s] -- Up-to-date: /home/puzzlebot/Puzzlebot_Lidar_ROS1_ROS2/ros2_packages_ws/install/micro_ros_setup/share/micro_ros_setup/local_setup.bash
[0.628s] -- Up-to-date: /home/puzzlebot/Puzzlebot_Lidar_ROS1_ROS2/ros2_packages_ws/install/micro_ros_setup/share/micro_ros_setup/local_setup.sh
[0.628s] -- Up-to-date: /home/puzzlebot/Puzzlebot_Lidar_ROS1_ROS2/ros2_packages_ws/install/micro_ros_setup/share/micro_ros_setup/local_setup.zsh
[0.629s] -- Up-to-date: /home/puzzlebot/Puzzlebot_Lidar_ROS1_ROS2/ros2_packages_ws/install/micro_ros_setup/share/micro_ros_setup/local_setup.dsv
[0.629s] -- Installing: /home/puzzlebot/Puzzlebot_Lidar_ROS1_ROS2/ros2_packages_ws/install/micro_ros_setup/share/micro_ros_setup/package.dsv
[0.629s] -- Up-to-date: /home/puzzlebot/Puzzlebot_Lidar_ROS1_ROS2/ros2_packages_ws/install/micro_ros_setup/share/ament_index/resource_index/packages/micro_ros_setup
[0.630s] -- Up-to-date: /home/puzzlebot/Puzzlebot_Lidar_ROS1_ROS2/ros2_packages_ws/install/micro_ros_setup/share/micro_ros_setup/cmake/micro_ros_setupConfig.cmake
[0.630s] -- Up-to-date: /home/puzzlebot/Puzzlebot_Lidar_ROS1_ROS2/ros2_packages_ws/install/micro_ros_setup/share/micro_ros_setup/cmake/micro_ros_setupConfig-version.cmake
[0.632s] -- Up-to-date: /home/puzzlebot/Puzzlebot_Lidar_ROS1_ROS2/ros2_packages_ws/install/micro_ros_setup/share/micro_ros_setup/package.xml
[0.633s] -- Up-to-date: /home/puzzlebot/Puzzlebot_Lidar_ROS1_ROS2/ros2_packages_ws/install/micro_ros_setup/./config
[0.634s] -- Up-to-date: /home/puzzlebot/Puzzlebot_Lidar_ROS1_ROS2/ros2_packages_ws/install/micro_ros_setup/./config/generate_lib
[0.635s] -- Up-to-date: /home/puzzlebot/Puzzlebot_Lidar_ROS1_ROS2/ros2_packages_ws/install/micro_ros_setup/./config/generate_lib/dev_uros_packages.repos
[0.636s] -- Up-to-date: /home/puzzlebot/Puzzlebot_Lidar_ROS1_ROS2/ros2_packages_ws/install/micro_ros_setup/./config/generate_lib/generic
[0.637s] -- Up-to-date: /home/puzzlebot/Puzzlebot_Lidar_ROS1_ROS2/ros2_packages_ws/install/micro_ros_setup/./config/generate_lib/generic/build.sh
[0.637s] -- Up-to-date: /home/puzzlebot/Puzzlebot_Lidar_ROS1_ROS2/ros2_packages_ws/install/micro_ros_setup/./config/generate_lib/generic/create.sh
[0.638s] -- Up-to-date: /home/puzzlebot/Puzzlebot_Lidar_ROS1_ROS2/ros2_packages_ws/install/micro_ros_setup/./config/generate_lib/generic/client_uros_packages.repos
[0.638s] -- Up-to-date: /home/puzzlebot/Puzzlebot_Lidar_ROS1_ROS2/ros2_packages_ws/install/micro_ros_setup/./config/generate_lib/generic/package.xml
[0.642s] -- Up-to-date: /home/puzzlebot/Puzzlebot_Lidar_ROS1_ROS2/ros2_packages_ws/install/micro_ros_setup/./config/generate_lib/generic/flash.sh
[0.643s] -- Up-to-date: /home/puzzlebot/Puzzlebot_Lidar_ROS1_ROS2/ros2_packages_ws/install/micro_ros_setup/./config/generate_lib/generic/demo_toolchain.cmake
[0.647s] -- Up-to-date: /home/puzzlebot/Puzzlebot_Lidar_ROS1_ROS2/ros2_packages_ws/install/micro_ros_setup/./config/generate_lib/generic/client-colcon.meta
[0.648s] -- Up-to-date: /home/puzzlebot/Puzzlebot_Lidar_ROS1_ROS2/ros2_packages_ws/install/micro_ros_setup/./config/generate_lib/dev_ros2_packages.txt
[0.650s] -- Up-to-date: /home/puzzlebot/Puzzlebot_Lidar_ROS1_ROS2/ros2_packages_ws/install/micro_ros_setup/./config/agent_ros2_packages.txt
[0.655s] -- Up-to-date: /home/puzzlebot/Puzzlebot_Lidar_ROS1_ROS2/ros2_packages_ws/install/micro_ros_setup/./config/renesas_ra
[0.655s] -- Up-to-date: /home/puzzlebot/Puzzlebot_Lidar_ROS1_ROS2/ros2_packages_ws/install/micro_ros_setup/./config/renesas_ra/dev_uros_packages.repos
[0.656s] -- Up-to-date: /home/puzzlebot/Puzzlebot_Lidar_ROS1_ROS2/ros2_packages_ws/install/micro_ros_setup/./config/renesas_ra/list_apps.sh
[0.656s] -- Up-to-date: /home/puzzlebot/Puzzlebot_Lidar_ROS1_ROS2/ros2_packages_ws/install/micro_ros_setup/./config/renesas_ra/dev_ros2_packages.txt
[0.656s] -- Up-to-date: /home/puzzlebot/Puzzlebot_Lidar_ROS1_ROS2/ros2_packages_ws/install/micro_ros_setup/./config/renesas_ra/ra6m5
[0.657s] -- Up-to-date: /home/puzzlebot/Puzzlebot_Lidar_ROS1_ROS2/ros2_packages_ws/install/micro_ros_setup/./config/renesas_ra/ra6m5/build.sh
[0.660s] -- Up-to-date: /home/puzzlebot/Puzzlebot_Lidar_ROS1_ROS2/ros2_packages_ws/install/micro_ros_setup/./config/renesas_ra/ra6m5/create.sh
[0.670s] -- Up-to-date: /home/puzzlebot/Puzzlebot_Lidar_ROS1_ROS2/ros2_packages_ws/install/micro_ros_setup/./config/renesas_ra/ra6m5/board.repos
[0.671s] -- Up-to-date: /home/puzzlebot/Puzzlebot_Lidar_ROS1_ROS2/ros2_packages_ws/install/micro_ros_setup/./config/renesas_ra/ra6m5/client_uros_packages.repos
[0.671s] -- Up-to-date: /home/puzzlebot/Puzzlebot_Lidar_ROS1_ROS2/ros2_packages_ws/install/micro_ros_setup/./config/renesas_ra/ra6m5/flash.sh
[0.672s] -- Up-to-date: /home/puzzlebot/Puzzlebot_Lidar_ROS1_ROS2/ros2_packages_ws/install/micro_ros_setup/./config/renesas_ra/ra6m5/configure.sh
[0.672s] -- Up-to-date: /home/puzzlebot/Puzzlebot_Lidar_ROS1_ROS2/ros2_packages_ws/install/micro_ros_setup/./config/renesas_ra/ra6m5/client-colcon.meta
[0.673s] -- Up-to-date: /home/puzzlebot/Puzzlebot_Lidar_ROS1_ROS2/ros2_packages_ws/install/micro_ros_setup/./config/agent_uros_packages.repos
[0.674s] -- Up-to-date: /home/puzzlebot/Puzzlebot_Lidar_ROS1_ROS2/ros2_packages_ws/install/micro_ros_setup/./config/utils.sh
[0.674s] -- Up-to-date: /home/puzzlebot/Puzzlebot_Lidar_ROS1_ROS2/ros2_packages_ws/install/micro_ros_setup/./config/freertos
[0.685s] -- Up-to-date: /home/puzzlebot/Puzzlebot_Lidar_ROS1_ROS2/ros2_packages_ws/install/micro_ros_setup/./config/freertos/nucleo_f446ze
[0.685s] -- Up-to-date: /home/puzzlebot/Puzzlebot_Lidar_ROS1_ROS2/ros2_packages_ws/install/micro_ros_setup/./config/freertos/nucleo_f446ze/build.sh
[0.686s] -- Up-to-date: /home/puzzlebot/Puzzlebot_Lidar_ROS1_ROS2/ros2_packages_ws/install/micro_ros_setup/./config/freertos/nucleo_f446ze/create.sh
[0.686s] -- Up-to-date: /home/puzzlebot/Puzzlebot_Lidar_ROS1_ROS2/ros2_packages_ws/install/micro_ros_setup/./config/freertos/nucleo_f446ze/board.repos
[0.687s] -- Up-to-date: /home/puzzlebot/Puzzlebot_Lidar_ROS1_ROS2/ros2_packages_ws/install/micro_ros_setup/./config/freertos/nucleo_f446ze/client_uros_packages.repos
[0.687s] -- Up-to-date: /home/puzzlebot/Puzzlebot_Lidar_ROS1_ROS2/ros2_packages_ws/install/micro_ros_setup/./config/freertos/nucleo_f446ze/package.xml
[0.688s] -- Up-to-date: /home/puzzlebot/Puzzlebot_Lidar_ROS1_ROS2/ros2_packages_ws/install/micro_ros_setup/./config/freertos/nucleo_f446ze/flash.sh
[0.688s] -- Up-to-date: /home/puzzlebot/Puzzlebot_Lidar_ROS1_ROS2/ros2_packages_ws/install/micro_ros_setup/./config/freertos/nucleo_f446ze/configure.sh
[0.689s] -- Up-to-date: /home/puzzlebot/Puzzlebot_Lidar_ROS1_ROS2/ros2_packages_ws/install/micro_ros_setup/./config/freertos/nucleo_f446ze/client-colcon.meta
[0.689s] -- Up-to-date: /home/puzzlebot/Puzzlebot_Lidar_ROS1_ROS2/ros2_packages_ws/install/micro_ros_setup/./config/freertos/nucleo_f446re
[0.689s] -- Up-to-date: /home/puzzlebot/Puzzlebot_Lidar_ROS1_ROS2/ros2_packages_ws/install/micro_ros_setup/./config/freertos/nucleo_f446re/build.sh
[0.690s] -- Up-to-date: /home/puzzlebot/Puzzlebot_Lidar_ROS1_ROS2/ros2_packages_ws/install/micro_ros_setup/./config/freertos/nucleo_f446re/create.sh
[0.690s] -- Up-to-date: /home/puzzlebot/Puzzlebot_Lidar_ROS1_ROS2/ros2_packages_ws/install/micro_ros_setup/./config/freertos/nucleo_f446re/board.repos
[0.691s] -- Up-to-date: /home/puzzlebot/Puzzlebot_Lidar_ROS1_ROS2/ros2_packages_ws/install/micro_ros_setup/./config/freertos/nucleo_f446re/client_uros_packages.repos
[0.692s] -- Up-to-date: /home/puzzlebot/Puzzlebot_Lidar_ROS1_ROS2/ros2_packages_ws/install/micro_ros_setup/./config/freertos/nucleo_f446re/package.xml
[0.699s] -- Up-to-date: /home/puzzlebot/Puzzlebot_Lidar_ROS1_ROS2/ros2_packages_ws/install/micro_ros_setup/./config/freertos/nucleo_f446re/flash.sh
[0.700s] -- Up-to-date: /home/puzzlebot/Puzzlebot_Lidar_ROS1_ROS2/ros2_packages_ws/install/micro_ros_setup/./config/freertos/nucleo_f446re/configure.sh
[0.701s] -- Up-to-date: /home/puzzlebot/Puzzlebot_Lidar_ROS1_ROS2/ros2_packages_ws/install/micro_ros_setup/./config/freertos/nucleo_f446re/client-colcon.meta
[0.701s] -- Up-to-date: /home/puzzlebot/Puzzlebot_Lidar_ROS1_ROS2/ros2_packages_ws/install/micro_ros_setup/./config/freertos/nucleo_f746zg
[0.702s] -- Up-to-date: /home/puzzlebot/Puzzlebot_Lidar_ROS1_ROS2/ros2_packages_ws/install/micro_ros_setup/./config/freertos/nucleo_f746zg/build.sh
[0.703s] -- Up-to-date: /home/puzzlebot/Puzzlebot_Lidar_ROS1_ROS2/ros2_packages_ws/install/micro_ros_setup/./config/freertos/nucleo_f746zg/create.sh
[0.703s] -- Up-to-date: /home/puzzlebot/Puzzlebot_Lidar_ROS1_ROS2/ros2_packages_ws/install/micro_ros_setup/./config/freertos/nucleo_f746zg/board.repos
[0.704s] -- Up-to-date: /home/puzzlebot/Puzzlebot_Lidar_ROS1_ROS2/ros2_packages_ws/install/micro_ros_setup/./config/freertos/nucleo_f746zg/client_uros_packages.repos
[0.704s] -- Up-to-date: /home/puzzlebot/Puzzlebot_Lidar_ROS1_ROS2/ros2_packages_ws/install/micro_ros_setup/./config/freertos/nucleo_f746zg/package.xml
[0.705s] -- Up-to-date: /home/puzzlebot/Puzzlebot_Lidar_ROS1_ROS2/ros2_packages_ws/install/micro_ros_setup/./config/freertos/nucleo_f746zg/flash.sh
[0.705s] -- Up-to-date: /home/puzzlebot/Puzzlebot_Lidar_ROS1_ROS2/ros2_packages_ws/install/micro_ros_setup/./config/freertos/nucleo_f746zg/configure.sh
[0.706s] -- Up-to-date: /home/puzzlebot/Puzzlebot_Lidar_ROS1_ROS2/ros2_packages_ws/install/micro_ros_setup/./config/freertos/nucleo_f746zg/client-colcon.meta
[0.706s] -- Up-to-date: /home/puzzlebot/Puzzlebot_Lidar_ROS1_ROS2/ros2_packages_ws/install/micro_ros_setup/./config/freertos/crazyflie21
[0.706s] -- Up-to-date: /home/puzzlebot/Puzzlebot_Lidar_ROS1_ROS2/ros2_packages_ws/install/micro_ros_setup/./config/freertos/crazyflie21/build.sh
[0.707s] -- Up-to-date: /home/puzzlebot/Puzzlebot_Lidar_ROS1_ROS2/ros2_packages_ws/install/micro_ros_setup/./config/freertos/crazyflie21/create.sh
[0.708s] -- Up-to-date: /home/puzzlebot/Puzzlebot_Lidar_ROS1_ROS2/ros2_packages_ws/install/micro_ros_setup/./config/freertos/crazyflie21/board.repos
[0.708s] -- Up-to-date: /home/puzzlebot/Puzzlebot_Lidar_ROS1_ROS2/ros2_packages_ws/install/micro_ros_setup/./config/freertos/crazyflie21/client_uros_packages.repos
[0.709s] -- Up-to-date: /home/puzzlebot/Puzzlebot_Lidar_ROS1_ROS2/ros2_packages_ws/install/micro_ros_setup/./config/freertos/crazyflie21/package.xml
[0.709s] -- Up-to-date: /home/puzzlebot/Puzzlebot_Lidar_ROS1_ROS2/ros2_packages_ws/install/micro_ros_setup/./config/freertos/crazyflie21/flash.sh
[0.709s] -- Up-to-date: /home/puzzlebot/Puzzlebot_Lidar_ROS1_ROS2/ros2_packages_ws/install/micro_ros_setup/./config/freertos/crazyflie21/configure.sh
[0.710s] -- Up-to-date: /home/puzzlebot/Puzzlebot_Lidar_ROS1_ROS2/ros2_packages_ws/install/micro_ros_setup/./config/freertos/crazyflie21/client-colcon.meta
[0.710s] -- Up-to-date: /home/puzzlebot/Puzzlebot_Lidar_ROS1_ROS2/ros2_packages_ws/install/micro_ros_setup/./config/freertos/dev_uros_packages.repos
[0.711s] -- Up-to-date: /home/puzzlebot/Puzzlebot_Lidar_ROS1_ROS2/ros2_packages_ws/install/micro_ros_setup/./config/freertos/nucleo_f767zi
[0.712s] -- Up-to-date: /home/puzzlebot/Puzzlebot_Lidar_ROS1_ROS2/ros2_packages_ws/install/micro_ros_setup/./config/freertos/nucleo_f767zi/build.sh
[0.722s] -- Up-to-date: /home/puzzlebot/Puzzlebot_Lidar_ROS1_ROS2/ros2_packages_ws/install/micro_ros_setup/./config/freertos/nucleo_f767zi/create.sh
[0.726s] -- Up-to-date: /home/puzzlebot/Puzzlebot_Lidar_ROS1_ROS2/ros2_packages_ws/install/micro_ros_setup/./config/freertos/nucleo_f767zi/board.repos
[0.727s] -- Up-to-date: /home/puzzlebot/Puzzlebot_Lidar_ROS1_ROS2/ros2_packages_ws/install/micro_ros_setup/./config/freertos/nucleo_f767zi/client_uros_packages.repos
[0.728s] -- Up-to-date: /home/puzzlebot/Puzzlebot_Lidar_ROS1_ROS2/ros2_packages_ws/install/micro_ros_setup/./config/freertos/nucleo_f767zi/package.xml
[0.728s] -- Up-to-date: /home/puzzlebot/Puzzlebot_Lidar_ROS1_ROS2/ros2_packages_ws/install/micro_ros_setup/./config/freertos/nucleo_f767zi/flash.sh
[0.729s] -- Up-to-date: /home/puzzlebot/Puzzlebot_Lidar_ROS1_ROS2/ros2_packages_ws/install/micro_ros_setup/./config/freertos/nucleo_f767zi/configure.sh
[0.729s] -- Up-to-date: /home/puzzlebot/Puzzlebot_Lidar_ROS1_ROS2/ros2_packages_ws/install/micro_ros_setup/./config/freertos/nucleo_f767zi/client-colcon.meta
[0.730s] -- Up-to-date: /home/puzzlebot/Puzzlebot_Lidar_ROS1_ROS2/ros2_packages_ws/install/micro_ros_setup/./config/freertos/esp32
[0.730s] -- Up-to-date: /home/puzzlebot/Puzzlebot_Lidar_ROS1_ROS2/ros2_packages_ws/install/micro_ros_setup/./config/freertos/esp32/build.sh
[0.731s] -- Up-to-date: /home/puzzlebot/Puzzlebot_Lidar_ROS1_ROS2/ros2_packages_ws/install/micro_ros_setup/./config/freertos/esp32/create.sh
[0.740s] -- Up-to-date: /home/puzzlebot/Puzzlebot_Lidar_ROS1_ROS2/ros2_packages_ws/install/micro_ros_setup/./config/freertos/esp32/README.md
[0.741s] -- Up-to-date: /home/puzzlebot/Puzzlebot_Lidar_ROS1_ROS2/ros2_packages_ws/install/micro_ros_setup/./config/freertos/esp32/board.repos
[0.741s] -- Up-to-date: /home/puzzlebot/Puzzlebot_Lidar_ROS1_ROS2/ros2_packages_ws/install/micro_ros_setup/./config/freertos/esp32/client_uros_packages.repos
[0.742s] -- Up-to-date: /home/puzzlebot/Puzzlebot_Lidar_ROS1_ROS2/ros2_packages_ws/install/micro_ros_setup/./config/freertos/esp32/package.xml
[0.747s] -- Up-to-date: /home/puzzlebot/Puzzlebot_Lidar_ROS1_ROS2/ros2_packages_ws/install/micro_ros_setup/./config/freertos/esp32/flash.sh
[0.748s] -- Up-to-date: /home/puzzlebot/Puzzlebot_Lidar_ROS1_ROS2/ros2_packages_ws/install/micro_ros_setup/./config/freertos/esp32/configure.sh
[0.749s] -- Up-to-date: /home/puzzlebot/Puzzlebot_Lidar_ROS1_ROS2/ros2_packages_ws/install/micro_ros_setup/./config/freertos/esp32/client-colcon.meta
[0.749s] -- Up-to-date: /home/puzzlebot/Puzzlebot_Lidar_ROS1_ROS2/ros2_packages_ws/install/micro_ros_setup/./config/freertos/olimex-stm32-e407
[0.750s] -- Up-to-date: /home/puzzlebot/Puzzlebot_Lidar_ROS1_ROS2/ros2_packages_ws/install/micro_ros_setup/./config/freertos/olimex-stm32-e407/build.sh
[0.751s] -- Up-to-date: /home/puzzlebot/Puzzlebot_Lidar_ROS1_ROS2/ros2_packages_ws/install/micro_ros_setup/./config/freertos/olimex-stm32-e407/create.sh
[0.751s] -- Up-to-date: /home/puzzlebot/Puzzlebot_Lidar_ROS1_ROS2/ros2_packages_ws/install/micro_ros_setup/./config/freertos/olimex-stm32-e407/board.repos
[0.752s] -- Up-to-date: /home/puzzlebot/Puzzlebot_Lidar_ROS1_ROS2/ros2_packages_ws/install/micro_ros_setup/./config/freertos/olimex-stm32-e407/client_uros_packages.repos
[0.761s] -- Up-to-date: /home/puzzlebot/Puzzlebot_Lidar_ROS1_ROS2/ros2_packages_ws/install/micro_ros_setup/./config/freertos/olimex-stm32-e407/package.xml
[0.761s] -- Up-to-date: /home/puzzlebot/Puzzlebot_Lidar_ROS1_ROS2/ros2_packages_ws/install/micro_ros_setup/./config/freertos/olimex-stm32-e407/flash.sh
[0.762s] -- Up-to-date: /home/puzzlebot/Puzzlebot_Lidar_ROS1_ROS2/ros2_packages_ws/install/micro_ros_setup/./config/freertos/olimex-stm32-e407/configure.sh
[0.762s] -- Up-to-date: /home/puzzlebot/Puzzlebot_Lidar_ROS1_ROS2/ros2_packages_ws/install/micro_ros_setup/./config/freertos/olimex-stm32-e407/client-colcon.meta
[0.763s] -- Up-to-date: /home/puzzlebot/Puzzlebot_Lidar_ROS1_ROS2/ros2_packages_ws/install/micro_ros_setup/./config/freertos/list_apps.sh
[0.763s] -- Up-to-date: /home/puzzlebot/Puzzlebot_Lidar_ROS1_ROS2/ros2_packages_ws/install/micro_ros_setup/./config/freertos/dev_ros2_packages.txt
[0.764s] -- Up-to-date: /home/puzzlebot/Puzzlebot_Lidar_ROS1_ROS2/ros2_packages_ws/install/micro_ros_setup/./config/mbed
[0.765s] -- Up-to-date: /home/puzzlebot/Puzzlebot_Lidar_ROS1_ROS2/ros2_packages_ws/install/micro_ros_setup/./config/mbed/dev_uros_packages.repos
[0.765s] -- Up-to-date: /home/puzzlebot/Puzzlebot_Lidar_ROS1_ROS2/ros2_packages_ws/install/micro_ros_setup/./config/mbed/generic
[0.766s] -- Up-to-date: /home/puzzlebot/Puzzlebot_Lidar_ROS1_ROS2/ros2_packages_ws/install/micro_ros_setup/./config/mbed/generic/build.sh
[0.766s] -- Up-to-date: /home/puzzlebot/Puzzlebot_Lidar_ROS1_ROS2/ros2_packages_ws/install/micro_ros_setup/./config/mbed/generic/create.sh
[0.767s] -- Up-to-date: /home/puzzlebot/Puzzlebot_Lidar_ROS1_ROS2/ros2_packages_ws/install/micro_ros_setup/./config/mbed/generic/board.repos
[0.767s] -- Up-to-date: /home/puzzlebot/Puzzlebot_Lidar_ROS1_ROS2/ros2_packages_ws/install/micro_ros_setup/./config/mbed/generic/client_uros_packages.repos
[0.767s] -- Up-to-date: /home/puzzlebot/Puzzlebot_Lidar_ROS1_ROS2/ros2_packages_ws/install/micro_ros_setup/./config/mbed/generic/package.xml
[0.768s] -- Up-to-date: /home/puzzlebot/Puzzlebot_Lidar_ROS1_ROS2/ros2_packages_ws/install/micro_ros_setup/./config/mbed/generic/flash.sh
[0.768s] -- Up-to-date: /home/puzzlebot/Puzzlebot_Lidar_ROS1_ROS2/ros2_packages_ws/install/micro_ros_setup/./config/mbed/generic/supported_platforms
[0.769s] -- Up-to-date: /home/puzzlebot/Puzzlebot_Lidar_ROS1_ROS2/ros2_packages_ws/install/micro_ros_setup/./config/mbed/list_apps.sh
[0.769s] -- Up-to-date: /home/puzzlebot/Puzzlebot_Lidar_ROS1_ROS2/ros2_packages_ws/install/micro_ros_setup/./config/mbed/dev_ros2_packages.txt
[0.769s] -- Up-to-date: /home/puzzlebot/Puzzlebot_Lidar_ROS1_ROS2/ros2_packages_ws/install/micro_ros_setup/./config/android
[0.770s] -- Up-to-date: /home/puzzlebot/Puzzlebot_Lidar_ROS1_ROS2/ros2_packages_ws/install/micro_ros_setup/./config/android/dev_uros_packages.repos
[0.770s] -- Up-to-date: /home/puzzlebot/Puzzlebot_Lidar_ROS1_ROS2/ros2_packages_ws/install/micro_ros_setup/./config/android/generic
[0.770s] -- Up-to-date: /home/puzzlebot/Puzzlebot_Lidar_ROS1_ROS2/ros2_packages_ws/install/micro_ros_setup/./config/android/generic/build.sh
[0.771s] -- Up-to-date: /home/puzzlebot/Puzzlebot_Lidar_ROS1_ROS2/ros2_packages_ws/install/micro_ros_setup/./config/android/generic/create.sh
[0.771s] -- Up-to-date: /home/puzzlebot/Puzzlebot_Lidar_ROS1_ROS2/ros2_packages_ws/install/micro_ros_setup/./config/android/generic/client_uros_packages.repos
[0.780s] -- Up-to-date: /home/puzzlebot/Puzzlebot_Lidar_ROS1_ROS2/ros2_packages_ws/install/micro_ros_setup/./config/android/generic/package.xml
[0.793s] -- Up-to-date: /home/puzzlebot/Puzzlebot_Lidar_ROS1_ROS2/ros2_packages_ws/install/micro_ros_setup/./config/android/generic/flash.sh
[0.794s] -- Up-to-date: /home/puzzlebot/Puzzlebot_Lidar_ROS1_ROS2/ros2_packages_ws/install/micro_ros_setup/./config/android/generic/client-colcon.meta
[0.794s] -- Up-to-date: /home/puzzlebot/Puzzlebot_Lidar_ROS1_ROS2/ros2_packages_ws/install/micro_ros_setup/./config/android/dev_ros2_packages.txt
[0.795s] -- Up-to-date: /home/puzzlebot/Puzzlebot_Lidar_ROS1_ROS2/ros2_packages_ws/install/micro_ros_setup/./config/client_uros_packages.repos
[0.795s] -- Up-to-date: /home/puzzlebot/Puzzlebot_Lidar_ROS1_ROS2/ros2_packages_ws/install/micro_ros_setup/./config/host
[0.796s] -- Up-to-date: /home/puzzlebot/Puzzlebot_Lidar_ROS1_ROS2/ros2_packages_ws/install/micro_ros_setup/./config/host/dev_uros_packages.repos
[0.797s] -- Up-to-date: /home/puzzlebot/Puzzlebot_Lidar_ROS1_ROS2/ros2_packages_ws/install/micro_ros_setup/./config/host/client_ros2_packages.txt
[0.799s] -- Up-to-date: /home/puzzlebot/Puzzlebot_Lidar_ROS1_ROS2/ros2_packages_ws/install/micro_ros_setup/./config/host/generic
[0.800s] -- Up-to-date: /home/puzzlebot/Puzzlebot_Lidar_ROS1_ROS2/ros2_packages_ws/install/micro_ros_setup/./config/host/generic/client-host-colcon.meta
[0.801s] -- Up-to-date: /home/puzzlebot/Puzzlebot_Lidar_ROS1_ROS2/ros2_packages_ws/install/micro_ros_setup/./config/host/generic/build.sh
[0.801s] -- Up-to-date: /home/puzzlebot/Puzzlebot_Lidar_ROS1_ROS2/ros2_packages_ws/install/micro_ros_setup/./config/host/generic/create.sh
[0.802s] -- Up-to-date: /home/puzzlebot/Puzzlebot_Lidar_ROS1_ROS2/ros2_packages_ws/install/micro_ros_setup/./config/host/generic/package.xml
[0.802s] -- Up-to-date: /home/puzzlebot/Puzzlebot_Lidar_ROS1_ROS2/ros2_packages_ws/install/micro_ros_setup/./config/host/generic/flash.sh
[0.803s] -- Up-to-date: /home/puzzlebot/Puzzlebot_Lidar_ROS1_ROS2/ros2_packages_ws/install/micro_ros_setup/./config/host/generic/client_host_packages.repos
[0.803s] -- Up-to-date: /home/puzzlebot/Puzzlebot_Lidar_ROS1_ROS2/ros2_packages_ws/install/micro_ros_setup/./config/host/dev_ros2_packages.txt
[0.804s] -- Up-to-date: /home/puzzlebot/Puzzlebot_Lidar_ROS1_ROS2/ros2_packages_ws/install/micro_ros_setup/./config/client_ros2_packages.txt
[0.804s] -- Up-to-date: /home/puzzlebot/Puzzlebot_Lidar_ROS1_ROS2/ros2_packages_ws/install/micro_ros_setup/./config/zephyr
[0.804s] -- Up-to-date: /home/puzzlebot/Puzzlebot_Lidar_ROS1_ROS2/ros2_packages_ws/install/micro_ros_setup/./config/zephyr/dev_uros_packages.repos
[0.805s] -- Up-to-date: /home/puzzlebot/Puzzlebot_Lidar_ROS1_ROS2/ros2_packages_ws/install/micro_ros_setup/./config/zephyr/generic
[0.805s] -- Up-to-date: /home/puzzlebot/Puzzlebot_Lidar_ROS1_ROS2/ros2_packages_ws/install/micro_ros_setup/./config/zephyr/generic/build.sh
[0.806s] -- Up-to-date: /home/puzzlebot/Puzzlebot_Lidar_ROS1_ROS2/ros2_packages_ws/install/micro_ros_setup/./config/zephyr/generic/create.sh
[0.806s] -- Up-to-date: /home/puzzlebot/Puzzlebot_Lidar_ROS1_ROS2/ros2_packages_ws/install/micro_ros_setup/./config/zephyr/generic/board.repos
[0.806s] -- Up-to-date: /home/puzzlebot/Puzzlebot_Lidar_ROS1_ROS2/ros2_packages_ws/install/micro_ros_setup/./config/zephyr/generic/client_uros_packages.repos
[0.807s] -- Up-to-date: /home/puzzlebot/Puzzlebot_Lidar_ROS1_ROS2/ros2_packages_ws/install/micro_ros_setup/./config/zephyr/generic/package.xml
[0.807s] -- Up-to-date: /home/puzzlebot/Puzzlebot_Lidar_ROS1_ROS2/ros2_packages_ws/install/micro_ros_setup/./config/zephyr/generic/flash.sh
[0.808s] -- Up-to-date: /home/puzzlebot/Puzzlebot_Lidar_ROS1_ROS2/ros2_packages_ws/install/micro_ros_setup/./config/zephyr/generic/configure.sh
[0.808s] -- Up-to-date: /home/puzzlebot/Puzzlebot_Lidar_ROS1_ROS2/ros2_packages_ws/install/micro_ros_setup/./config/zephyr/generic/client-colcon.meta
[0.809s] -- Up-to-date: /home/puzzlebot/Puzzlebot_Lidar_ROS1_ROS2/ros2_packages_ws/install/micro_ros_setup/./config/zephyr/generic/supported_platforms
[0.809s] -- Up-to-date: /home/puzzlebot/Puzzlebot_Lidar_ROS1_ROS2/ros2_packages_ws/install/micro_ros_setup/./config/zephyr/list_apps.sh
[0.810s] -- Up-to-date: /home/puzzlebot/Puzzlebot_Lidar_ROS1_ROS2/ros2_packages_ws/install/micro_ros_setup/./config/zephyr/dev_ros2_packages.txt
[0.811s] -- Up-to-date: /home/puzzlebot/Puzzlebot_Lidar_ROS1_ROS2/ros2_packages_ws/install/micro_ros_setup/./config/raspbian
[0.811s] -- Up-to-date: /home/puzzlebot/Puzzlebot_Lidar_ROS1_ROS2/ros2_packages_ws/install/micro_ros_setup/./config/raspbian/dev_uros_packages.repos
[0.812s] -- Up-to-date: /home/puzzlebot/Puzzlebot_Lidar_ROS1_ROS2/ros2_packages_ws/install/micro_ros_setup/./config/raspbian/generic
[0.812s] -- Up-to-date: /home/puzzlebot/Puzzlebot_Lidar_ROS1_ROS2/ros2_packages_ws/install/micro_ros_setup/./config/raspbian/generic/build.sh
[0.813s] -- Up-to-date: /home/puzzlebot/Puzzlebot_Lidar_ROS1_ROS2/ros2_packages_ws/install/micro_ros_setup/./config/raspbian/generic/create.sh
[0.813s] -- Up-to-date: /home/puzzlebot/Puzzlebot_Lidar_ROS1_ROS2/ros2_packages_ws/install/micro_ros_setup/./config/raspbian/generic/client_uros_packages.repos
[0.813s] -- Up-to-date: /home/puzzlebot/Puzzlebot_Lidar_ROS1_ROS2/ros2_packages_ws/install/micro_ros_setup/./config/raspbian/generic/flash.sh
[0.814s] -- Up-to-date: /home/puzzlebot/Puzzlebot_Lidar_ROS1_ROS2/ros2_packages_ws/install/micro_ros_setup/./config/raspbian/generic/configure.sh
[0.814s] -- Up-to-date: /home/puzzlebot/Puzzlebot_Lidar_ROS1_ROS2/ros2_packages_ws/install/micro_ros_setup/./config/raspbian/generic/client-colcon.meta
[0.815s] -- Up-to-date: /home/puzzlebot/Puzzlebot_Lidar_ROS1_ROS2/ros2_packages_ws/install/micro_ros_setup/./config/raspbian/generic/supported_platforms
[0.815s] -- Up-to-date: /home/puzzlebot/Puzzlebot_Lidar_ROS1_ROS2/ros2_packages_ws/install/micro_ros_setup/./config/raspbian/dev_ros2_packages.txt
[0.816s] -- Up-to-date: /home/puzzlebot/Puzzlebot_Lidar_ROS1_ROS2/ros2_packages_ws/install/micro_ros_setup/lib/micro_ros_setup/create_ws.sh
[0.816s] -- Up-to-date: /home/puzzlebot/Puzzlebot_Lidar_ROS1_ROS2/ros2_packages_ws/install/micro_ros_setup/lib/micro_ros_setup/create_agent_ws.sh
[0.817s] -- Up-to-date: /home/puzzlebot/Puzzlebot_Lidar_ROS1_ROS2/ros2_packages_ws/install/micro_ros_setup/lib/micro_ros_setup/create_firmware_ws.sh
[0.817s] -- Up-to-date: /home/puzzlebot/Puzzlebot_Lidar_ROS1_ROS2/ros2_packages_ws/install/micro_ros_setup/lib/micro_ros_setup/configure_firmware.sh
[0.818s] -- Up-to-date: /home/puzzlebot/Puzzlebot_Lidar_ROS1_ROS2/ros2_packages_ws/install/micro_ros_setup/lib/micro_ros_setup/flash_firmware.sh
[0.818s] -- Up-to-date: /home/puzzlebot/Puzzlebot_Lidar_ROS1_ROS2/ros2_packages_ws/install/micro_ros_setup/lib/micro_ros_setup/build_firmware.sh
[0.818s] -- Up-to-date: /home/puzzlebot/Puzzlebot_Lidar_ROS1_ROS2/ros2_packages_ws/install/micro_ros_setup/lib/micro_ros_setup/build_agent.sh
[0.819s] -- Up-to-date: /home/puzzlebot/Puzzlebot_Lidar_ROS1_ROS2/ros2_packages_ws/install/micro_ros_setup/lib/micro_ros_setup/yaml_filter.py
[0.819s] -- Up-to-date: /home/puzzlebot/Puzzlebot_Lidar_ROS1_ROS2/ros2_packages_ws/install/micro_ros_setup/lib/micro_ros_setup/clean_env.sh
[0.822s] -- Up-to-date: /home/puzzlebot/Puzzlebot_Lidar_ROS1_ROS2/ros2_packages_ws/install/micro_ros_setup/lib/micro_ros_setup/component
[0.823s] Invoked command in '/home/puzzlebot/Puzzlebot_Lidar_ROS1_ROS2/ros2_packages_ws/build/micro_ros_setup' returned '0': CMAKE_PREFIX_PATH=${CMAKE_PREFIX_PATH}:/home/puzzlebot/Puzzlebot_Lidar_ROS1_ROS2/ros2_packages_ws/install/localization:/home/puzzlebot/Puzzlebot_Lidar_ROS1_ROS2/ros2_packages_ws/install/camera_viewer:/home/puzzlebot/ros2_ws/install/puzzlebot_ros:/opt/ros/humble /usr/bin/cmake --install /home/puzzlebot/Puzzlebot_Lidar_ROS1_ROS2/ros2_packages_ws/build/micro_ros_setup
