[0.187s] Invoking command in '/home/puzzlebot/Puzzlebot_Lidar_ROS1_ROS2/ros2_packages_ws/build/camera_info_publisher': CMAKE_PREFIX_PATH=${CMAKE_PREFIX_PATH}:/home/puzzlebot/Puzzlebot_Lidar_ROS1_ROS2/ros2_packages_ws/install/localization:/home/puzzlebot/Puzzlebot_Lidar_ROS1_ROS2/ros2_packages_ws/install/camera_viewer:/home/puzzlebot/ros2_ws/install/puzzlebot_ros:/opt/ros/humble /usr/bin/cmake --build /home/puzzlebot/Puzzlebot_Lidar_ROS1_ROS2/ros2_packages_ws/build/camera_info_publisher -- -j4 -l4
[1.858s] [100%] Built target camera_info_publisher
[1.908s] Invoked command in '/home/puzzlebot/Puzzlebot_Lidar_ROS1_ROS2/ros2_packages_ws/build/camera_info_publisher' returned '0': CMAKE_PREFIX_PATH=${CMAKE_PREFIX_PATH}:/home/puzzlebot/Puzzlebot_Lidar_ROS1_ROS2/ros2_packages_ws/install/localization:/home/puzzlebot/Puzzlebot_Lidar_ROS1_ROS2/ros2_packages_ws/install/camera_viewer:/home/puzzlebot/ros2_ws/install/puzzlebot_ros:/opt/ros/humble /usr/bin/cmake --build /home/puzzlebot/Puzzlebot_Lidar_ROS1_ROS2/ros2_packages_ws/build/camera_info_publisher -- -j4 -l4
[2.544s] Invoking command in '/home/puzzlebot/Puzzlebot_Lidar_ROS1_ROS2/ros2_packages_ws/build/camera_info_publisher': CMAKE_PREFIX_PATH=${CMAKE_PREFIX_PATH}:/home/puzzlebot/Puzzlebot_Lidar_ROS1_ROS2/ros2_packages_ws/install/localization:/home/puzzlebot/Puzzlebot_Lidar_ROS1_ROS2/ros2_packages_ws/install/camera_viewer:/home/puzzlebot/ros2_ws/install/puzzlebot_ros:/opt/ros/humble /usr/bin/cmake --install /home/puzzlebot/Puzzlebot_Lidar_ROS1_ROS2/ros2_packages_ws/build/camera_info_publisher
[2.723s] -- Install configuration: ""
[2.742s] -- Up-to-date: /home/puzzlebot/Puzzlebot_Lidar_ROS1_ROS2/ros2_packages_ws/install/camera_info_publisher/lib/camera_info_publisher/camera_info_publisher
[2.744s] -- Up-to-date: /home/puzzlebot/Puzzlebot_Lidar_ROS1_ROS2/ros2_packages_ws/install/camera_info_publisher/share/camera_info_publisher//launch
[2.745s] -- Up-to-date: /home/puzzlebot/Puzzlebot_Lidar_ROS1_ROS2/ros2_packages_ws/install/camera_info_publisher/share/camera_info_publisher//launch/camera_info.launch.py
[2.746s] -- Up-to-date: /home/puzzlebot/Puzzlebot_Lidar_ROS1_ROS2/ros2_packages_ws/install/camera_info_publisher/share/ament_index/resource_index/package_run_dependencies/camera_info_publisher
[2.748s] -- Up-to-date: /home/puzzlebot/Puzzlebot_Lidar_ROS1_ROS2/ros2_packages_ws/install/camera_info_publisher/share/ament_index/resource_index/parent_prefix_path/camera_info_publisher
[2.750s] -- Up-to-date: /home/puzzlebot/Puzzlebot_Lidar_ROS1_ROS2/ros2_packages_ws/install/camera_info_publisher/share/camera_info_publisher/environment/ament_prefix_path.sh
[2.751s] -- Up-to-date: /home/puzzlebot/Puzzlebot_Lidar_ROS1_ROS2/ros2_packages_ws/install/camera_info_publisher/share/camera_info_publisher/environment/ament_prefix_path.dsv
[2.752s] -- Up-to-date: /home/puzzlebot/Puzzlebot_Lidar_ROS1_ROS2/ros2_packages_ws/install/camera_info_publisher/share/camera_info_publisher/environment/path.sh
[2.754s] -- Up-to-date: /home/puzzlebot/Puzzlebot_Lidar_ROS1_ROS2/ros2_packages_ws/install/camera_info_publisher/share/camera_info_publisher/environment/path.dsv
[2.762s] -- Up-to-date: /home/puzzlebot/Puzzlebot_Lidar_ROS1_ROS2/ros2_packages_ws/install/camera_info_publisher/share/camera_info_publisher/local_setup.bash
[2.763s] -- Up-to-date: /home/puzzlebot/Puzzlebot_Lidar_ROS1_ROS2/ros2_packages_ws/install/camera_info_publisher/share/camera_info_publisher/local_setup.sh
[2.763s] -- Up-to-date: /home/puzzlebot/Puzzlebot_Lidar_ROS1_ROS2/ros2_packages_ws/install/camera_info_publisher/share/camera_info_publisher/local_setup.zsh
[2.763s] -- Up-to-date: /home/puzzlebot/Puzzlebot_Lidar_ROS1_ROS2/ros2_packages_ws/install/camera_info_publisher/share/camera_info_publisher/local_setup.dsv
[2.764s] -- Installing: /home/puzzlebot/Puzzlebot_Lidar_ROS1_ROS2/ros2_packages_ws/install/camera_info_publisher/share/camera_info_publisher/package.dsv
[2.776s] -- Up-to-date: /home/puzzlebot/Puzzlebot_Lidar_ROS1_ROS2/ros2_packages_ws/install/camera_info_publisher/share/ament_index/resource_index/packages/camera_info_publisher
[2.781s] -- Up-to-date: /home/puzzlebot/Puzzlebot_Lidar_ROS1_ROS2/ros2_packages_ws/install/camera_info_publisher/share/camera_info_publisher/cmake/camera_info_publisherConfig.cmake
[2.782s] -- Up-to-date: /home/puzzlebot/Puzzlebot_Lidar_ROS1_ROS2/ros2_packages_ws/install/camera_info_publisher/share/camera_info_publisher/cmake/camera_info_publisherConfig-version.cmake
[2.786s] -- Up-to-date: /home/puzzlebot/Puzzlebot_Lidar_ROS1_ROS2/ros2_packages_ws/install/camera_info_publisher/share/camera_info_publisher/package.xml
[2.789s] Invoked command in '/home/puzzlebot/Puzzlebot_Lidar_ROS1_ROS2/ros2_packages_ws/build/camera_info_publisher' returned '0': CMAKE_PREFIX_PATH=${CMAKE_PREFIX_PATH}:/home/puzzlebot/Puzzlebot_Lidar_ROS1_ROS2/ros2_packages_ws/install/localization:/home/puzzlebot/Puzzlebot_Lidar_ROS1_ROS2/ros2_packages_ws/install/camera_viewer:/home/puzzlebot/ros2_ws/install/puzzlebot_ros:/opt/ros/humble /usr/bin/cmake --install /home/puzzlebot/Puzzlebot_Lidar_ROS1_ROS2/ros2_packages_ws/build/camera_info_publisher
