[0.089s] Invoking command in '/home/puzzlebot/ros2_packages_ws/build/sllidar_ros2': CMAKE_PREFIX_PATH=${CMAKE_PREFIX_PATH}:/home/puzzlebot/ros2_ws/install/puzzlebot_ros:/home/puzzlebot/ros2_packages_ws/install/localization:/home/puzzlebot/ros2_packages_ws/install/camera_viewer:/opt/ros/humble /usr/bin/cmake --build /home/puzzlebot/ros2_packages_ws/build/sllidar_ros2 -- -j4 -l4
[0.968s] [ 30%] Built target sllidar_client
[0.977s] [100%] Built target sllidar_node
[1.048s] Invoked command in '/home/puzzlebot/ros2_packages_ws/build/sllidar_ros2' returned '0': CMAKE_PREFIX_PATH=${CMAKE_PREFIX_PATH}:/home/puzzlebot/ros2_ws/install/puzzlebot_ros:/home/puzzlebot/ros2_packages_ws/install/localization:/home/puzzlebot/ros2_packages_ws/install/camera_viewer:/opt/ros/humble /usr/bin/cmake --build /home/puzzlebot/ros2_packages_ws/build/sllidar_ros2 -- -j4 -l4
[2.032s] Invoking command in '/home/puzzlebot/ros2_packages_ws/build/sllidar_ros2': CMAKE_PREFIX_PATH=${CMAKE_PREFIX_PATH}:/home/puzzlebot/ros2_ws/install/puzzlebot_ros:/home/puzzlebot/ros2_packages_ws/install/localization:/home/puzzlebot/ros2_packages_ws/install/camera_viewer:/opt/ros/humble /usr/bin/cmake --install /home/puzzlebot/ros2_packages_ws/build/sllidar_ros2
[2.082s] -- Install configuration: ""
[2.084s] -- Up-to-date: /home/puzzlebot/ros2_packages_ws/install/sllidar_ros2/share/sllidar_ros2/launch
[2.086s] -- Up-to-date: /home/puzzlebot/ros2_packages_ws/install/sllidar_ros2/share/sllidar_ros2/launch/sllidar_a1_launch.py
[2.089s] -- Up-to-date: /home/puzzlebot/ros2_packages_ws/install/sllidar_ros2/share/sllidar_ros2/launch/sllidar_a2m8_launch.py
[2.093s] -- Up-to-date: /home/puzzlebot/ros2_packages_ws/install/sllidar_ros2/share/sllidar_ros2/launch/view_sllidar_s2e_launch.py
[2.111s] -- Up-to-date: /home/puzzlebot/ros2_packages_ws/install/sllidar_ros2/share/sllidar_ros2/launch/view_sllidar_s3_launch.py
[2.111s] -- Up-to-date: /home/puzzlebot/ros2_packages_ws/install/sllidar_ros2/share/sllidar_ros2/launch/sllidar_t1_launch.py
[2.112s] -- Up-to-date: /home/puzzlebot/ros2_packages_ws/install/sllidar_ros2/share/sllidar_ros2/launch/sllidar_s2e_launch.py
[2.112s] -- Up-to-date: /home/puzzlebot/ros2_packages_ws/install/sllidar_ros2/share/sllidar_ros2/launch/view_sllidar_a2m7_launch.py
[2.113s] -- Up-to-date: /home/puzzlebot/ros2_packages_ws/install/sllidar_ros2/share/sllidar_ros2/launch/sllidar_a2m7_launch.py
[2.113s] -- Up-to-date: /home/puzzlebot/ros2_packages_ws/install/sllidar_ros2/share/sllidar_ros2/launch/view_sllidar_c1_launch.py
[2.113s] -- Up-to-date: /home/puzzlebot/ros2_packages_ws/install/sllidar_ros2/share/sllidar_ros2/launch/view_sllidar_a2m8_launch.py
[2.114s] -- Up-to-date: /home/puzzlebot/ros2_packages_ws/install/sllidar_ros2/share/sllidar_ros2/launch/view_sllidar_s1_launch.py
[2.114s] -- Up-to-date: /home/puzzlebot/ros2_packages_ws/install/sllidar_ros2/share/sllidar_ros2/launch/view_sllidar_a1_launch.py
[2.115s] -- Up-to-date: /home/puzzlebot/ros2_packages_ws/install/sllidar_ros2/share/sllidar_ros2/launch/sllidar_s3_launch.py
[2.115s] -- Up-to-date: /home/puzzlebot/ros2_packages_ws/install/sllidar_ros2/share/sllidar_ros2/launch/sllidar_s1_launch.py
[2.116s] -- Up-to-date: /home/puzzlebot/ros2_packages_ws/install/sllidar_ros2/share/sllidar_ros2/launch/view_sllidar_s1_tcp_launch.py
[2.116s] -- Up-to-date: /home/puzzlebot/ros2_packages_ws/install/sllidar_ros2/share/sllidar_ros2/launch/sllidar_s2_launch.py
[2.117s] -- Up-to-date: /home/puzzlebot/ros2_packages_ws/install/sllidar_ros2/share/sllidar_ros2/launch/sllidar_a3_launch.py
[2.117s] -- Up-to-date: /home/puzzlebot/ros2_packages_ws/install/sllidar_ros2/share/sllidar_ros2/launch/view_sllidar_t1_launch.py
[2.141s] -- Up-to-date: /home/puzzlebot/ros2_packages_ws/install/sllidar_ros2/share/sllidar_ros2/launch/view_sllidar_s2_launch.py
[2.142s] -- Up-to-date: /home/puzzlebot/ros2_packages_ws/install/sllidar_ros2/share/sllidar_ros2/launch/sllidar_a2m12_launch .py
[2.143s] -- Up-to-date: /home/puzzlebot/ros2_packages_ws/install/sllidar_ros2/share/sllidar_ros2/launch/view_sllidar_a2m12_launch.py
[2.149s] -- Up-to-date: /home/puzzlebot/ros2_packages_ws/install/sllidar_ros2/share/sllidar_ros2/launch/sllidar_s1_tcp_launch.py
[2.151s] -- Up-to-date: /home/puzzlebot/ros2_packages_ws/install/sllidar_ros2/share/sllidar_ros2/launch/view_sllidar_a3_launch.py
[2.165s] -- Up-to-date: /home/puzzlebot/ros2_packages_ws/install/sllidar_ros2/share/sllidar_ros2/launch/sllidar_c1_launch.py
[2.166s] -- Up-to-date: /home/puzzlebot/ros2_packages_ws/install/sllidar_ros2/share/sllidar_ros2/rviz
[2.167s] -- Up-to-date: /home/puzzlebot/ros2_packages_ws/install/sllidar_ros2/share/sllidar_ros2/rviz/sllidar_ros2.rviz
[2.167s] -- Up-to-date: /home/puzzlebot/ros2_packages_ws/install/sllidar_ros2/lib/sllidar_ros2/sllidar_node
[2.168s] -- Up-to-date: /home/puzzlebot/ros2_packages_ws/install/sllidar_ros2/lib/sllidar_ros2/sllidar_client
[2.173s] -- Up-to-date: /home/puzzlebot/ros2_packages_ws/install/sllidar_ros2/share/ament_index/resource_index/package_run_dependencies/sllidar_ros2
[2.174s] -- Up-to-date: /home/puzzlebot/ros2_packages_ws/install/sllidar_ros2/share/ament_index/resource_index/parent_prefix_path/sllidar_ros2
[2.182s] -- Up-to-date: /home/puzzlebot/ros2_packages_ws/install/sllidar_ros2/share/sllidar_ros2/environment/ament_prefix_path.sh
[2.198s] -- Up-to-date: /home/puzzlebot/ros2_packages_ws/install/sllidar_ros2/share/sllidar_ros2/environment/ament_prefix_path.dsv
[2.199s] -- Up-to-date: /home/puzzlebot/ros2_packages_ws/install/sllidar_ros2/share/sllidar_ros2/environment/path.sh
[2.199s] -- Up-to-date: /home/puzzlebot/ros2_packages_ws/install/sllidar_ros2/share/sllidar_ros2/environment/path.dsv
[2.200s] -- Up-to-date: /home/puzzlebot/ros2_packages_ws/install/sllidar_ros2/share/sllidar_ros2/local_setup.bash
[2.200s] -- Up-to-date: /home/puzzlebot/ros2_packages_ws/install/sllidar_ros2/share/sllidar_ros2/local_setup.sh
[2.201s] -- Up-to-date: /home/puzzlebot/ros2_packages_ws/install/sllidar_ros2/share/sllidar_ros2/local_setup.zsh
[2.201s] -- Up-to-date: /home/puzzlebot/ros2_packages_ws/install/sllidar_ros2/share/sllidar_ros2/local_setup.dsv
[2.202s] -- Installing: /home/puzzlebot/ros2_packages_ws/install/sllidar_ros2/share/sllidar_ros2/package.dsv
[2.211s] -- Up-to-date: /home/puzzlebot/ros2_packages_ws/install/sllidar_ros2/share/ament_index/resource_index/packages/sllidar_ros2
[2.212s] -- Up-to-date: /home/puzzlebot/ros2_packages_ws/install/sllidar_ros2/share/sllidar_ros2/cmake/ament_cmake_export_dependencies-extras.cmake
[2.212s] -- Up-to-date: /home/puzzlebot/ros2_packages_ws/install/sllidar_ros2/share/sllidar_ros2/cmake/ament_cmake_export_include_directories-extras.cmake
[2.214s] -- Up-to-date: /home/puzzlebot/ros2_packages_ws/install/sllidar_ros2/share/sllidar_ros2/cmake/sllidar_ros2Config.cmake
[2.214s] -- Up-to-date: /home/puzzlebot/ros2_packages_ws/install/sllidar_ros2/share/sllidar_ros2/cmake/sllidar_ros2Config-version.cmake
[2.215s] -- Up-to-date: /home/puzzlebot/ros2_packages_ws/install/sllidar_ros2/share/sllidar_ros2/package.xml
[2.254s] Invoked command in '/home/puzzlebot/ros2_packages_ws/build/sllidar_ros2' returned '0': CMAKE_PREFIX_PATH=${CMAKE_PREFIX_PATH}:/home/puzzlebot/ros2_ws/install/puzzlebot_ros:/home/puzzlebot/ros2_packages_ws/install/localization:/home/puzzlebot/ros2_packages_ws/install/camera_viewer:/opt/ros/humble /usr/bin/cmake --install /home/puzzlebot/ros2_packages_ws/build/sllidar_ros2
