[5.136s] Invoking command in '/home/puzzlebot/ros2_packages_ws/src/localization': PYTHONPATH=/home/puzzlebot/ros2_packages_ws/build/localization/prefix_override:/home/puzzlebot/ros2_packages_ws/install/localization/lib/python3.8/site-packages:${PYTHONPATH} /usr/bin/python3 -W ignore:setup.py install is deprecated setup.py egg_info --egg-base ../../build/localization build --build-base /home/puzzlebot/ros2_packages_ws/build/localization/build install --record /home/puzzlebot/ros2_packages_ws/build/localization/install.log --single-version-externally-managed install_data
[6.714s] running egg_info
[6.718s] writing ../../build/localization/localization.egg-info/PKG-INFO
[6.719s] writing dependency_links to ../../build/localization/localization.egg-info/dependency_links.txt
[6.728s] writing entry points to ../../build/localization/localization.egg-info/entry_points.txt
[6.733s] writing requirements to ../../build/localization/localization.egg-info/requires.txt
[6.737s] writing top-level names to ../../build/localization/localization.egg-info/top_level.txt
[6.969s] reading manifest file '../../build/localization/localization.egg-info/SOURCES.txt'
[6.975s] writing manifest file '../../build/localization/localization.egg-info/SOURCES.txt'
[6.978s] running build
[6.978s] running build_py
[6.981s] copying localization/transform_listener.py -> /home/puzzlebot/ros2_packages_ws/build/localization/build/lib/localization
[6.984s] running install
[6.987s] running install_lib
[6.993s] copying /home/puzzlebot/ros2_packages_ws/build/localization/build/lib/localization/transform_listener.py -> /home/puzzlebot/ros2_packages_ws/install/localization/lib/python3.8/site-packages/localization
[7.000s] byte-compiling /home/puzzlebot/ros2_packages_ws/install/localization/lib/python3.8/site-packages/localization/transform_listener.py to transform_listener.cpython-38.pyc
[7.013s] running install_data
[7.019s] running install_egg_info
[7.034s] removing '/home/puzzlebot/ros2_packages_ws/install/localization/lib/python3.8/site-packages/localization-0.0.0-py3.8.egg-info' (and everything under it)
[7.039s] Copying ../../build/localization/localization.egg-info to /home/puzzlebot/ros2_packages_ws/install/localization/lib/python3.8/site-packages/localization-0.0.0-py3.8.egg-info
[7.052s] running install_scripts
[7.150s] Installing aruco_controller script to /home/puzzlebot/ros2_packages_ws/install/localization/lib/localization
[7.152s] Installing bug0 script to /home/puzzlebot/ros2_packages_ws/install/localization/lib/localization
[7.154s] Installing controller script to /home/puzzlebot/ros2_packages_ws/install/localization/lib/localization
[7.156s] Installing coordinate_transform script to /home/puzzlebot/ros2_packages_ws/install/localization/lib/localization
[7.160s] Installing joint_state script to /home/puzzlebot/ros2_packages_ws/install/localization/lib/localization
[7.165s] Installing kinematic_model script to /home/puzzlebot/ros2_packages_ws/install/localization/lib/localization
[7.166s] Installing localization script to /home/puzzlebot/ros2_packages_ws/install/localization/lib/localization
[7.166s] Installing test_lidar script to /home/puzzlebot/ros2_packages_ws/install/localization/lib/localization
[7.168s] Installing to_goal script to /home/puzzlebot/ros2_packages_ws/install/localization/lib/localization
[7.169s] Installing to_goal_bug_2 script to /home/puzzlebot/ros2_packages_ws/install/localization/lib/localization
[7.170s] Installing transform_listener script to /home/puzzlebot/ros2_packages_ws/install/localization/lib/localization
[7.175s] writing list of installed files to '/home/puzzlebot/ros2_packages_ws/build/localization/install.log'
[7.287s] Invoked command in '/home/puzzlebot/ros2_packages_ws/src/localization' returned '0': PYTHONPATH=/home/puzzlebot/ros2_packages_ws/build/localization/prefix_override:/home/puzzlebot/ros2_packages_ws/install/localization/lib/python3.8/site-packages:${PYTHONPATH} /usr/bin/python3 -W ignore:setup.py install is deprecated setup.py egg_info --egg-base ../../build/localization build --build-base /home/puzzlebot/ros2_packages_ws/build/localization/build install --record /home/puzzlebot/ros2_packages_ws/build/localization/install.log --single-version-externally-managed install_data
