[4.724s] Invoking command in '/home/puzzlebot/ros2_packages_ws/src/localization': PYTHONPATH=/home/puzzlebot/ros2_packages_ws/build/localization/prefix_override:/home/puzzlebot/ros2_packages_ws/install/localization/lib/python3.8/site-packages:${PYTHONPATH} /usr/bin/python3 -W ignore:setup.py install is deprecated setup.py egg_info --egg-base ../../build/localization build --build-base /home/puzzlebot/ros2_packages_ws/build/localization/build install --record /home/puzzlebot/ros2_packages_ws/build/localization/install.log --single-version-externally-managed install_data
[6.235s] running egg_info
[6.243s] writing ../../build/localization/localization.egg-info/PKG-INFO
[6.248s] writing dependency_links to ../../build/localization/localization.egg-info/dependency_links.txt
[6.253s] writing entry points to ../../build/localization/localization.egg-info/entry_points.txt
[6.256s] writing requirements to ../../build/localization/localization.egg-info/requires.txt
[6.263s] writing top-level names to ../../build/localization/localization.egg-info/top_level.txt
[6.476s] reading manifest file '../../build/localization/localization.egg-info/SOURCES.txt'
[6.491s] writing manifest file '../../build/localization/localization.egg-info/SOURCES.txt'
[6.493s] running build
[6.493s] running build_py
[6.500s] copying localization/coordinate_transform.py -> /home/puzzlebot/ros2_packages_ws/build/localization/build/lib/localization
[6.502s] copying localization/aruco_controller.py -> /home/puzzlebot/ros2_packages_ws/build/localization/build/lib/localization
[6.504s] running install
[6.508s] running install_lib
[6.516s] copying /home/puzzlebot/ros2_packages_ws/build/localization/build/lib/localization/coordinate_transform.py -> /home/puzzlebot/ros2_packages_ws/install/localization/lib/python3.8/site-packages/localization
[6.518s] copying /home/puzzlebot/ros2_packages_ws/build/localization/build/lib/localization/aruco_controller.py -> /home/puzzlebot/ros2_packages_ws/install/localization/lib/python3.8/site-packages/localization
[6.523s] byte-compiling /home/puzzlebot/ros2_packages_ws/install/localization/lib/python3.8/site-packages/localization/coordinate_transform.py to coordinate_transform.cpython-38.pyc
[6.540s] byte-compiling /home/puzzlebot/ros2_packages_ws/install/localization/lib/python3.8/site-packages/localization/aruco_controller.py to aruco_controller.cpython-38.pyc
[6.551s] running install_data
[6.553s] running install_egg_info
[6.570s] removing '/home/puzzlebot/ros2_packages_ws/install/localization/lib/python3.8/site-packages/localization-0.0.0-py3.8.egg-info' (and everything under it)
[6.574s] Copying ../../build/localization/localization.egg-info to /home/puzzlebot/ros2_packages_ws/install/localization/lib/python3.8/site-packages/localization-0.0.0-py3.8.egg-info
[6.585s] running install_scripts
[6.674s] Installing aruco_controller script to /home/puzzlebot/ros2_packages_ws/install/localization/lib/localization
[6.676s] Installing bug0 script to /home/puzzlebot/ros2_packages_ws/install/localization/lib/localization
[6.677s] Installing controller script to /home/puzzlebot/ros2_packages_ws/install/localization/lib/localization
[6.678s] Installing coordinate_transform script to /home/puzzlebot/ros2_packages_ws/install/localization/lib/localization
[6.678s] Installing joint_state script to /home/puzzlebot/ros2_packages_ws/install/localization/lib/localization
[6.679s] Installing kinematic_model script to /home/puzzlebot/ros2_packages_ws/install/localization/lib/localization
[6.679s] Installing localization script to /home/puzzlebot/ros2_packages_ws/install/localization/lib/localization
[6.680s] Installing test_lidar script to /home/puzzlebot/ros2_packages_ws/install/localization/lib/localization
[6.680s] Installing to_goal script to /home/puzzlebot/ros2_packages_ws/install/localization/lib/localization
[6.681s] Installing to_goal_bug_2 script to /home/puzzlebot/ros2_packages_ws/install/localization/lib/localization
[6.683s] writing list of installed files to '/home/puzzlebot/ros2_packages_ws/build/localization/install.log'
[6.794s] Invoked command in '/home/puzzlebot/ros2_packages_ws/src/localization' returned '0': PYTHONPATH=/home/puzzlebot/ros2_packages_ws/build/localization/prefix_override:/home/puzzlebot/ros2_packages_ws/install/localization/lib/python3.8/site-packages:${PYTHONPATH} /usr/bin/python3 -W ignore:setup.py install is deprecated setup.py egg_info --egg-base ../../build/localization build --build-base /home/puzzlebot/ros2_packages_ws/build/localization/build install --record /home/puzzlebot/ros2_packages_ws/build/localization/install.log --single-version-externally-managed install_data
