[4.690s] Invoking command in '/home/puzzlebot/ros2_packages_ws/src/localization': PYTHONPATH=/home/puzzlebot/ros2_packages_ws/build/localization/prefix_override:/home/puzzlebot/ros2_packages_ws/install/localization/lib/python3.8/site-packages:${PYTHONPATH} /usr/bin/python3 -W ignore:setup.py install is deprecated setup.py egg_info --egg-base ../../build/localization build --build-base /home/puzzlebot/ros2_packages_ws/build/localization/build install --record /home/puzzlebot/ros2_packages_ws/build/localization/install.log --single-version-externally-managed install_data
[6.369s] running egg_info
[6.374s] writing ../../build/localization/localization.egg-info/PKG-INFO
[6.376s] writing dependency_links to ../../build/localization/localization.egg-info/dependency_links.txt
[6.379s] writing entry points to ../../build/localization/localization.egg-info/entry_points.txt
[6.381s] writing requirements to ../../build/localization/localization.egg-info/requires.txt
[6.382s] writing top-level names to ../../build/localization/localization.egg-info/top_level.txt
[6.585s] reading manifest file '../../build/localization/localization.egg-info/SOURCES.txt'
[6.590s] writing manifest file '../../build/localization/localization.egg-info/SOURCES.txt'
[6.591s] running build
[6.592s] running build_py
[6.596s] copying localization/class_bug0.py -> /home/puzzlebot/ros2_packages_ws/build/localization/build/lib/localization
[6.600s] running install
[6.608s] running install_lib
[6.609s] copying /home/puzzlebot/ros2_packages_ws/build/localization/build/lib/localization/class_bug0.py -> /home/puzzlebot/ros2_packages_ws/install/localization/lib/python3.8/site-packages/localization
[6.612s] byte-compiling /home/puzzlebot/ros2_packages_ws/install/localization/lib/python3.8/site-packages/localization/class_bug0.py to class_bug0.cpython-38.pyc
[6.622s] running install_data
[6.629s] running install_egg_info
[6.637s] removing '/home/puzzlebot/ros2_packages_ws/install/localization/lib/python3.8/site-packages/localization-0.0.0-py3.8.egg-info' (and everything under it)
[6.640s] Copying ../../build/localization/localization.egg-info to /home/puzzlebot/ros2_packages_ws/install/localization/lib/python3.8/site-packages/localization-0.0.0-py3.8.egg-info
[6.643s] running install_scripts
[6.728s] Installing bug0 script to /home/puzzlebot/ros2_packages_ws/install/localization/lib/localization
[6.730s] Installing controller script to /home/puzzlebot/ros2_packages_ws/install/localization/lib/localization
[6.731s] Installing coordinate_transform script to /home/puzzlebot/ros2_packages_ws/install/localization/lib/localization
[6.731s] Installing joint_state script to /home/puzzlebot/ros2_packages_ws/install/localization/lib/localization
[6.732s] Installing kinematic_model script to /home/puzzlebot/ros2_packages_ws/install/localization/lib/localization
[6.733s] Installing localization script to /home/puzzlebot/ros2_packages_ws/install/localization/lib/localization
[6.733s] Installing test_lidar script to /home/puzzlebot/ros2_packages_ws/install/localization/lib/localization
[6.734s] Installing to_goal script to /home/puzzlebot/ros2_packages_ws/install/localization/lib/localization
[6.734s] Installing to_goal_bug_2 script to /home/puzzlebot/ros2_packages_ws/install/localization/lib/localization
[6.737s] writing list of installed files to '/home/puzzlebot/ros2_packages_ws/build/localization/install.log'
[6.935s] Invoked command in '/home/puzzlebot/ros2_packages_ws/src/localization' returned '0': PYTHONPATH=/home/puzzlebot/ros2_packages_ws/build/localization/prefix_override:/home/puzzlebot/ros2_packages_ws/install/localization/lib/python3.8/site-packages:${PYTHONPATH} /usr/bin/python3 -W ignore:setup.py install is deprecated setup.py egg_info --egg-base ../../build/localization build --build-base /home/puzzlebot/ros2_packages_ws/build/localization/build install --record /home/puzzlebot/ros2_packages_ws/build/localization/install.log --single-version-externally-managed install_data
