[4.659s] Invoking command in '/home/puzzlebot/ros2_packages_ws/src/camera_viewer': PYTHONPATH=/home/puzzlebot/ros2_packages_ws/build/camera_viewer/prefix_override:/home/puzzlebot/ros2_packages_ws/install/camera_viewer/lib/python3.8/site-packages:${PYTHONPATH} /usr/bin/python3 -W ignore:setup.py install is deprecated setup.py egg_info --egg-base ../../build/camera_viewer build --build-base /home/puzzlebot/ros2_packages_ws/build/camera_viewer/build install --record /home/puzzlebot/ros2_packages_ws/build/camera_viewer/install.log --single-version-externally-managed install_data
[6.722s] running egg_info
[6.746s] writing ../../build/camera_viewer/camera_viewer.egg-info/PKG-INFO
[6.771s] writing dependency_links to ../../build/camera_viewer/camera_viewer.egg-info/dependency_links.txt
[6.783s] writing entry points to ../../build/camera_viewer/camera_viewer.egg-info/entry_points.txt
[6.790s] writing requirements to ../../build/camera_viewer/camera_viewer.egg-info/requires.txt
[6.790s] writing top-level names to ../../build/camera_viewer/camera_viewer.egg-info/top_level.txt
[7.041s] reading manifest file '../../build/camera_viewer/camera_viewer.egg-info/SOURCES.txt'
[7.046s] writing manifest file '../../build/camera_viewer/camera_viewer.egg-info/SOURCES.txt'
[7.048s] running build
[7.049s] running build_py
[7.049s] copying camera_viewer/camera_viewer.py -> /home/puzzlebot/ros2_packages_ws/build/camera_viewer/build/lib/camera_viewer
[7.050s] running install
[7.056s] running install_lib
[7.060s] copying /home/puzzlebot/ros2_packages_ws/build/camera_viewer/build/lib/camera_viewer/camera_viewer.py -> /home/puzzlebot/ros2_packages_ws/install/camera_viewer/lib/python3.8/site-packages/camera_viewer
[7.065s] byte-compiling /home/puzzlebot/ros2_packages_ws/install/camera_viewer/lib/python3.8/site-packages/camera_viewer/camera_viewer.py to camera_viewer.cpython-38.pyc
[7.104s] running install_data
[7.104s] running install_egg_info
[7.129s] removing '/home/puzzlebot/ros2_packages_ws/install/camera_viewer/lib/python3.8/site-packages/camera_viewer-0.0.0-py3.8.egg-info' (and everything under it)
[7.142s] Copying ../../build/camera_viewer/camera_viewer.egg-info to /home/puzzlebot/ros2_packages_ws/install/camera_viewer/lib/python3.8/site-packages/camera_viewer-0.0.0-py3.8.egg-info
[7.151s] running install_scripts
[7.250s] Installing camera_viewer script to /home/puzzlebot/ros2_packages_ws/install/camera_viewer/lib/camera_viewer
[7.259s] writing list of installed files to '/home/puzzlebot/ros2_packages_ws/build/camera_viewer/install.log'
[7.482s] Invoked command in '/home/puzzlebot/ros2_packages_ws/src/camera_viewer' returned '0': PYTHONPATH=/home/puzzlebot/ros2_packages_ws/build/camera_viewer/prefix_override:/home/puzzlebot/ros2_packages_ws/install/camera_viewer/lib/python3.8/site-packages:${PYTHONPATH} /usr/bin/python3 -W ignore:setup.py install is deprecated setup.py egg_info --egg-base ../../build/camera_viewer build --build-base /home/puzzlebot/ros2_packages_ws/build/camera_viewer/build install --record /home/puzzlebot/ros2_packages_ws/build/camera_viewer/install.log --single-version-externally-managed install_data
