running egg_info
creating ../../build/slm_sim/slm_sim.egg-info
writing ../../build/slm_sim/slm_sim.egg-info/PKG-INFO
writing dependency_links to ../../build/slm_sim/slm_sim.egg-info/dependency_links.txt
writing entry points to ../../build/slm_sim/slm_sim.egg-info/entry_points.txt
writing requirements to ../../build/slm_sim/slm_sim.egg-info/requires.txt
writing top-level names to ../../build/slm_sim/slm_sim.egg-info/top_level.txt
writing manifest file '../../build/slm_sim/slm_sim.egg-info/SOURCES.txt'
reading manifest file '../../build/slm_sim/slm_sim.egg-info/SOURCES.txt'
adding license file 'LICENSE'
writing manifest file '../../build/slm_sim/slm_sim.egg-info/SOURCES.txt'
running build
running build_py
creating /root/Team_IntegrationRobotics_and_IntelligentSystems/catkin_ws/build/slm_sim/build
creating /root/Team_IntegrationRobotics_and_IntelligentSystems/catkin_ws/build/slm_sim/build/lib
creating /root/Team_IntegrationRobotics_and_IntelligentSystems/catkin_ws/build/slm_sim/build/lib/slm_sim
copying slm_sim/__init__.py -> /root/Team_IntegrationRobotics_and_IntelligentSystems/catkin_ws/build/slm_sim/build/lib/slm_sim
copying slm_sim/impulse.py -> /root/Team_IntegrationRobotics_and_IntelligentSystems/catkin_ws/build/slm_sim/build/lib/slm_sim
copying slm_sim/slm_sim.py -> /root/Team_IntegrationRobotics_and_IntelligentSystems/catkin_ws/build/slm_sim/build/lib/slm_sim
running install
running install_lib
creating /root/Team_IntegrationRobotics_and_IntelligentSystems/catkin_ws/install/slm_sim/lib/python3.10/site-packages/slm_sim
copying /root/Team_IntegrationRobotics_and_IntelligentSystems/catkin_ws/build/slm_sim/build/lib/slm_sim/__init__.py -> /root/Team_IntegrationRobotics_and_IntelligentSystems/catkin_ws/install/slm_sim/lib/python3.10/site-packages/slm_sim
copying /root/Team_IntegrationRobotics_and_IntelligentSystems/catkin_ws/build/slm_sim/build/lib/slm_sim/impulse.py -> /root/Team_IntegrationRobotics_and_IntelligentSystems/catkin_ws/install/slm_sim/lib/python3.10/site-packages/slm_sim
copying /root/Team_IntegrationRobotics_and_IntelligentSystems/catkin_ws/build/slm_sim/build/lib/slm_sim/slm_sim.py -> /root/Team_IntegrationRobotics_and_IntelligentSystems/catkin_ws/install/slm_sim/lib/python3.10/site-packages/slm_sim
byte-compiling /root/Team_IntegrationRobotics_and_IntelligentSystems/catkin_ws/install/slm_sim/lib/python3.10/site-packages/slm_sim/__init__.py to __init__.cpython-310.pyc
byte-compiling /root/Team_IntegrationRobotics_and_IntelligentSystems/catkin_ws/install/slm_sim/lib/python3.10/site-packages/slm_sim/impulse.py to impulse.cpython-310.pyc
byte-compiling /root/Team_IntegrationRobotics_and_IntelligentSystems/catkin_ws/install/slm_sim/lib/python3.10/site-packages/slm_sim/slm_sim.py to slm_sim.cpython-310.pyc
running install_data
creating /root/Team_IntegrationRobotics_and_IntelligentSystems/catkin_ws/install/slm_sim/share/ament_index
creating /root/Team_IntegrationRobotics_and_IntelligentSystems/catkin_ws/install/slm_sim/share/ament_index/resource_index
creating /root/Team_IntegrationRobotics_and_IntelligentSystems/catkin_ws/install/slm_sim/share/ament_index/resource_index/packages
copying resource/slm_sim -> /root/Team_IntegrationRobotics_and_IntelligentSystems/catkin_ws/install/slm_sim/share/ament_index/resource_index/packages
copying package.xml -> /root/Team_IntegrationRobotics_and_IntelligentSystems/catkin_ws/install/slm_sim/share/slm_sim
creating /root/Team_IntegrationRobotics_and_IntelligentSystems/catkin_ws/install/slm_sim/share/slm_sim/launch
copying launch/display.launch.py -> /root/Team_IntegrationRobotics_and_IntelligentSystems/catkin_ws/install/slm_sim/share/slm_sim/launch
copying urdf/pendulum.rviz -> /root/Team_IntegrationRobotics_and_IntelligentSystems/catkin_ws/install/slm_sim/share/slm_sim
copying urdf/pendulum.urdf -> /root/Team_IntegrationRobotics_and_IntelligentSystems/catkin_ws/install/slm_sim/share/slm_sim
creating /root/Team_IntegrationRobotics_and_IntelligentSystems/catkin_ws/install/slm_sim/share/slm_sim/meshes
copying meshes/Arm_2.dae -> /root/Team_IntegrationRobotics_and_IntelligentSystems/catkin_ws/install/slm_sim/share/slm_sim/meshes
copying meshes/Base_2.dae -> /root/Team_IntegrationRobotics_and_IntelligentSystems/catkin_ws/install/slm_sim/share/slm_sim/meshes
running install_egg_info
Copying ../../build/slm_sim/slm_sim.egg-info to /root/Team_IntegrationRobotics_and_IntelligentSystems/catkin_ws/install/slm_sim/lib/python3.10/site-packages/slm_sim-0.0.0-py3.10.egg-info
running install_scripts
Installing generator script to /root/Team_IntegrationRobotics_and_IntelligentSystems/catkin_ws/install/slm_sim/lib/slm_sim
Installing pendulum script to /root/Team_IntegrationRobotics_and_IntelligentSystems/catkin_ws/install/slm_sim/lib/slm_sim
writing list of installed files to '/root/Team_IntegrationRobotics_and_IntelligentSystems/catkin_ws/build/slm_sim/install.log'
