[0.572s] Invoking command in '/root/Team_IntegrationRobotics_and_IntelligentSystems/catkin_ws/src/slm_sim': PYTHONPATH=/root/Team_IntegrationRobotics_and_IntelligentSystems/catkin_ws/build/slm_sim/prefix_override:/root/Team_IntegrationRobotics_and_IntelligentSystems/catkin_ws/install/slm_sim/lib/python3.10/site-packages:${PYTHONPATH} /usr/bin/python3 -W ignore:setup.py install is deprecated setup.py egg_info --egg-base ../../build/slm_sim build --build-base /root/Team_IntegrationRobotics_and_IntelligentSystems/catkin_ws/build/slm_sim/build install --record /root/Team_IntegrationRobotics_and_IntelligentSystems/catkin_ws/build/slm_sim/install.log --single-version-externally-managed install_data
[0.727s] running egg_info
[0.728s] creating ../../build/slm_sim/slm_sim.egg-info
[0.730s] writing ../../build/slm_sim/slm_sim.egg-info/PKG-INFO
[0.730s] writing dependency_links to ../../build/slm_sim/slm_sim.egg-info/dependency_links.txt
[0.730s] writing entry points to ../../build/slm_sim/slm_sim.egg-info/entry_points.txt
[0.730s] writing requirements to ../../build/slm_sim/slm_sim.egg-info/requires.txt
[0.730s] writing top-level names to ../../build/slm_sim/slm_sim.egg-info/top_level.txt
[0.730s] writing manifest file '../../build/slm_sim/slm_sim.egg-info/SOURCES.txt'
[0.731s] reading manifest file '../../build/slm_sim/slm_sim.egg-info/SOURCES.txt'
[0.732s] adding license file 'LICENSE'
[0.734s] writing manifest file '../../build/slm_sim/slm_sim.egg-info/SOURCES.txt'
[0.734s] running build
[0.734s] running build_py
[0.734s] creating /root/Team_IntegrationRobotics_and_IntelligentSystems/catkin_ws/build/slm_sim/build
[0.734s] creating /root/Team_IntegrationRobotics_and_IntelligentSystems/catkin_ws/build/slm_sim/build/lib
[0.734s] creating /root/Team_IntegrationRobotics_and_IntelligentSystems/catkin_ws/build/slm_sim/build/lib/slm_sim
[0.734s] copying slm_sim/__init__.py -> /root/Team_IntegrationRobotics_and_IntelligentSystems/catkin_ws/build/slm_sim/build/lib/slm_sim
[0.734s] copying slm_sim/impulse.py -> /root/Team_IntegrationRobotics_and_IntelligentSystems/catkin_ws/build/slm_sim/build/lib/slm_sim
[0.734s] copying slm_sim/slm_sim.py -> /root/Team_IntegrationRobotics_and_IntelligentSystems/catkin_ws/build/slm_sim/build/lib/slm_sim
[0.734s] running install
[0.734s] running install_lib
[0.734s] creating /root/Team_IntegrationRobotics_and_IntelligentSystems/catkin_ws/install/slm_sim/lib/python3.10/site-packages/slm_sim
[0.734s] copying /root/Team_IntegrationRobotics_and_IntelligentSystems/catkin_ws/build/slm_sim/build/lib/slm_sim/__init__.py -> /root/Team_IntegrationRobotics_and_IntelligentSystems/catkin_ws/install/slm_sim/lib/python3.10/site-packages/slm_sim
[0.734s] copying /root/Team_IntegrationRobotics_and_IntelligentSystems/catkin_ws/build/slm_sim/build/lib/slm_sim/impulse.py -> /root/Team_IntegrationRobotics_and_IntelligentSystems/catkin_ws/install/slm_sim/lib/python3.10/site-packages/slm_sim
[0.734s] copying /root/Team_IntegrationRobotics_and_IntelligentSystems/catkin_ws/build/slm_sim/build/lib/slm_sim/slm_sim.py -> /root/Team_IntegrationRobotics_and_IntelligentSystems/catkin_ws/install/slm_sim/lib/python3.10/site-packages/slm_sim
[0.735s] byte-compiling /root/Team_IntegrationRobotics_and_IntelligentSystems/catkin_ws/install/slm_sim/lib/python3.10/site-packages/slm_sim/__init__.py to __init__.cpython-310.pyc
[0.735s] byte-compiling /root/Team_IntegrationRobotics_and_IntelligentSystems/catkin_ws/install/slm_sim/lib/python3.10/site-packages/slm_sim/impulse.py to impulse.cpython-310.pyc
[0.735s] byte-compiling /root/Team_IntegrationRobotics_and_IntelligentSystems/catkin_ws/install/slm_sim/lib/python3.10/site-packages/slm_sim/slm_sim.py to slm_sim.cpython-310.pyc
[0.736s] running install_data
[0.736s] creating /root/Team_IntegrationRobotics_and_IntelligentSystems/catkin_ws/install/slm_sim/share/ament_index
[0.736s] creating /root/Team_IntegrationRobotics_and_IntelligentSystems/catkin_ws/install/slm_sim/share/ament_index/resource_index
[0.736s] creating /root/Team_IntegrationRobotics_and_IntelligentSystems/catkin_ws/install/slm_sim/share/ament_index/resource_index/packages
[0.736s] copying resource/slm_sim -> /root/Team_IntegrationRobotics_and_IntelligentSystems/catkin_ws/install/slm_sim/share/ament_index/resource_index/packages
[0.736s] copying package.xml -> /root/Team_IntegrationRobotics_and_IntelligentSystems/catkin_ws/install/slm_sim/share/slm_sim
[0.736s] creating /root/Team_IntegrationRobotics_and_IntelligentSystems/catkin_ws/install/slm_sim/share/slm_sim/launch
[0.736s] copying launch/display.launch.py -> /root/Team_IntegrationRobotics_and_IntelligentSystems/catkin_ws/install/slm_sim/share/slm_sim/launch
[0.736s] copying urdf/pendulum.rviz -> /root/Team_IntegrationRobotics_and_IntelligentSystems/catkin_ws/install/slm_sim/share/slm_sim
[0.737s] copying urdf/pendulum.urdf -> /root/Team_IntegrationRobotics_and_IntelligentSystems/catkin_ws/install/slm_sim/share/slm_sim
[0.737s] creating /root/Team_IntegrationRobotics_and_IntelligentSystems/catkin_ws/install/slm_sim/share/slm_sim/meshes
[0.738s] copying meshes/Arm_2.dae -> /root/Team_IntegrationRobotics_and_IntelligentSystems/catkin_ws/install/slm_sim/share/slm_sim/meshes
[0.738s] copying meshes/Base_2.dae -> /root/Team_IntegrationRobotics_and_IntelligentSystems/catkin_ws/install/slm_sim/share/slm_sim/meshes
[0.740s] running install_egg_info
[0.741s] Copying ../../build/slm_sim/slm_sim.egg-info to /root/Team_IntegrationRobotics_and_IntelligentSystems/catkin_ws/install/slm_sim/lib/python3.10/site-packages/slm_sim-0.0.0-py3.10.egg-info
[0.742s] running install_scripts
[0.760s] Installing generator script to /root/Team_IntegrationRobotics_and_IntelligentSystems/catkin_ws/install/slm_sim/lib/slm_sim
[0.761s] Installing pendulum script to /root/Team_IntegrationRobotics_and_IntelligentSystems/catkin_ws/install/slm_sim/lib/slm_sim
[0.761s] writing list of installed files to '/root/Team_IntegrationRobotics_and_IntelligentSystems/catkin_ws/build/slm_sim/install.log'
[0.778s] Invoked command in '/root/Team_IntegrationRobotics_and_IntelligentSystems/catkin_ws/src/slm_sim' returned '0': PYTHONPATH=/root/Team_IntegrationRobotics_and_IntelligentSystems/catkin_ws/build/slm_sim/prefix_override:/root/Team_IntegrationRobotics_and_IntelligentSystems/catkin_ws/install/slm_sim/lib/python3.10/site-packages:${PYTHONPATH} /usr/bin/python3 -W ignore:setup.py install is deprecated setup.py egg_info --egg-base ../../build/slm_sim build --build-base /root/Team_IntegrationRobotics_and_IntelligentSystems/catkin_ws/build/slm_sim/build install --record /root/Team_IntegrationRobotics_and_IntelligentSystems/catkin_ws/build/slm_sim/install.log --single-version-externally-managed install_data
