[0.201s] Invoking command in '/home/puzzlebot/ros2_packages_ws/build/micro_ros_msgs': CMAKE_PREFIX_PATH=${CMAKE_PREFIX_PATH}:/home/puzzlebot/ros2_ws/install/puzzlebot_ros:/home/puzzlebot/ros2_packages_ws/install/localization:/home/puzzlebot/ros2_packages_ws/install/camera_viewer:/opt/ros/humble /usr/bin/cmake --build /home/puzzlebot/ros2_packages_ws/build/micro_ros_msgs -- -j4 -l4
[0.745s] [  2%] Built target micro_ros_msgs__cpp
[0.852s] [ 12%] Built target micro_ros_msgs__rosidl_generator_c
[0.961s] [ 12%] Built target ament_cmake_python_copy_micro_ros_msgs
[1.089s] [ 23%] Built target micro_ros_msgs__rosidl_typesupport_cpp
[1.095s] [ 34%] Built target micro_ros_msgs__rosidl_typesupport_introspection_cpp
[1.159s] [ 44%] Built target micro_ros_msgs__rosidl_typesupport_fastrtps_cpp
[1.231s] [ 55%] Built target micro_ros_msgs__rosidl_typesupport_fastrtps_c
[1.454s] [ 65%] Built target micro_ros_msgs__rosidl_typesupport_c
[1.511s] [ 76%] Built target micro_ros_msgs__rosidl_typesupport_introspection_c
[1.681s] [ 76%] Built target micro_ros_msgs
[1.893s] [ 78%] Built target micro_ros_msgs__py
[2.258s] [ 87%] Built target micro_ros_msgs__rosidl_generator_py
[2.798s] [ 93%] Built target micro_ros_msgs__rosidl_typesupport_fastrtps_c__pyext
[2.807s] [ 95%] Built target micro_ros_msgs__rosidl_typesupport_c__pyext
[2.821s] [100%] Built target micro_ros_msgs__rosidl_typesupport_introspection_c__pyext
[3.106s] running egg_info
[3.109s] writing micro_ros_msgs.egg-info/PKG-INFO
[3.111s] writing dependency_links to micro_ros_msgs.egg-info/dependency_links.txt
[3.111s] writing top-level names to micro_ros_msgs.egg-info/top_level.txt
[3.314s] reading manifest file 'micro_ros_msgs.egg-info/SOURCES.txt'
[3.319s] writing manifest file 'micro_ros_msgs.egg-info/SOURCES.txt'
[3.450s] [100%] Built target ament_cmake_python_build_micro_ros_msgs_egg
[4.656s] Invoked command in '/home/puzzlebot/ros2_packages_ws/build/micro_ros_msgs' returned '0': CMAKE_PREFIX_PATH=${CMAKE_PREFIX_PATH}:/home/puzzlebot/ros2_ws/install/puzzlebot_ros:/home/puzzlebot/ros2_packages_ws/install/localization:/home/puzzlebot/ros2_packages_ws/install/camera_viewer:/opt/ros/humble /usr/bin/cmake --build /home/puzzlebot/ros2_packages_ws/build/micro_ros_msgs -- -j4 -l4
[6.275s] Invoking command in '/home/puzzlebot/ros2_packages_ws/build/micro_ros_msgs': CMAKE_PREFIX_PATH=${CMAKE_PREFIX_PATH}:/home/puzzlebot/ros2_ws/install/puzzlebot_ros:/home/puzzlebot/ros2_packages_ws/install/localization:/home/puzzlebot/ros2_packages_ws/install/camera_viewer:/opt/ros/humble /usr/bin/cmake --install /home/puzzlebot/ros2_packages_ws/build/micro_ros_msgs
[6.341s] -- Install configuration: ""
[6.342s] -- Up-to-date: /home/puzzlebot/ros2_packages_ws/install/micro_ros_msgs/share/ament_index/resource_index/rosidl_interfaces/micro_ros_msgs
[6.351s] -- Up-to-date: /home/puzzlebot/ros2_packages_ws/install/micro_ros_msgs/include/micro_ros_msgs/micro_ros_msgs
[6.353s] -- Up-to-date: /home/puzzlebot/ros2_packages_ws/install/micro_ros_msgs/include/micro_ros_msgs/micro_ros_msgs/msg
[6.356s] -- Up-to-date: /home/puzzlebot/ros2_packages_ws/install/micro_ros_msgs/include/micro_ros_msgs/micro_ros_msgs/msg/rosidl_generator_c__visibility_control.h
[6.357s] -- Up-to-date: /home/puzzlebot/ros2_packages_ws/install/micro_ros_msgs/include/micro_ros_msgs/micro_ros_msgs/msg/entity.h
[6.358s] -- Up-to-date: /home/puzzlebot/ros2_packages_ws/install/micro_ros_msgs/include/micro_ros_msgs/micro_ros_msgs/msg/detail
[6.359s] -- Up-to-date: /home/puzzlebot/ros2_packages_ws/install/micro_ros_msgs/include/micro_ros_msgs/micro_ros_msgs/msg/detail/entity__functions.h
[6.359s] -- Up-to-date: /home/puzzlebot/ros2_packages_ws/install/micro_ros_msgs/include/micro_ros_msgs/micro_ros_msgs/msg/detail/node__type_support.h
[6.360s] -- Up-to-date: /home/puzzlebot/ros2_packages_ws/install/micro_ros_msgs/include/micro_ros_msgs/micro_ros_msgs/msg/detail/entity__struct.h
[6.361s] -- Up-to-date: /home/puzzlebot/ros2_packages_ws/install/micro_ros_msgs/include/micro_ros_msgs/micro_ros_msgs/msg/detail/graph__functions.h
[6.361s] -- Up-to-date: /home/puzzlebot/ros2_packages_ws/install/micro_ros_msgs/include/micro_ros_msgs/micro_ros_msgs/msg/detail/entity__type_support.h
[6.363s] -- Up-to-date: /home/puzzlebot/ros2_packages_ws/install/micro_ros_msgs/include/micro_ros_msgs/micro_ros_msgs/msg/detail/graph__struct.h
[6.364s] -- Up-to-date: /home/puzzlebot/ros2_packages_ws/install/micro_ros_msgs/include/micro_ros_msgs/micro_ros_msgs/msg/detail/node__struct.h
[6.365s] -- Up-to-date: /home/puzzlebot/ros2_packages_ws/install/micro_ros_msgs/include/micro_ros_msgs/micro_ros_msgs/msg/detail/graph__functions.c
[6.365s] -- Up-to-date: /home/puzzlebot/ros2_packages_ws/install/micro_ros_msgs/include/micro_ros_msgs/micro_ros_msgs/msg/detail/entity__functions.c
[6.366s] -- Up-to-date: /home/puzzlebot/ros2_packages_ws/install/micro_ros_msgs/include/micro_ros_msgs/micro_ros_msgs/msg/detail/node__functions.h
[6.375s] -- Up-to-date: /home/puzzlebot/ros2_packages_ws/install/micro_ros_msgs/include/micro_ros_msgs/micro_ros_msgs/msg/detail/node__functions.c
[6.376s] -- Up-to-date: /home/puzzlebot/ros2_packages_ws/install/micro_ros_msgs/include/micro_ros_msgs/micro_ros_msgs/msg/detail/graph__type_support.h
[6.377s] -- Up-to-date: /home/puzzlebot/ros2_packages_ws/install/micro_ros_msgs/include/micro_ros_msgs/micro_ros_msgs/msg/node.h
[6.395s] -- Up-to-date: /home/puzzlebot/ros2_packages_ws/install/micro_ros_msgs/include/micro_ros_msgs/micro_ros_msgs/msg/graph.h
[6.395s] -- Up-to-date: /home/puzzlebot/ros2_packages_ws/install/micro_ros_msgs/share/micro_ros_msgs/environment/library_path.sh
[6.396s] -- Up-to-date: /home/puzzlebot/ros2_packages_ws/install/micro_ros_msgs/share/micro_ros_msgs/environment/library_path.dsv
[6.396s] -- Up-to-date: /home/puzzlebot/ros2_packages_ws/install/micro_ros_msgs/lib/libmicro_ros_msgs__rosidl_generator_c.so
[6.396s] -- Up-to-date: /home/puzzlebot/ros2_packages_ws/install/micro_ros_msgs/include/micro_ros_msgs/micro_ros_msgs
[6.397s] -- Up-to-date: /home/puzzlebot/ros2_packages_ws/install/micro_ros_msgs/include/micro_ros_msgs/micro_ros_msgs/msg
[6.397s] -- Up-to-date: /home/puzzlebot/ros2_packages_ws/install/micro_ros_msgs/include/micro_ros_msgs/micro_ros_msgs/msg/rosidl_typesupport_fastrtps_c__visibility_control.h
[6.398s] -- Up-to-date: /home/puzzlebot/ros2_packages_ws/install/micro_ros_msgs/include/micro_ros_msgs/micro_ros_msgs/msg/detail
[6.398s] -- Up-to-date: /home/puzzlebot/ros2_packages_ws/install/micro_ros_msgs/include/micro_ros_msgs/micro_ros_msgs/msg/detail/entity__rosidl_typesupport_fastrtps_c.h
[6.398s] -- Up-to-date: /home/puzzlebot/ros2_packages_ws/install/micro_ros_msgs/include/micro_ros_msgs/micro_ros_msgs/msg/detail/graph__rosidl_typesupport_fastrtps_c.h
[6.399s] -- Up-to-date: /home/puzzlebot/ros2_packages_ws/install/micro_ros_msgs/include/micro_ros_msgs/micro_ros_msgs/msg/detail/node__rosidl_typesupport_fastrtps_c.h
[6.399s] -- Up-to-date: /home/puzzlebot/ros2_packages_ws/install/micro_ros_msgs/lib/libmicro_ros_msgs__rosidl_typesupport_fastrtps_c.so
[6.399s] -- Up-to-date: /home/puzzlebot/ros2_packages_ws/install/micro_ros_msgs/include/micro_ros_msgs/micro_ros_msgs
[6.400s] -- Up-to-date: /home/puzzlebot/ros2_packages_ws/install/micro_ros_msgs/include/micro_ros_msgs/micro_ros_msgs/msg
[6.400s] -- Up-to-date: /home/puzzlebot/ros2_packages_ws/install/micro_ros_msgs/include/micro_ros_msgs/micro_ros_msgs/msg/rosidl_typesupport_introspection_c__visibility_control.h
[6.401s] -- Up-to-date: /home/puzzlebot/ros2_packages_ws/install/micro_ros_msgs/include/micro_ros_msgs/micro_ros_msgs/msg/detail
[6.401s] -- Up-to-date: /home/puzzlebot/ros2_packages_ws/install/micro_ros_msgs/include/micro_ros_msgs/micro_ros_msgs/msg/detail/node__type_support.c
[6.401s] -- Up-to-date: /home/puzzlebot/ros2_packages_ws/install/micro_ros_msgs/include/micro_ros_msgs/micro_ros_msgs/msg/detail/graph__type_support.c
[6.402s] -- Up-to-date: /home/puzzlebot/ros2_packages_ws/install/micro_ros_msgs/include/micro_ros_msgs/micro_ros_msgs/msg/detail/entity__type_support.c
[6.419s] -- Up-to-date: /home/puzzlebot/ros2_packages_ws/install/micro_ros_msgs/include/micro_ros_msgs/micro_ros_msgs/msg/detail/graph__rosidl_typesupport_introspection_c.h
[6.423s] -- Up-to-date: /home/puzzlebot/ros2_packages_ws/install/micro_ros_msgs/include/micro_ros_msgs/micro_ros_msgs/msg/detail/node__rosidl_typesupport_introspection_c.h
[6.423s] -- Up-to-date: /home/puzzlebot/ros2_packages_ws/install/micro_ros_msgs/include/micro_ros_msgs/micro_ros_msgs/msg/detail/entity__rosidl_typesupport_introspection_c.h
[6.424s] -- Up-to-date: /home/puzzlebot/ros2_packages_ws/install/micro_ros_msgs/lib/libmicro_ros_msgs__rosidl_typesupport_introspection_c.so
[6.424s] -- Up-to-date: /home/puzzlebot/ros2_packages_ws/install/micro_ros_msgs/lib/libmicro_ros_msgs__rosidl_typesupport_c.so
[6.425s] -- Up-to-date: /home/puzzlebot/ros2_packages_ws/install/micro_ros_msgs/include/micro_ros_msgs/micro_ros_msgs
[6.425s] -- Up-to-date: /home/puzzlebot/ros2_packages_ws/install/micro_ros_msgs/include/micro_ros_msgs/micro_ros_msgs/msg
[6.445s] -- Up-to-date: /home/puzzlebot/ros2_packages_ws/install/micro_ros_msgs/include/micro_ros_msgs/micro_ros_msgs/msg/entity.hpp
[6.446s] -- Up-to-date: /home/puzzlebot/ros2_packages_ws/install/micro_ros_msgs/include/micro_ros_msgs/micro_ros_msgs/msg/node.hpp
[6.446s] -- Up-to-date: /home/puzzlebot/ros2_packages_ws/install/micro_ros_msgs/include/micro_ros_msgs/micro_ros_msgs/msg/detail
[6.447s] -- Up-to-date: /home/puzzlebot/ros2_packages_ws/install/micro_ros_msgs/include/micro_ros_msgs/micro_ros_msgs/msg/detail/graph__traits.hpp
[6.447s] -- Up-to-date: /home/puzzlebot/ros2_packages_ws/install/micro_ros_msgs/include/micro_ros_msgs/micro_ros_msgs/msg/detail/entity__builder.hpp
[6.447s] -- Up-to-date: /home/puzzlebot/ros2_packages_ws/install/micro_ros_msgs/include/micro_ros_msgs/micro_ros_msgs/msg/detail/node__traits.hpp
[6.448s] -- Up-to-date: /home/puzzlebot/ros2_packages_ws/install/micro_ros_msgs/include/micro_ros_msgs/micro_ros_msgs/msg/detail/entity__traits.hpp
[6.448s] -- Up-to-date: /home/puzzlebot/ros2_packages_ws/install/micro_ros_msgs/include/micro_ros_msgs/micro_ros_msgs/msg/detail/graph__builder.hpp
[6.449s] -- Up-to-date: /home/puzzlebot/ros2_packages_ws/install/micro_ros_msgs/include/micro_ros_msgs/micro_ros_msgs/msg/detail/node__builder.hpp
[6.449s] -- Up-to-date: /home/puzzlebot/ros2_packages_ws/install/micro_ros_msgs/include/micro_ros_msgs/micro_ros_msgs/msg/detail/graph__struct.hpp
[6.449s] -- Up-to-date: /home/puzzlebot/ros2_packages_ws/install/micro_ros_msgs/include/micro_ros_msgs/micro_ros_msgs/msg/detail/entity__struct.hpp
[6.452s] -- Up-to-date: /home/puzzlebot/ros2_packages_ws/install/micro_ros_msgs/include/micro_ros_msgs/micro_ros_msgs/msg/detail/node__struct.hpp
[6.453s] -- Up-to-date: /home/puzzlebot/ros2_packages_ws/install/micro_ros_msgs/include/micro_ros_msgs/micro_ros_msgs/msg/graph.hpp
[6.453s] -- Up-to-date: /home/puzzlebot/ros2_packages_ws/install/micro_ros_msgs/include/micro_ros_msgs/micro_ros_msgs
[6.453s] -- Up-to-date: /home/puzzlebot/ros2_packages_ws/install/micro_ros_msgs/include/micro_ros_msgs/micro_ros_msgs/msg
[6.454s] -- Up-to-date: /home/puzzlebot/ros2_packages_ws/install/micro_ros_msgs/include/micro_ros_msgs/micro_ros_msgs/msg/rosidl_typesupport_fastrtps_cpp__visibility_control.h
[6.454s] -- Up-to-date: /home/puzzlebot/ros2_packages_ws/install/micro_ros_msgs/include/micro_ros_msgs/micro_ros_msgs/msg/detail
[6.455s] -- Up-to-date: /home/puzzlebot/ros2_packages_ws/install/micro_ros_msgs/include/micro_ros_msgs/micro_ros_msgs/msg/detail/dds_fastrtps
[6.455s] -- Up-to-date: /home/puzzlebot/ros2_packages_ws/install/micro_ros_msgs/include/micro_ros_msgs/micro_ros_msgs/msg/detail/entity__rosidl_typesupport_fastrtps_cpp.hpp
[6.455s] -- Up-to-date: /home/puzzlebot/ros2_packages_ws/install/micro_ros_msgs/include/micro_ros_msgs/micro_ros_msgs/msg/detail/node__rosidl_typesupport_fastrtps_cpp.hpp
[6.456s] -- Up-to-date: /home/puzzlebot/ros2_packages_ws/install/micro_ros_msgs/include/micro_ros_msgs/micro_ros_msgs/msg/detail/graph__rosidl_typesupport_fastrtps_cpp.hpp
[6.456s] -- Up-to-date: /home/puzzlebot/ros2_packages_ws/install/micro_ros_msgs/lib/libmicro_ros_msgs__rosidl_typesupport_fastrtps_cpp.so
[6.457s] -- Up-to-date: /home/puzzlebot/ros2_packages_ws/install/micro_ros_msgs/include/micro_ros_msgs/micro_ros_msgs
[6.457s] -- Up-to-date: /home/puzzlebot/ros2_packages_ws/install/micro_ros_msgs/include/micro_ros_msgs/micro_ros_msgs/msg
[6.458s] -- Up-to-date: /home/puzzlebot/ros2_packages_ws/install/micro_ros_msgs/include/micro_ros_msgs/micro_ros_msgs/msg/detail
[6.458s] -- Up-to-date: /home/puzzlebot/ros2_packages_ws/install/micro_ros_msgs/include/micro_ros_msgs/micro_ros_msgs/msg/detail/graph__rosidl_typesupport_introspection_cpp.hpp
[6.459s] -- Up-to-date: /home/puzzlebot/ros2_packages_ws/install/micro_ros_msgs/include/micro_ros_msgs/micro_ros_msgs/msg/detail/entity__rosidl_typesupport_introspection_cpp.hpp
[6.459s] -- Up-to-date: /home/puzzlebot/ros2_packages_ws/install/micro_ros_msgs/include/micro_ros_msgs/micro_ros_msgs/msg/detail/graph__type_support.cpp
[6.460s] -- Up-to-date: /home/puzzlebot/ros2_packages_ws/install/micro_ros_msgs/include/micro_ros_msgs/micro_ros_msgs/msg/detail/entity__type_support.cpp
[6.460s] -- Up-to-date: /home/puzzlebot/ros2_packages_ws/install/micro_ros_msgs/include/micro_ros_msgs/micro_ros_msgs/msg/detail/node__type_support.cpp
[6.461s] -- Up-to-date: /home/puzzlebot/ros2_packages_ws/install/micro_ros_msgs/include/micro_ros_msgs/micro_ros_msgs/msg/detail/node__rosidl_typesupport_introspection_cpp.hpp
[6.461s] -- Up-to-date: /home/puzzlebot/ros2_packages_ws/install/micro_ros_msgs/lib/libmicro_ros_msgs__rosidl_typesupport_introspection_cpp.so
[6.461s] -- Up-to-date: /home/puzzlebot/ros2_packages_ws/install/micro_ros_msgs/lib/libmicro_ros_msgs__rosidl_typesupport_cpp.so
[6.471s] -- Up-to-date: /home/puzzlebot/ros2_packages_ws/install/micro_ros_msgs/share/micro_ros_msgs/environment/pythonpath.sh
[6.474s] -- Up-to-date: /home/puzzlebot/ros2_packages_ws/install/micro_ros_msgs/share/micro_ros_msgs/environment/pythonpath.dsv
[6.476s] -- Up-to-date: /home/puzzlebot/ros2_packages_ws/install/micro_ros_msgs/lib/python3.8/site-packages/micro_ros_msgs-3.0.0-py3.8.egg-info
[6.476s] -- Installing: /home/puzzlebot/ros2_packages_ws/install/micro_ros_msgs/lib/python3.8/site-packages/micro_ros_msgs-3.0.0-py3.8.egg-info/top_level.txt
[6.477s] -- Installing: /home/puzzlebot/ros2_packages_ws/install/micro_ros_msgs/lib/python3.8/site-packages/micro_ros_msgs-3.0.0-py3.8.egg-info/PKG-INFO
[6.496s] -- Installing: /home/puzzlebot/ros2_packages_ws/install/micro_ros_msgs/lib/python3.8/site-packages/micro_ros_msgs-3.0.0-py3.8.egg-info/SOURCES.txt
[6.496s] -- Installing: /home/puzzlebot/ros2_packages_ws/install/micro_ros_msgs/lib/python3.8/site-packages/micro_ros_msgs-3.0.0-py3.8.egg-info/dependency_links.txt
[6.499s] -- Up-to-date: /home/puzzlebot/ros2_packages_ws/install/micro_ros_msgs/lib/python3.8/site-packages/micro_ros_msgs
[6.506s] -- Up-to-date: /home/puzzlebot/ros2_packages_ws/install/micro_ros_msgs/lib/python3.8/site-packages/micro_ros_msgs/micro_ros_msgs_s__rosidl_typesupport_introspection_c.cpython-38-aarch64-linux-gnu.so
[6.507s] -- Up-to-date: /home/puzzlebot/ros2_packages_ws/install/micro_ros_msgs/lib/python3.8/site-packages/micro_ros_msgs/__init__.py
[6.508s] -- Up-to-date: /home/puzzlebot/ros2_packages_ws/install/micro_ros_msgs/lib/python3.8/site-packages/micro_ros_msgs/msg
[6.508s] -- Up-to-date: /home/puzzlebot/ros2_packages_ws/install/micro_ros_msgs/lib/python3.8/site-packages/micro_ros_msgs/msg/_graph_s.c
[6.508s] -- Up-to-date: /home/puzzlebot/ros2_packages_ws/install/micro_ros_msgs/lib/python3.8/site-packages/micro_ros_msgs/msg/_entity.py
[6.509s] -- Up-to-date: /home/puzzlebot/ros2_packages_ws/install/micro_ros_msgs/lib/python3.8/site-packages/micro_ros_msgs/msg/__init__.py
[6.509s] -- Up-to-date: /home/puzzlebot/ros2_packages_ws/install/micro_ros_msgs/lib/python3.8/site-packages/micro_ros_msgs/msg/_node_s.c
[6.510s] -- Up-to-date: /home/puzzlebot/ros2_packages_ws/install/micro_ros_msgs/lib/python3.8/site-packages/micro_ros_msgs/msg/_entity_s.c
[6.510s] -- Up-to-date: /home/puzzlebot/ros2_packages_ws/install/micro_ros_msgs/lib/python3.8/site-packages/micro_ros_msgs/msg/_node.py
[6.517s] -- Up-to-date: /home/puzzlebot/ros2_packages_ws/install/micro_ros_msgs/lib/python3.8/site-packages/micro_ros_msgs/msg/_graph.py
[6.518s] -- Up-to-date: /home/puzzlebot/ros2_packages_ws/install/micro_ros_msgs/lib/python3.8/site-packages/micro_ros_msgs/micro_ros_msgs_s__rosidl_typesupport_c.cpython-38-aarch64-linux-gnu.so
[6.519s] -- Up-to-date: /home/puzzlebot/ros2_packages_ws/install/micro_ros_msgs/lib/python3.8/site-packages/micro_ros_msgs/_micro_ros_msgs_s.ep.rosidl_typesupport_fastrtps_c.c
[6.520s] -- Up-to-date: /home/puzzlebot/ros2_packages_ws/install/micro_ros_msgs/lib/python3.8/site-packages/micro_ros_msgs/micro_ros_msgs_s__rosidl_typesupport_fastrtps_c.cpython-38-aarch64-linux-gnu.so
[6.523s] -- Up-to-date: /home/puzzlebot/ros2_packages_ws/install/micro_ros_msgs/lib/python3.8/site-packages/micro_ros_msgs/_micro_ros_msgs_s.ep.rosidl_typesupport_c.c
[6.524s] -- Up-to-date: /home/puzzlebot/ros2_packages_ws/install/micro_ros_msgs/lib/python3.8/site-packages/micro_ros_msgs/_micro_ros_msgs_s.ep.rosidl_typesupport_introspection_c.c
[6.524s] -- Up-to-date: /home/puzzlebot/ros2_packages_ws/install/micro_ros_msgs/lib/python3.8/site-packages/micro_ros_msgs/libmicro_ros_msgs__rosidl_generator_py.so
[6.808s] Listing '/home/puzzlebot/ros2_packages_ws/install/micro_ros_msgs/lib/python3.8/site-packages/micro_ros_msgs'...
[6.809s] Listing '/home/puzzlebot/ros2_packages_ws/install/micro_ros_msgs/lib/python3.8/site-packages/micro_ros_msgs/msg'...
[6.875s] -- Up-to-date: /home/puzzlebot/ros2_packages_ws/install/micro_ros_msgs/lib/python3.8/site-packages/micro_ros_msgs/micro_ros_msgs_s__rosidl_typesupport_fastrtps_c.cpython-38-aarch64-linux-gnu.so
[6.877s] -- Up-to-date: /home/puzzlebot/ros2_packages_ws/install/micro_ros_msgs/lib/python3.8/site-packages/micro_ros_msgs/micro_ros_msgs_s__rosidl_typesupport_introspection_c.cpython-38-aarch64-linux-gnu.so
[6.879s] -- Up-to-date: /home/puzzlebot/ros2_packages_ws/install/micro_ros_msgs/lib/python3.8/site-packages/micro_ros_msgs/micro_ros_msgs_s__rosidl_typesupport_c.cpython-38-aarch64-linux-gnu.so
[6.882s] -- Up-to-date: /home/puzzlebot/ros2_packages_ws/install/micro_ros_msgs/lib/libmicro_ros_msgs__rosidl_generator_py.so
[6.895s] -- Up-to-date: /home/puzzlebot/ros2_packages_ws/install/micro_ros_msgs/share/micro_ros_msgs/msg/Graph.idl
[6.896s] -- Up-to-date: /home/puzzlebot/ros2_packages_ws/install/micro_ros_msgs/share/micro_ros_msgs/msg/Node.idl
[6.896s] -- Up-to-date: /home/puzzlebot/ros2_packages_ws/install/micro_ros_msgs/share/micro_ros_msgs/msg/Entity.idl
[6.897s] -- Up-to-date: /home/puzzlebot/ros2_packages_ws/install/micro_ros_msgs/share/micro_ros_msgs/msg/Graph.msg
[6.897s] -- Up-to-date: /home/puzzlebot/ros2_packages_ws/install/micro_ros_msgs/share/micro_ros_msgs/msg/Node.msg
[6.897s] -- Up-to-date: /home/puzzlebot/ros2_packages_ws/install/micro_ros_msgs/share/micro_ros_msgs/msg/Entity.msg
[6.898s] -- Up-to-date: /home/puzzlebot/ros2_packages_ws/install/micro_ros_msgs/share/ament_index/resource_index/package_run_dependencies/micro_ros_msgs
[6.898s] -- Up-to-date: /home/puzzlebot/ros2_packages_ws/install/micro_ros_msgs/share/ament_index/resource_index/parent_prefix_path/micro_ros_msgs
[6.899s] -- Up-to-date: /home/puzzlebot/ros2_packages_ws/install/micro_ros_msgs/share/micro_ros_msgs/environment/ament_prefix_path.sh
[6.899s] -- Up-to-date: /home/puzzlebot/ros2_packages_ws/install/micro_ros_msgs/share/micro_ros_msgs/environment/ament_prefix_path.dsv
[6.899s] -- Up-to-date: /home/puzzlebot/ros2_packages_ws/install/micro_ros_msgs/share/micro_ros_msgs/environment/path.sh
[6.900s] -- Up-to-date: /home/puzzlebot/ros2_packages_ws/install/micro_ros_msgs/share/micro_ros_msgs/environment/path.dsv
[6.900s] -- Up-to-date: /home/puzzlebot/ros2_packages_ws/install/micro_ros_msgs/share/micro_ros_msgs/local_setup.bash
[6.901s] -- Up-to-date: /home/puzzlebot/ros2_packages_ws/install/micro_ros_msgs/share/micro_ros_msgs/local_setup.sh
[6.901s] -- Up-to-date: /home/puzzlebot/ros2_packages_ws/install/micro_ros_msgs/share/micro_ros_msgs/local_setup.zsh
[6.901s] -- Up-to-date: /home/puzzlebot/ros2_packages_ws/install/micro_ros_msgs/share/micro_ros_msgs/local_setup.dsv
[6.902s] -- Installing: /home/puzzlebot/ros2_packages_ws/install/micro_ros_msgs/share/micro_ros_msgs/package.dsv
[6.920s] -- Up-to-date: /home/puzzlebot/ros2_packages_ws/install/micro_ros_msgs/share/ament_index/resource_index/packages/micro_ros_msgs
[6.920s] -- Up-to-date: /home/puzzlebot/ros2_packages_ws/install/micro_ros_msgs/share/micro_ros_msgs/cmake/export_micro_ros_msgs__rosidl_generator_cExport.cmake
[6.921s] -- Up-to-date: /home/puzzlebot/ros2_packages_ws/install/micro_ros_msgs/share/micro_ros_msgs/cmake/export_micro_ros_msgs__rosidl_generator_cExport-noconfig.cmake
[6.971s] -- Up-to-date: /home/puzzlebot/ros2_packages_ws/install/micro_ros_msgs/share/micro_ros_msgs/cmake/export_micro_ros_msgs__rosidl_typesupport_fastrtps_cExport.cmake
[6.971s] -- Up-to-date: /home/puzzlebot/ros2_packages_ws/install/micro_ros_msgs/share/micro_ros_msgs/cmake/export_micro_ros_msgs__rosidl_typesupport_fastrtps_cExport-noconfig.cmake
[6.972s] -- Up-to-date: /home/puzzlebot/ros2_packages_ws/install/micro_ros_msgs/share/micro_ros_msgs/cmake/micro_ros_msgs__rosidl_typesupport_introspection_cExport.cmake
[6.972s] -- Up-to-date: /home/puzzlebot/ros2_packages_ws/install/micro_ros_msgs/share/micro_ros_msgs/cmake/micro_ros_msgs__rosidl_typesupport_introspection_cExport-noconfig.cmake
[6.973s] -- Up-to-date: /home/puzzlebot/ros2_packages_ws/install/micro_ros_msgs/share/micro_ros_msgs/cmake/micro_ros_msgs__rosidl_typesupport_cExport.cmake
[6.973s] -- Up-to-date: /home/puzzlebot/ros2_packages_ws/install/micro_ros_msgs/share/micro_ros_msgs/cmake/micro_ros_msgs__rosidl_typesupport_cExport-noconfig.cmake
[6.974s] -- Up-to-date: /home/puzzlebot/ros2_packages_ws/install/micro_ros_msgs/share/micro_ros_msgs/cmake/export_micro_ros_msgs__rosidl_generator_cppExport.cmake
[6.990s] -- Up-to-date: /home/puzzlebot/ros2_packages_ws/install/micro_ros_msgs/share/micro_ros_msgs/cmake/export_micro_ros_msgs__rosidl_typesupport_fastrtps_cppExport.cmake
[6.990s] -- Up-to-date: /home/puzzlebot/ros2_packages_ws/install/micro_ros_msgs/share/micro_ros_msgs/cmake/export_micro_ros_msgs__rosidl_typesupport_fastrtps_cppExport-noconfig.cmake
[6.991s] -- Up-to-date: /home/puzzlebot/ros2_packages_ws/install/micro_ros_msgs/share/micro_ros_msgs/cmake/micro_ros_msgs__rosidl_typesupport_introspection_cppExport.cmake
[6.991s] -- Up-to-date: /home/puzzlebot/ros2_packages_ws/install/micro_ros_msgs/share/micro_ros_msgs/cmake/micro_ros_msgs__rosidl_typesupport_introspection_cppExport-noconfig.cmake
[6.992s] -- Up-to-date: /home/puzzlebot/ros2_packages_ws/install/micro_ros_msgs/share/micro_ros_msgs/cmake/micro_ros_msgs__rosidl_typesupport_cppExport.cmake
[6.992s] -- Up-to-date: /home/puzzlebot/ros2_packages_ws/install/micro_ros_msgs/share/micro_ros_msgs/cmake/micro_ros_msgs__rosidl_typesupport_cppExport-noconfig.cmake
[6.993s] -- Up-to-date: /home/puzzlebot/ros2_packages_ws/install/micro_ros_msgs/share/micro_ros_msgs/cmake/export_micro_ros_msgs__rosidl_generator_pyExport.cmake
[6.993s] -- Up-to-date: /home/puzzlebot/ros2_packages_ws/install/micro_ros_msgs/share/micro_ros_msgs/cmake/export_micro_ros_msgs__rosidl_generator_pyExport-noconfig.cmake
[6.994s] -- Up-to-date: /home/puzzlebot/ros2_packages_ws/install/micro_ros_msgs/share/micro_ros_msgs/cmake/rosidl_cmake-extras.cmake
[6.994s] -- Up-to-date: /home/puzzlebot/ros2_packages_ws/install/micro_ros_msgs/share/micro_ros_msgs/cmake/ament_cmake_export_include_directories-extras.cmake
[6.995s] -- Up-to-date: /home/puzzlebot/ros2_packages_ws/install/micro_ros_msgs/share/micro_ros_msgs/cmake/ament_cmake_export_libraries-extras.cmake
[6.995s] -- Up-to-date: /home/puzzlebot/ros2_packages_ws/install/micro_ros_msgs/share/micro_ros_msgs/cmake/ament_cmake_export_targets-extras.cmake
[6.995s] -- Up-to-date: /home/puzzlebot/ros2_packages_ws/install/micro_ros_msgs/share/micro_ros_msgs/cmake/rosidl_cmake_export_typesupport_targets-extras.cmake
[6.996s] -- Up-to-date: /home/puzzlebot/ros2_packages_ws/install/micro_ros_msgs/share/micro_ros_msgs/cmake/ament_cmake_export_dependencies-extras.cmake
[6.996s] -- Up-to-date: /home/puzzlebot/ros2_packages_ws/install/micro_ros_msgs/share/micro_ros_msgs/cmake/rosidl_cmake_export_typesupport_libraries-extras.cmake
[6.997s] -- Up-to-date: /home/puzzlebot/ros2_packages_ws/install/micro_ros_msgs/share/micro_ros_msgs/cmake/micro_ros_msgsConfig.cmake
[6.997s] -- Up-to-date: /home/puzzlebot/ros2_packages_ws/install/micro_ros_msgs/share/micro_ros_msgs/cmake/micro_ros_msgsConfig-version.cmake
[6.997s] -- Up-to-date: /home/puzzlebot/ros2_packages_ws/install/micro_ros_msgs/share/micro_ros_msgs/package.xml
[7.088s] Invoked command in '/home/puzzlebot/ros2_packages_ws/build/micro_ros_msgs' returned '0': CMAKE_PREFIX_PATH=${CMAKE_PREFIX_PATH}:/home/puzzlebot/ros2_ws/install/puzzlebot_ros:/home/puzzlebot/ros2_packages_ws/install/localization:/home/puzzlebot/ros2_packages_ws/install/camera_viewer:/opt/ros/humble /usr/bin/cmake --install /home/puzzlebot/ros2_packages_ws/build/micro_ros_msgs
