[5.281s] Invoking command in '/home/puzzlebot/ros2_packages_ws/src/localization': PYTHONPATH=/home/puzzlebot/ros2_packages_ws/build/localization/prefix_override:/home/puzzlebot/ros2_packages_ws/install/localization/lib/python3.8/site-packages:${PYTHONPATH} /usr/bin/python3 -W ignore:setup.py install is deprecated setup.py egg_info --egg-base ../../build/localization build --build-base /home/puzzlebot/ros2_packages_ws/build/localization/build install --record /home/puzzlebot/ros2_packages_ws/build/localization/install.log --single-version-externally-managed install_data
[7.012s] running egg_info
[7.022s] writing ../../build/localization/localization.egg-info/PKG-INFO
[7.023s] writing dependency_links to ../../build/localization/localization.egg-info/dependency_links.txt
[7.026s] writing entry points to ../../build/localization/localization.egg-info/entry_points.txt
[7.026s] writing requirements to ../../build/localization/localization.egg-info/requires.txt
[7.027s] writing top-level names to ../../build/localization/localization.egg-info/top_level.txt
[7.453s] reading manifest file '../../build/localization/localization.egg-info/SOURCES.txt'
[7.461s] writing manifest file '../../build/localization/localization.egg-info/SOURCES.txt'
[7.465s] running build
[7.465s] running build_py
[7.479s] running install
[7.483s] running install_lib
[7.510s] running install_data
[7.512s] running install_egg_info
[7.524s] removing '/home/puzzlebot/ros2_packages_ws/install/localization/lib/python3.8/site-packages/localization-0.0.0-py3.8.egg-info' (and everything under it)
[7.531s] Copying ../../build/localization/localization.egg-info to /home/puzzlebot/ros2_packages_ws/install/localization/lib/python3.8/site-packages/localization-0.0.0-py3.8.egg-info
[7.539s] running install_scripts
[7.722s] Installing controller script to /home/puzzlebot/ros2_packages_ws/install/localization/lib/localization
[7.728s] Installing coordinate_transform script to /home/puzzlebot/ros2_packages_ws/install/localization/lib/localization
[7.730s] Installing joint_state script to /home/puzzlebot/ros2_packages_ws/install/localization/lib/localization
[7.735s] Installing kinematic_model script to /home/puzzlebot/ros2_packages_ws/install/localization/lib/localization
[7.738s] Installing localization script to /home/puzzlebot/ros2_packages_ws/install/localization/lib/localization
[7.740s] writing list of installed files to '/home/puzzlebot/ros2_packages_ws/build/localization/install.log'
[7.942s] Invoked command in '/home/puzzlebot/ros2_packages_ws/src/localization' returned '0': PYTHONPATH=/home/puzzlebot/ros2_packages_ws/build/localization/prefix_override:/home/puzzlebot/ros2_packages_ws/install/localization/lib/python3.8/site-packages:${PYTHONPATH} /usr/bin/python3 -W ignore:setup.py install is deprecated setup.py egg_info --egg-base ../../build/localization build --build-base /home/puzzlebot/ros2_packages_ws/build/localization/build install --record /home/puzzlebot/ros2_packages_ws/build/localization/install.log --single-version-externally-managed install_data
